
I2C_READ_WRITE_INTERRUPT_CH32V003F4P6.elf:     file format elf32-littleriscv
I2C_READ_WRITE_INTERRUPT_CH32V003F4P6.elf
architecture: riscv:rv32, flags 0x00000112:
EXEC_P, HAS_SYMS, D_PAGED
start address 0x00000000

Program Header:
    LOAD off    0x00001000 vaddr 0x00000000 paddr 0x00000000 align 2**12
         filesz 0x0000124c memsz 0x0000124c flags r-x
    LOAD off    0x00003000 vaddr 0x20000000 paddr 0x0000124c align 2**12
         filesz 0x00000028 memsz 0x00000030 flags rw-
    LOAD off    0x00003700 vaddr 0x20000700 paddr 0x20000700 align 2**12
         filesz 0x00000000 memsz 0x00000100 flags rw-

Sections:
Idx Name          Size      VMA       LMA       File off  Algn
  0 .init         000000a0  00000000  00000000  00001000  2**2
                  CONTENTS, ALLOC, LOAD, READONLY, CODE
  1 .text         000011ac  000000a0  000000a0  000010a0  2**2
                  CONTENTS, ALLOC, LOAD, READONLY, CODE
  2 .fini         00000000  0000124c  0000124c  00003028  2**0
                  CONTENTS, ALLOC, LOAD, CODE
  3 .dalign       00000000  20000000  20000000  00003028  2**0
                  CONTENTS
  4 .dlalign      00000000  0000124c  0000124c  00003028  2**0
                  CONTENTS
  5 .data         00000028  20000000  0000124c  00003000  2**2
                  CONTENTS, ALLOC, LOAD, DATA
  6 .bss          00000008  20000028  00001274  00003028  2**2
                  ALLOC
  7 .stack        00000100  20000700  20000700  00003700  2**0
                  ALLOC
  8 .debug_info   00008d41  00000000  00000000  00003028  2**0
                  CONTENTS, READONLY, DEBUGGING
  9 .debug_abbrev 00001a3b  00000000  00000000  0000bd69  2**0
                  CONTENTS, READONLY, DEBUGGING
 10 .debug_aranges 00000498  00000000  00000000  0000d7a8  2**3
                  CONTENTS, READONLY, DEBUGGING
 11 .debug_ranges 00000430  00000000  00000000  0000dc40  2**3
                  CONTENTS, READONLY, DEBUGGING
 12 .debug_line   0000570a  00000000  00000000  0000e070  2**0
                  CONTENTS, READONLY, DEBUGGING
 13 .debug_str    00001925  00000000  00000000  0001377a  2**0
                  CONTENTS, READONLY, DEBUGGING
 14 .comment      00000033  00000000  00000000  0001509f  2**0
                  CONTENTS, READONLY
 15 .debug_frame  00000924  00000000  00000000  000150d4  2**2
                  CONTENTS, READONLY, DEBUGGING
 16 .debug_loc    00001d68  00000000  00000000  000159f8  2**0
                  CONTENTS, READONLY, DEBUGGING
SYMBOL TABLE:
00000000 l    d  .init	00000000 .init
000000a0 l    d  .text	00000000 .text
0000124c l    d  .fini	00000000 .fini
20000000 l    d  .dalign	00000000 .dalign
0000124c l    d  .dlalign	00000000 .dlalign
20000000 l    d  .data	00000000 .data
20000028 l    d  .bss	00000000 .bss
20000700 l    d  .stack	00000000 .stack
00000000 l    d  .debug_info	00000000 .debug_info
00000000 l    d  .debug_abbrev	00000000 .debug_abbrev
00000000 l    d  .debug_aranges	00000000 .debug_aranges
00000000 l    d  .debug_ranges	00000000 .debug_ranges
00000000 l    d  .debug_line	00000000 .debug_line
00000000 l    d  .debug_str	00000000 .debug_str
00000000 l    d  .comment	00000000 .comment
00000000 l    d  .debug_frame	00000000 .debug_frame
00000000 l    d  .debug_loc	00000000 .debug_loc
00000000 l    df *ABS*	00000000 ch32v00x_it.c
00000000 l    df *ABS*	00000000 main.c
00000000 l    df *ABS*	00000000 system_ch32v00x.c
00000000 l    df *ABS*	00000000 ch32v00x_gpio.c
00000000 l    df *ABS*	00000000 ch32v00x_i2c.c
00000000 l    df *ABS*	00000000 ch32v00x_misc.c
00000000 l    df *ABS*	00000000 ch32v00x_rcc.c
20000004 l     O .data	00000014 ADCPrescTable
20000018 l     O .data	00000010 APBAHBPrescTable
00000000 l    df *ABS*	00000000 ch32v00x_usart.c
00000000 l    df *ABS*	00000000 debug.c
2000002c l     O .bss	00000002 p_ms
2000002e l     O .bss	00000001 p_us
00000000 l    df *ABS*	00000000 wchprintf.c
00000e1c  w    F .text	00000004 printDouble
00000e20  w    F .text	00000352 print
00001172  w    F .text	00000022 printf
20000828 g       .data	00000000 __global_pointer$
0000050e  w      .text	00000000 TIM1_CC_IRQHandler
000007c0 g     F .text	00000008 I2C_ReceiveData
0000014e g     F .text	00000002 HardFault_Handler
00000d0a  w    F .text	0000010e printInt
000004e0  w      .text	00000000 SysTick_Handler
0000084c g     F .text	000000aa NVIC_Init
000004e6  w      .text	00000000 PVD_IRQHandler
0000014a g     F .text	00000004 NMI_Handler
00000ab8 g     F .text	0000000a USART_GetFlagStatus
20000028 g       .bss	00000000 _sbss
00000100 g       *ABS*	00000000 __stack_size
00000b3c g     F .text	00000054 USART_Printf_Init
000000aa g     F .text	0000000a .hidden __riscv_restore_2
000007aa g     F .text	00000012 I2C_ITConfig
00000e18  w    F .text	00000004 printLongLongInt
00001194 g     F .text	0000004a puts
20000000 g     O .data	00000004 SystemCoreClock
000000d4 g     F .text	0000002c .hidden __udivsi3
000000a0 g       .init	00000000 _einit
00000992 g     F .text	0000001e RCC_APB2PeriphClockCmd
00000596 g     F .text	000000d6 GPIO_Init
20000028 g     O .bss	00000004 NVIC_Priority_Group
00000506  w      .text	00000000 SPI1_IRQHandler
00000a9a g     F .text	00000016 USART_Cmd
000000a0 g     F .text	0000000a .hidden __riscv_save_1
000000aa g     F .text	0000000a .hidden __riscv_restore_0
000004ee  w      .text	00000000 AWU_IRQHandler
000004ec  w      .text	00000000 EXTI7_0_IRQHandler
000009b0 g     F .text	0000001e RCC_APB1PeriphClockCmd
20000700 g       .stack	00000000 _heap_end
00000150 g     F .text	000000a8 I2C_Config
000004f6  w      .text	00000000 DMA1_Channel4_IRQHandler
000007bc g     F .text	00000004 I2C_SendData
000004fe  w      .text	00000000 ADC1_IRQHandler
0000066c g     F .text	000000d8 I2C_Init
20000030 g       .bss	00000000 _ebss
000004fc  w      .text	00000000 DMA1_Channel7_IRQHandler
00000ac2 g     F .text	0000003c Delay_Init
00000100 g     F .text	00000008 .hidden __umodsi3
0000075c g     F .text	0000001a I2C_GenerateSTART
000001f8 g     F .text	000001f0 I2C1_EV_IRQHandler
000008f6 g     F .text	0000009c RCC_GetClocksFreq
000004fa  w      .text	00000000 DMA1_Channel6_IRQHandler
000009ce g     F .text	000000cc USART_Init
000004ea  w      .text	00000000 RCC_IRQHandler
0000050c  w      .text	00000000 TIM1_TRG_COM_IRQHandler
000004f0  w      .text	00000000 DMA1_Channel1_IRQHandler
00000000 g       .init	00000000 _start
000007f0 g     F .text	00000032 I2C_GetFlagStatus
00000c24  w    F .text	000000e6 prints
000000b4 g     F .text	00000014 .hidden __mulsi3
00000744 g     F .text	00000018 I2C_Cmd
20000000 g       .dalign	00000000 _data_vma
000007c8 g     F .text	00000012 I2C_Send7bitAddress
000003e8 g     F .text	00000064 main
000004f8  w      .text	00000000 DMA1_Channel5_IRQHandler
000000cc g     F .text	00000058 .hidden __divsi3
00000afe g     F .text	0000003e Delay_Ms
0000044c g     F .text	00000090 SystemInit
00000bdc  w    F .text	00000048 printchar
00000000 g       .init	00000000 _sinit
000004f4  w      .text	00000000 DMA1_Channel3_IRQHandler
0000050a  w      .text	00000000 TIM1_UP_IRQHandler
000004e4  w      .text	00000000 WWDG_IRQHandler
00000822 g     F .text	00000020 I2C_GetITStatus
00000510  w      .text	00000000 TIM2_IRQHandler
20000800 g       .stack	00000000 _eusrstack
000000a0 g     F .text	0000000a .hidden __riscv_save_2
000004e2  w      .text	00000000 SW_Handler
00000508  w      .text	00000000 TIM1_BRK_IRQHandler
00000ab0 g     F .text	00000008 USART_SendData
00000b90 g     F .text	0000004c _write
20000028 g       .data	00000000 _edata
20000030 g       .bss	00000000 _end
0000124c g       .dlalign	00000000 _data_lma
00000124 g     F .text	00000024 .hidden __modsi3
000004f2  w      .text	00000000 DMA1_Channel2_IRQHandler
00000512  w      .text	00000000 handle_reset
000000a0 g     F .text	0000000a .hidden __riscv_save_0
000004e8  w      .text	00000000 FLASH_IRQHandler
00000504  w      .text	00000000 USART1_IRQHandler
00000790 g     F .text	0000001a I2C_AcknowledgeConfig
000007da g     F .text	00000016 I2C_CheckEvent
00000776 g     F .text	0000001a I2C_GenerateSTOP
00000502  w      .text	00000000 I2C1_ER_IRQHandler
00000842 g     F .text	0000000a NVIC_PriorityGroupConfig
000000aa g     F .text	0000000a .hidden __riscv_restore_1



Disassembly of section .init:

00000000 <_sinit>:
   0:	5120006f          	j	512 <handle_reset>
   4:	0000                	unimp
   6:	0000                	unimp
   8:	014a                	slli	sp,sp,0x12
   a:	0000                	unimp
   c:	014e                	slli	sp,sp,0x13
	...
  2e:	0000                	unimp
  30:	04e0                	addi	s0,sp,588
  32:	0000                	unimp
  34:	0000                	unimp
  36:	0000                	unimp
  38:	04e2                	slli	s1,s1,0x18
  3a:	0000                	unimp
  3c:	0000                	unimp
  3e:	0000                	unimp
  40:	04e4                	addi	s1,sp,588
  42:	0000                	unimp
  44:	04e6                	slli	s1,s1,0x19
  46:	0000                	unimp
  48:	04e8                	addi	a0,sp,588
  4a:	0000                	unimp
  4c:	04ea                	slli	s1,s1,0x1a
  4e:	0000                	unimp
  50:	04ec                	addi	a1,sp,588
  52:	0000                	unimp
  54:	04ee                	slli	s1,s1,0x1b
  56:	0000                	unimp
  58:	04f0                	addi	a2,sp,588
  5a:	0000                	unimp
  5c:	04f2                	slli	s1,s1,0x1c
  5e:	0000                	unimp
  60:	04f4                	addi	a3,sp,588
  62:	0000                	unimp
  64:	04f6                	slli	s1,s1,0x1d
  66:	0000                	unimp
  68:	04f8                	addi	a4,sp,588
  6a:	0000                	unimp
  6c:	04fa                	slli	s1,s1,0x1e
  6e:	0000                	unimp
  70:	04fc                	addi	a5,sp,588
  72:	0000                	unimp
  74:	04fe                	slli	s1,s1,0x1f
  76:	0000                	unimp
  78:	01f8                	addi	a4,sp,204
  7a:	0000                	unimp
  7c:	0502                	c.slli64	a0
  7e:	0000                	unimp
  80:	0504                	addi	s1,sp,640
  82:	0000                	unimp
  84:	0506                	slli	a0,a0,0x1
  86:	0000                	unimp
  88:	0508                	addi	a0,sp,640
  8a:	0000                	unimp
  8c:	050a                	slli	a0,a0,0x2
  8e:	0000                	unimp
  90:	050c                	addi	a1,sp,640
  92:	0000                	unimp
  94:	050e                	slli	a0,a0,0x3
  96:	0000                	unimp
  98:	0510                	addi	a2,sp,640
  9a:	0000                	unimp
  9c:	0000                	unimp
	...

Disassembly of section .text:

000000a0 <__riscv_save_0>:
      a0:	1151                	addi	sp,sp,-12
      a2:	c026                	sw	s1,0(sp)
      a4:	c222                	sw	s0,4(sp)
      a6:	c406                	sw	ra,8(sp)
      a8:	8282                	jr	t0

000000aa <__riscv_restore_0>:
      aa:	4482                	lw	s1,0(sp)
      ac:	4412                	lw	s0,4(sp)
      ae:	40a2                	lw	ra,8(sp)
      b0:	0131                	addi	sp,sp,12
      b2:	8082                	ret

000000b4 <__mulsi3>:
      b4:	862a                	mv	a2,a0
      b6:	4501                	li	a0,0
      b8:	0015f693          	andi	a3,a1,1
      bc:	c291                	beqz	a3,c0 <__mulsi3+0xc>
      be:	9532                	add	a0,a0,a2
      c0:	8185                	srli	a1,a1,0x1
      c2:	0606                	slli	a2,a2,0x1
      c4:	f9f5                	bnez	a1,b8 <__mulsi3+0x4>
      c6:	8082                	ret
      c8:	0000                	unimp
	...

000000cc <__divsi3>:
      cc:	02054e63          	bltz	a0,108 <__umodsi3+0x8>
      d0:	0405c363          	bltz	a1,116 <__umodsi3+0x16>

000000d4 <__udivsi3>:
      d4:	862e                	mv	a2,a1
      d6:	85aa                	mv	a1,a0
      d8:	557d                	li	a0,-1
      da:	c215                	beqz	a2,fe <__udivsi3+0x2a>
      dc:	4685                	li	a3,1
      de:	00b67863          	bgeu	a2,a1,ee <__udivsi3+0x1a>
      e2:	00c05663          	blez	a2,ee <__udivsi3+0x1a>
      e6:	0606                	slli	a2,a2,0x1
      e8:	0686                	slli	a3,a3,0x1
      ea:	feb66ce3          	bltu	a2,a1,e2 <__udivsi3+0xe>
      ee:	4501                	li	a0,0
      f0:	00c5e463          	bltu	a1,a2,f8 <__udivsi3+0x24>
      f4:	8d91                	sub	a1,a1,a2
      f6:	8d55                	or	a0,a0,a3
      f8:	8285                	srli	a3,a3,0x1
      fa:	8205                	srli	a2,a2,0x1
      fc:	faf5                	bnez	a3,f0 <__udivsi3+0x1c>
      fe:	8082                	ret

00000100 <__umodsi3>:
     100:	8286                	mv	t0,ra
     102:	3fc9                	jal	d4 <__udivsi3>
     104:	852e                	mv	a0,a1
     106:	8282                	jr	t0
     108:	40a00533          	neg	a0,a0
     10c:	0005d763          	bgez	a1,11a <__umodsi3+0x1a>
     110:	40b005b3          	neg	a1,a1
     114:	b7c1                	j	d4 <__udivsi3>
     116:	40b005b3          	neg	a1,a1
     11a:	8286                	mv	t0,ra
     11c:	3f65                	jal	d4 <__udivsi3>
     11e:	40a00533          	neg	a0,a0
     122:	8282                	jr	t0

00000124 <__modsi3>:
     124:	8286                	mv	t0,ra
     126:	0005c763          	bltz	a1,134 <__modsi3+0x10>
     12a:	00054963          	bltz	a0,13c <__modsi3+0x18>
     12e:	375d                	jal	d4 <__udivsi3>
     130:	852e                	mv	a0,a1
     132:	8282                	jr	t0
     134:	40b005b3          	neg	a1,a1
     138:	fe055be3          	bgez	a0,12e <__modsi3+0xa>
     13c:	40a00533          	neg	a0,a0
     140:	3f51                	jal	d4 <__udivsi3>
     142:	40b00533          	neg	a0,a1
     146:	8282                	jr	t0
	...

0000014a <NMI_Handler>:
     14a:	30200073          	mret

0000014e <HardFault_Handler>:
     14e:	a001                	j	14e <HardFault_Handler>

00000150 <I2C_Config>:
     150:	f51ff2ef          	jal	t0,a0 <__riscv_save_0>
     154:	fd810113          	addi	sp,sp,-40
     158:	c02a                	sw	a0,0(sp)
     15a:	4585                	li	a1,1
     15c:	4545                	li	a0,17
     15e:	c602                	sw	zero,12(sp)
     160:	c802                	sw	zero,16(sp)
     162:	ca02                	sw	zero,20(sp)
     164:	cc02                	sw	zero,24(sp)
     166:	ce02                	sw	zero,28(sp)
     168:	d002                	sw	zero,32(sp)
     16a:	d202                	sw	zero,36(sp)
     16c:	c202                	sw	zero,4(sp)
     16e:	c402                	sw	zero,8(sp)
     170:	023000ef          	jal	ra,992 <RCC_APB2PeriphClockCmd>
     174:	4585                	li	a1,1
     176:	00200537          	lui	a0,0x200
     17a:	037000ef          	jal	ra,9b0 <RCC_APB1PeriphClockCmd>
     17e:	4711                	li	a4,4
     180:	44f1                	li	s1,28
     182:	440d                	li	s0,3
     184:	006c                	addi	a1,sp,12
     186:	40011537          	lui	a0,0x40011
     18a:	8678                	sh	a4,12(sp)
     18c:	ca26                	sw	s1,20(sp)
     18e:	c822                	sw	s0,16(sp)
     190:	2119                	jal	596 <GPIO_Init>
     192:	4709                	li	a4,2
     194:	006c                	addi	a1,sp,12
     196:	40011537          	lui	a0,0x40011
     19a:	8678                	sh	a4,12(sp)
     19c:	ca26                	sw	s1,20(sp)
     19e:	c822                	sw	s0,16(sp)
     1a0:	2edd                	jal	596 <GPIO_Init>
     1a2:	4782                	lw	a5,0(sp)
     1a4:	40005437          	lui	s0,0x40005
     1a8:	082c                	addi	a1,sp,24
     1aa:	cc3e                	sw	a5,24(sp)
     1ac:	400007b7          	lui	a5,0x40000
     1b0:	ce3e                	sw	a5,28(sp)
     1b2:	040007b7          	lui	a5,0x4000
     1b6:	d03e                	sw	a5,32(sp)
     1b8:	40040513          	addi	a0,s0,1024 # 40005400 <__global_pointer$+0x20004bd8>
     1bc:	6791                	lui	a5,0x4
     1be:	02f11223          	sh	a5,36(sp)
     1c2:	216d                	jal	66c <I2C_Init>
     1c4:	4605                	li	a2,1
     1c6:	20000593          	li	a1,512
     1ca:	40040513          	addi	a0,s0,1024
     1ce:	2bf1                	jal	7aa <I2C_ITConfig>
     1d0:	11e00793          	li	a5,286
     1d4:	827c                	sh	a5,4(sp)
     1d6:	4785                	li	a5,1
     1d8:	835c                	sb	a5,6(sp)
     1da:	0048                	addi	a0,sp,4
     1dc:	4785                	li	a5,1
     1de:	c43e                	sw	a5,8(sp)
     1e0:	25b5                	jal	84c <NVIC_Init>
     1e2:	40040513          	addi	a0,s0,1024
     1e6:	4585                	li	a1,1
     1e8:	2bb1                	jal	744 <I2C_Cmd>
     1ea:	4585                	li	a1,1
     1ec:	40040513          	addi	a0,s0,1024
     1f0:	2345                	jal	790 <I2C_AcknowledgeConfig>
     1f2:	02810113          	addi	sp,sp,40
     1f6:	bd55                	j	aa <__riscv_restore_0>

000001f8 <I2C1_EV_IRQHandler>:
     1f8:	1161                	addi	sp,sp,-8
     1fa:	c222                	sw	s0,4(sp)
     1fc:	000305b7          	lui	a1,0x30
     200:	40005437          	lui	s0,0x40005
     204:	0585                	addi	a1,a1,1
     206:	40040513          	addi	a0,s0,1024 # 40005400 <__global_pointer$+0x20004bd8>
     20a:	c026                	sw	s1,0(sp)
     20c:	23f9                	jal	7da <I2C_CheckEvent>
     20e:	4785                	li	a5,1
     210:	1cf51763          	bne	a0,a5,3de <I2C1_EV_IRQHandler+0x1e6>
     214:	020005b7          	lui	a1,0x2000
     218:	0585                	addi	a1,a1,1
     21a:	40040513          	addi	a0,s0,1024
     21e:	2511                	jal	822 <I2C_GetITStatus>
     220:	cd09                	beqz	a0,23a <I2C1_EV_IRQHandler+0x42>
     222:	4601                	li	a2,0
     224:	0d000593          	li	a1,208
     228:	40040513          	addi	a0,s0,1024
     22c:	2b71                	jal	7c8 <I2C_Send7bitAddress>
     22e:	4605                	li	a2,1
     230:	40000593          	li	a1,1024
     234:	40040513          	addi	a0,s0,1024
     238:	2b8d                	jal	7aa <I2C_ITConfig>
     23a:	000704b7          	lui	s1,0x70
     23e:	08248493          	addi	s1,s1,130 # 70082 <_data_lma+0x6ee36>
     242:	40005437          	lui	s0,0x40005
     246:	85a6                	mv	a1,s1
     248:	40040513          	addi	a0,s0,1024 # 40005400 <__global_pointer$+0x20004bd8>
     24c:	2379                	jal	7da <I2C_CheckEvent>
     24e:	d975                	beqz	a0,242 <I2C1_EV_IRQHandler+0x4a>
     250:	060005b7          	lui	a1,0x6000
     254:	08058593          	addi	a1,a1,128 # 6000080 <_data_lma+0x5ffee34>
     258:	40040513          	addi	a0,s0,1024
     25c:	23d9                	jal	822 <I2C_GetITStatus>
     25e:	4785                	li	a5,1
     260:	84aa                	mv	s1,a0
     262:	00f51e63          	bne	a0,a5,27e <I2C1_EV_IRQHandler+0x86>
     266:	020005b7          	lui	a1,0x2000
     26a:	0591                	addi	a1,a1,4
     26c:	40040513          	addi	a0,s0,1024
     270:	2b4d                	jal	822 <I2C_GetITStatus>
     272:	00951663          	bne	a0,s1,27e <I2C1_EV_IRQHandler+0x86>
     276:	4585                	li	a1,1
     278:	40040513          	addi	a0,s0,1024
     27c:	29ed                	jal	776 <I2C_GenerateSTOP>
     27e:	060005b7          	lui	a1,0x6000
     282:	40005437          	lui	s0,0x40005
     286:	08058593          	addi	a1,a1,128 # 6000080 <_data_lma+0x5ffee34>
     28a:	40040513          	addi	a0,s0,1024 # 40005400 <__global_pointer$+0x20004bd8>
     28e:	2b51                	jal	822 <I2C_GetITStatus>
     290:	4785                	li	a5,1
     292:	04f51863          	bne	a0,a5,2e2 <I2C1_EV_IRQHandler+0xea>
     296:	020005b7          	lui	a1,0x2000
     29a:	0591                	addi	a1,a1,4
     29c:	40040513          	addi	a0,s0,1024
     2a0:	2349                	jal	822 <I2C_GetITStatus>
     2a2:	e121                	bnez	a0,2e2 <I2C1_EV_IRQHandler+0xea>
     2a4:	40040513          	addi	a0,s0,1024
     2a8:	4581                	li	a1,0
     2aa:	2b09                	jal	7bc <I2C_SendData>
     2ac:	40040513          	addi	a0,s0,1024
     2b0:	4601                	li	a2,0
     2b2:	40000593          	li	a1,1024
     2b6:	00070437          	lui	s0,0x70
     2ba:	29c5                	jal	7aa <I2C_ITConfig>
     2bc:	08440413          	addi	s0,s0,132 # 70084 <_data_lma+0x6ee38>
     2c0:	400054b7          	lui	s1,0x40005
     2c4:	85a2                	mv	a1,s0
     2c6:	40048513          	addi	a0,s1,1024 # 40005400 <__global_pointer$+0x20004bd8>
     2ca:	2b01                	jal	7da <I2C_CheckEvent>
     2cc:	d975                	beqz	a0,2c0 <I2C1_EV_IRQHandler+0xc8>
     2ce:	40048513          	addi	a0,s1,1024
     2d2:	4585                	li	a1,1
     2d4:	214d                	jal	776 <I2C_GenerateSTOP>
     2d6:	00001537          	lui	a0,0x1
     2da:	1e050513          	addi	a0,a0,480 # 11e0 <puts+0x4c>
     2de:	6b7000ef          	jal	ra,1194 <puts>
     2e2:	060005b7          	lui	a1,0x6000
     2e6:	40005437          	lui	s0,0x40005
     2ea:	08058593          	addi	a1,a1,128 # 6000080 <_data_lma+0x5ffee34>
     2ee:	40040513          	addi	a0,s0,1024 # 40005400 <__global_pointer$+0x20004bd8>
     2f2:	2b05                	jal	822 <I2C_GetITStatus>
     2f4:	e929                	bnez	a0,346 <I2C1_EV_IRQHandler+0x14e>
     2f6:	020005b7          	lui	a1,0x2000
     2fa:	0591                	addi	a1,a1,4
     2fc:	40040513          	addi	a0,s0,1024
     300:	230d                	jal	822 <I2C_GetITStatus>
     302:	4785                	li	a5,1
     304:	04f51163          	bne	a0,a5,346 <I2C1_EV_IRQHandler+0x14e>
     308:	40040513          	addi	a0,s0,1024
     30c:	4581                	li	a1,0
     30e:	217d                	jal	7bc <I2C_SendData>
     310:	40040513          	addi	a0,s0,1024
     314:	4601                	li	a2,0
     316:	40000593          	li	a1,1024
     31a:	00070437          	lui	s0,0x70
     31e:	2171                	jal	7aa <I2C_ITConfig>
     320:	08440413          	addi	s0,s0,132 # 70084 <_data_lma+0x6ee38>
     324:	400054b7          	lui	s1,0x40005
     328:	85a2                	mv	a1,s0
     32a:	40048513          	addi	a0,s1,1024 # 40005400 <__global_pointer$+0x20004bd8>
     32e:	2175                	jal	7da <I2C_CheckEvent>
     330:	d975                	beqz	a0,324 <I2C1_EV_IRQHandler+0x12c>
     332:	40048513          	addi	a0,s1,1024
     336:	4585                	li	a1,1
     338:	293d                	jal	776 <I2C_GenerateSTOP>
     33a:	00001537          	lui	a0,0x1
     33e:	1f450513          	addi	a0,a0,500 # 11f4 <puts+0x60>
     342:	653000ef          	jal	ra,1194 <puts>
     346:	060005b7          	lui	a1,0x6000
     34a:	40005537          	lui	a0,0x40005
     34e:	04058593          	addi	a1,a1,64 # 6000040 <_data_lma+0x5ffedf4>
     352:	40050513          	addi	a0,a0,1024 # 40005400 <__global_pointer$+0x20004bd8>
     356:	21f1                	jal	822 <I2C_GetITStatus>
     358:	4785                	li	a5,1
     35a:	00f51863          	bne	a0,a5,36a <I2C1_EV_IRQHandler+0x172>
     35e:	00001537          	lui	a0,0x1
     362:	20850513          	addi	a0,a0,520 # 1208 <puts+0x74>
     366:	62f000ef          	jal	ra,1194 <puts>
     36a:	40005537          	lui	a0,0x40005
     36e:	4585                	li	a1,1
     370:	40050513          	addi	a0,a0,1024 # 40005400 <__global_pointer$+0x20004bd8>
     374:	00030437          	lui	s0,0x30
     378:	26d5                	jal	75c <I2C_GenerateSTART>
     37a:	0405                	addi	s0,s0,1
     37c:	400054b7          	lui	s1,0x40005
     380:	85a2                	mv	a1,s0
     382:	40048513          	addi	a0,s1,1024 # 40005400 <__global_pointer$+0x20004bd8>
     386:	2991                	jal	7da <I2C_CheckEvent>
     388:	d975                	beqz	a0,37c <I2C1_EV_IRQHandler+0x184>
     38a:	4605                	li	a2,1
     38c:	0d000593          	li	a1,208
     390:	40048513          	addi	a0,s1,1024
     394:	00030437          	lui	s0,0x30
     398:	2905                	jal	7c8 <I2C_Send7bitAddress>
     39a:	0409                	addi	s0,s0,2
     39c:	40005537          	lui	a0,0x40005
     3a0:	85a2                	mv	a1,s0
     3a2:	40050513          	addi	a0,a0,1024 # 40005400 <__global_pointer$+0x20004bd8>
     3a6:	2915                	jal	7da <I2C_CheckEvent>
     3a8:	d975                	beqz	a0,39c <I2C1_EV_IRQHandler+0x1a4>
     3aa:	100004b7          	lui	s1,0x10000
     3ae:	04048493          	addi	s1,s1,64 # 10000040 <_data_lma+0xfffedf4>
     3b2:	40005437          	lui	s0,0x40005
     3b6:	85a6                	mv	a1,s1
     3b8:	40040513          	addi	a0,s0,1024 # 40005400 <__global_pointer$+0x20004bd8>
     3bc:	2915                	jal	7f0 <I2C_GetFlagStatus>
     3be:	d975                	beqz	a0,3b2 <I2C1_EV_IRQHandler+0x1ba>
     3c0:	40040513          	addi	a0,s0,1024
     3c4:	2ef5                	jal	7c0 <I2C_ReceiveData>
     3c6:	84aa                	mv	s1,a0
     3c8:	4585                	li	a1,1
     3ca:	40040513          	addi	a0,s0,1024
     3ce:	2665                	jal	776 <I2C_GenerateSTOP>
     3d0:	00001537          	lui	a0,0x1
     3d4:	85a6                	mv	a1,s1
     3d6:	21050513          	addi	a0,a0,528 # 1210 <puts+0x7c>
     3da:	599000ef          	jal	ra,1172 <printf>
     3de:	4412                	lw	s0,4(sp)
     3e0:	4482                	lw	s1,0(sp)
     3e2:	0121                	addi	sp,sp,8
     3e4:	30200073          	mret

000003e8 <main>:
     3e8:	cb9ff2ef          	jal	t0,a0 <__riscv_save_0>
     3ec:	4509                	li	a0,2
     3ee:	2991                	jal	842 <NVIC_PriorityGroupConfig>
     3f0:	2dc9                	jal	ac2 <Delay_Init>
     3f2:	6571                	lui	a0,0x1c
     3f4:	20050513          	addi	a0,a0,512 # 1c200 <_data_lma+0x1afb4>
     3f8:	2791                	jal	b3c <USART_Printf_Init>
     3fa:	200007b7          	lui	a5,0x20000
     3fe:	0007a583          	lw	a1,0(a5) # 20000000 <_data_vma>
     402:	00001537          	lui	a0,0x1
     406:	22050513          	addi	a0,a0,544 # 1220 <puts+0x8c>
     40a:	569000ef          	jal	ra,1172 <printf>
     40e:	6561                	lui	a0,0x18
     410:	6a050513          	addi	a0,a0,1696 # 186a0 <_data_lma+0x17454>
     414:	3b35                	jal	150 <I2C_Config>
     416:	000014b7          	lui	s1,0x1
     41a:	40005437          	lui	s0,0x40005
     41e:	40040793          	addi	a5,s0,1024 # 40005400 <__global_pointer$+0x20004bd8>
     422:	853e                	mv	a0,a5
     424:	000205b7          	lui	a1,0x20
     428:	26e1                	jal	7f0 <I2C_GetFlagStatus>
     42a:	400057b7          	lui	a5,0x40005
     42e:	40078793          	addi	a5,a5,1024 # 40005400 <__global_pointer$+0x20004bd8>
     432:	f965                	bnez	a0,422 <main+0x3a>
     434:	4585                	li	a1,1
     436:	40040513          	addi	a0,s0,1024
     43a:	260d                	jal	75c <I2C_GenerateSTART>
     43c:	23048513          	addi	a0,s1,560 # 1230 <puts+0x9c>
     440:	555000ef          	jal	ra,1194 <puts>
     444:	3e800513          	li	a0,1000
     448:	2d5d                	jal	afe <Delay_Ms>
     44a:	bfc1                	j	41a <main+0x32>

0000044c <SystemInit>:
     44c:	400217b7          	lui	a5,0x40021
     450:	4398                	lw	a4,0(a5)
     452:	fcff06b7          	lui	a3,0xfcff0
     456:	00176713          	ori	a4,a4,1
     45a:	c398                	sw	a4,0(a5)
     45c:	43d8                	lw	a4,4(a5)
     45e:	8f75                	and	a4,a4,a3
     460:	c3d8                	sw	a4,4(a5)
     462:	4398                	lw	a4,0(a5)
     464:	fef706b7          	lui	a3,0xfef70
     468:	16fd                	addi	a3,a3,-1
     46a:	8f75                	and	a4,a4,a3
     46c:	c398                	sw	a4,0(a5)
     46e:	4398                	lw	a4,0(a5)
     470:	fffc06b7          	lui	a3,0xfffc0
     474:	16fd                	addi	a3,a3,-1
     476:	8f75                	and	a4,a4,a3
     478:	c398                	sw	a4,0(a5)
     47a:	43d4                	lw	a3,4(a5)
     47c:	7741                	lui	a4,0xffff0
     47e:	177d                	addi	a4,a4,-1
     480:	8ef9                	and	a3,a3,a4
     482:	c3d4                	sw	a3,4(a5)
     484:	009f06b7          	lui	a3,0x9f0
     488:	c794                	sw	a3,8(a5)
     48a:	400226b7          	lui	a3,0x40022
     48e:	4290                	lw	a2,0(a3)
     490:	9a71                	andi	a2,a2,-4
     492:	c290                	sw	a2,0(a3)
     494:	4290                	lw	a2,0(a3)
     496:	00166613          	ori	a2,a2,1
     49a:	c290                	sw	a2,0(a3)
     49c:	43d4                	lw	a3,4(a5)
     49e:	c3d4                	sw	a3,4(a5)
     4a0:	43d4                	lw	a3,4(a5)
     4a2:	8f75                	and	a4,a4,a3
     4a4:	c3d8                	sw	a4,4(a5)
     4a6:	43d8                	lw	a4,4(a5)
     4a8:	010006b7          	lui	a3,0x1000
     4ac:	c3d8                	sw	a4,4(a5)
     4ae:	4398                	lw	a4,0(a5)
     4b0:	8f55                	or	a4,a4,a3
     4b2:	c398                	sw	a4,0(a5)
     4b4:	4398                	lw	a4,0(a5)
     4b6:	00671693          	slli	a3,a4,0x6
     4ba:	fe06dde3          	bgez	a3,4b4 <SystemInit+0x68>
     4be:	43d8                	lw	a4,4(a5)
     4c0:	400216b7          	lui	a3,0x40021
     4c4:	9b71                	andi	a4,a4,-4
     4c6:	c3d8                	sw	a4,4(a5)
     4c8:	43d8                	lw	a4,4(a5)
     4ca:	00276713          	ori	a4,a4,2
     4ce:	c3d8                	sw	a4,4(a5)
     4d0:	4721                	li	a4,8
     4d2:	42dc                	lw	a5,4(a3)
     4d4:	8bb1                	andi	a5,a5,12
     4d6:	fee79ee3          	bne	a5,a4,4d2 <SystemInit+0x86>
     4da:	8082                	ret
     4dc:	a001                	j	4dc <SystemInit+0x90>
     4de:	a001                	j	4de <SystemInit+0x92>

000004e0 <SysTick_Handler>:
     4e0:	a001                	j	4e0 <SysTick_Handler>

000004e2 <SW_Handler>:
     4e2:	a001                	j	4e2 <SW_Handler>

000004e4 <WWDG_IRQHandler>:
     4e4:	a001                	j	4e4 <WWDG_IRQHandler>

000004e6 <PVD_IRQHandler>:
     4e6:	a001                	j	4e6 <PVD_IRQHandler>

000004e8 <FLASH_IRQHandler>:
     4e8:	a001                	j	4e8 <FLASH_IRQHandler>

000004ea <RCC_IRQHandler>:
     4ea:	a001                	j	4ea <RCC_IRQHandler>

000004ec <EXTI7_0_IRQHandler>:
     4ec:	a001                	j	4ec <EXTI7_0_IRQHandler>

000004ee <AWU_IRQHandler>:
     4ee:	a001                	j	4ee <AWU_IRQHandler>

000004f0 <DMA1_Channel1_IRQHandler>:
     4f0:	a001                	j	4f0 <DMA1_Channel1_IRQHandler>

000004f2 <DMA1_Channel2_IRQHandler>:
     4f2:	a001                	j	4f2 <DMA1_Channel2_IRQHandler>

000004f4 <DMA1_Channel3_IRQHandler>:
     4f4:	a001                	j	4f4 <DMA1_Channel3_IRQHandler>

000004f6 <DMA1_Channel4_IRQHandler>:
     4f6:	a001                	j	4f6 <DMA1_Channel4_IRQHandler>

000004f8 <DMA1_Channel5_IRQHandler>:
     4f8:	a001                	j	4f8 <DMA1_Channel5_IRQHandler>

000004fa <DMA1_Channel6_IRQHandler>:
     4fa:	a001                	j	4fa <DMA1_Channel6_IRQHandler>

000004fc <DMA1_Channel7_IRQHandler>:
     4fc:	a001                	j	4fc <DMA1_Channel7_IRQHandler>

000004fe <ADC1_IRQHandler>:
     4fe:	a001                	j	4fe <ADC1_IRQHandler>
     500:	a001                	j	500 <ADC1_IRQHandler+0x2>

00000502 <I2C1_ER_IRQHandler>:
     502:	a001                	j	502 <I2C1_ER_IRQHandler>

00000504 <USART1_IRQHandler>:
     504:	a001                	j	504 <USART1_IRQHandler>

00000506 <SPI1_IRQHandler>:
     506:	a001                	j	506 <SPI1_IRQHandler>

00000508 <TIM1_BRK_IRQHandler>:
     508:	a001                	j	508 <TIM1_BRK_IRQHandler>

0000050a <TIM1_UP_IRQHandler>:
     50a:	a001                	j	50a <TIM1_UP_IRQHandler>

0000050c <TIM1_TRG_COM_IRQHandler>:
     50c:	a001                	j	50c <TIM1_TRG_COM_IRQHandler>

0000050e <TIM1_CC_IRQHandler>:
     50e:	a001                	j	50e <TIM1_CC_IRQHandler>

00000510 <TIM2_IRQHandler>:
     510:	a001                	j	510 <TIM2_IRQHandler>

00000512 <handle_reset>:
     512:	20000197          	auipc	gp,0x20000
     516:	31618193          	addi	gp,gp,790 # 20000828 <__global_pointer$>
     51a:	fd818113          	addi	sp,gp,-40 # 20000800 <_eusrstack>
     51e:	00001517          	auipc	a0,0x1
     522:	d2e50513          	addi	a0,a0,-722 # 124c <_data_lma>
     526:	20000597          	auipc	a1,0x20000
     52a:	ada58593          	addi	a1,a1,-1318 # 20000000 <_data_vma>
     52e:	20000617          	auipc	a2,0x20000
     532:	afa60613          	addi	a2,a2,-1286 # 20000028 <_edata>
     536:	00c5fa63          	bgeu	a1,a2,54a <handle_reset+0x38>
     53a:	00052283          	lw	t0,0(a0)
     53e:	0055a023          	sw	t0,0(a1)
     542:	0511                	addi	a0,a0,4
     544:	0591                	addi	a1,a1,4
     546:	fec5eae3          	bltu	a1,a2,53a <handle_reset+0x28>
     54a:	20000517          	auipc	a0,0x20000
     54e:	ade50513          	addi	a0,a0,-1314 # 20000028 <_edata>
     552:	80818593          	addi	a1,gp,-2040 # 20000030 <_ebss>
     556:	00b57763          	bgeu	a0,a1,564 <handle_reset+0x52>
     55a:	00052023          	sw	zero,0(a0)
     55e:	0511                	addi	a0,a0,4
     560:	feb56de3          	bltu	a0,a1,55a <handle_reset+0x48>
     564:	08000293          	li	t0,128
     568:	30029073          	csrw	mstatus,t0
     56c:	428d                	li	t0,3
     56e:	80429073          	csrw	0x804,t0
     572:	00000297          	auipc	t0,0x0
     576:	a8e28293          	addi	t0,t0,-1394 # 0 <_sinit>
     57a:	0032e293          	ori	t0,t0,3
     57e:	30529073          	csrw	mtvec,t0
     582:	ecbff0ef          	jal	ra,44c <SystemInit>
     586:	00000297          	auipc	t0,0x0
     58a:	e6228293          	addi	t0,t0,-414 # 3e8 <main>
     58e:	34129073          	csrw	mepc,t0
     592:	30200073          	mret

00000596 <GPIO_Init>:
     596:	459c                	lw	a5,8(a1)
     598:	1161                	addi	sp,sp,-8
     59a:	c222                	sw	s0,4(sp)
     59c:	c026                	sw	s1,0(sp)
     59e:	0107f713          	andi	a4,a5,16
     5a2:	00f7f313          	andi	t1,a5,15
     5a6:	c701                	beqz	a4,5ae <GPIO_Init+0x18>
     5a8:	41d8                	lw	a4,4(a1)
     5aa:	00e36333          	or	t1,t1,a4
     5ae:	2192                	lhu	a2,0(a1)
     5b0:	0ff67713          	andi	a4,a2,255
     5b4:	c729                	beqz	a4,5fe <GPIO_Init+0x68>
     5b6:	00052383          	lw	t2,0(a0)
     5ba:	4701                	li	a4,0
     5bc:	02800413          	li	s0,40
     5c0:	04800493          	li	s1,72
     5c4:	4685                	li	a3,1
     5c6:	00e695b3          	sll	a1,a3,a4
     5ca:	00b676b3          	and	a3,a2,a1
     5ce:	02d59263          	bne	a1,a3,5f2 <GPIO_Init+0x5c>
     5d2:	00271293          	slli	t0,a4,0x2
     5d6:	46bd                	li	a3,15
     5d8:	005696b3          	sll	a3,a3,t0
     5dc:	fff6c693          	not	a3,a3
     5e0:	0076f3b3          	and	t2,a3,t2
     5e4:	005312b3          	sll	t0,t1,t0
     5e8:	0072e3b3          	or	t2,t0,t2
     5ec:	06879763          	bne	a5,s0,65a <GPIO_Init+0xc4>
     5f0:	c94c                	sw	a1,20(a0)
     5f2:	0705                	addi	a4,a4,1
     5f4:	46a1                	li	a3,8
     5f6:	fcd717e3          	bne	a4,a3,5c4 <GPIO_Init+0x2e>
     5fa:	00752023          	sw	t2,0(a0)
     5fe:	0ff00713          	li	a4,255
     602:	04c77863          	bgeu	a4,a2,652 <GPIO_Init+0xbc>
     606:	00452383          	lw	t2,4(a0)
     60a:	46a1                	li	a3,8
     60c:	02800413          	li	s0,40
     610:	04800493          	li	s1,72
     614:	4705                	li	a4,1
     616:	00d712b3          	sll	t0,a4,a3
     61a:	00567733          	and	a4,a2,t0
     61e:	02e29463          	bne	t0,a4,646 <GPIO_Init+0xb0>
     622:	00269713          	slli	a4,a3,0x2
     626:	1701                	addi	a4,a4,-32
     628:	45bd                	li	a1,15
     62a:	00e595b3          	sll	a1,a1,a4
     62e:	fff5c593          	not	a1,a1
     632:	0075f3b3          	and	t2,a1,t2
     636:	00e31733          	sll	a4,t1,a4
     63a:	007763b3          	or	t2,a4,t2
     63e:	02879263          	bne	a5,s0,662 <GPIO_Init+0xcc>
     642:	00552a23          	sw	t0,20(a0)
     646:	0685                	addi	a3,a3,1
     648:	4741                	li	a4,16
     64a:	fce695e3          	bne	a3,a4,614 <GPIO_Init+0x7e>
     64e:	00752223          	sw	t2,4(a0)
     652:	4412                	lw	s0,4(sp)
     654:	4482                	lw	s1,0(sp)
     656:	0121                	addi	sp,sp,8
     658:	8082                	ret
     65a:	f8979ce3          	bne	a5,s1,5f2 <GPIO_Init+0x5c>
     65e:	c90c                	sw	a1,16(a0)
     660:	bf49                	j	5f2 <GPIO_Init+0x5c>
     662:	fe9792e3          	bne	a5,s1,646 <GPIO_Init+0xb0>
     666:	00552823          	sw	t0,16(a0)
     66a:	bff1                	j	646 <GPIO_Init+0xb0>

0000066c <I2C_Init>:
     66c:	a35ff2ef          	jal	t0,a0 <__riscv_save_0>
     670:	1111                	addi	sp,sp,-28
     672:	2146                	lhu	s1,4(a0)
     674:	842a                	mv	s0,a0
     676:	0028                	addi	a0,sp,8
     678:	c02e                	sw	a1,0(sp)
     67a:	2cb5                	jal	8f6 <RCC_GetClocksFreq>
     67c:	46c2                	lw	a3,16(sp)
     67e:	04c2                	slli	s1,s1,0x10
     680:	80c1                	srli	s1,s1,0x10
     682:	fc04f493          	andi	s1,s1,-64
     686:	000f45b7          	lui	a1,0xf4
     68a:	24058593          	addi	a1,a1,576 # f4240 <_data_lma+0xf2ff4>
     68e:	8536                	mv	a0,a3
     690:	04c2                	slli	s1,s1,0x10
     692:	c236                	sw	a3,4(sp)
     694:	80c1                	srli	s1,s1,0x10
     696:	3c3d                	jal	d4 <__udivsi3>
     698:	8d45                	or	a0,a0,s1
     69a:	0542                	slli	a0,a0,0x10
     69c:	8141                	srli	a0,a0,0x10
     69e:	a04a                	sh	a0,4(s0)
     6a0:	201e                	lhu	a5,0(s0)
     6a2:	4692                	lw	a3,4(sp)
     6a4:	07c2                	slli	a5,a5,0x10
     6a6:	83c1                	srli	a5,a5,0x10
     6a8:	9bf9                	andi	a5,a5,-2
     6aa:	07c2                	slli	a5,a5,0x10
     6ac:	83c1                	srli	a5,a5,0x10
     6ae:	a01e                	sh	a5,0(s0)
     6b0:	4782                	lw	a5,0(sp)
     6b2:	4390                	lw	a2,0(a5)
     6b4:	67e1                	lui	a5,0x18
     6b6:	6a078793          	addi	a5,a5,1696 # 186a0 <_data_lma+0x17454>
     6ba:	00161593          	slli	a1,a2,0x1
     6be:	04c7e463          	bltu	a5,a2,706 <I2C_Init+0x9a>
     6c2:	8536                	mv	a0,a3
     6c4:	3c01                	jal	d4 <__udivsi3>
     6c6:	87aa                	mv	a5,a0
     6c8:	0542                	slli	a0,a0,0x10
     6ca:	8141                	srli	a0,a0,0x10
     6cc:	4691                	li	a3,4
     6ce:	00d57363          	bgeu	a0,a3,6d4 <I2C_Init+0x68>
     6d2:	4791                	li	a5,4
     6d4:	01079513          	slli	a0,a5,0x10
     6d8:	8141                	srli	a0,a0,0x10
     6da:	ac4a                	sh	a0,28(s0)
     6dc:	201e                	lhu	a5,0(s0)
     6de:	4702                	lw	a4,0(sp)
     6e0:	0017e793          	ori	a5,a5,1
     6e4:	a01e                	sh	a5,0(s0)
     6e6:	201e                	lhu	a5,0(s0)
     6e8:	2356                	lhu	a3,4(a4)
     6ea:	2732                	lhu	a2,10(a4)
     6ec:	07c2                	slli	a5,a5,0x10
     6ee:	83c1                	srli	a5,a5,0x10
     6f0:	8ed1                	or	a3,a3,a2
     6f2:	bf57f793          	andi	a5,a5,-1035
     6f6:	8fd5                	or	a5,a5,a3
     6f8:	a01e                	sh	a5,0(s0)
     6fa:	2716                	lhu	a3,8(a4)
     6fc:	275e                	lhu	a5,12(a4)
     6fe:	8fd5                	or	a5,a5,a3
     700:	a41e                	sh	a5,8(s0)
     702:	0171                	addi	sp,sp,28
     704:	b25d                	j	aa <__riscv_restore_0>
     706:	4782                	lw	a5,0(sp)
     708:	23ea                	lhu	a0,6(a5)
     70a:	67b1                	lui	a5,0xc
     70c:	17fd                	addi	a5,a5,-1
     70e:	00f51f63          	bne	a0,a5,72c <I2C_Init+0xc0>
     712:	95b2                	add	a1,a1,a2
     714:	8536                	mv	a0,a3
     716:	3a7d                	jal	d4 <__udivsi3>
     718:	0542                	slli	a0,a0,0x10
     71a:	8141                	srli	a0,a0,0x10
     71c:	01451793          	slli	a5,a0,0x14
     720:	e399                	bnez	a5,726 <I2C_Init+0xba>
     722:	00156513          	ori	a0,a0,1
     726:	67a1                	lui	a5,0x8
     728:	8d5d                	or	a0,a0,a5
     72a:	bf45                	j	6da <I2C_Init+0x6e>
     72c:	00c587b3          	add	a5,a1,a2
     730:	078e                	slli	a5,a5,0x3
     732:	00c785b3          	add	a1,a5,a2
     736:	8536                	mv	a0,a3
     738:	3a71                	jal	d4 <__udivsi3>
     73a:	0542                	slli	a0,a0,0x10
     73c:	8141                	srli	a0,a0,0x10
     73e:	6791                	lui	a5,0x4
     740:	8d5d                	or	a0,a0,a5
     742:	bfe9                	j	71c <I2C_Init+0xb0>

00000744 <I2C_Cmd>:
     744:	211e                	lhu	a5,0(a0)
     746:	c589                	beqz	a1,750 <I2C_Cmd+0xc>
     748:	0017e793          	ori	a5,a5,1
     74c:	a11e                	sh	a5,0(a0)
     74e:	8082                	ret
     750:	07c2                	slli	a5,a5,0x10
     752:	83c1                	srli	a5,a5,0x10
     754:	9bf9                	andi	a5,a5,-2
     756:	07c2                	slli	a5,a5,0x10
     758:	83c1                	srli	a5,a5,0x10
     75a:	bfcd                	j	74c <I2C_Cmd+0x8>

0000075c <I2C_GenerateSTART>:
     75c:	211e                	lhu	a5,0(a0)
     75e:	c589                	beqz	a1,768 <I2C_GenerateSTART+0xc>
     760:	1007e793          	ori	a5,a5,256
     764:	a11e                	sh	a5,0(a0)
     766:	8082                	ret
     768:	07c2                	slli	a5,a5,0x10
     76a:	83c1                	srli	a5,a5,0x10
     76c:	eff7f793          	andi	a5,a5,-257
     770:	07c2                	slli	a5,a5,0x10
     772:	83c1                	srli	a5,a5,0x10
     774:	bfc5                	j	764 <I2C_GenerateSTART+0x8>

00000776 <I2C_GenerateSTOP>:
     776:	211e                	lhu	a5,0(a0)
     778:	c589                	beqz	a1,782 <I2C_GenerateSTOP+0xc>
     77a:	2007e793          	ori	a5,a5,512
     77e:	a11e                	sh	a5,0(a0)
     780:	8082                	ret
     782:	07c2                	slli	a5,a5,0x10
     784:	83c1                	srli	a5,a5,0x10
     786:	dff7f793          	andi	a5,a5,-513
     78a:	07c2                	slli	a5,a5,0x10
     78c:	83c1                	srli	a5,a5,0x10
     78e:	bfc5                	j	77e <I2C_GenerateSTOP+0x8>

00000790 <I2C_AcknowledgeConfig>:
     790:	211e                	lhu	a5,0(a0)
     792:	c589                	beqz	a1,79c <I2C_AcknowledgeConfig+0xc>
     794:	4007e793          	ori	a5,a5,1024
     798:	a11e                	sh	a5,0(a0)
     79a:	8082                	ret
     79c:	07c2                	slli	a5,a5,0x10
     79e:	83c1                	srli	a5,a5,0x10
     7a0:	bff7f793          	andi	a5,a5,-1025
     7a4:	07c2                	slli	a5,a5,0x10
     7a6:	83c1                	srli	a5,a5,0x10
     7a8:	bfc5                	j	798 <I2C_AcknowledgeConfig+0x8>

000007aa <I2C_ITConfig>:
     7aa:	215e                	lhu	a5,4(a0)
     7ac:	c601                	beqz	a2,7b4 <I2C_ITConfig+0xa>
     7ae:	8ddd                	or	a1,a1,a5
     7b0:	a14e                	sh	a1,4(a0)
     7b2:	8082                	ret
     7b4:	fff5c593          	not	a1,a1
     7b8:	8dfd                	and	a1,a1,a5
     7ba:	bfdd                	j	7b0 <I2C_ITConfig+0x6>

000007bc <I2C_SendData>:
     7bc:	a90e                	sh	a1,16(a0)
     7be:	8082                	ret

000007c0 <I2C_ReceiveData>:
     7c0:	290a                	lhu	a0,16(a0)
     7c2:	0ff57513          	andi	a0,a0,255
     7c6:	8082                	ret

000007c8 <I2C_Send7bitAddress>:
     7c8:	0fe5f793          	andi	a5,a1,254
     7cc:	c219                	beqz	a2,7d2 <I2C_Send7bitAddress+0xa>
     7ce:	0015e793          	ori	a5,a1,1
     7d2:	07c2                	slli	a5,a5,0x10
     7d4:	83c1                	srli	a5,a5,0x10
     7d6:	a91e                	sh	a5,16(a0)
     7d8:	8082                	ret

000007da <I2C_CheckEvent>:
     7da:	295e                	lhu	a5,20(a0)
     7dc:	2d0a                	lhu	a0,24(a0)
     7de:	0542                	slli	a0,a0,0x10
     7e0:	8d5d                	or	a0,a0,a5
     7e2:	8d6d                	and	a0,a0,a1
     7e4:	0522                	slli	a0,a0,0x8
     7e6:	8121                	srli	a0,a0,0x8
     7e8:	8d0d                	sub	a0,a0,a1
     7ea:	00153513          	seqz	a0,a0
     7ee:	8082                	ret

000007f0 <I2C_GetFlagStatus>:
     7f0:	1161                	addi	sp,sp,-8
     7f2:	c002                	sw	zero,0(sp)
     7f4:	c202                	sw	zero,4(sp)
     7f6:	01c5d793          	srli	a5,a1,0x1c
     7fa:	c22a                	sw	a0,4(sp)
     7fc:	c03e                	sw	a5,0(sp)
     7fe:	4782                	lw	a5,0(sp)
     800:	05a2                	slli	a1,a1,0x8
     802:	81a1                	srli	a1,a1,0x8
     804:	cb99                	beqz	a5,81a <I2C_GetFlagStatus+0x2a>
     806:	4792                	lw	a5,4(sp)
     808:	07d1                	addi	a5,a5,20
     80a:	c23e                	sw	a5,4(sp)
     80c:	4792                	lw	a5,4(sp)
     80e:	4388                	lw	a0,0(a5)
     810:	0121                	addi	sp,sp,8
     812:	8d6d                	and	a0,a0,a1
     814:	00a03533          	snez	a0,a0
     818:	8082                	ret
     81a:	4792                	lw	a5,4(sp)
     81c:	81c1                	srli	a1,a1,0x10
     81e:	07e1                	addi	a5,a5,24
     820:	b7ed                	j	80a <I2C_GetFlagStatus+0x1a>

00000822 <I2C_GetITStatus>:
     822:	215e                	lhu	a5,4(a0)
     824:	295a                	lhu	a4,20(a0)
     826:	07c2                	slli	a5,a5,0x10
     828:	8f6d                	and	a4,a4,a1
     82a:	83c1                	srli	a5,a5,0x10
     82c:	cb09                	beqz	a4,83e <I2C_GetITStatus+0x1c>
     82e:	0105d513          	srli	a0,a1,0x10
     832:	8d7d                	and	a0,a0,a5
     834:	70057513          	andi	a0,a0,1792
     838:	00a03533          	snez	a0,a0
     83c:	8082                	ret
     83e:	4501                	li	a0,0
     840:	8082                	ret

00000842 <NVIC_PriorityGroupConfig>:
     842:	200007b7          	lui	a5,0x20000
     846:	02a7a423          	sw	a0,40(a5) # 20000028 <_edata>
     84a:	8082                	ret

0000084c <NVIC_Init>:
     84c:	200007b7          	lui	a5,0x20000
     850:	02878793          	addi	a5,a5,40 # 20000028 <_edata>
     854:	4394                	lw	a3,0(a5)
     856:	2118                	lbu	a4,0(a0)
     858:	e681                	bnez	a3,860 <NVIC_Init+0x14>
     85a:	213c                	lbu	a5,2(a0)
     85c:	0792                	slli	a5,a5,0x4
     85e:	a821                	j	876 <NVIC_Init+0x2a>
     860:	4394                	lw	a3,0(a5)
     862:	4605                	li	a2,1
     864:	02c69f63          	bne	a3,a2,8a2 <NVIC_Init+0x56>
     868:	213c                	lbu	a5,2(a0)
     86a:	3110                	lbu	a2,1(a0)
     86c:	0792                	slli	a5,a5,0x4
     86e:	00d61463          	bne	a2,a3,876 <NVIC_Init+0x2a>
     872:	f807e793          	ori	a5,a5,-128
     876:	e000e6b7          	lui	a3,0xe000e
     87a:	0ff7f793          	andi	a5,a5,255
     87e:	96ba                	add	a3,a3,a4
     880:	40f68023          	sb	a5,1024(a3) # e000e400 <__global_pointer$+0xc000dbd8>
     884:	4685                	li	a3,1
     886:	00575793          	srli	a5,a4,0x5
     88a:	00e69733          	sll	a4,a3,a4
     88e:	4154                	lw	a3,4(a0)
     890:	c2a5                	beqz	a3,8f0 <NVIC_Init+0xa4>
     892:	04078793          	addi	a5,a5,64
     896:	078a                	slli	a5,a5,0x2
     898:	e000e6b7          	lui	a3,0xe000e
     89c:	97b6                	add	a5,a5,a3
     89e:	c398                	sw	a4,0(a5)
     8a0:	8082                	ret
     8a2:	438c                	lw	a1,0(a5)
     8a4:	4689                	li	a3,2
     8a6:	02d59163          	bne	a1,a3,8c8 <NVIC_Init+0x7c>
     8aa:	3114                	lbu	a3,1(a0)
     8ac:	213c                	lbu	a5,2(a0)
     8ae:	00d66563          	bltu	a2,a3,8b8 <NVIC_Init+0x6c>
     8b2:	068a                	slli	a3,a3,0x2
     8b4:	97b6                	add	a5,a5,a3
     8b6:	b75d                	j	85c <NVIC_Init+0x10>
     8b8:	03e68693          	addi	a3,a3,62 # e000e03e <__global_pointer$+0xc000d816>
     8bc:	068a                	slli	a3,a3,0x2
     8be:	97b6                	add	a5,a5,a3
     8c0:	0ff7f793          	andi	a5,a5,255
     8c4:	0792                	slli	a5,a5,0x4
     8c6:	b775                	j	872 <NVIC_Init+0x26>
     8c8:	4390                	lw	a2,0(a5)
     8ca:	468d                	li	a3,3
     8cc:	00d61c63          	bne	a2,a3,8e4 <NVIC_Init+0x98>
     8d0:	3114                	lbu	a3,1(a0)
     8d2:	213c                	lbu	a5,2(a0)
     8d4:	00d66463          	bltu	a2,a3,8dc <NVIC_Init+0x90>
     8d8:	0686                	slli	a3,a3,0x1
     8da:	bfe9                	j	8b4 <NVIC_Init+0x68>
     8dc:	07c68693          	addi	a3,a3,124
     8e0:	0686                	slli	a3,a3,0x1
     8e2:	bff1                	j	8be <NVIC_Init+0x72>
     8e4:	4394                	lw	a3,0(a5)
     8e6:	4791                	li	a5,4
     8e8:	f8f69ee3          	bne	a3,a5,884 <NVIC_Init+0x38>
     8ec:	311c                	lbu	a5,1(a0)
     8ee:	b7bd                	j	85c <NVIC_Init+0x10>
     8f0:	06078793          	addi	a5,a5,96
     8f4:	b74d                	j	896 <NVIC_Init+0x4a>

000008f6 <RCC_GetClocksFreq>:
     8f6:	faaff2ef          	jal	t0,a0 <__riscv_save_0>
     8fa:	40021737          	lui	a4,0x40021
     8fe:	435c                	lw	a5,4(a4)
     900:	4691                	li	a3,4
     902:	842a                	mv	s0,a0
     904:	8bb1                	andi	a5,a5,12
     906:	00d78563          	beq	a5,a3,910 <RCC_GetClocksFreq+0x1a>
     90a:	46a1                	li	a3,8
     90c:	06d78d63          	beq	a5,a3,986 <RCC_GetClocksFreq+0x90>
     910:	016e37b7          	lui	a5,0x16e3
     914:	60078793          	addi	a5,a5,1536 # 16e3600 <_data_lma+0x16e23b4>
     918:	c01c                	sw	a5,0(s0)
     91a:	400216b7          	lui	a3,0x40021
     91e:	42dc                	lw	a5,4(a3)
     920:	8391                	srli	a5,a5,0x4
     922:	00f7f713          	andi	a4,a5,15
     926:	200007b7          	lui	a5,0x20000
     92a:	01878793          	addi	a5,a5,24 # 20000018 <APBAHBPrescTable>
     92e:	97ba                	add	a5,a5,a4
     930:	238c                	lbu	a1,0(a5)
     932:	42dc                	lw	a5,4(a3)
     934:	4018                	lw	a4,0(s0)
     936:	0ff5f593          	andi	a1,a1,255
     93a:	0807f793          	andi	a5,a5,128
     93e:	00b75533          	srl	a0,a4,a1
     942:	e781                	bnez	a5,94a <RCC_GetClocksFreq+0x54>
     944:	853a                	mv	a0,a4
     946:	f8eff0ef          	jal	ra,d4 <__udivsi3>
     94a:	c048                	sw	a0,4(s0)
     94c:	c408                	sw	a0,8(s0)
     94e:	c448                	sw	a0,12(s0)
     950:	400217b7          	lui	a5,0x40021
     954:	43dc                	lw	a5,4(a5)
     956:	83ad                	srli	a5,a5,0xb
     958:	8bfd                	andi	a5,a5,31
     95a:	0037d713          	srli	a4,a5,0x3
     95e:	078a                	slli	a5,a5,0x2
     960:	8bf1                	andi	a5,a5,28
     962:	8fd9                	or	a5,a5,a4
     964:	0137f693          	andi	a3,a5,19
     968:	470d                	li	a4,3
     96a:	00d77363          	bgeu	a4,a3,970 <RCC_GetClocksFreq+0x7a>
     96e:	17d1                	addi	a5,a5,-12
     970:	20000737          	lui	a4,0x20000
     974:	00470713          	addi	a4,a4,4 # 20000004 <ADCPrescTable>
     978:	97ba                	add	a5,a5,a4
     97a:	238c                	lbu	a1,0(a5)
     97c:	f58ff0ef          	jal	ra,d4 <__udivsi3>
     980:	c808                	sw	a0,16(s0)
     982:	f28ff06f          	j	aa <__riscv_restore_0>
     986:	435c                	lw	a5,4(a4)
     988:	02dc77b7          	lui	a5,0x2dc7
     98c:	c0078793          	addi	a5,a5,-1024 # 2dc6c00 <_data_lma+0x2dc59b4>
     990:	b761                	j	918 <RCC_GetClocksFreq+0x22>

00000992 <RCC_APB2PeriphClockCmd>:
     992:	c599                	beqz	a1,9a0 <RCC_APB2PeriphClockCmd+0xe>
     994:	40021737          	lui	a4,0x40021
     998:	4f1c                	lw	a5,24(a4)
     99a:	8d5d                	or	a0,a0,a5
     99c:	cf08                	sw	a0,24(a4)
     99e:	8082                	ret
     9a0:	400217b7          	lui	a5,0x40021
     9a4:	4f98                	lw	a4,24(a5)
     9a6:	fff54513          	not	a0,a0
     9aa:	8d79                	and	a0,a0,a4
     9ac:	cf88                	sw	a0,24(a5)
     9ae:	8082                	ret

000009b0 <RCC_APB1PeriphClockCmd>:
     9b0:	c599                	beqz	a1,9be <RCC_APB1PeriphClockCmd+0xe>
     9b2:	40021737          	lui	a4,0x40021
     9b6:	4f5c                	lw	a5,28(a4)
     9b8:	8d5d                	or	a0,a0,a5
     9ba:	cf48                	sw	a0,28(a4)
     9bc:	8082                	ret
     9be:	400217b7          	lui	a5,0x40021
     9c2:	4fd8                	lw	a4,28(a5)
     9c4:	fff54513          	not	a0,a0
     9c8:	8d79                	and	a0,a0,a4
     9ca:	cfc8                	sw	a0,28(a5)
     9cc:	8082                	ret

000009ce <USART_Init>:
     9ce:	ed2ff2ef          	jal	t0,a0 <__riscv_save_0>
     9d2:	2916                	lhu	a3,16(a0)
     9d4:	77f5                	lui	a5,0xffffd
     9d6:	17fd                	addi	a5,a5,-1
     9d8:	8ff5                	and	a5,a5,a3
     9da:	21f6                	lhu	a3,6(a1)
     9dc:	25da                	lhu	a4,12(a1)
     9de:	1121                	addi	sp,sp,-24
     9e0:	8fd5                	or	a5,a5,a3
     9e2:	a91e                	sh	a5,16(a0)
     9e4:	2556                	lhu	a3,12(a0)
     9e6:	77fd                	lui	a5,0xfffff
     9e8:	9f378793          	addi	a5,a5,-1549 # ffffe9f3 <__global_pointer$+0xdfffe1cb>
     9ec:	8ff5                	and	a5,a5,a3
     9ee:	21d6                	lhu	a3,4(a1)
     9f0:	842a                	mv	s0,a0
     9f2:	c02e                	sw	a1,0(sp)
     9f4:	8fd5                	or	a5,a5,a3
     9f6:	2596                	lhu	a3,8(a1)
     9f8:	8fd5                	or	a5,a5,a3
     9fa:	25b6                	lhu	a3,10(a1)
     9fc:	8fd5                	or	a5,a5,a3
     9fe:	a55e                	sh	a5,12(a0)
     a00:	295e                	lhu	a5,20(a0)
     a02:	07c2                	slli	a5,a5,0x10
     a04:	83c1                	srli	a5,a5,0x10
     a06:	cff7f793          	andi	a5,a5,-769
     a0a:	8f5d                	or	a4,a4,a5
     a0c:	a95a                	sh	a4,20(a0)
     a0e:	0048                	addi	a0,sp,4
     a10:	35dd                	jal	8f6 <RCC_GetClocksFreq>
     a12:	400147b7          	lui	a5,0x40014
     a16:	80078793          	addi	a5,a5,-2048 # 40013800 <__global_pointer$+0x20012fd8>
     a1a:	4582                	lw	a1,0(sp)
     a1c:	06f41263          	bne	s0,a5,a80 <USART_Init+0xb2>
     a20:	47c2                	lw	a5,16(sp)
     a22:	245a                	lhu	a4,12(s0)
     a24:	00179513          	slli	a0,a5,0x1
     a28:	953e                	add	a0,a0,a5
     a2a:	0742                	slli	a4,a4,0x10
     a2c:	050e                	slli	a0,a0,0x3
     a2e:	8741                	srai	a4,a4,0x10
     a30:	953e                	add	a0,a0,a5
     a32:	418c                	lw	a1,0(a1)
     a34:	04075863          	bgez	a4,a84 <USART_Init+0xb6>
     a38:	0586                	slli	a1,a1,0x1
     a3a:	e9aff0ef          	jal	ra,d4 <__udivsi3>
     a3e:	06400593          	li	a1,100
     a42:	c02a                	sw	a0,0(sp)
     a44:	e90ff0ef          	jal	ra,d4 <__udivsi3>
     a48:	4782                	lw	a5,0(sp)
     a4a:	00451493          	slli	s1,a0,0x4
     a4e:	06400593          	li	a1,100
     a52:	853e                	mv	a0,a5
     a54:	eacff0ef          	jal	ra,100 <__umodsi3>
     a58:	245e                	lhu	a5,12(s0)
     a5a:	07c2                	slli	a5,a5,0x10
     a5c:	87c1                	srai	a5,a5,0x10
     a5e:	0207d563          	bgez	a5,a88 <USART_Init+0xba>
     a62:	050e                	slli	a0,a0,0x3
     a64:	06400593          	li	a1,100
     a68:	03250513          	addi	a0,a0,50
     a6c:	e68ff0ef          	jal	ra,d4 <__udivsi3>
     a70:	891d                	andi	a0,a0,7
     a72:	8cc9                	or	s1,s1,a0
     a74:	04c2                	slli	s1,s1,0x10
     a76:	80c1                	srli	s1,s1,0x10
     a78:	a406                	sh	s1,8(s0)
     a7a:	0161                	addi	sp,sp,24
     a7c:	e2eff06f          	j	aa <__riscv_restore_0>
     a80:	47b2                	lw	a5,12(sp)
     a82:	b745                	j	a22 <USART_Init+0x54>
     a84:	058a                	slli	a1,a1,0x2
     a86:	bf55                	j	a3a <USART_Init+0x6c>
     a88:	0512                	slli	a0,a0,0x4
     a8a:	06400593          	li	a1,100
     a8e:	03250513          	addi	a0,a0,50
     a92:	e42ff0ef          	jal	ra,d4 <__udivsi3>
     a96:	893d                	andi	a0,a0,15
     a98:	bfe9                	j	a72 <USART_Init+0xa4>

00000a9a <USART_Cmd>:
     a9a:	c591                	beqz	a1,aa6 <USART_Cmd+0xc>
     a9c:	255e                	lhu	a5,12(a0)
     a9e:	6709                	lui	a4,0x2
     aa0:	8fd9                	or	a5,a5,a4
     aa2:	a55e                	sh	a5,12(a0)
     aa4:	8082                	ret
     aa6:	255a                	lhu	a4,12(a0)
     aa8:	77f9                	lui	a5,0xffffe
     aaa:	17fd                	addi	a5,a5,-1
     aac:	8ff9                	and	a5,a5,a4
     aae:	bfd5                	j	aa2 <USART_Cmd+0x8>

00000ab0 <USART_SendData>:
     ab0:	1ff5f593          	andi	a1,a1,511
     ab4:	a14e                	sh	a1,4(a0)
     ab6:	8082                	ret

00000ab8 <USART_GetFlagStatus>:
     ab8:	210a                	lhu	a0,0(a0)
     aba:	8d6d                	and	a0,a0,a1
     abc:	00a03533          	snez	a0,a0
     ac0:	8082                	ret

00000ac2 <Delay_Init>:
     ac2:	ddeff2ef          	jal	t0,a0 <__riscv_save_0>
     ac6:	200007b7          	lui	a5,0x20000
     aca:	0007a503          	lw	a0,0(a5) # 20000000 <_data_vma>
     ace:	007a15b7          	lui	a1,0x7a1
     ad2:	20058593          	addi	a1,a1,512 # 7a1200 <_data_lma+0x79ffb4>
     ad6:	dfeff0ef          	jal	ra,d4 <__udivsi3>
     ada:	0ff57513          	andi	a0,a0,255
     ade:	200007b7          	lui	a5,0x20000
     ae2:	02a78723          	sb	a0,46(a5) # 2000002e <p_us>
     ae6:	00551793          	slli	a5,a0,0x5
     aea:	8f89                	sub	a5,a5,a0
     aec:	078a                	slli	a5,a5,0x2
     aee:	953e                	add	a0,a0,a5
     af0:	050e                	slli	a0,a0,0x3
     af2:	200007b7          	lui	a5,0x20000
     af6:	02a79623          	sh	a0,44(a5) # 2000002c <p_ms>
     afa:	db0ff06f          	j	aa <__riscv_restore_0>

00000afe <Delay_Ms>:
     afe:	da2ff2ef          	jal	t0,a0 <__riscv_save_0>
     b02:	e000f437          	lui	s0,0xe000f
     b06:	405c                	lw	a5,4(s0)
     b08:	85aa                	mv	a1,a0
     b0a:	9bf9                	andi	a5,a5,-2
     b0c:	c05c                	sw	a5,4(s0)
     b0e:	200007b7          	lui	a5,0x20000
     b12:	02c7d503          	lhu	a0,44(a5) # 2000002c <p_ms>
     b16:	d9eff0ef          	jal	ra,b4 <__mulsi3>
     b1a:	c808                	sw	a0,16(s0)
     b1c:	00042423          	sw	zero,8(s0) # e000f008 <__global_pointer$+0xc000e7e0>
     b20:	401c                	lw	a5,0(s0)
     b22:	0017e793          	ori	a5,a5,1
     b26:	c01c                	sw	a5,0(s0)
     b28:	e000f7b7          	lui	a5,0xe000f
     b2c:	43d8                	lw	a4,4(a5)
     b2e:	8b05                	andi	a4,a4,1
     b30:	df75                	beqz	a4,b2c <Delay_Ms+0x2e>
     b32:	4398                	lw	a4,0(a5)
     b34:	9b79                	andi	a4,a4,-2
     b36:	c398                	sw	a4,0(a5)
     b38:	d72ff06f          	j	aa <__riscv_restore_0>

00000b3c <USART_Printf_Init>:
     b3c:	d64ff2ef          	jal	t0,a0 <__riscv_save_0>
     b40:	842a                	mv	s0,a0
     b42:	6511                	lui	a0,0x4
     b44:	1111                	addi	sp,sp,-28
     b46:	4585                	li	a1,1
     b48:	02050513          	addi	a0,a0,32 # 4020 <_data_lma+0x2dd4>
     b4c:	3599                	jal	992 <RCC_APB2PeriphClockCmd>
     b4e:	02000793          	li	a5,32
     b52:	807c                	sh	a5,0(sp)
     b54:	40011537          	lui	a0,0x40011
     b58:	478d                	li	a5,3
     b5a:	c23e                	sw	a5,4(sp)
     b5c:	858a                	mv	a1,sp
     b5e:	47e1                	li	a5,24
     b60:	40050513          	addi	a0,a0,1024 # 40011400 <__global_pointer$+0x20010bd8>
     b64:	c43e                	sw	a5,8(sp)
     b66:	3c05                	jal	596 <GPIO_Init>
     b68:	c622                	sw	s0,12(sp)
     b6a:	40014437          	lui	s0,0x40014
     b6e:	000807b7          	lui	a5,0x80
     b72:	006c                	addi	a1,sp,12
     b74:	80040513          	addi	a0,s0,-2048 # 40013800 <__global_pointer$+0x20012fd8>
     b78:	ca3e                	sw	a5,20(sp)
     b7a:	c802                	sw	zero,16(sp)
     b7c:	00011c23          	sh	zero,24(sp)
     b80:	35b9                	jal	9ce <USART_Init>
     b82:	4585                	li	a1,1
     b84:	80040513          	addi	a0,s0,-2048
     b88:	3f09                	jal	a9a <USART_Cmd>
     b8a:	0171                	addi	sp,sp,28
     b8c:	d1eff06f          	j	aa <__riscv_restore_0>

00000b90 <_write>:
     b90:	d10ff2ef          	jal	t0,a0 <__riscv_save_0>
     b94:	1171                	addi	sp,sp,-4
     b96:	84ae                	mv	s1,a1
     b98:	4401                	li	s0,0
     b9a:	02c45d63          	bge	s0,a2,bd4 <_write+0x44>
     b9e:	400147b7          	lui	a5,0x40014
     ba2:	80078713          	addi	a4,a5,-2048 # 40013800 <__global_pointer$+0x20012fd8>
     ba6:	853a                	mv	a0,a4
     ba8:	04000593          	li	a1,64
     bac:	c032                	sw	a2,0(sp)
     bae:	3729                	jal	ab8 <USART_GetFlagStatus>
     bb0:	400147b7          	lui	a5,0x40014
     bb4:	80078713          	addi	a4,a5,-2048 # 40013800 <__global_pointer$+0x20012fd8>
     bb8:	4602                	lw	a2,0(sp)
     bba:	d575                	beqz	a0,ba6 <_write+0x16>
     bbc:	00848733          	add	a4,s1,s0
     bc0:	00070583          	lb	a1,0(a4) # 2000 <_data_lma+0xdb4>
     bc4:	80078513          	addi	a0,a5,-2048
     bc8:	0405                	addi	s0,s0,1
     bca:	05c2                	slli	a1,a1,0x10
     bcc:	81c1                	srli	a1,a1,0x10
     bce:	35cd                	jal	ab0 <USART_SendData>
     bd0:	4602                	lw	a2,0(sp)
     bd2:	b7e1                	j	b9a <_write+0xa>
     bd4:	8532                	mv	a0,a2
     bd6:	0111                	addi	sp,sp,4
     bd8:	cd2ff06f          	j	aa <__riscv_restore_0>

00000bdc <printchar>:
     bdc:	1141                	addi	sp,sp,-16
     bde:	c606                	sw	ra,12(sp)
     be0:	c02e                	sw	a1,0(sp)
     be2:	cd0d                	beqz	a0,c1c <printchar+0x40>
     be4:	4118                	lw	a4,0(a0)
     be6:	87aa                	mv	a5,a0
     be8:	c305                	beqz	a4,c08 <printchar+0x2c>
     bea:	4158                	lw	a4,4(a0)
     bec:	557d                	li	a0,-1
     bee:	cb11                	beqz	a4,c02 <printchar+0x26>
     bf0:	4685                	li	a3,1
     bf2:	00d71b63          	bne	a4,a3,c08 <printchar+0x2c>
     bf6:	4798                	lw	a4,8(a5)
     bf8:	00070023          	sb	zero,0(a4)
     bfc:	0007a223          	sw	zero,4(a5)
     c00:	4505                	li	a0,1
     c02:	40b2                	lw	ra,12(sp)
     c04:	0141                	addi	sp,sp,16
     c06:	8082                	ret
     c08:	4798                	lw	a4,8(a5)
     c0a:	4682                	lw	a3,0(sp)
     c0c:	a314                	sb	a3,0(a4)
     c0e:	4798                	lw	a4,8(a5)
     c10:	0705                	addi	a4,a4,1
     c12:	c798                	sw	a4,8(a5)
     c14:	43d8                	lw	a4,4(a5)
     c16:	177d                	addi	a4,a4,-1
     c18:	c3d8                	sw	a4,4(a5)
     c1a:	b7dd                	j	c00 <printchar+0x24>
     c1c:	4605                	li	a2,1
     c1e:	858a                	mv	a1,sp
     c20:	3f85                	jal	b90 <_write>
     c22:	bff9                	j	c00 <printchar+0x24>

00000c24 <prints>:
     c24:	1101                	addi	sp,sp,-32
     c26:	cc22                	sw	s0,24(sp)
     c28:	c22e                	sw	a1,4(sp)
     c2a:	ce06                	sw	ra,28(sp)
     c2c:	ca26                	sw	s1,20(sp)
     c2e:	842a                	mv	s0,a0
     c30:	4781                	li	a5,0
     c32:	02000593          	li	a1,32
     c36:	02064563          	bltz	a2,c60 <prints+0x3c>
     c3a:	4592                	lw	a1,4(sp)
     c3c:	95be                	add	a1,a1,a5
     c3e:	00058583          	lb	a1,0(a1)
     c42:	e58d                	bnez	a1,c6c <prints+0x48>
     c44:	02c7d863          	bge	a5,a2,c74 <prints+0x50>
     c48:	02e7d463          	bge	a5,a4,c70 <prints+0x4c>
     c4c:	8e19                	sub	a2,a2,a4
     c4e:	02000513          	li	a0,32
     c52:	0026f593          	andi	a1,a3,2
     c56:	c02a                	sw	a0,0(sp)
     c58:	c589                	beqz	a1,c62 <prints+0x3e>
     c5a:	e701                	bnez	a4,c62 <prints+0x3e>
     c5c:	03000593          	li	a1,48
     c60:	c02e                	sw	a1,0(sp)
     c62:	8a85                	andi	a3,a3,1
     c64:	4481                	li	s1,0
     c66:	ea95                	bnez	a3,c9a <prints+0x76>
     c68:	84b2                	mv	s1,a2
     c6a:	a00d                	j	c8c <prints+0x68>
     c6c:	0785                	addi	a5,a5,1
     c6e:	b7f1                	j	c3a <prints+0x16>
     c70:	8e1d                	sub	a2,a2,a5
     c72:	bff1                	j	c4e <prints+0x2a>
     c74:	4601                	li	a2,0
     c76:	bfe1                	j	c4e <prints+0x2a>
     c78:	4582                	lw	a1,0(sp)
     c7a:	8522                	mv	a0,s0
     c7c:	c83a                	sw	a4,16(sp)
     c7e:	c632                	sw	a2,12(sp)
     c80:	c43e                	sw	a5,8(sp)
     c82:	3fa9                	jal	bdc <printchar>
     c84:	47a2                	lw	a5,8(sp)
     c86:	4632                	lw	a2,12(sp)
     c88:	4742                	lw	a4,16(sp)
     c8a:	14fd                	addi	s1,s1,-1
     c8c:	fe9046e3          	bgtz	s1,c78 <prints+0x54>
     c90:	84b2                	mv	s1,a2
     c92:	00065363          	bgez	a2,c98 <prints+0x74>
     c96:	4481                	li	s1,0
     c98:	8e05                	sub	a2,a2,s1
     c9a:	02e7c763          	blt	a5,a4,cc8 <prints+0xa4>
     c9e:	87a6                	mv	a5,s1
     ca0:	4692                	lw	a3,4(sp)
     ca2:	40978733          	sub	a4,a5,s1
     ca6:	9736                	add	a4,a4,a3
     ca8:	00070583          	lb	a1,0(a4)
     cac:	ed95                	bnez	a1,ce8 <prints+0xc4>
     cae:	84b2                	mv	s1,a2
     cb0:	04904463          	bgtz	s1,cf8 <prints+0xd4>
     cb4:	00065363          	bgez	a2,cba <prints+0x96>
     cb8:	4601                	li	a2,0
     cba:	40f2                	lw	ra,28(sp)
     cbc:	4462                	lw	s0,24(sp)
     cbe:	44d2                	lw	s1,20(sp)
     cc0:	00f60533          	add	a0,a2,a5
     cc4:	6105                	addi	sp,sp,32
     cc6:	8082                	ret
     cc8:	8f1d                	sub	a4,a4,a5
     cca:	87ba                	mv	a5,a4
     ccc:	03000593          	li	a1,48
     cd0:	8522                	mv	a0,s0
     cd2:	c832                	sw	a2,16(sp)
     cd4:	c63e                	sw	a5,12(sp)
     cd6:	c43a                	sw	a4,8(sp)
     cd8:	3711                	jal	bdc <printchar>
     cda:	47b2                	lw	a5,12(sp)
     cdc:	4722                	lw	a4,8(sp)
     cde:	4642                	lw	a2,16(sp)
     ce0:	17fd                	addi	a5,a5,-1
     ce2:	f7ed                	bnez	a5,ccc <prints+0xa8>
     ce4:	94ba                	add	s1,s1,a4
     ce6:	bf65                	j	c9e <prints+0x7a>
     ce8:	8522                	mv	a0,s0
     cea:	c632                	sw	a2,12(sp)
     cec:	c43e                	sw	a5,8(sp)
     cee:	35fd                	jal	bdc <printchar>
     cf0:	47a2                	lw	a5,8(sp)
     cf2:	4632                	lw	a2,12(sp)
     cf4:	0785                	addi	a5,a5,1
     cf6:	b76d                	j	ca0 <prints+0x7c>
     cf8:	4582                	lw	a1,0(sp)
     cfa:	8522                	mv	a0,s0
     cfc:	c432                	sw	a2,8(sp)
     cfe:	c23e                	sw	a5,4(sp)
     d00:	3df1                	jal	bdc <printchar>
     d02:	14fd                	addi	s1,s1,-1
     d04:	4622                	lw	a2,8(sp)
     d06:	4792                	lw	a5,4(sp)
     d08:	b765                	j	cb0 <prints+0x8c>

00000d0a <printInt>:
     d0a:	7139                	addi	sp,sp,-64
     d0c:	de06                	sw	ra,60(sp)
     d0e:	dc22                	sw	s0,56(sp)
     d10:	da26                	sw	s1,52(sp)
     d12:	c23e                	sw	a5,4(sp)
     d14:	8332                	mv	t1,a2
     d16:	863a                	mv	a2,a4
     d18:	ed89                	bnez	a1,d32 <printInt+0x28>
     d1a:	4692                	lw	a3,4(sp)
     d1c:	03000793          	li	a5,48
     d20:	4701                	li	a4,0
     d22:	086c                	addi	a1,sp,28
     d24:	86fc                	sh	a5,28(sp)
     d26:	3dfd                	jal	c24 <prints>
     d28:	50f2                	lw	ra,60(sp)
     d2a:	5462                	lw	s0,56(sp)
     d2c:	54d2                	lw	s1,52(sp)
     d2e:	6121                	addi	sp,sp,64
     d30:	8082                	ret
     d32:	84aa                	mv	s1,a0
     d34:	8436                	mv	s0,a3
     d36:	87ae                	mv	a5,a1
     d38:	ca91                	beqz	a3,d4c <printInt+0x42>
     d3a:	4729                	li	a4,10
     d3c:	4401                	li	s0,0
     d3e:	00e31763          	bne	t1,a4,d4c <printInt+0x42>
     d42:	0005d563          	bgez	a1,d4c <printInt+0x42>
     d46:	40b007b3          	neg	a5,a1
     d4a:	4405                	li	s0,1
     d4c:	4686                	lw	a3,64(sp)
     d4e:	020109a3          	sb	zero,51(sp)
     d52:	03310713          	addi	a4,sp,51
     d56:	fc668693          	addi	a3,a3,-58 # 40020fc6 <__global_pointer$+0x2002079e>
     d5a:	c436                	sw	a3,8(sp)
     d5c:	859a                	mv	a1,t1
     d5e:	853e                	mv	a0,a5
     d60:	ca32                	sw	a2,20(sp)
     d62:	c83a                	sw	a4,16(sp)
     d64:	c61a                	sw	t1,12(sp)
     d66:	c03e                	sw	a5,0(sp)
     d68:	b98ff0ef          	jal	ra,100 <__umodsi3>
     d6c:	46a5                	li	a3,9
     d6e:	4782                	lw	a5,0(sp)
     d70:	4332                	lw	t1,12(sp)
     d72:	4742                	lw	a4,16(sp)
     d74:	4652                	lw	a2,20(sp)
     d76:	00a6d463          	bge	a3,a0,d7e <printInt+0x74>
     d7a:	46a2                	lw	a3,8(sp)
     d7c:	9536                	add	a0,a0,a3
     d7e:	03050513          	addi	a0,a0,48
     d82:	fff70693          	addi	a3,a4,-1
     d86:	fea70fa3          	sb	a0,-1(a4)
     d8a:	859a                	mv	a1,t1
     d8c:	853e                	mv	a0,a5
     d8e:	cc32                	sw	a2,24(sp)
     d90:	ca3a                	sw	a4,20(sp)
     d92:	c81a                	sw	t1,16(sp)
     d94:	c63e                	sw	a5,12(sp)
     d96:	c036                	sw	a3,0(sp)
     d98:	b3cff0ef          	jal	ra,d4 <__udivsi3>
     d9c:	47b2                	lw	a5,12(sp)
     d9e:	4342                	lw	t1,16(sp)
     da0:	4752                	lw	a4,20(sp)
     da2:	4662                	lw	a2,24(sp)
     da4:	0467f963          	bgeu	a5,t1,df6 <printInt+0xec>
     da8:	cc01                	beqz	s0,dc0 <printInt+0xb6>
     daa:	ca29                	beqz	a2,dfc <printInt+0xf2>
     dac:	4792                	lw	a5,4(sp)
     dae:	8b89                	andi	a5,a5,2
     db0:	c7b1                	beqz	a5,dfc <printInt+0xf2>
     db2:	02d00593          	li	a1,45
     db6:	8526                	mv	a0,s1
     db8:	c432                	sw	a2,8(sp)
     dba:	350d                	jal	bdc <printchar>
     dbc:	4622                	lw	a2,8(sp)
     dbe:	167d                	addi	a2,a2,-1
     dc0:	4792                	lw	a5,4(sp)
     dc2:	8b91                	andi	a5,a5,4
     dc4:	c395                	beqz	a5,de8 <printInt+0xde>
     dc6:	4706                	lw	a4,64(sp)
     dc8:	06100793          	li	a5,97
     dcc:	c432                	sw	a2,8(sp)
     dce:	03000593          	li	a1,48
     dd2:	8526                	mv	a0,s1
     dd4:	02f71e63          	bne	a4,a5,e10 <printInt+0x106>
     dd8:	3511                	jal	bdc <printchar>
     dda:	07800593          	li	a1,120
     dde:	8526                	mv	a0,s1
     de0:	3bf5                	jal	bdc <printchar>
     de2:	4622                	lw	a2,8(sp)
     de4:	0409                	addi	s0,s0,2
     de6:	1679                	addi	a2,a2,-2
     de8:	4716                	lw	a4,68(sp)
     dea:	4692                	lw	a3,4(sp)
     dec:	4582                	lw	a1,0(sp)
     dee:	8526                	mv	a0,s1
     df0:	3d15                	jal	c24 <prints>
     df2:	9522                	add	a0,a0,s0
     df4:	bf15                	j	d28 <printInt+0x1e>
     df6:	87aa                	mv	a5,a0
     df8:	4702                	lw	a4,0(sp)
     dfa:	b78d                	j	d5c <printInt+0x52>
     dfc:	4682                	lw	a3,0(sp)
     dfe:	02d00793          	li	a5,45
     e02:	4401                	li	s0,0
     e04:	fef68fa3          	sb	a5,-1(a3)
     e08:	ffe70793          	addi	a5,a4,-2
     e0c:	c03e                	sw	a5,0(sp)
     e0e:	bf4d                	j	dc0 <printInt+0xb6>
     e10:	33f1                	jal	bdc <printchar>
     e12:	05800593          	li	a1,88
     e16:	b7e1                	j	dde <printInt+0xd4>

00000e18 <printLongLongInt>:
     e18:	4501                	li	a0,0
     e1a:	8082                	ret

00000e1c <printDouble>:
     e1c:	4501                	li	a0,0
     e1e:	8082                	ret

00000e20 <print>:
     e20:	fd810113          	addi	sp,sp,-40
     e24:	d022                	sw	s0,32(sp)
     e26:	ce26                	sw	s1,28(sp)
     e28:	d206                	sw	ra,36(sp)
     e2a:	c42a                	sw	a0,8(sp)
     e2c:	82ae                	mv	t0,a1
     e2e:	8432                	mv	s0,a2
     e30:	c602                	sw	zero,12(sp)
     e32:	4481                	li	s1,0
     e34:	00028583          	lb	a1,0(t0)
     e38:	ed89                	bnez	a1,e52 <print+0x32>
     e3a:	47a2                	lw	a5,8(sp)
     e3c:	c781                	beqz	a5,e44 <print+0x24>
     e3e:	4581                	li	a1,0
     e40:	853e                	mv	a0,a5
     e42:	3b69                	jal	bdc <printchar>
     e44:	5092                	lw	ra,36(sp)
     e46:	5402                	lw	s0,32(sp)
     e48:	8526                	mv	a0,s1
     e4a:	44f2                	lw	s1,28(sp)
     e4c:	02810113          	addi	sp,sp,40
     e50:	8082                	ret
     e52:	02500793          	li	a5,37
     e56:	00f58863          	beq	a1,a5,e66 <print+0x46>
     e5a:	4522                	lw	a0,8(sp)
     e5c:	c816                	sw	t0,16(sp)
     e5e:	0485                	addi	s1,s1,1
     e60:	3bb5                	jal	bdc <printchar>
     e62:	42c2                	lw	t0,16(sp)
     e64:	a839                	j	e82 <print+0x62>
     e66:	00128783          	lb	a5,1(t0)
     e6a:	00128713          	addi	a4,t0,1
     e6e:	00b79c63          	bne	a5,a1,e86 <print+0x66>
     e72:	4522                	lw	a0,8(sp)
     e74:	02500593          	li	a1,37
     e78:	c83a                	sw	a4,16(sp)
     e7a:	338d                	jal	bdc <printchar>
     e7c:	4742                	lw	a4,16(sp)
     e7e:	0485                	addi	s1,s1,1
     e80:	82ba                	mv	t0,a4
     e82:	0285                	addi	t0,t0,1
     e84:	bf45                	j	e34 <print+0x14>
     e86:	dbd5                	beqz	a5,e3a <print+0x1a>
     e88:	02b00693          	li	a3,43
     e8c:	04d78963          	beq	a5,a3,ede <print+0xbe>
     e90:	00f6c863          	blt	a3,a5,ea0 <print+0x80>
     e94:	02300693          	li	a3,35
     e98:	04d78663          	beq	a5,a3,ee4 <print+0xc4>
     e9c:	4781                	li	a5,0
     e9e:	a005                	j	ebe <print+0x9e>
     ea0:	02d00693          	li	a3,45
     ea4:	00d78a63          	beq	a5,a3,eb8 <print+0x98>
     ea8:	03000693          	li	a3,48
     eac:	fed798e3          	bne	a5,a3,e9c <print+0x7c>
     eb0:	00228713          	addi	a4,t0,2
     eb4:	4789                	li	a5,2
     eb6:	a021                	j	ebe <print+0x9e>
     eb8:	00228713          	addi	a4,t0,2
     ebc:	4785                	li	a5,1
     ebe:	00070683          	lb	a3,0(a4)
     ec2:	02b00613          	li	a2,43
     ec6:	04c68363          	beq	a3,a2,f0c <print+0xec>
     eca:	02d64163          	blt	a2,a3,eec <print+0xcc>
     ece:	02300613          	li	a2,35
     ed2:	02c68b63          	beq	a3,a2,f08 <print+0xe8>
     ed6:	82ba                	mv	t0,a4
     ed8:	4501                	li	a0,0
     eda:	46a5                	li	a3,9
     edc:	a081                	j	f1c <print+0xfc>
     ede:	00228713          	addi	a4,t0,2
     ee2:	bf6d                	j	e9c <print+0x7c>
     ee4:	00228713          	addi	a4,t0,2
     ee8:	4791                	li	a5,4
     eea:	bfd1                	j	ebe <print+0x9e>
     eec:	02d00613          	li	a2,45
     ef0:	00c68963          	beq	a3,a2,f02 <print+0xe2>
     ef4:	03000613          	li	a2,48
     ef8:	fcc69fe3          	bne	a3,a2,ed6 <print+0xb6>
     efc:	0027e793          	ori	a5,a5,2
     f00:	a031                	j	f0c <print+0xec>
     f02:	0705                	addi	a4,a4,1
     f04:	4785                	li	a5,1
     f06:	bfc1                	j	ed6 <print+0xb6>
     f08:	0047e793          	ori	a5,a5,4
     f0c:	0705                	addi	a4,a4,1
     f0e:	b7e1                	j	ed6 <print+0xb6>
     f10:	00251613          	slli	a2,a0,0x2
     f14:	9532                	add	a0,a0,a2
     f16:	0506                	slli	a0,a0,0x1
     f18:	953a                	add	a0,a0,a4
     f1a:	0285                	addi	t0,t0,1
     f1c:	00028603          	lb	a2,0(t0)
     f20:	fd060713          	addi	a4,a2,-48
     f24:	0ff77593          	andi	a1,a4,255
     f28:	feb6f4e3          	bgeu	a3,a1,f10 <print+0xf0>
     f2c:	02e00713          	li	a4,46
     f30:	4699                	li	a3,6
     f32:	00e61e63          	bne	a2,a4,f4e <print+0x12e>
     f36:	0285                	addi	t0,t0,1
     f38:	4681                	li	a3,0
     f3a:	45a5                	li	a1,9
     f3c:	00028603          	lb	a2,0(t0)
     f40:	fd060613          	addi	a2,a2,-48
     f44:	0ff67713          	andi	a4,a2,255
     f48:	02e5f563          	bgeu	a1,a4,f72 <print+0x152>
     f4c:	c636                	sw	a3,12(sp)
     f4e:	00028703          	lb	a4,0(t0)
     f52:	06a00613          	li	a2,106
     f56:	0ac70d63          	beq	a4,a2,1010 <print+0x1f0>
     f5a:	02e64363          	blt	a2,a4,f80 <print+0x160>
     f5e:	04c00613          	li	a2,76
     f62:	0ac70763          	beq	a4,a2,1010 <print+0x1f0>
     f66:	06800613          	li	a2,104
     f6a:	08c70c63          	beq	a4,a2,1002 <print+0x1e2>
     f6e:	4581                	li	a1,0
     f70:	a82d                	j	faa <print+0x18a>
     f72:	00269713          	slli	a4,a3,0x2
     f76:	96ba                	add	a3,a3,a4
     f78:	0686                	slli	a3,a3,0x1
     f7a:	96b2                	add	a3,a3,a2
     f7c:	0285                	addi	t0,t0,1
     f7e:	bf7d                	j	f3c <print+0x11c>
     f80:	07400613          	li	a2,116
     f84:	08c70663          	beq	a4,a2,1010 <print+0x1f0>
     f88:	07a00613          	li	a2,122
     f8c:	08c70263          	beq	a4,a2,1010 <print+0x1f0>
     f90:	06c00613          	li	a2,108
     f94:	4581                	li	a1,0
     f96:	00c71a63          	bne	a4,a2,faa <print+0x18a>
     f9a:	00128603          	lb	a2,1(t0)
     f9e:	458d                	li	a1,3
     fa0:	00e61463          	bne	a2,a4,fa8 <print+0x188>
     fa4:	0285                	addi	t0,t0,1
     fa6:	4591                	li	a1,4
     fa8:	0285                	addi	t0,t0,1
     faa:	00028603          	lb	a2,0(t0)
     fae:	06000393          	li	t2,96
     fb2:	06100713          	li	a4,97
     fb6:	00c3c463          	blt	t2,a2,fbe <print+0x19e>
     fba:	04100713          	li	a4,65
     fbe:	06700393          	li	t2,103
     fc2:	06c3c463          	blt	t2,a2,102a <print+0x20a>
     fc6:	06500393          	li	t2,101
     fca:	18765363          	bge	a2,t2,1150 <print+0x330>
     fce:	04700393          	li	t2,71
     fd2:	04c3c163          	blt	t2,a2,1014 <print+0x1f4>
     fd6:	04500593          	li	a1,69
     fda:	16b65b63          	bge	a2,a1,1150 <print+0x330>
     fde:	04300713          	li	a4,67
     fe2:	eae610e3          	bne	a2,a4,e82 <print+0x62>
     fe6:	4018                	lw	a4,0(s0)
     fe8:	00440393          	addi	t2,s0,4
     fec:	ca16                	sw	t0,20(sp)
     fee:	00e10c23          	sb	a4,24(sp)
     ff2:	c81e                	sw	t2,16(sp)
     ff4:	00010ca3          	sb	zero,25(sp)
     ff8:	4701                	li	a4,0
     ffa:	86be                	mv	a3,a5
     ffc:	862a                	mv	a2,a0
     ffe:	082c                	addi	a1,sp,24
    1000:	a849                	j	1092 <print+0x272>
    1002:	00128603          	lb	a2,1(t0)
    1006:	4581                	li	a1,0
    1008:	fae611e3          	bne	a2,a4,faa <print+0x18a>
    100c:	0289                	addi	t0,t0,2
    100e:	bf71                	j	faa <print+0x18a>
    1010:	0285                	addi	t0,t0,1
    1012:	bfb1                	j	f6e <print+0x14e>
    1014:	06300693          	li	a3,99
    1018:	fcd607e3          	beq	a2,a3,fe6 <print+0x1c6>
    101c:	06c6ce63          	blt	a3,a2,1098 <print+0x278>
    1020:	05800693          	li	a3,88
    1024:	02d60363          	beq	a2,a3,104a <print+0x22a>
    1028:	bda9                	j	e82 <print+0x62>
    102a:	07300693          	li	a3,115
    102e:	04d60463          	beq	a2,a3,1076 <print+0x256>
    1032:	02c6cb63          	blt	a3,a2,1068 <print+0x248>
    1036:	06f00693          	li	a3,111
    103a:	0ed60263          	beq	a2,a3,111e <print+0x2fe>
    103e:	07000693          	li	a3,112
    1042:	0047e793          	ori	a5,a5,4
    1046:	e2d61ee3          	bne	a2,a3,e82 <print+0x62>
    104a:	4691                	li	a3,4
    104c:	0ad59f63          	bne	a1,a3,110a <print+0x2ea>
    1050:	00840393          	addi	t2,s0,8
    1054:	400c                	lw	a1,0(s0)
    1056:	4050                	lw	a2,4(s0)
    1058:	ca16                	sw	t0,20(sp)
    105a:	c23a                	sw	a4,4(sp)
    105c:	c03e                	sw	a5,0(sp)
    105e:	c81e                	sw	t2,16(sp)
    1060:	87aa                	mv	a5,a0
    1062:	4701                	li	a4,0
    1064:	46c1                	li	a3,16
    1066:	a0b9                	j	10b4 <print+0x294>
    1068:	07500693          	li	a3,117
    106c:	06d60863          	beq	a2,a3,10dc <print+0x2bc>
    1070:	07800693          	li	a3,120
    1074:	bf45                	j	1024 <print+0x204>
    1076:	4018                	lw	a4,0(s0)
    1078:	000016b7          	lui	a3,0x1
    107c:	00440393          	addi	t2,s0,4
    1080:	24468593          	addi	a1,a3,580 # 1244 <puts+0xb0>
    1084:	c311                	beqz	a4,1088 <print+0x268>
    1086:	85ba                	mv	a1,a4
    1088:	4732                	lw	a4,12(sp)
    108a:	ca16                	sw	t0,20(sp)
    108c:	c81e                	sw	t2,16(sp)
    108e:	86be                	mv	a3,a5
    1090:	862a                	mv	a2,a0
    1092:	4522                	lw	a0,8(sp)
    1094:	3e41                	jal	c24 <prints>
    1096:	a00d                	j	10b8 <print+0x298>
    1098:	4691                	li	a3,4
    109a:	02d59463          	bne	a1,a3,10c2 <print+0x2a2>
    109e:	00840393          	addi	t2,s0,8
    10a2:	400c                	lw	a1,0(s0)
    10a4:	4050                	lw	a2,4(s0)
    10a6:	ca16                	sw	t0,20(sp)
    10a8:	c23a                	sw	a4,4(sp)
    10aa:	c03e                	sw	a5,0(sp)
    10ac:	c81e                	sw	t2,16(sp)
    10ae:	87aa                	mv	a5,a0
    10b0:	4705                	li	a4,1
    10b2:	46a9                	li	a3,10
    10b4:	4522                	lw	a0,8(sp)
    10b6:	338d                	jal	e18 <printLongLongInt>
    10b8:	43c2                	lw	t2,16(sp)
    10ba:	94aa                	add	s1,s1,a0
    10bc:	841e                	mv	s0,t2
    10be:	42d2                	lw	t0,20(sp)
    10c0:	b3c9                	j	e82 <print+0x62>
    10c2:	46b2                	lw	a3,12(sp)
    10c4:	400c                	lw	a1,0(s0)
    10c6:	c816                	sw	t0,16(sp)
    10c8:	c236                	sw	a3,4(sp)
    10ca:	c03a                	sw	a4,0(sp)
    10cc:	0411                	addi	s0,s0,4
    10ce:	872a                	mv	a4,a0
    10d0:	4685                	li	a3,1
    10d2:	4629                	li	a2,10
    10d4:	4522                	lw	a0,8(sp)
    10d6:	3915                	jal	d0a <printInt>
    10d8:	94aa                	add	s1,s1,a0
    10da:	b361                	j	e62 <print+0x42>
    10dc:	4691                	li	a3,4
    10de:	00d59d63          	bne	a1,a3,10f8 <print+0x2d8>
    10e2:	00840393          	addi	t2,s0,8
    10e6:	400c                	lw	a1,0(s0)
    10e8:	4050                	lw	a2,4(s0)
    10ea:	ca16                	sw	t0,20(sp)
    10ec:	c23a                	sw	a4,4(sp)
    10ee:	c03e                	sw	a5,0(sp)
    10f0:	c81e                	sw	t2,16(sp)
    10f2:	87aa                	mv	a5,a0
    10f4:	4701                	li	a4,0
    10f6:	bf75                	j	10b2 <print+0x292>
    10f8:	46b2                	lw	a3,12(sp)
    10fa:	400c                	lw	a1,0(s0)
    10fc:	c816                	sw	t0,16(sp)
    10fe:	c236                	sw	a3,4(sp)
    1100:	c03a                	sw	a4,0(sp)
    1102:	0411                	addi	s0,s0,4
    1104:	872a                	mv	a4,a0
    1106:	4681                	li	a3,0
    1108:	b7e9                	j	10d2 <print+0x2b2>
    110a:	46b2                	lw	a3,12(sp)
    110c:	c816                	sw	t0,16(sp)
    110e:	400c                	lw	a1,0(s0)
    1110:	4641                	li	a2,16
    1112:	c236                	sw	a3,4(sp)
    1114:	c03a                	sw	a4,0(sp)
    1116:	0411                	addi	s0,s0,4
    1118:	872a                	mv	a4,a0
    111a:	4681                	li	a3,0
    111c:	bf65                	j	10d4 <print+0x2b4>
    111e:	4691                	li	a3,4
    1120:	00d59e63          	bne	a1,a3,113c <print+0x31c>
    1124:	00840393          	addi	t2,s0,8
    1128:	400c                	lw	a1,0(s0)
    112a:	4050                	lw	a2,4(s0)
    112c:	ca16                	sw	t0,20(sp)
    112e:	c23a                	sw	a4,4(sp)
    1130:	c03e                	sw	a5,0(sp)
    1132:	c81e                	sw	t2,16(sp)
    1134:	87aa                	mv	a5,a0
    1136:	4701                	li	a4,0
    1138:	46a1                	li	a3,8
    113a:	bfad                	j	10b4 <print+0x294>
    113c:	46b2                	lw	a3,12(sp)
    113e:	400c                	lw	a1,0(s0)
    1140:	c816                	sw	t0,16(sp)
    1142:	c236                	sw	a3,4(sp)
    1144:	c03a                	sw	a4,0(sp)
    1146:	0411                	addi	s0,s0,4
    1148:	872a                	mv	a4,a0
    114a:	4681                	li	a3,0
    114c:	4621                	li	a2,8
    114e:	b759                	j	10d4 <print+0x2b4>
    1150:	400c                	lw	a1,0(s0)
    1152:	00840613          	addi	a2,s0,8
    1156:	4040                	lw	s0,4(s0)
    1158:	c23a                	sw	a4,4(sp)
    115a:	872a                	mv	a4,a0
    115c:	4522                	lw	a0,8(sp)
    115e:	c832                	sw	a2,16(sp)
    1160:	c03e                	sw	a5,0(sp)
    1162:	8622                	mv	a2,s0
    1164:	87b6                	mv	a5,a3
    1166:	46a9                	li	a3,10
    1168:	ca16                	sw	t0,20(sp)
    116a:	394d                	jal	e1c <printDouble>
    116c:	94aa                	add	s1,s1,a0
    116e:	4442                	lw	s0,16(sp)
    1170:	b7b9                	j	10be <print+0x29e>

00001172 <printf>:
    1172:	fdc10113          	addi	sp,sp,-36
    1176:	c82e                	sw	a1,16(sp)
    1178:	ca32                	sw	a2,20(sp)
    117a:	85aa                	mv	a1,a0
    117c:	0810                	addi	a2,sp,16
    117e:	4501                	li	a0,0
    1180:	c606                	sw	ra,12(sp)
    1182:	cc36                	sw	a3,24(sp)
    1184:	ce3a                	sw	a4,28(sp)
    1186:	d03e                	sw	a5,32(sp)
    1188:	c032                	sw	a2,0(sp)
    118a:	3959                	jal	e20 <print>
    118c:	40b2                	lw	ra,12(sp)
    118e:	02410113          	addi	sp,sp,36
    1192:	8082                	ret

00001194 <puts>:
    1194:	1141                	addi	sp,sp,-16
    1196:	c422                	sw	s0,8(sp)
    1198:	c226                	sw	s1,4(sp)
    119a:	c606                	sw	ra,12(sp)
    119c:	211c                	lbu	a5,0(a0)
    119e:	84aa                	mv	s1,a0
    11a0:	4401                	li	s0,0
    11a2:	81dc                	sb	a5,3(sp)
    11a4:	00310783          	lb	a5,3(sp)
    11a8:	0405                	addi	s0,s0,1
    11aa:	ef99                	bnez	a5,11c8 <puts+0x34>
    11ac:	47a9                	li	a5,10
    11ae:	00310593          	addi	a1,sp,3
    11b2:	4605                	li	a2,1
    11b4:	4501                	li	a0,0
    11b6:	81dc                	sb	a5,3(sp)
    11b8:	9d9ff0ef          	jal	ra,b90 <_write>
    11bc:	8522                	mv	a0,s0
    11be:	40b2                	lw	ra,12(sp)
    11c0:	4422                	lw	s0,8(sp)
    11c2:	4492                	lw	s1,4(sp)
    11c4:	0141                	addi	sp,sp,16
    11c6:	8082                	ret
    11c8:	4605                	li	a2,1
    11ca:	00310593          	addi	a1,sp,3
    11ce:	4501                	li	a0,0
    11d0:	9c1ff0ef          	jal	ra,b90 <_write>
    11d4:	008487b3          	add	a5,s1,s0
    11d8:	239c                	lbu	a5,0(a5)
    11da:	81dc                	sb	a5,3(sp)
    11dc:	b7e1                	j	11a4 <puts+0x10>
    11de:	0000                	unimp
    11e0:	3249                	jal	b62 <USART_Printf_Init+0x26>
    11e2:	65532043          	0x65532043
    11e6:	646e                	flw	fs0,216(sp)
    11e8:	6144                	flw	fs1,4(a0)
    11ea:	6174                	flw	fa3,68(a0)
    11ec:	3120                	lbu	s0,3(a0)
    11ee:	2121                	jal	15f6 <_data_lma+0x3aa>
    11f0:	0d21                	addi	s10,s10,8
    11f2:	0000                	unimp
    11f4:	3249                	jal	b76 <USART_Printf_Init+0x3a>
    11f6:	65532043          	0x65532043
    11fa:	646e                	flw	fs0,216(sp)
    11fc:	6144                	flw	fs1,4(a0)
    11fe:	6174                	flw	fa3,68(a0)
    1200:	3220                	lbu	s0,3(a2)
    1202:	2121                	jal	160a <_data_lma+0x3be>
    1204:	0d21                	addi	s10,s10,8
    1206:	0000                	unimp
    1208:	6572                	flw	fa0,28(sp)
    120a:	0d20                	addi	s0,sp,664
    120c:	0000                	unimp
    120e:	0000                	unimp
    1210:	6164                	flw	fs1,68(a0)
    1212:	6174                	flw	fa3,68(a0)
    1214:	2d20                	lbu	s0,26(a0)
    1216:	2520                	lbu	s0,10(a0)
    1218:	2064                	lbu	s1,6(s0)
    121a:	0a0d                	addi	s4,s4,3
    121c:	0000                	unimp
    121e:	0000                	unimp
    1220:	74737953          	0x74737953
    1224:	6d65                	lui	s10,0x19
    1226:	3a6b6c43          	fmadd.d	fs8,fs6,ft6,ft7,unknown
    122a:	6425                	lui	s0,0x9
    122c:	0a0d                	addi	s4,s4,3
    122e:	0000                	unimp
    1230:	614d                	addi	sp,sp,176
    1232:	72657473          	csrrci	s0,0x726,10
    1236:	7254                	flw	fa3,36(a2)
    1238:	6e61                	lui	t3,0x18
    123a:	74696d73          	csrrsi	s10,0x746,18
    123e:	0d20                	addi	s0,sp,664
    1240:	0000                	unimp
    1242:	0000                	unimp
    1244:	6e28                	flw	fa0,88(a2)
    1246:	6c75                	lui	s8,0x1d
    1248:	296c                	lbu	a1,22(a0)
	...
