
ADC_DMA_CH32V003F4P6.elf:     file format elf32-littleriscv
ADC_DMA_CH32V003F4P6.elf
architecture: riscv:rv32, flags 0x00000112:
EXEC_P, HAS_SYMS, D_PAGED
start address 0x00000000

Program Header:
    LOAD off    0x00001000 vaddr 0x00000000 paddr 0x00000000 align 2**12
         filesz 0x000012ac memsz 0x000012ac flags r-x
    LOAD off    0x00003000 vaddr 0x20000000 paddr 0x000012ac align 2**12
         filesz 0x00000028 memsz 0x00000044 flags rw-
    LOAD off    0x00003700 vaddr 0x20000700 paddr 0x20000700 align 2**12
         filesz 0x00000000 memsz 0x00000100 flags rw-

Sections:
Idx Name          Size      VMA       LMA       File off  Algn
  0 .init         000000a0  00000000  00000000  00001000  2**2
                  CONTENTS, ALLOC, LOAD, READONLY, CODE
  1 .text         0000120c  000000a0  000000a0  000010a0  2**2
                  CONTENTS, ALLOC, LOAD, READONLY, CODE
  2 .fini         00000000  000012ac  000012ac  00003028  2**0
                  CONTENTS, ALLOC, LOAD, CODE
  3 .dalign       00000000  20000000  20000000  00003028  2**0
                  CONTENTS
  4 .dlalign      00000000  000012ac  000012ac  00003028  2**0
                  CONTENTS
  5 .data         00000028  20000000  000012ac  00003000  2**2
                  CONTENTS, ALLOC, LOAD, DATA
  6 .bss          0000001c  20000028  000012d4  00003028  2**2
                  ALLOC
  7 .stack        00000100  20000700  20000700  00003700  2**0
                  ALLOC
  8 .debug_info   00009e70  00000000  00000000  00003028  2**0
                  CONTENTS, READONLY, DEBUGGING
  9 .debug_abbrev 00001d5f  00000000  00000000  0000ce98  2**0
                  CONTENTS, READONLY, DEBUGGING
 10 .debug_aranges 00000540  00000000  00000000  0000ebf8  2**3
                  CONTENTS, READONLY, DEBUGGING
 11 .debug_ranges 00000508  00000000  00000000  0000f138  2**3
                  CONTENTS, READONLY, DEBUGGING
 12 .debug_line   00005fe3  00000000  00000000  0000f640  2**0
                  CONTENTS, READONLY, DEBUGGING
 13 .debug_str    00001d64  00000000  00000000  00015623  2**0
                  CONTENTS, READONLY, DEBUGGING
 14 .comment      00000033  00000000  00000000  00017387  2**0
                  CONTENTS, READONLY
 15 .debug_frame  00000a8c  00000000  00000000  000173bc  2**2
                  CONTENTS, READONLY, DEBUGGING
 16 .debug_loc    000021ba  00000000  00000000  00017e48  2**0
                  CONTENTS, READONLY, DEBUGGING
SYMBOL TABLE:
00000000 l    d  .init	00000000 .init
000000a0 l    d  .text	00000000 .text
000012ac l    d  .fini	00000000 .fini
20000000 l    d  .dalign	00000000 .dalign
000012ac l    d  .dlalign	00000000 .dlalign
20000000 l    d  .data	00000000 .data
20000028 l    d  .bss	00000000 .bss
20000700 l    d  .stack	00000000 .stack
00000000 l    d  .debug_info	00000000 .debug_info
00000000 l    d  .debug_abbrev	00000000 .debug_abbrev
00000000 l    d  .debug_aranges	00000000 .debug_aranges
00000000 l    d  .debug_ranges	00000000 .debug_ranges
00000000 l    d  .debug_line	00000000 .debug_line
00000000 l    d  .debug_str	00000000 .debug_str
00000000 l    d  .comment	00000000 .comment
00000000 l    d  .debug_frame	00000000 .debug_frame
00000000 l    d  .debug_loc	00000000 .debug_loc
00000000 l    df *ABS*	00000000 ch32v00x_it.c
00000000 l    df *ABS*	00000000 main.c
00000000 l    df *ABS*	00000000 system_ch32v00x.c
00000000 l    df *ABS*	00000000 ch32v00x_adc.c
00000000 l    df *ABS*	00000000 ch32v00x_dma.c
00000000 l    df *ABS*	00000000 ch32v00x_gpio.c
00000000 l    df *ABS*	00000000 ch32v00x_misc.c
00000000 l    df *ABS*	00000000 ch32v00x_rcc.c
20000004 l     O .data	00000014 ADCPrescTable
20000018 l     O .data	00000010 APBAHBPrescTable
00000000 l    df *ABS*	00000000 ch32v00x_usart.c
00000000 l    df *ABS*	00000000 debug.c
00000000 l    df *ABS*	00000000 wchprintf.c
00000ea0  w    F .text	00000004 printDouble
00000762 g     F .text	00000014 DMA_Cmd
00000ea4  w    F .text	00000352 print
000011f6  w    F .text	00000022 printf
20000828 g       .data	00000000 __global_pointer$
00000796 g     F .text	00000008 DMA_GetITStatus
00000472  w      .text	00000000 TIM1_CC_IRQHandler
000001de g     F .text	00000002 HardFault_Handler
00000d8e  w    F .text	0000010e printInt
0000057c g     F .text	00000012 ADC_DMACmd
00000b60 g     F .text	00000060 SysTick_Handler
000005a0 g     F .text	0000000a ADC_StartCalibration
00000882 g     F .text	000000a6 NVIC_Init
0000044a  w      .text	00000000 PVD_IRQHandler
000001da g     F .text	00000004 NMI_Handler
00000b1c g     F .text	0000000a USART_GetFlagStatus
20000028 g       .bss	00000000 _sbss
00000100 g       *ABS*	00000000 __stack_size
00000bc0 g     F .text	00000054 USART_Printf_Init
0000072a g     F .text	00000038 DMA_Init
000000aa g     F .text	0000000a .hidden __riscv_restore_2
0000056c g     F .text	00000010 ADC_Cmd
00000e9c  w    F .text	00000004 printLongLongInt
00001218 g     F .text	0000004a puts
20000000 g     O .data	00000004 SystemCoreClock
000000bc g     F .text	0000002c .hidden __udivsi3
000000a0 g       .init	00000000 _einit
000009f6 g     F .text	0000001e RCC_APB2PeriphClockCmd
000007a6 g     F .text	000000d6 GPIO_Init
00000928 g     F .text	00000014 RCC_ADCCLKConfig
2000003c g     O .bss	00000004 NVIC_Priority_Group
0000046a  w      .text	00000000 SPI1_IRQHandler
0000058e g     F .text	0000000a ADC_ResetCalibration
00000afe g     F .text	00000016 USART_Cmd
000000a0 g     F .text	0000000a .hidden __riscv_save_1
00000684 g     F .text	00000014 ADC_Calibration_Vol
000000aa g     F .text	0000000a .hidden __riscv_restore_0
00000452  w      .text	00000000 AWU_IRQHandler
00000450  w      .text	00000000 EXTI7_0_IRQHandler
0000079e g     F .text	00000008 DMA_ClearITPendingBit
20000700 g       .stack	00000000 _heap_end
20000028 g     O .bss	00000014 TxBuf
000009d8 g     F .text	0000001e RCC_AHBPeriphClockCmd
0000045a  w      .text	00000000 DMA1_Channel4_IRQHandler
000005ca g     F .text	000000ba ADC_RegularChannelConfig
00000462  w      .text	00000000 ADC1_IRQHandler
00000788 g     F .text	0000000e DMA_GetFlagStatus
000005aa g     F .text	00000008 ADC_GetCalibrationStatus
20000044 g       .bss	00000000 _ebss
00000460  w      .text	00000000 DMA1_Channel7_IRQHandler
000005b2 g     F .text	00000018 ADC_SoftwareStartConvCmd
00000598 g     F .text	00000008 ADC_GetResetCalibrationStatus
000000e8 g     F .text	00000008 .hidden __umodsi3
00000464  w      .text	00000000 I2C1_EV_IRQHandler
0000093c g     F .text	0000009c RCC_GetClocksFreq
0000045e  w      .text	00000000 DMA1_Channel6_IRQHandler
00000a32 g     F .text	000000cc USART_Init
0000044e  w      .text	00000000 RCC_IRQHandler
00000470  w      .text	00000000 TIM1_TRG_COM_IRQHandler
0000030c g     F .text	0000004a DMA1_Channel1_IRQHandler
00000000 g       .init	00000000 _start
00000ca8  w    F .text	000000e6 prints
20000040 g     O .bss	00000004 systick_cnt
20000000 g       .dalign	00000000 _data_vma
00000132 g     F .text	000000a8 memset
00000292 g     F .text	0000007a DMA_Tx_Init
00000356 g     F .text	0000005a main
00000b26 g     F .text	0000003a SysTick_Init
0000045c  w      .text	00000000 DMA1_Channel5_IRQHandler
000000b4 g     F .text	00000058 .hidden __divsi3
000003b0 g     F .text	00000090 SystemInit
00000c60  w    F .text	00000048 printchar
00000000 g       .init	00000000 _sinit
00000458  w      .text	00000000 DMA1_Channel3_IRQHandler
000001e0 g     F .text	000000b2 ADC_Function_Init
0000046e  w      .text	00000000 TIM1_UP_IRQHandler
00000448  w      .text	00000000 WWDG_IRQHandler
00000776 g     F .text	00000012 DMA_ITConfig
00000474  w      .text	00000000 TIM2_IRQHandler
20000800 g       .stack	00000000 _eusrstack
000000a0 g     F .text	0000000a .hidden __riscv_save_2
00000446  w      .text	00000000 SW_Handler
000004fa g     F .text	00000024 ADC_DeInit
0000046c  w      .text	00000000 TIM1_BRK_IRQHandler
0000051e g     F .text	0000004e ADC_Init
00000b14 g     F .text	00000008 USART_SendData
00000c14 g     F .text	0000004c _write
20000028 g       .data	00000000 _edata
20000044 g       .bss	00000000 _end
000012ac g       .dlalign	00000000 _data_lma
0000010c g     F .text	00000024 .hidden __modsi3
00000456  w      .text	00000000 DMA1_Channel2_IRQHandler
00000476  w      .text	00000000 handle_reset
000000a0 g     F .text	0000000a .hidden __riscv_save_0
0000044c  w      .text	00000000 FLASH_IRQHandler
00000468  w      .text	00000000 USART1_IRQHandler
00000a14 g     F .text	0000001e RCC_APB2PeriphResetCmd
00000466  w      .text	00000000 I2C1_ER_IRQHandler
0000087c g     F .text	00000006 NVIC_PriorityGroupConfig
00000698 g     F .text	00000092 DMA_DeInit
000000aa g     F .text	0000000a .hidden __riscv_restore_1



Disassembly of section .init:

00000000 <_sinit>:
   0:	4760006f          	j	476 <handle_reset>
   4:	0000                	unimp
   6:	0000                	unimp
   8:	01da                	slli	gp,gp,0x16
   a:	0000                	unimp
   c:	01de                	slli	gp,gp,0x17
	...
  2e:	0000                	unimp
  30:	0b60                	addi	s0,sp,412
  32:	0000                	unimp
  34:	0000                	unimp
  36:	0000                	unimp
  38:	0446                	slli	s0,s0,0x11
  3a:	0000                	unimp
  3c:	0000                	unimp
  3e:	0000                	unimp
  40:	0448                	addi	a0,sp,516
  42:	0000                	unimp
  44:	044a                	slli	s0,s0,0x12
  46:	0000                	unimp
  48:	044c                	addi	a1,sp,516
  4a:	0000                	unimp
  4c:	044e                	slli	s0,s0,0x13
  4e:	0000                	unimp
  50:	0450                	addi	a2,sp,516
  52:	0000                	unimp
  54:	0452                	slli	s0,s0,0x14
  56:	0000                	unimp
  58:	030c                	addi	a1,sp,384
  5a:	0000                	unimp
  5c:	0456                	slli	s0,s0,0x15
  5e:	0000                	unimp
  60:	0458                	addi	a4,sp,516
  62:	0000                	unimp
  64:	045a                	slli	s0,s0,0x16
  66:	0000                	unimp
  68:	045c                	addi	a5,sp,516
  6a:	0000                	unimp
  6c:	045e                	slli	s0,s0,0x17
  6e:	0000                	unimp
  70:	0460                	addi	s0,sp,524
  72:	0000                	unimp
  74:	0462                	slli	s0,s0,0x18
  76:	0000                	unimp
  78:	0464                	addi	s1,sp,524
  7a:	0000                	unimp
  7c:	0466                	slli	s0,s0,0x19
  7e:	0000                	unimp
  80:	0468                	addi	a0,sp,524
  82:	0000                	unimp
  84:	046a                	slli	s0,s0,0x1a
  86:	0000                	unimp
  88:	046c                	addi	a1,sp,524
  8a:	0000                	unimp
  8c:	046e                	slli	s0,s0,0x1b
  8e:	0000                	unimp
  90:	0470                	addi	a2,sp,524
  92:	0000                	unimp
  94:	0472                	slli	s0,s0,0x1c
  96:	0000                	unimp
  98:	0474                	addi	a3,sp,524
  9a:	0000                	unimp
  9c:	0000                	unimp
	...

Disassembly of section .text:

000000a0 <__riscv_save_0>:
      a0:	1151                	addi	sp,sp,-12
      a2:	c026                	sw	s1,0(sp)
      a4:	c222                	sw	s0,4(sp)
      a6:	c406                	sw	ra,8(sp)
      a8:	8282                	jr	t0

000000aa <__riscv_restore_0>:
      aa:	4482                	lw	s1,0(sp)
      ac:	4412                	lw	s0,4(sp)
      ae:	40a2                	lw	ra,8(sp)
      b0:	0131                	addi	sp,sp,12
      b2:	8082                	ret

000000b4 <__divsi3>:
      b4:	02054e63          	bltz	a0,f0 <__umodsi3+0x8>
      b8:	0405c363          	bltz	a1,fe <__umodsi3+0x16>

000000bc <__udivsi3>:
      bc:	862e                	mv	a2,a1
      be:	85aa                	mv	a1,a0
      c0:	557d                	li	a0,-1
      c2:	c215                	beqz	a2,e6 <__udivsi3+0x2a>
      c4:	4685                	li	a3,1
      c6:	00b67863          	bgeu	a2,a1,d6 <__udivsi3+0x1a>
      ca:	00c05663          	blez	a2,d6 <__udivsi3+0x1a>
      ce:	0606                	slli	a2,a2,0x1
      d0:	0686                	slli	a3,a3,0x1
      d2:	feb66ce3          	bltu	a2,a1,ca <__udivsi3+0xe>
      d6:	4501                	li	a0,0
      d8:	00c5e463          	bltu	a1,a2,e0 <__udivsi3+0x24>
      dc:	8d91                	sub	a1,a1,a2
      de:	8d55                	or	a0,a0,a3
      e0:	8285                	srli	a3,a3,0x1
      e2:	8205                	srli	a2,a2,0x1
      e4:	faf5                	bnez	a3,d8 <__udivsi3+0x1c>
      e6:	8082                	ret

000000e8 <__umodsi3>:
      e8:	8286                	mv	t0,ra
      ea:	3fc9                	jal	bc <__udivsi3>
      ec:	852e                	mv	a0,a1
      ee:	8282                	jr	t0
      f0:	40a00533          	neg	a0,a0
      f4:	0005d763          	bgez	a1,102 <__stack_size+0x2>
      f8:	40b005b3          	neg	a1,a1
      fc:	b7c1                	j	bc <__udivsi3>
      fe:	40b005b3          	neg	a1,a1
     102:	8286                	mv	t0,ra
     104:	3f65                	jal	bc <__udivsi3>
     106:	40a00533          	neg	a0,a0
     10a:	8282                	jr	t0

0000010c <__modsi3>:
     10c:	8286                	mv	t0,ra
     10e:	0005c763          	bltz	a1,11c <__modsi3+0x10>
     112:	00054963          	bltz	a0,124 <__modsi3+0x18>
     116:	375d                	jal	bc <__udivsi3>
     118:	852e                	mv	a0,a1
     11a:	8282                	jr	t0
     11c:	40b005b3          	neg	a1,a1
     120:	fe055be3          	bgez	a0,116 <__modsi3+0xa>
     124:	40a00533          	neg	a0,a0
     128:	3f51                	jal	bc <__udivsi3>
     12a:	40b00533          	neg	a0,a1
     12e:	8282                	jr	t0
	...

00000132 <memset>:
     132:	433d                	li	t1,15
     134:	872a                	mv	a4,a0
     136:	02c37363          	bgeu	t1,a2,15c <memset+0x2a>
     13a:	00f77793          	andi	a5,a4,15
     13e:	efbd                	bnez	a5,1bc <memset+0x8a>
     140:	e5ad                	bnez	a1,1aa <memset+0x78>
     142:	ff067693          	andi	a3,a2,-16
     146:	8a3d                	andi	a2,a2,15
     148:	96ba                	add	a3,a3,a4
     14a:	c30c                	sw	a1,0(a4)
     14c:	c34c                	sw	a1,4(a4)
     14e:	c70c                	sw	a1,8(a4)
     150:	c74c                	sw	a1,12(a4)
     152:	0741                	addi	a4,a4,16
     154:	fed76be3          	bltu	a4,a3,14a <memset+0x18>
     158:	e211                	bnez	a2,15c <memset+0x2a>
     15a:	8082                	ret
     15c:	40c306b3          	sub	a3,t1,a2
     160:	068a                	slli	a3,a3,0x2
     162:	00000297          	auipc	t0,0x0
     166:	9696                	add	a3,a3,t0
     168:	00a68067          	jr	10(a3)
     16c:	00b70723          	sb	a1,14(a4)
     170:	00b706a3          	sb	a1,13(a4)
     174:	00b70623          	sb	a1,12(a4)
     178:	00b705a3          	sb	a1,11(a4)
     17c:	00b70523          	sb	a1,10(a4)
     180:	00b704a3          	sb	a1,9(a4)
     184:	00b70423          	sb	a1,8(a4)
     188:	00b703a3          	sb	a1,7(a4)
     18c:	00b70323          	sb	a1,6(a4)
     190:	00b702a3          	sb	a1,5(a4)
     194:	00b70223          	sb	a1,4(a4)
     198:	00b701a3          	sb	a1,3(a4)
     19c:	00b70123          	sb	a1,2(a4)
     1a0:	00b700a3          	sb	a1,1(a4)
     1a4:	00b70023          	sb	a1,0(a4)
     1a8:	8082                	ret
     1aa:	0ff5f593          	andi	a1,a1,255
     1ae:	00859693          	slli	a3,a1,0x8
     1b2:	8dd5                	or	a1,a1,a3
     1b4:	01059693          	slli	a3,a1,0x10
     1b8:	8dd5                	or	a1,a1,a3
     1ba:	b761                	j	142 <memset+0x10>
     1bc:	00279693          	slli	a3,a5,0x2
     1c0:	00000297          	auipc	t0,0x0
     1c4:	9696                	add	a3,a3,t0
     1c6:	8286                	mv	t0,ra
     1c8:	fa8680e7          	jalr	-88(a3)
     1cc:	8096                	mv	ra,t0
     1ce:	17c1                	addi	a5,a5,-16
     1d0:	8f1d                	sub	a4,a4,a5
     1d2:	963e                	add	a2,a2,a5
     1d4:	f8c374e3          	bgeu	t1,a2,15c <memset+0x2a>
     1d8:	b7a5                	j	140 <memset+0xe>

000001da <NMI_Handler>:
     1da:	30200073          	mret

000001de <HardFault_Handler>:
     1de:	a001                	j	1de <HardFault_Handler>

000001e0 <ADC_Function_Init>:
     1e0:	ec1ff2ef          	jal	t0,a0 <__riscv_save_0>
     1e4:	fdc10113          	addi	sp,sp,-36
     1e8:	4661                	li	a2,24
     1ea:	4581                	li	a1,0
     1ec:	0068                	addi	a0,sp,12
     1ee:	3791                	jal	132 <memset>
     1f0:	4585                	li	a1,1
     1f2:	4541                	li	a0,16
     1f4:	c002                	sw	zero,0(sp)
     1f6:	c202                	sw	zero,4(sp)
     1f8:	c402                	sw	zero,8(sp)
     1fa:	7fc000ef          	jal	ra,9f6 <RCC_APB2PeriphClockCmd>
     1fe:	4585                	li	a1,1
     200:	20000513          	li	a0,512
     204:	7f2000ef          	jal	ra,9f6 <RCC_APB2PeriphClockCmd>
     208:	6531                	lui	a0,0xc
     20a:	71e000ef          	jal	ra,928 <RCC_ADCCLKConfig>
     20e:	47c1                	li	a5,16
     210:	858a                	mv	a1,sp
     212:	40011537          	lui	a0,0x40011
     216:	40012437          	lui	s0,0x40012
     21a:	807c                	sh	a5,0(sp)
     21c:	c402                	sw	zero,8(sp)
     21e:	2361                	jal	7a6 <GPIO_Init>
     220:	40040513          	addi	a0,s0,1024 # 40012400 <__global_pointer$+0x20011bd8>
     224:	2cd9                	jal	4fa <ADC_DeInit>
     226:	4785                	li	a5,1
     228:	000e0737          	lui	a4,0xe0
     22c:	006c                	addi	a1,sp,12
     22e:	40040513          	addi	a0,s0,1024
     232:	ca3e                	sw	a5,20(sp)
     234:	cc3a                	sw	a4,24(sp)
     236:	02f10023          	sb	a5,32(sp)
     23a:	c602                	sw	zero,12(sp)
     23c:	c802                	sw	zero,16(sp)
     23e:	ce02                	sw	zero,28(sp)
     240:	2cf9                	jal	51e <ADC_Init>
     242:	469d                	li	a3,7
     244:	4605                	li	a2,1
     246:	4589                	li	a1,2
     248:	40040513          	addi	a0,s0,1024
     24c:	2ebd                	jal	5ca <ADC_RegularChannelConfig>
     24e:	020005b7          	lui	a1,0x2000
     252:	40040513          	addi	a0,s0,1024
     256:	213d                	jal	684 <ADC_Calibration_Vol>
     258:	4585                	li	a1,1
     25a:	40040513          	addi	a0,s0,1024
     25e:	2e39                	jal	57c <ADC_DMACmd>
     260:	4585                	li	a1,1
     262:	40040513          	addi	a0,s0,1024
     266:	2619                	jal	56c <ADC_Cmd>
     268:	40040513          	addi	a0,s0,1024
     26c:	260d                	jal	58e <ADC_ResetCalibration>
     26e:	40040493          	addi	s1,s0,1024
     272:	8526                	mv	a0,s1
     274:	2615                	jal	598 <ADC_GetResetCalibrationStatus>
     276:	fd75                	bnez	a0,272 <ADC_Function_Init+0x92>
     278:	40040513          	addi	a0,s0,1024
     27c:	40012437          	lui	s0,0x40012
     280:	2605                	jal	5a0 <ADC_StartCalibration>
     282:	40040413          	addi	s0,s0,1024 # 40012400 <__global_pointer$+0x20011bd8>
     286:	8522                	mv	a0,s0
     288:	260d                	jal	5aa <ADC_GetCalibrationStatus>
     28a:	fd75                	bnez	a0,286 <ADC_Function_Init+0xa6>
     28c:	02410113          	addi	sp,sp,36
     290:	bd29                	j	aa <__riscv_restore_0>

00000292 <DMA_Tx_Init>:
     292:	e0fff2ef          	jal	t0,a0 <__riscv_save_0>
     296:	fc410113          	addi	sp,sp,-60
     29a:	842a                	mv	s0,a0
     29c:	c22e                	sw	a1,4(sp)
     29e:	84b2                	mv	s1,a2
     2a0:	4581                	li	a1,0
     2a2:	02c00613          	li	a2,44
     2a6:	0808                	addi	a0,sp,16
     2a8:	c036                	sw	a3,0(sp)
     2aa:	3561                	jal	132 <memset>
     2ac:	4585                	li	a1,1
     2ae:	4505                	li	a0,1
     2b0:	2725                	jal	9d8 <RCC_AHBPeriphClockCmd>
     2b2:	8522                	mv	a0,s0
     2b4:	26d5                	jal	698 <DMA_DeInit>
     2b6:	4792                	lw	a5,4(sp)
     2b8:	4682                	lw	a3,0(sp)
     2ba:	080c                	addi	a1,sp,16
     2bc:	c83e                	sw	a5,16(sp)
     2be:	08000793          	li	a5,128
     2c2:	d23e                	sw	a5,36(sp)
     2c4:	10000793          	li	a5,256
     2c8:	d43e                	sw	a5,40(sp)
     2ca:	40000793          	li	a5,1024
     2ce:	d63e                	sw	a5,44(sp)
     2d0:	02000793          	li	a5,32
     2d4:	d83e                	sw	a5,48(sp)
     2d6:	8522                	mv	a0,s0
     2d8:	678d                	lui	a5,0x3
     2da:	ce36                	sw	a3,28(sp)
     2dc:	ca26                	sw	s1,20(sp)
     2de:	da3e                	sw	a5,52(sp)
     2e0:	cc02                	sw	zero,24(sp)
     2e2:	d002                	sw	zero,32(sp)
     2e4:	dc02                	sw	zero,56(sp)
     2e6:	2191                	jal	72a <DMA_Init>
     2e8:	21600793          	li	a5,534
     2ec:	847c                	sh	a5,8(sp)
     2ee:	0028                	addi	a0,sp,8
     2f0:	4785                	li	a5,1
     2f2:	c63e                	sw	a5,12(sp)
     2f4:	00011523          	sh	zero,10(sp)
     2f8:	2369                	jal	882 <NVIC_Init>
     2fa:	40020537          	lui	a0,0x40020
     2fe:	4605                	li	a2,1
     300:	4589                	li	a1,2
     302:	0521                	addi	a0,a0,8
     304:	298d                	jal	776 <DMA_ITConfig>
     306:	03c10113          	addi	sp,sp,60
     30a:	b345                	j	aa <__riscv_restore_0>

0000030c <DMA1_Channel1_IRQHandler>:
     30c:	1161                	addi	sp,sp,-8
     30e:	4509                	li	a0,2
     310:	c222                	sw	s0,4(sp)
     312:	c026                	sw	s1,0(sp)
     314:	2149                	jal	796 <DMA_GetITStatus>
     316:	c90d                	beqz	a0,348 <DMA1_Channel1_IRQHandler+0x3c>
     318:	00001537          	lui	a0,0x1
     31c:	26450513          	addi	a0,a0,612 # 1264 <puts+0x4c>
     320:	20000437          	lui	s0,0x20000
     324:	6f5000ef          	jal	ra,1218 <puts>
     328:	02840413          	addi	s0,s0,40 # 20000028 <_edata>
     32c:	01440493          	addi	s1,s0,20
     330:	000017b7          	lui	a5,0x1
     334:	200e                	lhu	a1,0(s0)
     336:	28c78513          	addi	a0,a5,652 # 128c <puts+0x74>
     33a:	0409                	addi	s0,s0,2
     33c:	6bb000ef          	jal	ra,11f6 <printf>
     340:	000017b7          	lui	a5,0x1
     344:	fe9418e3          	bne	s0,s1,334 <DMA1_Channel1_IRQHandler+0x28>
     348:	4509                	li	a0,2
     34a:	2991                	jal	79e <DMA_ClearITPendingBit>
     34c:	4412                	lw	s0,4(sp)
     34e:	4482                	lw	s1,0(sp)
     350:	0121                	addi	sp,sp,8
     352:	30200073          	mret

00000356 <main>:
     356:	d4bff2ef          	jal	t0,a0 <__riscv_save_0>
     35a:	4509                	li	a0,2
     35c:	2305                	jal	87c <NVIC_PriorityGroupConfig>
     35e:	7c8000ef          	jal	ra,b26 <SysTick_Init>
     362:	6571                	lui	a0,0x1c
     364:	20050513          	addi	a0,a0,512 # 1c200 <_data_lma+0x1af54>
     368:	059000ef          	jal	ra,bc0 <USART_Printf_Init>
     36c:	200007b7          	lui	a5,0x20000
     370:	0007a583          	lw	a1,0(a5) # 20000000 <_data_vma>
     374:	00001537          	lui	a0,0x1
     378:	29450513          	addi	a0,a0,660 # 1294 <puts+0x7c>
     37c:	67b000ef          	jal	ra,11f6 <printf>
     380:	3585                	jal	1e0 <ADC_Function_Init>
     382:	40012437          	lui	s0,0x40012
     386:	400204b7          	lui	s1,0x40020
     38a:	20000637          	lui	a2,0x20000
     38e:	46a9                	li	a3,10
     390:	02860613          	addi	a2,a2,40 # 20000028 <_edata>
     394:	44c40593          	addi	a1,s0,1100 # 4001244c <__global_pointer$+0x20011c24>
     398:	00848513          	addi	a0,s1,8 # 40020008 <__global_pointer$+0x2001f7e0>
     39c:	3ddd                	jal	292 <DMA_Tx_Init>
     39e:	4585                	li	a1,1
     3a0:	00848513          	addi	a0,s1,8
     3a4:	2e7d                	jal	762 <DMA_Cmd>
     3a6:	4585                	li	a1,1
     3a8:	40040513          	addi	a0,s0,1024
     3ac:	2419                	jal	5b2 <ADC_SoftwareStartConvCmd>
     3ae:	a001                	j	3ae <main+0x58>

000003b0 <SystemInit>:
     3b0:	400217b7          	lui	a5,0x40021
     3b4:	4398                	lw	a4,0(a5)
     3b6:	fcff06b7          	lui	a3,0xfcff0
     3ba:	00176713          	ori	a4,a4,1
     3be:	c398                	sw	a4,0(a5)
     3c0:	43d8                	lw	a4,4(a5)
     3c2:	8f75                	and	a4,a4,a3
     3c4:	c3d8                	sw	a4,4(a5)
     3c6:	4398                	lw	a4,0(a5)
     3c8:	fef706b7          	lui	a3,0xfef70
     3cc:	16fd                	addi	a3,a3,-1
     3ce:	8f75                	and	a4,a4,a3
     3d0:	c398                	sw	a4,0(a5)
     3d2:	4398                	lw	a4,0(a5)
     3d4:	fffc06b7          	lui	a3,0xfffc0
     3d8:	16fd                	addi	a3,a3,-1
     3da:	8f75                	and	a4,a4,a3
     3dc:	c398                	sw	a4,0(a5)
     3de:	43d4                	lw	a3,4(a5)
     3e0:	7741                	lui	a4,0xffff0
     3e2:	177d                	addi	a4,a4,-1
     3e4:	8ef9                	and	a3,a3,a4
     3e6:	c3d4                	sw	a3,4(a5)
     3e8:	009f06b7          	lui	a3,0x9f0
     3ec:	c794                	sw	a3,8(a5)
     3ee:	400226b7          	lui	a3,0x40022
     3f2:	4290                	lw	a2,0(a3)
     3f4:	9a71                	andi	a2,a2,-4
     3f6:	c290                	sw	a2,0(a3)
     3f8:	4290                	lw	a2,0(a3)
     3fa:	00166613          	ori	a2,a2,1
     3fe:	c290                	sw	a2,0(a3)
     400:	43d4                	lw	a3,4(a5)
     402:	c3d4                	sw	a3,4(a5)
     404:	43d4                	lw	a3,4(a5)
     406:	8f75                	and	a4,a4,a3
     408:	c3d8                	sw	a4,4(a5)
     40a:	43d8                	lw	a4,4(a5)
     40c:	010006b7          	lui	a3,0x1000
     410:	c3d8                	sw	a4,4(a5)
     412:	4398                	lw	a4,0(a5)
     414:	8f55                	or	a4,a4,a3
     416:	c398                	sw	a4,0(a5)
     418:	4398                	lw	a4,0(a5)
     41a:	00671693          	slli	a3,a4,0x6
     41e:	fe06dde3          	bgez	a3,418 <SystemInit+0x68>
     422:	43d8                	lw	a4,4(a5)
     424:	400216b7          	lui	a3,0x40021
     428:	9b71                	andi	a4,a4,-4
     42a:	c3d8                	sw	a4,4(a5)
     42c:	43d8                	lw	a4,4(a5)
     42e:	00276713          	ori	a4,a4,2
     432:	c3d8                	sw	a4,4(a5)
     434:	4721                	li	a4,8
     436:	42dc                	lw	a5,4(a3)
     438:	8bb1                	andi	a5,a5,12
     43a:	fee79ee3          	bne	a5,a4,436 <SystemInit+0x86>
     43e:	8082                	ret
     440:	a001                	j	440 <SystemInit+0x90>
     442:	a001                	j	442 <SystemInit+0x92>
     444:	a001                	j	444 <SystemInit+0x94>

00000446 <SW_Handler>:
     446:	a001                	j	446 <SW_Handler>

00000448 <WWDG_IRQHandler>:
     448:	a001                	j	448 <WWDG_IRQHandler>

0000044a <PVD_IRQHandler>:
     44a:	a001                	j	44a <PVD_IRQHandler>

0000044c <FLASH_IRQHandler>:
     44c:	a001                	j	44c <FLASH_IRQHandler>

0000044e <RCC_IRQHandler>:
     44e:	a001                	j	44e <RCC_IRQHandler>

00000450 <EXTI7_0_IRQHandler>:
     450:	a001                	j	450 <EXTI7_0_IRQHandler>

00000452 <AWU_IRQHandler>:
     452:	a001                	j	452 <AWU_IRQHandler>
     454:	a001                	j	454 <AWU_IRQHandler+0x2>

00000456 <DMA1_Channel2_IRQHandler>:
     456:	a001                	j	456 <DMA1_Channel2_IRQHandler>

00000458 <DMA1_Channel3_IRQHandler>:
     458:	a001                	j	458 <DMA1_Channel3_IRQHandler>

0000045a <DMA1_Channel4_IRQHandler>:
     45a:	a001                	j	45a <DMA1_Channel4_IRQHandler>

0000045c <DMA1_Channel5_IRQHandler>:
     45c:	a001                	j	45c <DMA1_Channel5_IRQHandler>

0000045e <DMA1_Channel6_IRQHandler>:
     45e:	a001                	j	45e <DMA1_Channel6_IRQHandler>

00000460 <DMA1_Channel7_IRQHandler>:
     460:	a001                	j	460 <DMA1_Channel7_IRQHandler>

00000462 <ADC1_IRQHandler>:
     462:	a001                	j	462 <ADC1_IRQHandler>

00000464 <I2C1_EV_IRQHandler>:
     464:	a001                	j	464 <I2C1_EV_IRQHandler>

00000466 <I2C1_ER_IRQHandler>:
     466:	a001                	j	466 <I2C1_ER_IRQHandler>

00000468 <USART1_IRQHandler>:
     468:	a001                	j	468 <USART1_IRQHandler>

0000046a <SPI1_IRQHandler>:
     46a:	a001                	j	46a <SPI1_IRQHandler>

0000046c <TIM1_BRK_IRQHandler>:
     46c:	a001                	j	46c <TIM1_BRK_IRQHandler>

0000046e <TIM1_UP_IRQHandler>:
     46e:	a001                	j	46e <TIM1_UP_IRQHandler>

00000470 <TIM1_TRG_COM_IRQHandler>:
     470:	a001                	j	470 <TIM1_TRG_COM_IRQHandler>

00000472 <TIM1_CC_IRQHandler>:
     472:	a001                	j	472 <TIM1_CC_IRQHandler>

00000474 <TIM2_IRQHandler>:
     474:	a001                	j	474 <TIM2_IRQHandler>

00000476 <handle_reset>:
     476:	20000197          	auipc	gp,0x20000
     47a:	3b218193          	addi	gp,gp,946 # 20000828 <__global_pointer$>
     47e:	fd818113          	addi	sp,gp,-40 # 20000800 <_eusrstack>
     482:	00001517          	auipc	a0,0x1
     486:	e2a50513          	addi	a0,a0,-470 # 12ac <_data_lma>
     48a:	20000597          	auipc	a1,0x20000
     48e:	b7658593          	addi	a1,a1,-1162 # 20000000 <_data_vma>
     492:	20000617          	auipc	a2,0x20000
     496:	b9660613          	addi	a2,a2,-1130 # 20000028 <_edata>
     49a:	00c5fa63          	bgeu	a1,a2,4ae <handle_reset+0x38>
     49e:	00052283          	lw	t0,0(a0)
     4a2:	0055a023          	sw	t0,0(a1)
     4a6:	0511                	addi	a0,a0,4
     4a8:	0591                	addi	a1,a1,4
     4aa:	fec5eae3          	bltu	a1,a2,49e <handle_reset+0x28>
     4ae:	20000517          	auipc	a0,0x20000
     4b2:	b7a50513          	addi	a0,a0,-1158 # 20000028 <_edata>
     4b6:	81c18593          	addi	a1,gp,-2020 # 20000044 <_ebss>
     4ba:	00b57763          	bgeu	a0,a1,4c8 <handle_reset+0x52>
     4be:	00052023          	sw	zero,0(a0)
     4c2:	0511                	addi	a0,a0,4
     4c4:	feb56de3          	bltu	a0,a1,4be <handle_reset+0x48>
     4c8:	08000293          	li	t0,128
     4cc:	30029073          	csrw	mstatus,t0
     4d0:	428d                	li	t0,3
     4d2:	80429073          	csrw	0x804,t0
     4d6:	00000297          	auipc	t0,0x0
     4da:	b2a28293          	addi	t0,t0,-1238 # 0 <_sinit>
     4de:	0032e293          	ori	t0,t0,3
     4e2:	30529073          	csrw	mtvec,t0
     4e6:	ecbff0ef          	jal	ra,3b0 <SystemInit>
     4ea:	00000297          	auipc	t0,0x0
     4ee:	e6c28293          	addi	t0,t0,-404 # 356 <main>
     4f2:	34129073          	csrw	mepc,t0
     4f6:	30200073          	mret

000004fa <ADC_DeInit>:
     4fa:	400127b7          	lui	a5,0x40012
     4fe:	40078793          	addi	a5,a5,1024 # 40012400 <__global_pointer$+0x20011bd8>
     502:	00f51d63          	bne	a0,a5,51c <ADC_DeInit+0x22>
     506:	b9bff2ef          	jal	t0,a0 <__riscv_save_0>
     50a:	4585                	li	a1,1
     50c:	20000513          	li	a0,512
     510:	2311                	jal	a14 <RCC_APB2PeriphResetCmd>
     512:	4581                	li	a1,0
     514:	20000513          	li	a0,512
     518:	29f5                	jal	a14 <RCC_APB2PeriphResetCmd>
     51a:	be41                	j	aa <__riscv_restore_0>
     51c:	8082                	ret

0000051e <ADC_Init>:
     51e:	415c                	lw	a5,4(a0)
     520:	fff10737          	lui	a4,0xfff10
     524:	eff70713          	addi	a4,a4,-257 # fff0feff <__global_pointer$+0xdff0f6d7>
     528:	8f7d                	and	a4,a4,a5
     52a:	41dc                	lw	a5,4(a1)
     52c:	4194                	lw	a3,0(a1)
     52e:	07a2                	slli	a5,a5,0x8
     530:	8fd5                	or	a5,a5,a3
     532:	8fd9                	or	a5,a5,a4
     534:	c15c                	sw	a5,4(a0)
     536:	451c                	lw	a5,8(a0)
     538:	fff1f737          	lui	a4,0xfff1f
     53c:	7fd70713          	addi	a4,a4,2045 # fff1f7fd <__global_pointer$+0xdff1efd5>
     540:	45d4                	lw	a3,12(a1)
     542:	8f7d                	and	a4,a4,a5
     544:	499c                	lw	a5,16(a1)
     546:	8fd5                	or	a5,a5,a3
     548:	4594                	lw	a3,8(a1)
     54a:	0686                	slli	a3,a3,0x1
     54c:	8fd5                	or	a5,a5,a3
     54e:	8fd9                	or	a5,a5,a4
     550:	c51c                	sw	a5,8(a0)
     552:	555c                	lw	a5,44(a0)
     554:	ff100737          	lui	a4,0xff100
     558:	177d                	addi	a4,a4,-1
     55a:	8f7d                	and	a4,a4,a5
     55c:	29dc                	lbu	a5,20(a1)
     55e:	17fd                	addi	a5,a5,-1
     560:	0ff7f793          	andi	a5,a5,255
     564:	07d2                	slli	a5,a5,0x14
     566:	8fd9                	or	a5,a5,a4
     568:	d55c                	sw	a5,44(a0)
     56a:	8082                	ret

0000056c <ADC_Cmd>:
     56c:	451c                	lw	a5,8(a0)
     56e:	c589                	beqz	a1,578 <ADC_Cmd+0xc>
     570:	0017e793          	ori	a5,a5,1
     574:	c51c                	sw	a5,8(a0)
     576:	8082                	ret
     578:	9bf9                	andi	a5,a5,-2
     57a:	bfed                	j	574 <ADC_Cmd+0x8>

0000057c <ADC_DMACmd>:
     57c:	451c                	lw	a5,8(a0)
     57e:	c589                	beqz	a1,588 <ADC_DMACmd+0xc>
     580:	1007e793          	ori	a5,a5,256
     584:	c51c                	sw	a5,8(a0)
     586:	8082                	ret
     588:	eff7f793          	andi	a5,a5,-257
     58c:	bfe5                	j	584 <ADC_DMACmd+0x8>

0000058e <ADC_ResetCalibration>:
     58e:	451c                	lw	a5,8(a0)
     590:	0087e793          	ori	a5,a5,8
     594:	c51c                	sw	a5,8(a0)
     596:	8082                	ret

00000598 <ADC_GetResetCalibrationStatus>:
     598:	4508                	lw	a0,8(a0)
     59a:	810d                	srli	a0,a0,0x3
     59c:	8905                	andi	a0,a0,1
     59e:	8082                	ret

000005a0 <ADC_StartCalibration>:
     5a0:	451c                	lw	a5,8(a0)
     5a2:	0047e793          	ori	a5,a5,4
     5a6:	c51c                	sw	a5,8(a0)
     5a8:	8082                	ret

000005aa <ADC_GetCalibrationStatus>:
     5aa:	4508                	lw	a0,8(a0)
     5ac:	8109                	srli	a0,a0,0x2
     5ae:	8905                	andi	a0,a0,1
     5b0:	8082                	ret

000005b2 <ADC_SoftwareStartConvCmd>:
     5b2:	451c                	lw	a5,8(a0)
     5b4:	c591                	beqz	a1,5c0 <ADC_SoftwareStartConvCmd+0xe>
     5b6:	00500737          	lui	a4,0x500
     5ba:	8fd9                	or	a5,a5,a4
     5bc:	c51c                	sw	a5,8(a0)
     5be:	8082                	ret
     5c0:	ffb00737          	lui	a4,0xffb00
     5c4:	177d                	addi	a4,a4,-1
     5c6:	8ff9                	and	a5,a5,a4
     5c8:	bfd5                	j	5bc <ADC_SoftwareStartConvCmd+0xa>

000005ca <ADC_RegularChannelConfig>:
     5ca:	47a5                	li	a5,9
     5cc:	04b7f863          	bgeu	a5,a1,61c <ADC_RegularChannelConfig+0x52>
     5d0:	ff658713          	addi	a4,a1,-10
     5d4:	00171793          	slli	a5,a4,0x1
     5d8:	00c52283          	lw	t0,12(a0)
     5dc:	97ba                	add	a5,a5,a4
     5de:	431d                	li	t1,7
     5e0:	00f31333          	sll	t1,t1,a5
     5e4:	fff34313          	not	t1,t1
     5e8:	00537333          	and	t1,t1,t0
     5ec:	00f697b3          	sll	a5,a3,a5
     5f0:	0067e7b3          	or	a5,a5,t1
     5f4:	c55c                	sw	a5,12(a0)
     5f6:	4799                	li	a5,6
     5f8:	04c7e363          	bltu	a5,a2,63e <ADC_RegularChannelConfig+0x74>
     5fc:	167d                	addi	a2,a2,-1
     5fe:	00261793          	slli	a5,a2,0x2
     602:	963e                	add	a2,a2,a5
     604:	5958                	lw	a4,52(a0)
     606:	47fd                	li	a5,31
     608:	00c797b3          	sll	a5,a5,a2
     60c:	fff7c793          	not	a5,a5
     610:	8ff9                	and	a5,a5,a4
     612:	00c595b3          	sll	a1,a1,a2
     616:	8ddd                	or	a1,a1,a5
     618:	d94c                	sw	a1,52(a0)
     61a:	8082                	ret
     61c:	00159793          	slli	a5,a1,0x1
     620:	01052303          	lw	t1,16(a0)
     624:	97ae                	add	a5,a5,a1
     626:	471d                	li	a4,7
     628:	00f71733          	sll	a4,a4,a5
     62c:	fff74713          	not	a4,a4
     630:	00677733          	and	a4,a4,t1
     634:	00f697b3          	sll	a5,a3,a5
     638:	8f5d                	or	a4,a4,a5
     63a:	c918                	sw	a4,16(a0)
     63c:	bf6d                	j	5f6 <ADC_RegularChannelConfig+0x2c>
     63e:	47b1                	li	a5,12
     640:	02c7e263          	bltu	a5,a2,664 <ADC_RegularChannelConfig+0x9a>
     644:	1665                	addi	a2,a2,-7
     646:	00261793          	slli	a5,a2,0x2
     64a:	963e                	add	a2,a2,a5
     64c:	5918                	lw	a4,48(a0)
     64e:	47fd                	li	a5,31
     650:	00c797b3          	sll	a5,a5,a2
     654:	fff7c793          	not	a5,a5
     658:	8ff9                	and	a5,a5,a4
     65a:	00c595b3          	sll	a1,a1,a2
     65e:	8ddd                	or	a1,a1,a5
     660:	d90c                	sw	a1,48(a0)
     662:	8082                	ret
     664:	164d                	addi	a2,a2,-13
     666:	00261713          	slli	a4,a2,0x2
     66a:	5554                	lw	a3,44(a0)
     66c:	963a                	add	a2,a2,a4
     66e:	47fd                	li	a5,31
     670:	00c797b3          	sll	a5,a5,a2
     674:	fff7c793          	not	a5,a5
     678:	8ff5                	and	a5,a5,a3
     67a:	00c595b3          	sll	a1,a1,a2
     67e:	8ddd                	or	a1,a1,a5
     680:	d54c                	sw	a1,44(a0)
     682:	8082                	ret

00000684 <ADC_Calibration_Vol>:
     684:	415c                	lw	a5,4(a0)
     686:	fa000737          	lui	a4,0xfa000
     68a:	177d                	addi	a4,a4,-1
     68c:	8ff9                	and	a5,a5,a4
     68e:	c15c                	sw	a5,4(a0)
     690:	415c                	lw	a5,4(a0)
     692:	8ddd                	or	a1,a1,a5
     694:	c14c                	sw	a1,4(a0)
     696:	8082                	ret

00000698 <DMA_DeInit>:
     698:	411c                	lw	a5,0(a0)
     69a:	6741                	lui	a4,0x10
     69c:	1779                	addi	a4,a4,-2
     69e:	8ff9                	and	a5,a5,a4
     6a0:	c11c                	sw	a5,0(a0)
     6a2:	00052023          	sw	zero,0(a0)
     6a6:	00052223          	sw	zero,4(a0)
     6aa:	00052423          	sw	zero,8(a0)
     6ae:	400207b7          	lui	a5,0x40020
     6b2:	00052623          	sw	zero,12(a0)
     6b6:	00878713          	addi	a4,a5,8 # 40020008 <__global_pointer$+0x2001f7e0>
     6ba:	00e51763          	bne	a0,a4,6c8 <DMA_DeInit+0x30>
     6be:	43d8                	lw	a4,4(a5)
     6c0:	00f76713          	ori	a4,a4,15
     6c4:	c3d8                	sw	a4,4(a5)
     6c6:	8082                	ret
     6c8:	01c78713          	addi	a4,a5,28
     6cc:	00e51663          	bne	a0,a4,6d8 <DMA_DeInit+0x40>
     6d0:	43d8                	lw	a4,4(a5)
     6d2:	0f076713          	ori	a4,a4,240
     6d6:	b7fd                	j	6c4 <DMA_DeInit+0x2c>
     6d8:	03078713          	addi	a4,a5,48
     6dc:	00e51863          	bne	a0,a4,6ec <DMA_DeInit+0x54>
     6e0:	43d8                	lw	a4,4(a5)
     6e2:	6685                	lui	a3,0x1
     6e4:	f0068693          	addi	a3,a3,-256 # f00 <print+0x5c>
     6e8:	8f55                	or	a4,a4,a3
     6ea:	bfe9                	j	6c4 <DMA_DeInit+0x2c>
     6ec:	04478713          	addi	a4,a5,68
     6f0:	00e51563          	bne	a0,a4,6fa <DMA_DeInit+0x62>
     6f4:	43d8                	lw	a4,4(a5)
     6f6:	66bd                	lui	a3,0xf
     6f8:	bfc5                	j	6e8 <DMA_DeInit+0x50>
     6fa:	05878713          	addi	a4,a5,88
     6fe:	00e51663          	bne	a0,a4,70a <DMA_DeInit+0x72>
     702:	43d8                	lw	a4,4(a5)
     704:	000f06b7          	lui	a3,0xf0
     708:	b7c5                	j	6e8 <DMA_DeInit+0x50>
     70a:	06c78713          	addi	a4,a5,108
     70e:	00e51663          	bne	a0,a4,71a <DMA_DeInit+0x82>
     712:	43d8                	lw	a4,4(a5)
     714:	00f006b7          	lui	a3,0xf00
     718:	bfc1                	j	6e8 <DMA_DeInit+0x50>
     71a:	08078713          	addi	a4,a5,128
     71e:	fae514e3          	bne	a0,a4,6c6 <DMA_DeInit+0x2e>
     722:	43d8                	lw	a4,4(a5)
     724:	0f0006b7          	lui	a3,0xf000
     728:	b7c1                	j	6e8 <DMA_DeInit+0x50>

0000072a <DMA_Init>:
     72a:	4118                	lw	a4,0(a0)
     72c:	77e1                	lui	a5,0xffff8
     72e:	07bd                	addi	a5,a5,15
     730:	5194                	lw	a3,32(a1)
     732:	8f7d                	and	a4,a4,a5
     734:	459c                	lw	a5,8(a1)
     736:	8fd5                	or	a5,a5,a3
     738:	4994                	lw	a3,16(a1)
     73a:	8fd5                	or	a5,a5,a3
     73c:	49d4                	lw	a3,20(a1)
     73e:	8fd5                	or	a5,a5,a3
     740:	4d94                	lw	a3,24(a1)
     742:	8fd5                	or	a5,a5,a3
     744:	4dd4                	lw	a3,28(a1)
     746:	8fd5                	or	a5,a5,a3
     748:	51d4                	lw	a3,36(a1)
     74a:	8fd5                	or	a5,a5,a3
     74c:	5594                	lw	a3,40(a1)
     74e:	8fd5                	or	a5,a5,a3
     750:	8fd9                	or	a5,a5,a4
     752:	c11c                	sw	a5,0(a0)
     754:	45dc                	lw	a5,12(a1)
     756:	c15c                	sw	a5,4(a0)
     758:	419c                	lw	a5,0(a1)
     75a:	c51c                	sw	a5,8(a0)
     75c:	41dc                	lw	a5,4(a1)
     75e:	c55c                	sw	a5,12(a0)
     760:	8082                	ret

00000762 <DMA_Cmd>:
     762:	411c                	lw	a5,0(a0)
     764:	c589                	beqz	a1,76e <DMA_Cmd+0xc>
     766:	0017e793          	ori	a5,a5,1
     76a:	c11c                	sw	a5,0(a0)
     76c:	8082                	ret
     76e:	6741                	lui	a4,0x10
     770:	1779                	addi	a4,a4,-2
     772:	8ff9                	and	a5,a5,a4
     774:	bfdd                	j	76a <DMA_Cmd+0x8>

00000776 <DMA_ITConfig>:
     776:	411c                	lw	a5,0(a0)
     778:	c601                	beqz	a2,780 <DMA_ITConfig+0xa>
     77a:	8ddd                	or	a1,a1,a5
     77c:	c10c                	sw	a1,0(a0)
     77e:	8082                	ret
     780:	fff5c593          	not	a1,a1
     784:	8dfd                	and	a1,a1,a5
     786:	bfdd                	j	77c <DMA_ITConfig+0x6>

00000788 <DMA_GetFlagStatus>:
     788:	400207b7          	lui	a5,0x40020
     78c:	439c                	lw	a5,0(a5)
     78e:	8d7d                	and	a0,a0,a5
     790:	00a03533          	snez	a0,a0
     794:	8082                	ret

00000796 <DMA_GetITStatus>:
     796:	90bff2ef          	jal	t0,a0 <__riscv_save_0>
     79a:	37fd                	jal	788 <DMA_GetFlagStatus>
     79c:	b239                	j	aa <__riscv_restore_0>

0000079e <DMA_ClearITPendingBit>:
     79e:	400207b7          	lui	a5,0x40020
     7a2:	c3c8                	sw	a0,4(a5)
     7a4:	8082                	ret

000007a6 <GPIO_Init>:
     7a6:	459c                	lw	a5,8(a1)
     7a8:	1161                	addi	sp,sp,-8
     7aa:	c222                	sw	s0,4(sp)
     7ac:	c026                	sw	s1,0(sp)
     7ae:	0107f713          	andi	a4,a5,16
     7b2:	00f7f313          	andi	t1,a5,15
     7b6:	c701                	beqz	a4,7be <GPIO_Init+0x18>
     7b8:	41d8                	lw	a4,4(a1)
     7ba:	00e36333          	or	t1,t1,a4
     7be:	2192                	lhu	a2,0(a1)
     7c0:	0ff67713          	andi	a4,a2,255
     7c4:	c729                	beqz	a4,80e <GPIO_Init+0x68>
     7c6:	00052383          	lw	t2,0(a0)
     7ca:	4701                	li	a4,0
     7cc:	02800413          	li	s0,40
     7d0:	04800493          	li	s1,72
     7d4:	4685                	li	a3,1
     7d6:	00e695b3          	sll	a1,a3,a4
     7da:	00b676b3          	and	a3,a2,a1
     7de:	02d59263          	bne	a1,a3,802 <GPIO_Init+0x5c>
     7e2:	00271293          	slli	t0,a4,0x2
     7e6:	46bd                	li	a3,15
     7e8:	005696b3          	sll	a3,a3,t0
     7ec:	fff6c693          	not	a3,a3
     7f0:	0076f3b3          	and	t2,a3,t2
     7f4:	005312b3          	sll	t0,t1,t0
     7f8:	0072e3b3          	or	t2,t0,t2
     7fc:	06879763          	bne	a5,s0,86a <GPIO_Init+0xc4>
     800:	c94c                	sw	a1,20(a0)
     802:	0705                	addi	a4,a4,1
     804:	46a1                	li	a3,8
     806:	fcd717e3          	bne	a4,a3,7d4 <GPIO_Init+0x2e>
     80a:	00752023          	sw	t2,0(a0)
     80e:	0ff00713          	li	a4,255
     812:	04c77863          	bgeu	a4,a2,862 <GPIO_Init+0xbc>
     816:	00452383          	lw	t2,4(a0)
     81a:	46a1                	li	a3,8
     81c:	02800413          	li	s0,40
     820:	04800493          	li	s1,72
     824:	4705                	li	a4,1
     826:	00d712b3          	sll	t0,a4,a3
     82a:	00567733          	and	a4,a2,t0
     82e:	02e29463          	bne	t0,a4,856 <GPIO_Init+0xb0>
     832:	00269713          	slli	a4,a3,0x2
     836:	1701                	addi	a4,a4,-32
     838:	45bd                	li	a1,15
     83a:	00e595b3          	sll	a1,a1,a4
     83e:	fff5c593          	not	a1,a1
     842:	0075f3b3          	and	t2,a1,t2
     846:	00e31733          	sll	a4,t1,a4
     84a:	007763b3          	or	t2,a4,t2
     84e:	02879263          	bne	a5,s0,872 <GPIO_Init+0xcc>
     852:	00552a23          	sw	t0,20(a0)
     856:	0685                	addi	a3,a3,1
     858:	4741                	li	a4,16
     85a:	fce695e3          	bne	a3,a4,824 <GPIO_Init+0x7e>
     85e:	00752223          	sw	t2,4(a0)
     862:	4412                	lw	s0,4(sp)
     864:	4482                	lw	s1,0(sp)
     866:	0121                	addi	sp,sp,8
     868:	8082                	ret
     86a:	f8979ce3          	bne	a5,s1,802 <GPIO_Init+0x5c>
     86e:	c90c                	sw	a1,16(a0)
     870:	bf49                	j	802 <GPIO_Init+0x5c>
     872:	fe9792e3          	bne	a5,s1,856 <GPIO_Init+0xb0>
     876:	00552823          	sw	t0,16(a0)
     87a:	bff1                	j	856 <GPIO_Init+0xb0>

0000087c <NVIC_PriorityGroupConfig>:
     87c:	80a1aa23          	sw	a0,-2028(gp) # 2000003c <NVIC_Priority_Group>
     880:	8082                	ret

00000882 <NVIC_Init>:
     882:	81418793          	addi	a5,gp,-2028 # 2000003c <NVIC_Priority_Group>
     886:	4394                	lw	a3,0(a5)
     888:	2118                	lbu	a4,0(a0)
     88a:	e681                	bnez	a3,892 <NVIC_Init+0x10>
     88c:	213c                	lbu	a5,2(a0)
     88e:	0792                	slli	a5,a5,0x4
     890:	a821                	j	8a8 <NVIC_Init+0x26>
     892:	4394                	lw	a3,0(a5)
     894:	4605                	li	a2,1
     896:	02c69f63          	bne	a3,a2,8d4 <NVIC_Init+0x52>
     89a:	213c                	lbu	a5,2(a0)
     89c:	3110                	lbu	a2,1(a0)
     89e:	0792                	slli	a5,a5,0x4
     8a0:	00d61463          	bne	a2,a3,8a8 <NVIC_Init+0x26>
     8a4:	f807e793          	ori	a5,a5,-128
     8a8:	e000e6b7          	lui	a3,0xe000e
     8ac:	0ff7f793          	andi	a5,a5,255
     8b0:	96ba                	add	a3,a3,a4
     8b2:	40f68023          	sb	a5,1024(a3) # e000e400 <__global_pointer$+0xc000dbd8>
     8b6:	4685                	li	a3,1
     8b8:	00575793          	srli	a5,a4,0x5
     8bc:	00e69733          	sll	a4,a3,a4
     8c0:	4154                	lw	a3,4(a0)
     8c2:	c2a5                	beqz	a3,922 <NVIC_Init+0xa0>
     8c4:	04078793          	addi	a5,a5,64 # 40020040 <__global_pointer$+0x2001f818>
     8c8:	078a                	slli	a5,a5,0x2
     8ca:	e000e6b7          	lui	a3,0xe000e
     8ce:	97b6                	add	a5,a5,a3
     8d0:	c398                	sw	a4,0(a5)
     8d2:	8082                	ret
     8d4:	438c                	lw	a1,0(a5)
     8d6:	4689                	li	a3,2
     8d8:	02d59163          	bne	a1,a3,8fa <NVIC_Init+0x78>
     8dc:	3114                	lbu	a3,1(a0)
     8de:	213c                	lbu	a5,2(a0)
     8e0:	00d66563          	bltu	a2,a3,8ea <NVIC_Init+0x68>
     8e4:	068a                	slli	a3,a3,0x2
     8e6:	97b6                	add	a5,a5,a3
     8e8:	b75d                	j	88e <NVIC_Init+0xc>
     8ea:	03e68693          	addi	a3,a3,62 # e000e03e <__global_pointer$+0xc000d816>
     8ee:	068a                	slli	a3,a3,0x2
     8f0:	97b6                	add	a5,a5,a3
     8f2:	0ff7f793          	andi	a5,a5,255
     8f6:	0792                	slli	a5,a5,0x4
     8f8:	b775                	j	8a4 <NVIC_Init+0x22>
     8fa:	4390                	lw	a2,0(a5)
     8fc:	468d                	li	a3,3
     8fe:	00d61c63          	bne	a2,a3,916 <NVIC_Init+0x94>
     902:	3114                	lbu	a3,1(a0)
     904:	213c                	lbu	a5,2(a0)
     906:	00d66463          	bltu	a2,a3,90e <NVIC_Init+0x8c>
     90a:	0686                	slli	a3,a3,0x1
     90c:	bfe9                	j	8e6 <NVIC_Init+0x64>
     90e:	07c68693          	addi	a3,a3,124
     912:	0686                	slli	a3,a3,0x1
     914:	bff1                	j	8f0 <NVIC_Init+0x6e>
     916:	4394                	lw	a3,0(a5)
     918:	4791                	li	a5,4
     91a:	f8f69ee3          	bne	a3,a5,8b6 <NVIC_Init+0x34>
     91e:	311c                	lbu	a5,1(a0)
     920:	b7bd                	j	88e <NVIC_Init+0xc>
     922:	06078793          	addi	a5,a5,96
     926:	b74d                	j	8c8 <NVIC_Init+0x46>

00000928 <RCC_ADCCLKConfig>:
     928:	400216b7          	lui	a3,0x40021
     92c:	42dc                	lw	a5,4(a3)
     92e:	7741                	lui	a4,0xffff0
     930:	7ff70713          	addi	a4,a4,2047 # ffff07ff <__global_pointer$+0xdffeffd7>
     934:	8ff9                	and	a5,a5,a4
     936:	8d5d                	or	a0,a0,a5
     938:	c2c8                	sw	a0,4(a3)
     93a:	8082                	ret

0000093c <RCC_GetClocksFreq>:
     93c:	f64ff2ef          	jal	t0,a0 <__riscv_save_0>
     940:	40021737          	lui	a4,0x40021
     944:	435c                	lw	a5,4(a4)
     946:	4691                	li	a3,4
     948:	842a                	mv	s0,a0
     94a:	8bb1                	andi	a5,a5,12
     94c:	00d78563          	beq	a5,a3,956 <RCC_GetClocksFreq+0x1a>
     950:	46a1                	li	a3,8
     952:	06d78d63          	beq	a5,a3,9cc <RCC_GetClocksFreq+0x90>
     956:	016e37b7          	lui	a5,0x16e3
     95a:	60078793          	addi	a5,a5,1536 # 16e3600 <_data_lma+0x16e2354>
     95e:	c01c                	sw	a5,0(s0)
     960:	400216b7          	lui	a3,0x40021
     964:	42dc                	lw	a5,4(a3)
     966:	8391                	srli	a5,a5,0x4
     968:	00f7f713          	andi	a4,a5,15
     96c:	200007b7          	lui	a5,0x20000
     970:	01878793          	addi	a5,a5,24 # 20000018 <APBAHBPrescTable>
     974:	97ba                	add	a5,a5,a4
     976:	238c                	lbu	a1,0(a5)
     978:	42dc                	lw	a5,4(a3)
     97a:	4018                	lw	a4,0(s0)
     97c:	0ff5f593          	andi	a1,a1,255
     980:	0807f793          	andi	a5,a5,128
     984:	00b75533          	srl	a0,a4,a1
     988:	e781                	bnez	a5,990 <RCC_GetClocksFreq+0x54>
     98a:	853a                	mv	a0,a4
     98c:	f30ff0ef          	jal	ra,bc <__udivsi3>
     990:	c048                	sw	a0,4(s0)
     992:	c408                	sw	a0,8(s0)
     994:	c448                	sw	a0,12(s0)
     996:	400217b7          	lui	a5,0x40021
     99a:	43dc                	lw	a5,4(a5)
     99c:	83ad                	srli	a5,a5,0xb
     99e:	8bfd                	andi	a5,a5,31
     9a0:	0037d713          	srli	a4,a5,0x3
     9a4:	078a                	slli	a5,a5,0x2
     9a6:	8bf1                	andi	a5,a5,28
     9a8:	8fd9                	or	a5,a5,a4
     9aa:	0137f693          	andi	a3,a5,19
     9ae:	470d                	li	a4,3
     9b0:	00d77363          	bgeu	a4,a3,9b6 <RCC_GetClocksFreq+0x7a>
     9b4:	17d1                	addi	a5,a5,-12
     9b6:	20000737          	lui	a4,0x20000
     9ba:	00470713          	addi	a4,a4,4 # 20000004 <ADCPrescTable>
     9be:	97ba                	add	a5,a5,a4
     9c0:	238c                	lbu	a1,0(a5)
     9c2:	efaff0ef          	jal	ra,bc <__udivsi3>
     9c6:	c808                	sw	a0,16(s0)
     9c8:	ee2ff06f          	j	aa <__riscv_restore_0>
     9cc:	435c                	lw	a5,4(a4)
     9ce:	02dc77b7          	lui	a5,0x2dc7
     9d2:	c0078793          	addi	a5,a5,-1024 # 2dc6c00 <_data_lma+0x2dc5954>
     9d6:	b761                	j	95e <RCC_GetClocksFreq+0x22>

000009d8 <RCC_AHBPeriphClockCmd>:
     9d8:	c599                	beqz	a1,9e6 <RCC_AHBPeriphClockCmd+0xe>
     9da:	40021737          	lui	a4,0x40021
     9de:	4b5c                	lw	a5,20(a4)
     9e0:	8d5d                	or	a0,a0,a5
     9e2:	cb48                	sw	a0,20(a4)
     9e4:	8082                	ret
     9e6:	400217b7          	lui	a5,0x40021
     9ea:	4bd8                	lw	a4,20(a5)
     9ec:	fff54513          	not	a0,a0
     9f0:	8d79                	and	a0,a0,a4
     9f2:	cbc8                	sw	a0,20(a5)
     9f4:	8082                	ret

000009f6 <RCC_APB2PeriphClockCmd>:
     9f6:	c599                	beqz	a1,a04 <RCC_APB2PeriphClockCmd+0xe>
     9f8:	40021737          	lui	a4,0x40021
     9fc:	4f1c                	lw	a5,24(a4)
     9fe:	8d5d                	or	a0,a0,a5
     a00:	cf08                	sw	a0,24(a4)
     a02:	8082                	ret
     a04:	400217b7          	lui	a5,0x40021
     a08:	4f98                	lw	a4,24(a5)
     a0a:	fff54513          	not	a0,a0
     a0e:	8d79                	and	a0,a0,a4
     a10:	cf88                	sw	a0,24(a5)
     a12:	8082                	ret

00000a14 <RCC_APB2PeriphResetCmd>:
     a14:	c599                	beqz	a1,a22 <RCC_APB2PeriphResetCmd+0xe>
     a16:	40021737          	lui	a4,0x40021
     a1a:	475c                	lw	a5,12(a4)
     a1c:	8d5d                	or	a0,a0,a5
     a1e:	c748                	sw	a0,12(a4)
     a20:	8082                	ret
     a22:	400217b7          	lui	a5,0x40021
     a26:	47d8                	lw	a4,12(a5)
     a28:	fff54513          	not	a0,a0
     a2c:	8d79                	and	a0,a0,a4
     a2e:	c7c8                	sw	a0,12(a5)
     a30:	8082                	ret

00000a32 <USART_Init>:
     a32:	e6eff2ef          	jal	t0,a0 <__riscv_save_0>
     a36:	2916                	lhu	a3,16(a0)
     a38:	77f5                	lui	a5,0xffffd
     a3a:	17fd                	addi	a5,a5,-1
     a3c:	8ff5                	and	a5,a5,a3
     a3e:	21f6                	lhu	a3,6(a1)
     a40:	25da                	lhu	a4,12(a1)
     a42:	1121                	addi	sp,sp,-24
     a44:	8fd5                	or	a5,a5,a3
     a46:	a91e                	sh	a5,16(a0)
     a48:	2556                	lhu	a3,12(a0)
     a4a:	77fd                	lui	a5,0xfffff
     a4c:	9f378793          	addi	a5,a5,-1549 # ffffe9f3 <__global_pointer$+0xdfffe1cb>
     a50:	8ff5                	and	a5,a5,a3
     a52:	21d6                	lhu	a3,4(a1)
     a54:	842a                	mv	s0,a0
     a56:	c02e                	sw	a1,0(sp)
     a58:	8fd5                	or	a5,a5,a3
     a5a:	2596                	lhu	a3,8(a1)
     a5c:	8fd5                	or	a5,a5,a3
     a5e:	25b6                	lhu	a3,10(a1)
     a60:	8fd5                	or	a5,a5,a3
     a62:	a55e                	sh	a5,12(a0)
     a64:	295e                	lhu	a5,20(a0)
     a66:	07c2                	slli	a5,a5,0x10
     a68:	83c1                	srli	a5,a5,0x10
     a6a:	cff7f793          	andi	a5,a5,-769
     a6e:	8f5d                	or	a4,a4,a5
     a70:	a95a                	sh	a4,20(a0)
     a72:	0048                	addi	a0,sp,4
     a74:	35e1                	jal	93c <RCC_GetClocksFreq>
     a76:	400147b7          	lui	a5,0x40014
     a7a:	80078793          	addi	a5,a5,-2048 # 40013800 <__global_pointer$+0x20012fd8>
     a7e:	4582                	lw	a1,0(sp)
     a80:	06f41263          	bne	s0,a5,ae4 <USART_Init+0xb2>
     a84:	47c2                	lw	a5,16(sp)
     a86:	245a                	lhu	a4,12(s0)
     a88:	00179513          	slli	a0,a5,0x1
     a8c:	953e                	add	a0,a0,a5
     a8e:	0742                	slli	a4,a4,0x10
     a90:	050e                	slli	a0,a0,0x3
     a92:	8741                	srai	a4,a4,0x10
     a94:	953e                	add	a0,a0,a5
     a96:	418c                	lw	a1,0(a1)
     a98:	04075863          	bgez	a4,ae8 <USART_Init+0xb6>
     a9c:	0586                	slli	a1,a1,0x1
     a9e:	e1eff0ef          	jal	ra,bc <__udivsi3>
     aa2:	06400593          	li	a1,100
     aa6:	c02a                	sw	a0,0(sp)
     aa8:	e14ff0ef          	jal	ra,bc <__udivsi3>
     aac:	4782                	lw	a5,0(sp)
     aae:	00451493          	slli	s1,a0,0x4
     ab2:	06400593          	li	a1,100
     ab6:	853e                	mv	a0,a5
     ab8:	e30ff0ef          	jal	ra,e8 <__umodsi3>
     abc:	245e                	lhu	a5,12(s0)
     abe:	07c2                	slli	a5,a5,0x10
     ac0:	87c1                	srai	a5,a5,0x10
     ac2:	0207d563          	bgez	a5,aec <USART_Init+0xba>
     ac6:	050e                	slli	a0,a0,0x3
     ac8:	06400593          	li	a1,100
     acc:	03250513          	addi	a0,a0,50
     ad0:	decff0ef          	jal	ra,bc <__udivsi3>
     ad4:	891d                	andi	a0,a0,7
     ad6:	8cc9                	or	s1,s1,a0
     ad8:	04c2                	slli	s1,s1,0x10
     ada:	80c1                	srli	s1,s1,0x10
     adc:	a406                	sh	s1,8(s0)
     ade:	0161                	addi	sp,sp,24
     ae0:	dcaff06f          	j	aa <__riscv_restore_0>
     ae4:	47b2                	lw	a5,12(sp)
     ae6:	b745                	j	a86 <USART_Init+0x54>
     ae8:	058a                	slli	a1,a1,0x2
     aea:	bf55                	j	a9e <USART_Init+0x6c>
     aec:	0512                	slli	a0,a0,0x4
     aee:	06400593          	li	a1,100
     af2:	03250513          	addi	a0,a0,50
     af6:	dc6ff0ef          	jal	ra,bc <__udivsi3>
     afa:	893d                	andi	a0,a0,15
     afc:	bfe9                	j	ad6 <USART_Init+0xa4>

00000afe <USART_Cmd>:
     afe:	c591                	beqz	a1,b0a <USART_Cmd+0xc>
     b00:	255e                	lhu	a5,12(a0)
     b02:	6709                	lui	a4,0x2
     b04:	8fd9                	or	a5,a5,a4
     b06:	a55e                	sh	a5,12(a0)
     b08:	8082                	ret
     b0a:	255a                	lhu	a4,12(a0)
     b0c:	77f9                	lui	a5,0xffffe
     b0e:	17fd                	addi	a5,a5,-1
     b10:	8ff9                	and	a5,a5,a4
     b12:	bfd5                	j	b06 <USART_Cmd+0x8>

00000b14 <USART_SendData>:
     b14:	1ff5f593          	andi	a1,a1,511
     b18:	a14e                	sh	a1,4(a0)
     b1a:	8082                	ret

00000b1c <USART_GetFlagStatus>:
     b1c:	210a                	lhu	a0,0(a0)
     b1e:	8d6d                	and	a0,a0,a1
     b20:	00a03533          	snez	a0,a0
     b24:	8082                	ret

00000b26 <SysTick_Init>:
     b26:	d7aff2ef          	jal	t0,a0 <__riscv_save_0>
     b2a:	e000f437          	lui	s0,0xe000f
     b2e:	00042023          	sw	zero,0(s0) # e000f000 <__global_pointer$+0xc000e7d8>
     b32:	6705                	lui	a4,0x1
     b34:	e000e7b7          	lui	a5,0xe000e
     b38:	10e7a023          	sw	a4,256(a5) # e000e100 <__global_pointer$+0xc000d8d8>
     b3c:	200007b7          	lui	a5,0x20000
     b40:	0007a503          	lw	a0,0(a5) # 20000000 <_data_vma>
     b44:	3e800593          	li	a1,1000
     b48:	d74ff0ef          	jal	ra,bc <__udivsi3>
     b4c:	157d                	addi	a0,a0,-1
     b4e:	c808                	sw	a0,16(s0)
     b50:	00042423          	sw	zero,8(s0)
     b54:	8001ac23          	sw	zero,-2024(gp) # 20000040 <systick_cnt>
     b58:	479d                	li	a5,7
     b5a:	c01c                	sw	a5,0(s0)
     b5c:	d4eff06f          	j	aa <__riscv_restore_0>

00000b60 <SysTick_Handler>:
     b60:	7179                	addi	sp,sp,-48
     b62:	c03e                	sw	a5,0(sp)
     b64:	200007b7          	lui	a5,0x20000
     b68:	ce22                	sw	s0,28(sp)
     b6a:	ca2a                	sw	a0,20(sp)
     b6c:	e000f437          	lui	s0,0xe000f
     b70:	0007a503          	lw	a0,0(a5) # 20000000 <_data_vma>
     b74:	cc26                	sw	s1,24(sp)
     b76:	4804                	lw	s1,16(s0)
     b78:	c82e                	sw	a1,16(sp)
     b7a:	3e800593          	li	a1,1000
     b7e:	c23a                	sw	a4,4(sp)
     b80:	d606                	sw	ra,44(sp)
     b82:	d416                	sw	t0,40(sp)
     b84:	d21a                	sw	t1,36(sp)
     b86:	d01e                	sw	t2,32(sp)
     b88:	c632                	sw	a2,12(sp)
     b8a:	c436                	sw	a3,8(sp)
     b8c:	d30ff0ef          	jal	ra,bc <__udivsi3>
     b90:	9526                	add	a0,a0,s1
     b92:	c808                	sw	a0,16(s0)
     b94:	00042223          	sw	zero,4(s0) # e000f004 <__global_pointer$+0xc000e7dc>
     b98:	81818793          	addi	a5,gp,-2024 # 20000040 <systick_cnt>
     b9c:	4398                	lw	a4,0(a5)
     b9e:	4472                	lw	s0,28(sp)
     ba0:	50b2                	lw	ra,44(sp)
     ba2:	0705                	addi	a4,a4,1
     ba4:	c398                	sw	a4,0(a5)
     ba6:	52a2                	lw	t0,40(sp)
     ba8:	5312                	lw	t1,36(sp)
     baa:	5382                	lw	t2,32(sp)
     bac:	44e2                	lw	s1,24(sp)
     bae:	4552                	lw	a0,20(sp)
     bb0:	45c2                	lw	a1,16(sp)
     bb2:	4632                	lw	a2,12(sp)
     bb4:	46a2                	lw	a3,8(sp)
     bb6:	4712                	lw	a4,4(sp)
     bb8:	4782                	lw	a5,0(sp)
     bba:	6145                	addi	sp,sp,48
     bbc:	30200073          	mret

00000bc0 <USART_Printf_Init>:
     bc0:	ce0ff2ef          	jal	t0,a0 <__riscv_save_0>
     bc4:	842a                	mv	s0,a0
     bc6:	6511                	lui	a0,0x4
     bc8:	1111                	addi	sp,sp,-28
     bca:	4585                	li	a1,1
     bcc:	02050513          	addi	a0,a0,32 # 4020 <_data_lma+0x2d74>
     bd0:	351d                	jal	9f6 <RCC_APB2PeriphClockCmd>
     bd2:	02000793          	li	a5,32
     bd6:	807c                	sh	a5,0(sp)
     bd8:	40011537          	lui	a0,0x40011
     bdc:	478d                	li	a5,3
     bde:	c23e                	sw	a5,4(sp)
     be0:	858a                	mv	a1,sp
     be2:	47e1                	li	a5,24
     be4:	40050513          	addi	a0,a0,1024 # 40011400 <__global_pointer$+0x20010bd8>
     be8:	c43e                	sw	a5,8(sp)
     bea:	3e75                	jal	7a6 <GPIO_Init>
     bec:	c622                	sw	s0,12(sp)
     bee:	40014437          	lui	s0,0x40014
     bf2:	000807b7          	lui	a5,0x80
     bf6:	006c                	addi	a1,sp,12
     bf8:	80040513          	addi	a0,s0,-2048 # 40013800 <__global_pointer$+0x20012fd8>
     bfc:	ca3e                	sw	a5,20(sp)
     bfe:	c802                	sw	zero,16(sp)
     c00:	00011c23          	sh	zero,24(sp)
     c04:	353d                	jal	a32 <USART_Init>
     c06:	4585                	li	a1,1
     c08:	80040513          	addi	a0,s0,-2048
     c0c:	3dcd                	jal	afe <USART_Cmd>
     c0e:	0171                	addi	sp,sp,28
     c10:	c9aff06f          	j	aa <__riscv_restore_0>

00000c14 <_write>:
     c14:	c8cff2ef          	jal	t0,a0 <__riscv_save_0>
     c18:	1171                	addi	sp,sp,-4
     c1a:	84ae                	mv	s1,a1
     c1c:	4401                	li	s0,0
     c1e:	02c45d63          	bge	s0,a2,c58 <_write+0x44>
     c22:	400147b7          	lui	a5,0x40014
     c26:	80078713          	addi	a4,a5,-2048 # 40013800 <__global_pointer$+0x20012fd8>
     c2a:	853a                	mv	a0,a4
     c2c:	04000593          	li	a1,64
     c30:	c032                	sw	a2,0(sp)
     c32:	35ed                	jal	b1c <USART_GetFlagStatus>
     c34:	400147b7          	lui	a5,0x40014
     c38:	80078713          	addi	a4,a5,-2048 # 40013800 <__global_pointer$+0x20012fd8>
     c3c:	4602                	lw	a2,0(sp)
     c3e:	d575                	beqz	a0,c2a <_write+0x16>
     c40:	00848733          	add	a4,s1,s0
     c44:	00070583          	lb	a1,0(a4) # 1000 <print+0x15c>
     c48:	80078513          	addi	a0,a5,-2048
     c4c:	0405                	addi	s0,s0,1
     c4e:	05c2                	slli	a1,a1,0x10
     c50:	81c1                	srli	a1,a1,0x10
     c52:	35c9                	jal	b14 <USART_SendData>
     c54:	4602                	lw	a2,0(sp)
     c56:	b7e1                	j	c1e <_write+0xa>
     c58:	8532                	mv	a0,a2
     c5a:	0111                	addi	sp,sp,4
     c5c:	c4eff06f          	j	aa <__riscv_restore_0>

00000c60 <printchar>:
     c60:	1141                	addi	sp,sp,-16
     c62:	c606                	sw	ra,12(sp)
     c64:	c02e                	sw	a1,0(sp)
     c66:	cd0d                	beqz	a0,ca0 <printchar+0x40>
     c68:	4118                	lw	a4,0(a0)
     c6a:	87aa                	mv	a5,a0
     c6c:	c305                	beqz	a4,c8c <printchar+0x2c>
     c6e:	4158                	lw	a4,4(a0)
     c70:	557d                	li	a0,-1
     c72:	cb11                	beqz	a4,c86 <printchar+0x26>
     c74:	4685                	li	a3,1
     c76:	00d71b63          	bne	a4,a3,c8c <printchar+0x2c>
     c7a:	4798                	lw	a4,8(a5)
     c7c:	00070023          	sb	zero,0(a4)
     c80:	0007a223          	sw	zero,4(a5)
     c84:	4505                	li	a0,1
     c86:	40b2                	lw	ra,12(sp)
     c88:	0141                	addi	sp,sp,16
     c8a:	8082                	ret
     c8c:	4798                	lw	a4,8(a5)
     c8e:	4682                	lw	a3,0(sp)
     c90:	a314                	sb	a3,0(a4)
     c92:	4798                	lw	a4,8(a5)
     c94:	0705                	addi	a4,a4,1
     c96:	c798                	sw	a4,8(a5)
     c98:	43d8                	lw	a4,4(a5)
     c9a:	177d                	addi	a4,a4,-1
     c9c:	c3d8                	sw	a4,4(a5)
     c9e:	b7dd                	j	c84 <printchar+0x24>
     ca0:	4605                	li	a2,1
     ca2:	858a                	mv	a1,sp
     ca4:	3f85                	jal	c14 <_write>
     ca6:	bff9                	j	c84 <printchar+0x24>

00000ca8 <prints>:
     ca8:	1101                	addi	sp,sp,-32
     caa:	cc22                	sw	s0,24(sp)
     cac:	c22e                	sw	a1,4(sp)
     cae:	ce06                	sw	ra,28(sp)
     cb0:	ca26                	sw	s1,20(sp)
     cb2:	842a                	mv	s0,a0
     cb4:	4781                	li	a5,0
     cb6:	02000593          	li	a1,32
     cba:	02064563          	bltz	a2,ce4 <prints+0x3c>
     cbe:	4592                	lw	a1,4(sp)
     cc0:	95be                	add	a1,a1,a5
     cc2:	00058583          	lb	a1,0(a1)
     cc6:	e58d                	bnez	a1,cf0 <prints+0x48>
     cc8:	02c7d863          	bge	a5,a2,cf8 <prints+0x50>
     ccc:	02e7d463          	bge	a5,a4,cf4 <prints+0x4c>
     cd0:	8e19                	sub	a2,a2,a4
     cd2:	02000513          	li	a0,32
     cd6:	0026f593          	andi	a1,a3,2
     cda:	c02a                	sw	a0,0(sp)
     cdc:	c589                	beqz	a1,ce6 <prints+0x3e>
     cde:	e701                	bnez	a4,ce6 <prints+0x3e>
     ce0:	03000593          	li	a1,48
     ce4:	c02e                	sw	a1,0(sp)
     ce6:	8a85                	andi	a3,a3,1
     ce8:	4481                	li	s1,0
     cea:	ea95                	bnez	a3,d1e <prints+0x76>
     cec:	84b2                	mv	s1,a2
     cee:	a00d                	j	d10 <prints+0x68>
     cf0:	0785                	addi	a5,a5,1
     cf2:	b7f1                	j	cbe <prints+0x16>
     cf4:	8e1d                	sub	a2,a2,a5
     cf6:	bff1                	j	cd2 <prints+0x2a>
     cf8:	4601                	li	a2,0
     cfa:	bfe1                	j	cd2 <prints+0x2a>
     cfc:	4582                	lw	a1,0(sp)
     cfe:	8522                	mv	a0,s0
     d00:	c83a                	sw	a4,16(sp)
     d02:	c632                	sw	a2,12(sp)
     d04:	c43e                	sw	a5,8(sp)
     d06:	3fa9                	jal	c60 <printchar>
     d08:	47a2                	lw	a5,8(sp)
     d0a:	4632                	lw	a2,12(sp)
     d0c:	4742                	lw	a4,16(sp)
     d0e:	14fd                	addi	s1,s1,-1
     d10:	fe9046e3          	bgtz	s1,cfc <prints+0x54>
     d14:	84b2                	mv	s1,a2
     d16:	00065363          	bgez	a2,d1c <prints+0x74>
     d1a:	4481                	li	s1,0
     d1c:	8e05                	sub	a2,a2,s1
     d1e:	02e7c763          	blt	a5,a4,d4c <prints+0xa4>
     d22:	87a6                	mv	a5,s1
     d24:	4692                	lw	a3,4(sp)
     d26:	40978733          	sub	a4,a5,s1
     d2a:	9736                	add	a4,a4,a3
     d2c:	00070583          	lb	a1,0(a4)
     d30:	ed95                	bnez	a1,d6c <prints+0xc4>
     d32:	84b2                	mv	s1,a2
     d34:	04904463          	bgtz	s1,d7c <prints+0xd4>
     d38:	00065363          	bgez	a2,d3e <prints+0x96>
     d3c:	4601                	li	a2,0
     d3e:	40f2                	lw	ra,28(sp)
     d40:	4462                	lw	s0,24(sp)
     d42:	44d2                	lw	s1,20(sp)
     d44:	00f60533          	add	a0,a2,a5
     d48:	6105                	addi	sp,sp,32
     d4a:	8082                	ret
     d4c:	8f1d                	sub	a4,a4,a5
     d4e:	87ba                	mv	a5,a4
     d50:	03000593          	li	a1,48
     d54:	8522                	mv	a0,s0
     d56:	c832                	sw	a2,16(sp)
     d58:	c63e                	sw	a5,12(sp)
     d5a:	c43a                	sw	a4,8(sp)
     d5c:	3711                	jal	c60 <printchar>
     d5e:	47b2                	lw	a5,12(sp)
     d60:	4722                	lw	a4,8(sp)
     d62:	4642                	lw	a2,16(sp)
     d64:	17fd                	addi	a5,a5,-1
     d66:	f7ed                	bnez	a5,d50 <prints+0xa8>
     d68:	94ba                	add	s1,s1,a4
     d6a:	bf65                	j	d22 <prints+0x7a>
     d6c:	8522                	mv	a0,s0
     d6e:	c632                	sw	a2,12(sp)
     d70:	c43e                	sw	a5,8(sp)
     d72:	35fd                	jal	c60 <printchar>
     d74:	47a2                	lw	a5,8(sp)
     d76:	4632                	lw	a2,12(sp)
     d78:	0785                	addi	a5,a5,1
     d7a:	b76d                	j	d24 <prints+0x7c>
     d7c:	4582                	lw	a1,0(sp)
     d7e:	8522                	mv	a0,s0
     d80:	c432                	sw	a2,8(sp)
     d82:	c23e                	sw	a5,4(sp)
     d84:	3df1                	jal	c60 <printchar>
     d86:	14fd                	addi	s1,s1,-1
     d88:	4622                	lw	a2,8(sp)
     d8a:	4792                	lw	a5,4(sp)
     d8c:	b765                	j	d34 <prints+0x8c>

00000d8e <printInt>:
     d8e:	7139                	addi	sp,sp,-64
     d90:	de06                	sw	ra,60(sp)
     d92:	dc22                	sw	s0,56(sp)
     d94:	da26                	sw	s1,52(sp)
     d96:	c23e                	sw	a5,4(sp)
     d98:	8332                	mv	t1,a2
     d9a:	863a                	mv	a2,a4
     d9c:	ed89                	bnez	a1,db6 <printInt+0x28>
     d9e:	4692                	lw	a3,4(sp)
     da0:	03000793          	li	a5,48
     da4:	4701                	li	a4,0
     da6:	086c                	addi	a1,sp,28
     da8:	86fc                	sh	a5,28(sp)
     daa:	3dfd                	jal	ca8 <prints>
     dac:	50f2                	lw	ra,60(sp)
     dae:	5462                	lw	s0,56(sp)
     db0:	54d2                	lw	s1,52(sp)
     db2:	6121                	addi	sp,sp,64
     db4:	8082                	ret
     db6:	84aa                	mv	s1,a0
     db8:	8436                	mv	s0,a3
     dba:	87ae                	mv	a5,a1
     dbc:	ca91                	beqz	a3,dd0 <printInt+0x42>
     dbe:	4729                	li	a4,10
     dc0:	4401                	li	s0,0
     dc2:	00e31763          	bne	t1,a4,dd0 <printInt+0x42>
     dc6:	0005d563          	bgez	a1,dd0 <printInt+0x42>
     dca:	40b007b3          	neg	a5,a1
     dce:	4405                	li	s0,1
     dd0:	4686                	lw	a3,64(sp)
     dd2:	020109a3          	sb	zero,51(sp)
     dd6:	03310713          	addi	a4,sp,51
     dda:	fc668693          	addi	a3,a3,-58 # 40020fc6 <__global_pointer$+0x2002079e>
     dde:	c436                	sw	a3,8(sp)
     de0:	859a                	mv	a1,t1
     de2:	853e                	mv	a0,a5
     de4:	ca32                	sw	a2,20(sp)
     de6:	c83a                	sw	a4,16(sp)
     de8:	c61a                	sw	t1,12(sp)
     dea:	c03e                	sw	a5,0(sp)
     dec:	afcff0ef          	jal	ra,e8 <__umodsi3>
     df0:	46a5                	li	a3,9
     df2:	4782                	lw	a5,0(sp)
     df4:	4332                	lw	t1,12(sp)
     df6:	4742                	lw	a4,16(sp)
     df8:	4652                	lw	a2,20(sp)
     dfa:	00a6d463          	bge	a3,a0,e02 <printInt+0x74>
     dfe:	46a2                	lw	a3,8(sp)
     e00:	9536                	add	a0,a0,a3
     e02:	03050513          	addi	a0,a0,48
     e06:	fff70693          	addi	a3,a4,-1
     e0a:	fea70fa3          	sb	a0,-1(a4)
     e0e:	859a                	mv	a1,t1
     e10:	853e                	mv	a0,a5
     e12:	cc32                	sw	a2,24(sp)
     e14:	ca3a                	sw	a4,20(sp)
     e16:	c81a                	sw	t1,16(sp)
     e18:	c63e                	sw	a5,12(sp)
     e1a:	c036                	sw	a3,0(sp)
     e1c:	aa0ff0ef          	jal	ra,bc <__udivsi3>
     e20:	47b2                	lw	a5,12(sp)
     e22:	4342                	lw	t1,16(sp)
     e24:	4752                	lw	a4,20(sp)
     e26:	4662                	lw	a2,24(sp)
     e28:	0467f963          	bgeu	a5,t1,e7a <printInt+0xec>
     e2c:	cc01                	beqz	s0,e44 <printInt+0xb6>
     e2e:	ca29                	beqz	a2,e80 <printInt+0xf2>
     e30:	4792                	lw	a5,4(sp)
     e32:	8b89                	andi	a5,a5,2
     e34:	c7b1                	beqz	a5,e80 <printInt+0xf2>
     e36:	02d00593          	li	a1,45
     e3a:	8526                	mv	a0,s1
     e3c:	c432                	sw	a2,8(sp)
     e3e:	350d                	jal	c60 <printchar>
     e40:	4622                	lw	a2,8(sp)
     e42:	167d                	addi	a2,a2,-1
     e44:	4792                	lw	a5,4(sp)
     e46:	8b91                	andi	a5,a5,4
     e48:	c395                	beqz	a5,e6c <printInt+0xde>
     e4a:	4706                	lw	a4,64(sp)
     e4c:	06100793          	li	a5,97
     e50:	c432                	sw	a2,8(sp)
     e52:	03000593          	li	a1,48
     e56:	8526                	mv	a0,s1
     e58:	02f71e63          	bne	a4,a5,e94 <printInt+0x106>
     e5c:	3511                	jal	c60 <printchar>
     e5e:	07800593          	li	a1,120
     e62:	8526                	mv	a0,s1
     e64:	3bf5                	jal	c60 <printchar>
     e66:	4622                	lw	a2,8(sp)
     e68:	0409                	addi	s0,s0,2
     e6a:	1679                	addi	a2,a2,-2
     e6c:	4716                	lw	a4,68(sp)
     e6e:	4692                	lw	a3,4(sp)
     e70:	4582                	lw	a1,0(sp)
     e72:	8526                	mv	a0,s1
     e74:	3d15                	jal	ca8 <prints>
     e76:	9522                	add	a0,a0,s0
     e78:	bf15                	j	dac <printInt+0x1e>
     e7a:	87aa                	mv	a5,a0
     e7c:	4702                	lw	a4,0(sp)
     e7e:	b78d                	j	de0 <printInt+0x52>
     e80:	4682                	lw	a3,0(sp)
     e82:	02d00793          	li	a5,45
     e86:	4401                	li	s0,0
     e88:	fef68fa3          	sb	a5,-1(a3)
     e8c:	ffe70793          	addi	a5,a4,-2
     e90:	c03e                	sw	a5,0(sp)
     e92:	bf4d                	j	e44 <printInt+0xb6>
     e94:	33f1                	jal	c60 <printchar>
     e96:	05800593          	li	a1,88
     e9a:	b7e1                	j	e62 <printInt+0xd4>

00000e9c <printLongLongInt>:
     e9c:	4501                	li	a0,0
     e9e:	8082                	ret

00000ea0 <printDouble>:
     ea0:	4501                	li	a0,0
     ea2:	8082                	ret

00000ea4 <print>:
     ea4:	fd810113          	addi	sp,sp,-40
     ea8:	d022                	sw	s0,32(sp)
     eaa:	ce26                	sw	s1,28(sp)
     eac:	d206                	sw	ra,36(sp)
     eae:	c42a                	sw	a0,8(sp)
     eb0:	82ae                	mv	t0,a1
     eb2:	8432                	mv	s0,a2
     eb4:	c602                	sw	zero,12(sp)
     eb6:	4481                	li	s1,0
     eb8:	00028583          	lb	a1,0(t0)
     ebc:	ed89                	bnez	a1,ed6 <print+0x32>
     ebe:	47a2                	lw	a5,8(sp)
     ec0:	c781                	beqz	a5,ec8 <print+0x24>
     ec2:	4581                	li	a1,0
     ec4:	853e                	mv	a0,a5
     ec6:	3b69                	jal	c60 <printchar>
     ec8:	5092                	lw	ra,36(sp)
     eca:	5402                	lw	s0,32(sp)
     ecc:	8526                	mv	a0,s1
     ece:	44f2                	lw	s1,28(sp)
     ed0:	02810113          	addi	sp,sp,40
     ed4:	8082                	ret
     ed6:	02500793          	li	a5,37
     eda:	00f58863          	beq	a1,a5,eea <print+0x46>
     ede:	4522                	lw	a0,8(sp)
     ee0:	c816                	sw	t0,16(sp)
     ee2:	0485                	addi	s1,s1,1
     ee4:	3bb5                	jal	c60 <printchar>
     ee6:	42c2                	lw	t0,16(sp)
     ee8:	a839                	j	f06 <print+0x62>
     eea:	00128783          	lb	a5,1(t0)
     eee:	00128713          	addi	a4,t0,1
     ef2:	00b79c63          	bne	a5,a1,f0a <print+0x66>
     ef6:	4522                	lw	a0,8(sp)
     ef8:	02500593          	li	a1,37
     efc:	c83a                	sw	a4,16(sp)
     efe:	338d                	jal	c60 <printchar>
     f00:	4742                	lw	a4,16(sp)
     f02:	0485                	addi	s1,s1,1
     f04:	82ba                	mv	t0,a4
     f06:	0285                	addi	t0,t0,1
     f08:	bf45                	j	eb8 <print+0x14>
     f0a:	dbd5                	beqz	a5,ebe <print+0x1a>
     f0c:	02b00693          	li	a3,43
     f10:	04d78963          	beq	a5,a3,f62 <print+0xbe>
     f14:	00f6c863          	blt	a3,a5,f24 <print+0x80>
     f18:	02300693          	li	a3,35
     f1c:	04d78663          	beq	a5,a3,f68 <print+0xc4>
     f20:	4781                	li	a5,0
     f22:	a005                	j	f42 <print+0x9e>
     f24:	02d00693          	li	a3,45
     f28:	00d78a63          	beq	a5,a3,f3c <print+0x98>
     f2c:	03000693          	li	a3,48
     f30:	fed798e3          	bne	a5,a3,f20 <print+0x7c>
     f34:	00228713          	addi	a4,t0,2
     f38:	4789                	li	a5,2
     f3a:	a021                	j	f42 <print+0x9e>
     f3c:	00228713          	addi	a4,t0,2
     f40:	4785                	li	a5,1
     f42:	00070683          	lb	a3,0(a4)
     f46:	02b00613          	li	a2,43
     f4a:	04c68363          	beq	a3,a2,f90 <print+0xec>
     f4e:	02d64163          	blt	a2,a3,f70 <print+0xcc>
     f52:	02300613          	li	a2,35
     f56:	02c68b63          	beq	a3,a2,f8c <print+0xe8>
     f5a:	82ba                	mv	t0,a4
     f5c:	4501                	li	a0,0
     f5e:	46a5                	li	a3,9
     f60:	a081                	j	fa0 <print+0xfc>
     f62:	00228713          	addi	a4,t0,2
     f66:	bf6d                	j	f20 <print+0x7c>
     f68:	00228713          	addi	a4,t0,2
     f6c:	4791                	li	a5,4
     f6e:	bfd1                	j	f42 <print+0x9e>
     f70:	02d00613          	li	a2,45
     f74:	00c68963          	beq	a3,a2,f86 <print+0xe2>
     f78:	03000613          	li	a2,48
     f7c:	fcc69fe3          	bne	a3,a2,f5a <print+0xb6>
     f80:	0027e793          	ori	a5,a5,2
     f84:	a031                	j	f90 <print+0xec>
     f86:	0705                	addi	a4,a4,1
     f88:	4785                	li	a5,1
     f8a:	bfc1                	j	f5a <print+0xb6>
     f8c:	0047e793          	ori	a5,a5,4
     f90:	0705                	addi	a4,a4,1
     f92:	b7e1                	j	f5a <print+0xb6>
     f94:	00251613          	slli	a2,a0,0x2
     f98:	9532                	add	a0,a0,a2
     f9a:	0506                	slli	a0,a0,0x1
     f9c:	953a                	add	a0,a0,a4
     f9e:	0285                	addi	t0,t0,1
     fa0:	00028603          	lb	a2,0(t0)
     fa4:	fd060713          	addi	a4,a2,-48
     fa8:	0ff77593          	andi	a1,a4,255
     fac:	feb6f4e3          	bgeu	a3,a1,f94 <print+0xf0>
     fb0:	02e00713          	li	a4,46
     fb4:	4699                	li	a3,6
     fb6:	00e61e63          	bne	a2,a4,fd2 <print+0x12e>
     fba:	0285                	addi	t0,t0,1
     fbc:	4681                	li	a3,0
     fbe:	45a5                	li	a1,9
     fc0:	00028603          	lb	a2,0(t0)
     fc4:	fd060613          	addi	a2,a2,-48
     fc8:	0ff67713          	andi	a4,a2,255
     fcc:	02e5f563          	bgeu	a1,a4,ff6 <print+0x152>
     fd0:	c636                	sw	a3,12(sp)
     fd2:	00028703          	lb	a4,0(t0)
     fd6:	06a00613          	li	a2,106
     fda:	0ac70d63          	beq	a4,a2,1094 <print+0x1f0>
     fde:	02e64363          	blt	a2,a4,1004 <print+0x160>
     fe2:	04c00613          	li	a2,76
     fe6:	0ac70763          	beq	a4,a2,1094 <print+0x1f0>
     fea:	06800613          	li	a2,104
     fee:	08c70c63          	beq	a4,a2,1086 <print+0x1e2>
     ff2:	4581                	li	a1,0
     ff4:	a82d                	j	102e <print+0x18a>
     ff6:	00269713          	slli	a4,a3,0x2
     ffa:	96ba                	add	a3,a3,a4
     ffc:	0686                	slli	a3,a3,0x1
     ffe:	96b2                	add	a3,a3,a2
    1000:	0285                	addi	t0,t0,1
    1002:	bf7d                	j	fc0 <print+0x11c>
    1004:	07400613          	li	a2,116
    1008:	08c70663          	beq	a4,a2,1094 <print+0x1f0>
    100c:	07a00613          	li	a2,122
    1010:	08c70263          	beq	a4,a2,1094 <print+0x1f0>
    1014:	06c00613          	li	a2,108
    1018:	4581                	li	a1,0
    101a:	00c71a63          	bne	a4,a2,102e <print+0x18a>
    101e:	00128603          	lb	a2,1(t0)
    1022:	458d                	li	a1,3
    1024:	00e61463          	bne	a2,a4,102c <print+0x188>
    1028:	0285                	addi	t0,t0,1
    102a:	4591                	li	a1,4
    102c:	0285                	addi	t0,t0,1
    102e:	00028603          	lb	a2,0(t0)
    1032:	06000393          	li	t2,96
    1036:	06100713          	li	a4,97
    103a:	00c3c463          	blt	t2,a2,1042 <print+0x19e>
    103e:	04100713          	li	a4,65
    1042:	06700393          	li	t2,103
    1046:	06c3c463          	blt	t2,a2,10ae <print+0x20a>
    104a:	06500393          	li	t2,101
    104e:	18765363          	bge	a2,t2,11d4 <print+0x330>
    1052:	04700393          	li	t2,71
    1056:	04c3c163          	blt	t2,a2,1098 <print+0x1f4>
    105a:	04500593          	li	a1,69
    105e:	16b65b63          	bge	a2,a1,11d4 <print+0x330>
    1062:	04300713          	li	a4,67
    1066:	eae610e3          	bne	a2,a4,f06 <print+0x62>
    106a:	4018                	lw	a4,0(s0)
    106c:	00440393          	addi	t2,s0,4
    1070:	ca16                	sw	t0,20(sp)
    1072:	00e10c23          	sb	a4,24(sp)
    1076:	c81e                	sw	t2,16(sp)
    1078:	00010ca3          	sb	zero,25(sp)
    107c:	4701                	li	a4,0
    107e:	86be                	mv	a3,a5
    1080:	862a                	mv	a2,a0
    1082:	082c                	addi	a1,sp,24
    1084:	a849                	j	1116 <print+0x272>
    1086:	00128603          	lb	a2,1(t0)
    108a:	4581                	li	a1,0
    108c:	fae611e3          	bne	a2,a4,102e <print+0x18a>
    1090:	0289                	addi	t0,t0,2
    1092:	bf71                	j	102e <print+0x18a>
    1094:	0285                	addi	t0,t0,1
    1096:	bfb1                	j	ff2 <print+0x14e>
    1098:	06300693          	li	a3,99
    109c:	fcd607e3          	beq	a2,a3,106a <print+0x1c6>
    10a0:	06c6ce63          	blt	a3,a2,111c <print+0x278>
    10a4:	05800693          	li	a3,88
    10a8:	02d60363          	beq	a2,a3,10ce <print+0x22a>
    10ac:	bda9                	j	f06 <print+0x62>
    10ae:	07300693          	li	a3,115
    10b2:	04d60463          	beq	a2,a3,10fa <print+0x256>
    10b6:	02c6cb63          	blt	a3,a2,10ec <print+0x248>
    10ba:	06f00693          	li	a3,111
    10be:	0ed60263          	beq	a2,a3,11a2 <print+0x2fe>
    10c2:	07000693          	li	a3,112
    10c6:	0047e793          	ori	a5,a5,4
    10ca:	e2d61ee3          	bne	a2,a3,f06 <print+0x62>
    10ce:	4691                	li	a3,4
    10d0:	0ad59f63          	bne	a1,a3,118e <print+0x2ea>
    10d4:	00840393          	addi	t2,s0,8
    10d8:	400c                	lw	a1,0(s0)
    10da:	4050                	lw	a2,4(s0)
    10dc:	ca16                	sw	t0,20(sp)
    10de:	c23a                	sw	a4,4(sp)
    10e0:	c03e                	sw	a5,0(sp)
    10e2:	c81e                	sw	t2,16(sp)
    10e4:	87aa                	mv	a5,a0
    10e6:	4701                	li	a4,0
    10e8:	46c1                	li	a3,16
    10ea:	a0b9                	j	1138 <print+0x294>
    10ec:	07500693          	li	a3,117
    10f0:	06d60863          	beq	a2,a3,1160 <print+0x2bc>
    10f4:	07800693          	li	a3,120
    10f8:	bf45                	j	10a8 <print+0x204>
    10fa:	4018                	lw	a4,0(s0)
    10fc:	000016b7          	lui	a3,0x1
    1100:	00440393          	addi	t2,s0,4
    1104:	2a468593          	addi	a1,a3,676 # 12a4 <puts+0x8c>
    1108:	c311                	beqz	a4,110c <print+0x268>
    110a:	85ba                	mv	a1,a4
    110c:	4732                	lw	a4,12(sp)
    110e:	ca16                	sw	t0,20(sp)
    1110:	c81e                	sw	t2,16(sp)
    1112:	86be                	mv	a3,a5
    1114:	862a                	mv	a2,a0
    1116:	4522                	lw	a0,8(sp)
    1118:	3e41                	jal	ca8 <prints>
    111a:	a00d                	j	113c <print+0x298>
    111c:	4691                	li	a3,4
    111e:	02d59463          	bne	a1,a3,1146 <print+0x2a2>
    1122:	00840393          	addi	t2,s0,8
    1126:	400c                	lw	a1,0(s0)
    1128:	4050                	lw	a2,4(s0)
    112a:	ca16                	sw	t0,20(sp)
    112c:	c23a                	sw	a4,4(sp)
    112e:	c03e                	sw	a5,0(sp)
    1130:	c81e                	sw	t2,16(sp)
    1132:	87aa                	mv	a5,a0
    1134:	4705                	li	a4,1
    1136:	46a9                	li	a3,10
    1138:	4522                	lw	a0,8(sp)
    113a:	338d                	jal	e9c <printLongLongInt>
    113c:	43c2                	lw	t2,16(sp)
    113e:	94aa                	add	s1,s1,a0
    1140:	841e                	mv	s0,t2
    1142:	42d2                	lw	t0,20(sp)
    1144:	b3c9                	j	f06 <print+0x62>
    1146:	46b2                	lw	a3,12(sp)
    1148:	400c                	lw	a1,0(s0)
    114a:	c816                	sw	t0,16(sp)
    114c:	c236                	sw	a3,4(sp)
    114e:	c03a                	sw	a4,0(sp)
    1150:	0411                	addi	s0,s0,4
    1152:	872a                	mv	a4,a0
    1154:	4685                	li	a3,1
    1156:	4629                	li	a2,10
    1158:	4522                	lw	a0,8(sp)
    115a:	3915                	jal	d8e <printInt>
    115c:	94aa                	add	s1,s1,a0
    115e:	b361                	j	ee6 <print+0x42>
    1160:	4691                	li	a3,4
    1162:	00d59d63          	bne	a1,a3,117c <print+0x2d8>
    1166:	00840393          	addi	t2,s0,8
    116a:	400c                	lw	a1,0(s0)
    116c:	4050                	lw	a2,4(s0)
    116e:	ca16                	sw	t0,20(sp)
    1170:	c23a                	sw	a4,4(sp)
    1172:	c03e                	sw	a5,0(sp)
    1174:	c81e                	sw	t2,16(sp)
    1176:	87aa                	mv	a5,a0
    1178:	4701                	li	a4,0
    117a:	bf75                	j	1136 <print+0x292>
    117c:	46b2                	lw	a3,12(sp)
    117e:	400c                	lw	a1,0(s0)
    1180:	c816                	sw	t0,16(sp)
    1182:	c236                	sw	a3,4(sp)
    1184:	c03a                	sw	a4,0(sp)
    1186:	0411                	addi	s0,s0,4
    1188:	872a                	mv	a4,a0
    118a:	4681                	li	a3,0
    118c:	b7e9                	j	1156 <print+0x2b2>
    118e:	46b2                	lw	a3,12(sp)
    1190:	c816                	sw	t0,16(sp)
    1192:	400c                	lw	a1,0(s0)
    1194:	4641                	li	a2,16
    1196:	c236                	sw	a3,4(sp)
    1198:	c03a                	sw	a4,0(sp)
    119a:	0411                	addi	s0,s0,4
    119c:	872a                	mv	a4,a0
    119e:	4681                	li	a3,0
    11a0:	bf65                	j	1158 <print+0x2b4>
    11a2:	4691                	li	a3,4
    11a4:	00d59e63          	bne	a1,a3,11c0 <print+0x31c>
    11a8:	00840393          	addi	t2,s0,8
    11ac:	400c                	lw	a1,0(s0)
    11ae:	4050                	lw	a2,4(s0)
    11b0:	ca16                	sw	t0,20(sp)
    11b2:	c23a                	sw	a4,4(sp)
    11b4:	c03e                	sw	a5,0(sp)
    11b6:	c81e                	sw	t2,16(sp)
    11b8:	87aa                	mv	a5,a0
    11ba:	4701                	li	a4,0
    11bc:	46a1                	li	a3,8
    11be:	bfad                	j	1138 <print+0x294>
    11c0:	46b2                	lw	a3,12(sp)
    11c2:	400c                	lw	a1,0(s0)
    11c4:	c816                	sw	t0,16(sp)
    11c6:	c236                	sw	a3,4(sp)
    11c8:	c03a                	sw	a4,0(sp)
    11ca:	0411                	addi	s0,s0,4
    11cc:	872a                	mv	a4,a0
    11ce:	4681                	li	a3,0
    11d0:	4621                	li	a2,8
    11d2:	b759                	j	1158 <print+0x2b4>
    11d4:	400c                	lw	a1,0(s0)
    11d6:	00840613          	addi	a2,s0,8
    11da:	4040                	lw	s0,4(s0)
    11dc:	c23a                	sw	a4,4(sp)
    11de:	872a                	mv	a4,a0
    11e0:	4522                	lw	a0,8(sp)
    11e2:	c832                	sw	a2,16(sp)
    11e4:	c03e                	sw	a5,0(sp)
    11e6:	8622                	mv	a2,s0
    11e8:	87b6                	mv	a5,a3
    11ea:	46a9                	li	a3,10
    11ec:	ca16                	sw	t0,20(sp)
    11ee:	394d                	jal	ea0 <printDouble>
    11f0:	94aa                	add	s1,s1,a0
    11f2:	4442                	lw	s0,16(sp)
    11f4:	b7b9                	j	1142 <print+0x29e>

000011f6 <printf>:
    11f6:	fdc10113          	addi	sp,sp,-36
    11fa:	c82e                	sw	a1,16(sp)
    11fc:	ca32                	sw	a2,20(sp)
    11fe:	85aa                	mv	a1,a0
    1200:	0810                	addi	a2,sp,16
    1202:	4501                	li	a0,0
    1204:	c606                	sw	ra,12(sp)
    1206:	cc36                	sw	a3,24(sp)
    1208:	ce3a                	sw	a4,28(sp)
    120a:	d03e                	sw	a5,32(sp)
    120c:	c032                	sw	a2,0(sp)
    120e:	3959                	jal	ea4 <print>
    1210:	40b2                	lw	ra,12(sp)
    1212:	02410113          	addi	sp,sp,36
    1216:	8082                	ret

00001218 <puts>:
    1218:	1141                	addi	sp,sp,-16
    121a:	c422                	sw	s0,8(sp)
    121c:	c226                	sw	s1,4(sp)
    121e:	c606                	sw	ra,12(sp)
    1220:	211c                	lbu	a5,0(a0)
    1222:	84aa                	mv	s1,a0
    1224:	4401                	li	s0,0
    1226:	81dc                	sb	a5,3(sp)
    1228:	00310783          	lb	a5,3(sp)
    122c:	0405                	addi	s0,s0,1
    122e:	ef99                	bnez	a5,124c <puts+0x34>
    1230:	47a9                	li	a5,10
    1232:	00310593          	addi	a1,sp,3
    1236:	4605                	li	a2,1
    1238:	4501                	li	a0,0
    123a:	81dc                	sb	a5,3(sp)
    123c:	9d9ff0ef          	jal	ra,c14 <_write>
    1240:	8522                	mv	a0,s0
    1242:	40b2                	lw	ra,12(sp)
    1244:	4422                	lw	s0,8(sp)
    1246:	4492                	lw	s1,4(sp)
    1248:	0141                	addi	sp,sp,16
    124a:	8082                	ret
    124c:	4605                	li	a2,1
    124e:	00310593          	addi	a1,sp,3
    1252:	4501                	li	a0,0
    1254:	9c1ff0ef          	jal	ra,c14 <_write>
    1258:	008487b3          	add	a5,s1,s0
    125c:	239c                	lbu	a5,0(a5)
    125e:	81dc                	sb	a5,3(sp)
    1260:	b7e1                	j	1228 <puts+0x10>
    1262:	0000                	unimp
    1264:	4d44                	lw	s1,28(a0)
    1266:	3141                	jal	ee6 <print+0x42>
    1268:	4920                	lw	s0,80(a0)
    126a:	2054                	lbu	a3,4(s0)
    126c:	6e616843          	fmadd.q	fa6,ft2,ft6,fa3,unknown
    1270:	656e                	flw	fa0,216(sp)
    1272:	316c                	lbu	a1,7(a0)
    1274:	7420                	flw	fs0,104(s0)
    1276:	6172                	flw	ft2,28(sp)
    1278:	736e                	flw	ft6,248(sp)
    127a:	6566                	flw	fa0,88(sp)
    127c:	2072                	lhu	a2,6(s0)
    127e:	706d6f63          	bltu	s10,t1,199c <_data_lma+0x6f0>
    1282:	656c                	flw	fa1,76(a0)
    1284:	6574                	flw	fa3,76(a0)
    1286:	2e2e                	lhu	a1,26(a2)
    1288:	0d2e                	slli	s10,s10,0xb
    128a:	0000                	unimp
    128c:	3025                	jal	ab4 <USART_Init+0x82>
    128e:	6434                	flw	fa3,72(s0)
    1290:	0a0d                	addi	s4,s4,3
    1292:	0000                	unimp
    1294:	74737953          	0x74737953
    1298:	6d65                	lui	s10,0x19
    129a:	3a6b6c43          	fmadd.d	fs8,fs6,ft6,ft7,unknown
    129e:	6425                	lui	s0,0x9
    12a0:	0a0d                	addi	s4,s4,3
    12a2:	0000                	unimp
    12a4:	6e28                	flw	fa0,88(a2)
    12a6:	6c75                	lui	s8,0x1d
    12a8:	296c                	lbu	a1,22(a0)
	...
