
Standby_Mode_CH32V003F4P6.elf:     file format elf32-littleriscv
Standby_Mode_CH32V003F4P6.elf
architecture: riscv:rv32, flags 0x00000112:
EXEC_P, HAS_SYMS, D_PAGED
start address 0x00000000

Program Header:
    LOAD off    0x00001000 vaddr 0x00000000 paddr 0x00000000 align 2**12
         filesz 0x00000f18 memsz 0x00000f18 flags r-x
    LOAD off    0x00002000 vaddr 0x20000000 paddr 0x00000f18 align 2**12
         filesz 0x00000028 memsz 0x00000030 flags rw-
    LOAD off    0x00002700 vaddr 0x20000700 paddr 0x20000700 align 2**12
         filesz 0x00000000 memsz 0x00000100 flags rw-

Sections:
Idx Name          Size      VMA       LMA       File off  Algn
  0 .init         000000a0  00000000  00000000  00001000  2**2
                  CONTENTS, ALLOC, LOAD, READONLY, CODE
  1 .text         00000e78  000000a0  000000a0  000010a0  2**2
                  CONTENTS, ALLOC, LOAD, READONLY, CODE
  2 .fini         00000000  00000f18  00000f18  00002028  2**0
                  CONTENTS, ALLOC, LOAD, CODE
  3 .dalign       00000000  20000000  20000000  00002028  2**0
                  CONTENTS
  4 .dlalign      00000000  00000f18  00000f18  00002028  2**0
                  CONTENTS
  5 .data         00000028  20000000  00000f18  00002000  2**2
                  CONTENTS, ALLOC, LOAD, DATA
  6 .bss          00000008  20000028  00000f40  00002028  2**2
                  ALLOC
  7 .stack        00000100  20000700  20000700  00002700  2**0
                  ALLOC
  8 .debug_info   0000943e  00000000  00000000  00002028  2**0
                  CONTENTS, READONLY, DEBUGGING
  9 .debug_abbrev 00001d75  00000000  00000000  0000b466  2**0
                  CONTENTS, READONLY, DEBUGGING
 10 .debug_aranges 00000440  00000000  00000000  0000d1e0  2**3
                  CONTENTS, READONLY, DEBUGGING
 11 .debug_ranges 00000438  00000000  00000000  0000d620  2**3
                  CONTENTS, READONLY, DEBUGGING
 12 .debug_line   00004ef0  00000000  00000000  0000da58  2**0
                  CONTENTS, READONLY, DEBUGGING
 13 .debug_str    00001877  00000000  00000000  00012948  2**0
                  CONTENTS, READONLY, DEBUGGING
 14 .comment      00000033  00000000  00000000  000141bf  2**0
                  CONTENTS, READONLY
 15 .debug_frame  00000838  00000000  00000000  000141f4  2**2
                  CONTENTS, READONLY, DEBUGGING
 16 .debug_loc    000018ad  00000000  00000000  00014a2c  2**0
                  CONTENTS, READONLY, DEBUGGING
SYMBOL TABLE:
00000000 l    d  .init	00000000 .init
000000a0 l    d  .text	00000000 .text
00000f18 l    d  .fini	00000000 .fini
20000000 l    d  .dalign	00000000 .dalign
00000f18 l    d  .dlalign	00000000 .dlalign
20000000 l    d  .data	00000000 .data
20000028 l    d  .bss	00000000 .bss
20000700 l    d  .stack	00000000 .stack
00000000 l    d  .debug_info	00000000 .debug_info
00000000 l    d  .debug_abbrev	00000000 .debug_abbrev
00000000 l    d  .debug_aranges	00000000 .debug_aranges
00000000 l    d  .debug_ranges	00000000 .debug_ranges
00000000 l    d  .debug_line	00000000 .debug_line
00000000 l    d  .debug_str	00000000 .debug_str
00000000 l    d  .comment	00000000 .comment
00000000 l    d  .debug_frame	00000000 .debug_frame
00000000 l    d  .debug_loc	00000000 .debug_loc
00000000 l    df *ABS*	00000000 ch32v00x_it.c
00000000 l    df *ABS*	00000000 main.c
00000000 l    df *ABS*	00000000 system_ch32v00x.c
00000000 l    df *ABS*	00000000 ch32v00x_exti.c
00000000 l    df *ABS*	00000000 ch32v00x_gpio.c
00000000 l    df *ABS*	00000000 ch32v00x_misc.c
00000000 l    df *ABS*	00000000 ch32v00x_pwr.c
00000000 l    df *ABS*	00000000 ch32v00x_rcc.c
20000004 l     O .data	00000014 ADCPrescTable
20000018 l     O .data	00000010 APBAHBPrescTable
00000000 l    df *ABS*	00000000 ch32v00x_usart.c
00000000 l    df *ABS*	00000000 debug.c
00000000 l    df *ABS*	00000000 wchprintf.c
00000b0e  w    F .text	00000004 printDouble
00000502 g     F .text	0000006e PWR_EnterSTANDBYMode
00000b12  w    F .text	00000352 print
00000e64  w    F .text	00000022 printf
20000828 g       .data	00000000 __global_pointer$
0000030e  w      .text	00000000 TIM1_CC_IRQHandler
0000014e g     F .text	00000002 HardFault_Handler
000009fc  w    F .text	0000010e printInt
00000798 g     F .text	00000062 SysTick_Handler
000002e6  w      .text	00000000 PVD_IRQHandler
0000014a g     F .text	00000004 NMI_Handler
00000754 g     F .text	0000000a USART_GetFlagStatus
20000028 g       .bss	00000000 _sbss
00000100 g       *ABS*	00000000 __stack_size
0000082e g     F .text	00000054 USART_Printf_Init
000000aa g     F .text	0000000a .hidden __riscv_restore_2
00000b0a  w    F .text	00000004 printLongLongInt
00000e86 g     F .text	00000046 puts
20000000 g     O .data	00000004 SystemCoreClock
000000d4 g     F .text	0000002c .hidden __udivsi3
000000a0 g       .init	00000000 _einit
0000061a g     F .text	0000001e RCC_APB2PeriphClockCmd
00000400 g     F .text	000000d6 GPIO_Init
20000028 g     O .bss	00000004 NVIC_Priority_Group
00000306  w      .text	00000000 SPI1_IRQHandler
00000736 g     F .text	00000016 USART_Cmd
000000a0 g     F .text	0000000a .hidden __riscv_save_1
000000aa g     F .text	0000000a .hidden __riscv_restore_0
000002ee  w      .text	00000000 AWU_IRQHandler
000002ec  w      .text	00000000 EXTI7_0_IRQHandler
00000638 g     F .text	0000001e RCC_APB1PeriphClockCmd
20000700 g       .stack	00000000 _heap_end
000002f6  w      .text	00000000 DMA1_Channel4_IRQHandler
000002fe  w      .text	00000000 ADC1_IRQHandler
00000150 g     F .text	0000004e EXTI_INT_INIT
20000030 g       .bss	00000000 _ebss
000002fc  w      .text	00000000 DMA1_Channel7_IRQHandler
00000656 g     F .text	00000020 RCC_GetFlagStatus
00000100 g     F .text	00000008 .hidden __umodsi3
00000300  w      .text	00000000 I2C1_EV_IRQHandler
00000584 g     F .text	00000096 RCC_GetClocksFreq
000002fa  w      .text	00000000 DMA1_Channel6_IRQHandler
00000676 g     F .text	000000c0 USART_Init
000002ea  w      .text	00000000 RCC_IRQHandler
0000030c  w      .text	00000000 TIM1_TRG_COM_IRQHandler
000002f0  w      .text	00000000 DMA1_Channel1_IRQHandler
00000000 g       .init	00000000 _start
00000916  w    F .text	000000e6 prints
00000396 g     F .text	0000006a EXTI_Init
000000b4 g     F .text	00000014 .hidden __mulsi3
2000002c g     O .bss	00000004 systick_cnt
20000000 g       .dalign	00000000 _data_vma
000004d6 g     F .text	00000022 GPIO_EXTILineConfig
0000019e g     F .text	000000ae main
0000075e g     F .text	0000003a SysTick_Init
000002f8  w      .text	00000000 DMA1_Channel5_IRQHandler
000000cc g     F .text	00000058 .hidden __divsi3
000007fa g     F .text	00000034 Delay_Ms
0000024c g     F .text	00000090 SystemInit
000008ce  w    F .text	00000048 printchar
00000000 g       .init	00000000 _sinit
000002f4  w      .text	00000000 DMA1_Channel3_IRQHandler
0000030a  w      .text	00000000 TIM1_UP_IRQHandler
000002e4  w      .text	00000000 WWDG_IRQHandler
00000310  w      .text	00000000 TIM2_IRQHandler
20000800 g       .stack	00000000 _eusrstack
000000a0 g     F .text	0000000a .hidden __riscv_save_2
000002e2  w      .text	00000000 SW_Handler
00000308  w      .text	00000000 TIM1_BRK_IRQHandler
0000074c g     F .text	00000008 USART_SendData
00000882 g     F .text	0000004c _write
20000028 g       .data	00000000 _edata
20000030 g       .bss	00000000 _end
00000f18 g       .dlalign	00000000 _data_lma
00000124 g     F .text	00000024 .hidden __modsi3
000002f2  w      .text	00000000 DMA1_Channel2_IRQHandler
00000312  w      .text	00000000 handle_reset
000002e8  w      .text	00000000 FLASH_IRQHandler
000000a0 g     F .text	0000000a .hidden __riscv_save_0
00000304  w      .text	00000000 USART1_IRQHandler
00000570 g     F .text	00000014 RCC_LSICmd
00000302  w      .text	00000000 I2C1_ER_IRQHandler
000004f8 g     F .text	0000000a NVIC_PriorityGroupConfig
000000aa g     F .text	0000000a .hidden __riscv_restore_1



Disassembly of section .init:

00000000 <_sinit>:
   0:	3120006f          	j	312 <handle_reset>
   4:	0000                	unimp
   6:	0000                	unimp
   8:	014a                	slli	sp,sp,0x12
   a:	0000                	unimp
   c:	014e                	slli	sp,sp,0x13
	...
  2e:	0000                	unimp
  30:	0798                	addi	a4,sp,960
  32:	0000                	unimp
  34:	0000                	unimp
  36:	0000                	unimp
  38:	02e2                	slli	t0,t0,0x18
  3a:	0000                	unimp
  3c:	0000                	unimp
  3e:	0000                	unimp
  40:	02e4                	addi	s1,sp,332
  42:	0000                	unimp
  44:	02e6                	slli	t0,t0,0x19
  46:	0000                	unimp
  48:	02e8                	addi	a0,sp,332
  4a:	0000                	unimp
  4c:	02ea                	slli	t0,t0,0x1a
  4e:	0000                	unimp
  50:	02ec                	addi	a1,sp,332
  52:	0000                	unimp
  54:	02ee                	slli	t0,t0,0x1b
  56:	0000                	unimp
  58:	02f0                	addi	a2,sp,332
  5a:	0000                	unimp
  5c:	02f2                	slli	t0,t0,0x1c
  5e:	0000                	unimp
  60:	02f4                	addi	a3,sp,332
  62:	0000                	unimp
  64:	02f6                	slli	t0,t0,0x1d
  66:	0000                	unimp
  68:	02f8                	addi	a4,sp,332
  6a:	0000                	unimp
  6c:	02fa                	slli	t0,t0,0x1e
  6e:	0000                	unimp
  70:	02fc                	addi	a5,sp,332
  72:	0000                	unimp
  74:	02fe                	slli	t0,t0,0x1f
  76:	0000                	unimp
  78:	0300                	addi	s0,sp,384
  7a:	0000                	unimp
  7c:	0302                	c.slli64	t1
  7e:	0000                	unimp
  80:	0304                	addi	s1,sp,384
  82:	0000                	unimp
  84:	0306                	slli	t1,t1,0x1
  86:	0000                	unimp
  88:	0308                	addi	a0,sp,384
  8a:	0000                	unimp
  8c:	030a                	slli	t1,t1,0x2
  8e:	0000                	unimp
  90:	030c                	addi	a1,sp,384
  92:	0000                	unimp
  94:	030e                	slli	t1,t1,0x3
  96:	0000                	unimp
  98:	0310                	addi	a2,sp,384
  9a:	0000                	unimp
  9c:	0000                	unimp
	...

Disassembly of section .text:

000000a0 <__riscv_save_0>:
  a0:	1151                	addi	sp,sp,-12
  a2:	c026                	sw	s1,0(sp)
  a4:	c222                	sw	s0,4(sp)
  a6:	c406                	sw	ra,8(sp)
  a8:	8282                	jr	t0

000000aa <__riscv_restore_0>:
  aa:	4482                	lw	s1,0(sp)
  ac:	4412                	lw	s0,4(sp)
  ae:	40a2                	lw	ra,8(sp)
  b0:	0131                	addi	sp,sp,12
  b2:	8082                	ret

000000b4 <__mulsi3>:
  b4:	862a                	mv	a2,a0
  b6:	4501                	li	a0,0
  b8:	0015f693          	andi	a3,a1,1
  bc:	c291                	beqz	a3,c0 <__mulsi3+0xc>
  be:	9532                	add	a0,a0,a2
  c0:	8185                	srli	a1,a1,0x1
  c2:	0606                	slli	a2,a2,0x1
  c4:	f9f5                	bnez	a1,b8 <__mulsi3+0x4>
  c6:	8082                	ret
  c8:	0000                	unimp
	...

000000cc <__divsi3>:
  cc:	02054e63          	bltz	a0,108 <__umodsi3+0x8>
  d0:	0405c363          	bltz	a1,116 <__umodsi3+0x16>

000000d4 <__udivsi3>:
  d4:	862e                	mv	a2,a1
  d6:	85aa                	mv	a1,a0
  d8:	557d                	li	a0,-1
  da:	c215                	beqz	a2,fe <__udivsi3+0x2a>
  dc:	4685                	li	a3,1
  de:	00b67863          	bgeu	a2,a1,ee <__udivsi3+0x1a>
  e2:	00c05663          	blez	a2,ee <__udivsi3+0x1a>
  e6:	0606                	slli	a2,a2,0x1
  e8:	0686                	slli	a3,a3,0x1
  ea:	feb66ce3          	bltu	a2,a1,e2 <__udivsi3+0xe>
  ee:	4501                	li	a0,0
  f0:	00c5e463          	bltu	a1,a2,f8 <__udivsi3+0x24>
  f4:	8d91                	sub	a1,a1,a2
  f6:	8d55                	or	a0,a0,a3
  f8:	8285                	srli	a3,a3,0x1
  fa:	8205                	srli	a2,a2,0x1
  fc:	faf5                	bnez	a3,f0 <__udivsi3+0x1c>
  fe:	8082                	ret

00000100 <__umodsi3>:
 100:	8286                	mv	t0,ra
 102:	3fc9                	jal	d4 <__udivsi3>
 104:	852e                	mv	a0,a1
 106:	8282                	jr	t0
 108:	40a00533          	neg	a0,a0
 10c:	0005d763          	bgez	a1,11a <__umodsi3+0x1a>
 110:	40b005b3          	neg	a1,a1
 114:	b7c1                	j	d4 <__udivsi3>
 116:	40b005b3          	neg	a1,a1
 11a:	8286                	mv	t0,ra
 11c:	3f65                	jal	d4 <__udivsi3>
 11e:	40a00533          	neg	a0,a0
 122:	8282                	jr	t0

00000124 <__modsi3>:
 124:	8286                	mv	t0,ra
 126:	0005c763          	bltz	a1,134 <__modsi3+0x10>
 12a:	00054963          	bltz	a0,13c <__modsi3+0x18>
 12e:	375d                	jal	d4 <__udivsi3>
 130:	852e                	mv	a0,a1
 132:	8282                	jr	t0
 134:	40b005b3          	neg	a1,a1
 138:	fe055be3          	bgez	a0,12e <__modsi3+0xa>
 13c:	40a00533          	neg	a0,a0
 140:	3f51                	jal	d4 <__udivsi3>
 142:	40b00533          	neg	a0,a1
 146:	8282                	jr	t0
	...

0000014a <NMI_Handler>:
 14a:	30200073          	mret

0000014e <HardFault_Handler>:
 14e:	a001                	j	14e <HardFault_Handler>

00000150 <EXTI_INT_INIT>:
 150:	f51ff2ef          	jal	t0,a0 <__riscv_save_0>
 154:	1111                	addi	sp,sp,-28
 156:	4585                	li	a1,1
 158:	02100513          	li	a0,33
 15c:	c602                	sw	zero,12(sp)
 15e:	c802                	sw	zero,16(sp)
 160:	ca02                	sw	zero,20(sp)
 162:	cc02                	sw	zero,24(sp)
 164:	c002                	sw	zero,0(sp)
 166:	c202                	sw	zero,4(sp)
 168:	c402                	sw	zero,8(sp)
 16a:	2945                	jal	61a <RCC_APB2PeriphClockCmd>
 16c:	4785                	li	a5,1
 16e:	40011537          	lui	a0,0x40011
 172:	807c                	sh	a5,0(sp)
 174:	858a                	mv	a1,sp
 176:	04800793          	li	a5,72
 17a:	40050513          	addi	a0,a0,1024 # 40011400 <__global_pointer$+0x20010bd8>
 17e:	c43e                	sw	a5,8(sp)
 180:	2441                	jal	400 <GPIO_Init>
 182:	4581                	li	a1,0
 184:	450d                	li	a0,3
 186:	2e81                	jal	4d6 <GPIO_EXTILineConfig>
 188:	4711                	li	a4,4
 18a:	4785                	li	a5,1
 18c:	c83a                	sw	a4,16(sp)
 18e:	0068                	addi	a0,sp,12
 190:	4731                	li	a4,12
 192:	c63e                	sw	a5,12(sp)
 194:	ca3a                	sw	a4,20(sp)
 196:	cc3e                	sw	a5,24(sp)
 198:	2afd                	jal	396 <EXTI_Init>
 19a:	0171                	addi	sp,sp,28
 19c:	b739                	j	aa <__riscv_restore_0>

0000019e <main>:
 19e:	f03ff2ef          	jal	t0,a0 <__riscv_save_0>
 1a2:	1151                	addi	sp,sp,-12
 1a4:	4509                	li	a0,2
 1a6:	2e89                	jal	4f8 <NVIC_PriorityGroupConfig>
 1a8:	2b5d                	jal	75e <SysTick_Init>
 1aa:	6571                	lui	a0,0x1c
 1ac:	20050513          	addi	a0,a0,512 # 1c200 <_data_lma+0x1b2e8>
 1b0:	2dbd                	jal	82e <USART_Printf_Init>
 1b2:	200007b7          	lui	a5,0x20000
 1b6:	0007a583          	lw	a1,0(a5) # 20000000 <_data_vma>
 1ba:	00001537          	lui	a0,0x1
 1be:	ecc50513          	addi	a0,a0,-308 # ecc <puts+0x46>
 1c2:	4a3000ef          	jal	ra,e64 <printf>
 1c6:	3769                	jal	150 <EXTI_INT_INIT>
 1c8:	4585                	li	a1,1
 1ca:	03400513          	li	a0,52
 1ce:	c002                	sw	zero,0(sp)
 1d0:	c202                	sw	zero,4(sp)
 1d2:	c402                	sw	zero,8(sp)
 1d4:	2199                	jal	61a <RCC_APB2PeriphClockCmd>
 1d6:	4585                	li	a1,1
 1d8:	10000537          	lui	a0,0x10000
 1dc:	29b1                	jal	638 <RCC_APB1PeriphClockCmd>
 1de:	57fd                	li	a5,-1
 1e0:	40011537          	lui	a0,0x40011
 1e4:	807c                	sh	a5,0(sp)
 1e6:	858a                	mv	a1,sp
 1e8:	02800793          	li	a5,40
 1ec:	80050513          	addi	a0,a0,-2048 # 40010800 <__global_pointer$+0x2000ffd8>
 1f0:	c43e                	sw	a5,8(sp)
 1f2:	2439                	jal	400 <GPIO_Init>
 1f4:	40011537          	lui	a0,0x40011
 1f8:	858a                	mv	a1,sp
 1fa:	2419                	jal	400 <GPIO_Init>
 1fc:	e000e7b7          	lui	a5,0xe000e
 200:	6705                	lui	a4,0x1
 202:	18e7a023          	sw	a4,384(a5) # e000e180 <__global_pointer$+0xc000d958>
 206:	4501                	li	a0,0
 208:	26a5                	jal	570 <RCC_LSICmd>
 20a:	06100513          	li	a0,97
 20e:	21a1                	jal	656 <RCC_GetFlagStatus>
 210:	4785                	li	a5,1
 212:	fef50ce3          	beq	a0,a5,20a <main+0x6c>
 216:	4509                	li	a0,2
 218:	24ed                	jal	502 <PWR_EnterSTANDBYMode>
 21a:	e000e7b7          	lui	a5,0xe000e
 21e:	6705                	lui	a4,0x1
 220:	6571                	lui	a0,0x1c
 222:	10e7a023          	sw	a4,256(a5) # e000e100 <__global_pointer$+0xc000d8d8>
 226:	20050513          	addi	a0,a0,512 # 1c200 <_data_lma+0x1b2e8>
 22a:	2511                	jal	82e <USART_Printf_Init>
 22c:	00001537          	lui	a0,0x1
 230:	edc50513          	addi	a0,a0,-292 # edc <puts+0x56>
 234:	453000ef          	jal	ra,e86 <puts>
 238:	00001437          	lui	s0,0x1
 23c:	3e800513          	li	a0,1000
 240:	2b6d                	jal	7fa <Delay_Ms>
 242:	f0040513          	addi	a0,s0,-256 # f00 <puts+0x7a>
 246:	441000ef          	jal	ra,e86 <puts>
 24a:	bfcd                	j	23c <main+0x9e>

0000024c <SystemInit>:
 24c:	400217b7          	lui	a5,0x40021
 250:	4398                	lw	a4,0(a5)
 252:	fcff06b7          	lui	a3,0xfcff0
 256:	00176713          	ori	a4,a4,1
 25a:	c398                	sw	a4,0(a5)
 25c:	43d8                	lw	a4,4(a5)
 25e:	8f75                	and	a4,a4,a3
 260:	c3d8                	sw	a4,4(a5)
 262:	4398                	lw	a4,0(a5)
 264:	fef706b7          	lui	a3,0xfef70
 268:	16fd                	addi	a3,a3,-1
 26a:	8f75                	and	a4,a4,a3
 26c:	c398                	sw	a4,0(a5)
 26e:	4398                	lw	a4,0(a5)
 270:	fffc06b7          	lui	a3,0xfffc0
 274:	16fd                	addi	a3,a3,-1
 276:	8f75                	and	a4,a4,a3
 278:	c398                	sw	a4,0(a5)
 27a:	43d4                	lw	a3,4(a5)
 27c:	7741                	lui	a4,0xffff0
 27e:	177d                	addi	a4,a4,-1
 280:	8ef9                	and	a3,a3,a4
 282:	c3d4                	sw	a3,4(a5)
 284:	009f06b7          	lui	a3,0x9f0
 288:	c794                	sw	a3,8(a5)
 28a:	400226b7          	lui	a3,0x40022
 28e:	4290                	lw	a2,0(a3)
 290:	9a71                	andi	a2,a2,-4
 292:	c290                	sw	a2,0(a3)
 294:	4290                	lw	a2,0(a3)
 296:	00166613          	ori	a2,a2,1
 29a:	c290                	sw	a2,0(a3)
 29c:	43d4                	lw	a3,4(a5)
 29e:	c3d4                	sw	a3,4(a5)
 2a0:	43d4                	lw	a3,4(a5)
 2a2:	8f75                	and	a4,a4,a3
 2a4:	c3d8                	sw	a4,4(a5)
 2a6:	43d8                	lw	a4,4(a5)
 2a8:	010006b7          	lui	a3,0x1000
 2ac:	c3d8                	sw	a4,4(a5)
 2ae:	4398                	lw	a4,0(a5)
 2b0:	8f55                	or	a4,a4,a3
 2b2:	c398                	sw	a4,0(a5)
 2b4:	4398                	lw	a4,0(a5)
 2b6:	00671693          	slli	a3,a4,0x6
 2ba:	fe06dde3          	bgez	a3,2b4 <SystemInit+0x68>
 2be:	43d8                	lw	a4,4(a5)
 2c0:	400216b7          	lui	a3,0x40021
 2c4:	9b71                	andi	a4,a4,-4
 2c6:	c3d8                	sw	a4,4(a5)
 2c8:	43d8                	lw	a4,4(a5)
 2ca:	00276713          	ori	a4,a4,2
 2ce:	c3d8                	sw	a4,4(a5)
 2d0:	4721                	li	a4,8
 2d2:	42dc                	lw	a5,4(a3)
 2d4:	8bb1                	andi	a5,a5,12
 2d6:	fee79ee3          	bne	a5,a4,2d2 <SystemInit+0x86>
 2da:	8082                	ret
 2dc:	a001                	j	2dc <SystemInit+0x90>
 2de:	a001                	j	2de <SystemInit+0x92>
 2e0:	a001                	j	2e0 <SystemInit+0x94>

000002e2 <SW_Handler>:
 2e2:	a001                	j	2e2 <SW_Handler>

000002e4 <WWDG_IRQHandler>:
 2e4:	a001                	j	2e4 <WWDG_IRQHandler>

000002e6 <PVD_IRQHandler>:
 2e6:	a001                	j	2e6 <PVD_IRQHandler>

000002e8 <FLASH_IRQHandler>:
 2e8:	a001                	j	2e8 <FLASH_IRQHandler>

000002ea <RCC_IRQHandler>:
 2ea:	a001                	j	2ea <RCC_IRQHandler>

000002ec <EXTI7_0_IRQHandler>:
 2ec:	a001                	j	2ec <EXTI7_0_IRQHandler>

000002ee <AWU_IRQHandler>:
 2ee:	a001                	j	2ee <AWU_IRQHandler>

000002f0 <DMA1_Channel1_IRQHandler>:
 2f0:	a001                	j	2f0 <DMA1_Channel1_IRQHandler>

000002f2 <DMA1_Channel2_IRQHandler>:
 2f2:	a001                	j	2f2 <DMA1_Channel2_IRQHandler>

000002f4 <DMA1_Channel3_IRQHandler>:
 2f4:	a001                	j	2f4 <DMA1_Channel3_IRQHandler>

000002f6 <DMA1_Channel4_IRQHandler>:
 2f6:	a001                	j	2f6 <DMA1_Channel4_IRQHandler>

000002f8 <DMA1_Channel5_IRQHandler>:
 2f8:	a001                	j	2f8 <DMA1_Channel5_IRQHandler>

000002fa <DMA1_Channel6_IRQHandler>:
 2fa:	a001                	j	2fa <DMA1_Channel6_IRQHandler>

000002fc <DMA1_Channel7_IRQHandler>:
 2fc:	a001                	j	2fc <DMA1_Channel7_IRQHandler>

000002fe <ADC1_IRQHandler>:
 2fe:	a001                	j	2fe <ADC1_IRQHandler>

00000300 <I2C1_EV_IRQHandler>:
 300:	a001                	j	300 <I2C1_EV_IRQHandler>

00000302 <I2C1_ER_IRQHandler>:
 302:	a001                	j	302 <I2C1_ER_IRQHandler>

00000304 <USART1_IRQHandler>:
 304:	a001                	j	304 <USART1_IRQHandler>

00000306 <SPI1_IRQHandler>:
 306:	a001                	j	306 <SPI1_IRQHandler>

00000308 <TIM1_BRK_IRQHandler>:
 308:	a001                	j	308 <TIM1_BRK_IRQHandler>

0000030a <TIM1_UP_IRQHandler>:
 30a:	a001                	j	30a <TIM1_UP_IRQHandler>

0000030c <TIM1_TRG_COM_IRQHandler>:
 30c:	a001                	j	30c <TIM1_TRG_COM_IRQHandler>

0000030e <TIM1_CC_IRQHandler>:
 30e:	a001                	j	30e <TIM1_CC_IRQHandler>

00000310 <TIM2_IRQHandler>:
 310:	a001                	j	310 <TIM2_IRQHandler>

00000312 <handle_reset>:
 312:	20000197          	auipc	gp,0x20000
 316:	51618193          	addi	gp,gp,1302 # 20000828 <__global_pointer$>
 31a:	fd818113          	addi	sp,gp,-40 # 20000800 <_eusrstack>
 31e:	00001517          	auipc	a0,0x1
 322:	bfa50513          	addi	a0,a0,-1030 # f18 <_data_lma>
 326:	20000597          	auipc	a1,0x20000
 32a:	cda58593          	addi	a1,a1,-806 # 20000000 <_data_vma>
 32e:	20000617          	auipc	a2,0x20000
 332:	cfa60613          	addi	a2,a2,-774 # 20000028 <_edata>
 336:	00c5fa63          	bgeu	a1,a2,34a <handle_reset+0x38>
 33a:	00052283          	lw	t0,0(a0)
 33e:	0055a023          	sw	t0,0(a1)
 342:	0511                	addi	a0,a0,4
 344:	0591                	addi	a1,a1,4
 346:	fec5eae3          	bltu	a1,a2,33a <handle_reset+0x28>
 34a:	20000517          	auipc	a0,0x20000
 34e:	cde50513          	addi	a0,a0,-802 # 20000028 <_edata>
 352:	80818593          	addi	a1,gp,-2040 # 20000030 <_ebss>
 356:	00b57763          	bgeu	a0,a1,364 <handle_reset+0x52>
 35a:	00052023          	sw	zero,0(a0)
 35e:	0511                	addi	a0,a0,4
 360:	feb56de3          	bltu	a0,a1,35a <handle_reset+0x48>
 364:	08000293          	li	t0,128
 368:	30029073          	csrw	mstatus,t0
 36c:	428d                	li	t0,3
 36e:	80429073          	csrw	0x804,t0
 372:	00000297          	auipc	t0,0x0
 376:	c8e28293          	addi	t0,t0,-882 # 0 <_sinit>
 37a:	0032e293          	ori	t0,t0,3
 37e:	30529073          	csrw	mtvec,t0
 382:	ecbff0ef          	jal	ra,24c <SystemInit>
 386:	00000297          	auipc	t0,0x0
 38a:	e1828293          	addi	t0,t0,-488 # 19e <main>
 38e:	34129073          	csrw	mepc,t0
 392:	30200073          	mret

00000396 <EXTI_Init>:
 396:	4158                	lw	a4,4(a0)
 398:	00052303          	lw	t1,0(a0)
 39c:	454c                	lw	a1,12(a0)
 39e:	40010637          	lui	a2,0x40010
 3a2:	40060793          	addi	a5,a2,1024 # 40010400 <__global_pointer$+0x2000fbd8>
 3a6:	973e                	add	a4,a4,a5
 3a8:	fff34693          	not	a3,t1
 3ac:	c5b1                	beqz	a1,3f8 <EXTI_Init+0x62>
 3ae:	40062583          	lw	a1,1024(a2)
 3b2:	8df5                	and	a1,a1,a3
 3b4:	40b62023          	sw	a1,1024(a2)
 3b8:	43d0                	lw	a2,4(a5)
 3ba:	8ef1                	and	a3,a3,a2
 3bc:	c3d4                	sw	a3,4(a5)
 3be:	4314                	lw	a3,0(a4)
 3c0:	0066e6b3          	or	a3,a3,t1
 3c4:	c314                	sw	a3,0(a4)
 3c6:	4118                	lw	a4,0(a0)
 3c8:	4790                	lw	a2,8(a5)
 3ca:	fff74693          	not	a3,a4
 3ce:	8e75                	and	a2,a2,a3
 3d0:	c790                	sw	a2,8(a5)
 3d2:	47d0                	lw	a2,12(a5)
 3d4:	8ef1                	and	a3,a3,a2
 3d6:	c7d4                	sw	a3,12(a5)
 3d8:	4514                	lw	a3,8(a0)
 3da:	4641                	li	a2,16
 3dc:	00c69963          	bne	a3,a2,3ee <EXTI_Init+0x58>
 3e0:	4794                	lw	a3,8(a5)
 3e2:	8ed9                	or	a3,a3,a4
 3e4:	c794                	sw	a3,8(a5)
 3e6:	47d4                	lw	a3,12(a5)
 3e8:	8f55                	or	a4,a4,a3
 3ea:	c7d8                	sw	a4,12(a5)
 3ec:	8082                	ret
 3ee:	97b6                	add	a5,a5,a3
 3f0:	4394                	lw	a3,0(a5)
 3f2:	8f55                	or	a4,a4,a3
 3f4:	c398                	sw	a4,0(a5)
 3f6:	8082                	ret
 3f8:	431c                	lw	a5,0(a4)
 3fa:	8ff5                	and	a5,a5,a3
 3fc:	c31c                	sw	a5,0(a4)
 3fe:	8082                	ret

00000400 <GPIO_Init>:
 400:	459c                	lw	a5,8(a1)
 402:	1161                	addi	sp,sp,-8
 404:	c222                	sw	s0,4(sp)
 406:	c026                	sw	s1,0(sp)
 408:	0107f713          	andi	a4,a5,16
 40c:	00f7f313          	andi	t1,a5,15
 410:	c701                	beqz	a4,418 <GPIO_Init+0x18>
 412:	41d8                	lw	a4,4(a1)
 414:	00e36333          	or	t1,t1,a4
 418:	2192                	lhu	a2,0(a1)
 41a:	0ff67713          	andi	a4,a2,255
 41e:	c729                	beqz	a4,468 <GPIO_Init+0x68>
 420:	00052383          	lw	t2,0(a0)
 424:	4701                	li	a4,0
 426:	02800413          	li	s0,40
 42a:	04800493          	li	s1,72
 42e:	4685                	li	a3,1
 430:	00e695b3          	sll	a1,a3,a4
 434:	00b676b3          	and	a3,a2,a1
 438:	02d59263          	bne	a1,a3,45c <GPIO_Init+0x5c>
 43c:	00271293          	slli	t0,a4,0x2
 440:	46bd                	li	a3,15
 442:	005696b3          	sll	a3,a3,t0
 446:	fff6c693          	not	a3,a3
 44a:	0076f3b3          	and	t2,a3,t2
 44e:	005312b3          	sll	t0,t1,t0
 452:	0072e3b3          	or	t2,t0,t2
 456:	06879763          	bne	a5,s0,4c4 <GPIO_Init+0xc4>
 45a:	c94c                	sw	a1,20(a0)
 45c:	0705                	addi	a4,a4,1
 45e:	46a1                	li	a3,8
 460:	fcd717e3          	bne	a4,a3,42e <GPIO_Init+0x2e>
 464:	00752023          	sw	t2,0(a0)
 468:	0ff00713          	li	a4,255
 46c:	04c77863          	bgeu	a4,a2,4bc <GPIO_Init+0xbc>
 470:	00452383          	lw	t2,4(a0)
 474:	46a1                	li	a3,8
 476:	02800413          	li	s0,40
 47a:	04800493          	li	s1,72
 47e:	4705                	li	a4,1
 480:	00d712b3          	sll	t0,a4,a3
 484:	00567733          	and	a4,a2,t0
 488:	02e29463          	bne	t0,a4,4b0 <GPIO_Init+0xb0>
 48c:	00269713          	slli	a4,a3,0x2
 490:	1701                	addi	a4,a4,-32
 492:	45bd                	li	a1,15
 494:	00e595b3          	sll	a1,a1,a4
 498:	fff5c593          	not	a1,a1
 49c:	0075f3b3          	and	t2,a1,t2
 4a0:	00e31733          	sll	a4,t1,a4
 4a4:	007763b3          	or	t2,a4,t2
 4a8:	02879263          	bne	a5,s0,4cc <GPIO_Init+0xcc>
 4ac:	00552a23          	sw	t0,20(a0)
 4b0:	0685                	addi	a3,a3,1
 4b2:	4741                	li	a4,16
 4b4:	fce695e3          	bne	a3,a4,47e <GPIO_Init+0x7e>
 4b8:	00752223          	sw	t2,4(a0)
 4bc:	4412                	lw	s0,4(sp)
 4be:	4482                	lw	s1,0(sp)
 4c0:	0121                	addi	sp,sp,8
 4c2:	8082                	ret
 4c4:	f8979ce3          	bne	a5,s1,45c <GPIO_Init+0x5c>
 4c8:	c90c                	sw	a1,16(a0)
 4ca:	bf49                	j	45c <GPIO_Init+0x5c>
 4cc:	fe9792e3          	bne	a5,s1,4b0 <GPIO_Init+0xb0>
 4d0:	00552823          	sw	t0,16(a0)
 4d4:	bff1                	j	4b0 <GPIO_Init+0xb0>

000004d6 <GPIO_EXTILineConfig>:
 4d6:	40010737          	lui	a4,0x40010
 4da:	4714                	lw	a3,8(a4)
 4dc:	0586                	slli	a1,a1,0x1
 4de:	478d                	li	a5,3
 4e0:	00b797b3          	sll	a5,a5,a1
 4e4:	fff7c793          	not	a5,a5
 4e8:	8ff5                	and	a5,a5,a3
 4ea:	c71c                	sw	a5,8(a4)
 4ec:	471c                	lw	a5,8(a4)
 4ee:	00b515b3          	sll	a1,a0,a1
 4f2:	8ddd                	or	a1,a1,a5
 4f4:	c70c                	sw	a1,8(a4)
 4f6:	8082                	ret

000004f8 <NVIC_PriorityGroupConfig>:
 4f8:	200007b7          	lui	a5,0x20000
 4fc:	02a7a423          	sw	a0,40(a5) # 20000028 <_edata>
 500:	8082                	ret

00000502 <PWR_EnterSTANDBYMode>:
 502:	400077b7          	lui	a5,0x40007
 506:	4398                	lw	a4,0(a5)
 508:	9b75                	andi	a4,a4,-3
 50a:	c398                	sw	a4,0(a5)
 50c:	4398                	lw	a4,0(a5)
 50e:	00276713          	ori	a4,a4,2
 512:	c398                	sw	a4,0(a5)
 514:	e000f7b7          	lui	a5,0xe000f
 518:	d107a703          	lw	a4,-752(a5) # e000ed10 <__global_pointer$+0xc000e4e8>
 51c:	00476713          	ori	a4,a4,4
 520:	d0e7a823          	sw	a4,-752(a5)
 524:	4705                	li	a4,1
 526:	02e51163          	bne	a0,a4,548 <PWR_EnterSTANDBYMode+0x46>
 52a:	d107a703          	lw	a4,-752(a5)
 52e:	9b5d                	andi	a4,a4,-9
 530:	d0e7a823          	sw	a4,-752(a5)
 534:	10500073          	wfi
 538:	e000f737          	lui	a4,0xe000f
 53c:	d1072783          	lw	a5,-752(a4) # e000ed10 <__global_pointer$+0xc000e4e8>
 540:	9bed                	andi	a5,a5,-5
 542:	d0f72823          	sw	a5,-752(a4)
 546:	8082                	ret
 548:	d107a683          	lw	a3,-752(a5)
 54c:	d107a703          	lw	a4,-752(a5)
 550:	0206f693          	andi	a3,a3,32
 554:	02876713          	ori	a4,a4,40
 558:	d0e7a823          	sw	a4,-752(a5)
 55c:	d107a703          	lw	a4,-752(a5)
 560:	fdf77713          	andi	a4,a4,-33
 564:	8f55                	or	a4,a4,a3
 566:	d0e7a823          	sw	a4,-752(a5)
 56a:	10500073          	wfi
 56e:	b7d9                	j	534 <PWR_EnterSTANDBYMode+0x32>

00000570 <RCC_LSICmd>:
 570:	40021737          	lui	a4,0x40021
 574:	535c                	lw	a5,36(a4)
 576:	c509                	beqz	a0,580 <RCC_LSICmd+0x10>
 578:	0017e793          	ori	a5,a5,1
 57c:	d35c                	sw	a5,36(a4)
 57e:	8082                	ret
 580:	9bf9                	andi	a5,a5,-2
 582:	bfed                	j	57c <RCC_LSICmd+0xc>

00000584 <RCC_GetClocksFreq>:
 584:	b1dff2ef          	jal	t0,a0 <__riscv_save_0>
 588:	40021737          	lui	a4,0x40021
 58c:	435c                	lw	a5,4(a4)
 58e:	4691                	li	a3,4
 590:	842a                	mv	s0,a0
 592:	8bb1                	andi	a5,a5,12
 594:	00d78563          	beq	a5,a3,59e <RCC_GetClocksFreq+0x1a>
 598:	46a1                	li	a3,8
 59a:	06d78a63          	beq	a5,a3,60e <RCC_GetClocksFreq+0x8a>
 59e:	016e37b7          	lui	a5,0x16e3
 5a2:	60078793          	addi	a5,a5,1536 # 16e3600 <_data_lma+0x16e26e8>
 5a6:	c01c                	sw	a5,0(s0)
 5a8:	400216b7          	lui	a3,0x40021
 5ac:	42dc                	lw	a5,4(a3)
 5ae:	8391                	srli	a5,a5,0x4
 5b0:	00f7f713          	andi	a4,a5,15
 5b4:	200007b7          	lui	a5,0x20000
 5b8:	01878793          	addi	a5,a5,24 # 20000018 <APBAHBPrescTable>
 5bc:	97ba                	add	a5,a5,a4
 5be:	238c                	lbu	a1,0(a5)
 5c0:	42dc                	lw	a5,4(a3)
 5c2:	4018                	lw	a4,0(s0)
 5c4:	0ff5f593          	andi	a1,a1,255
 5c8:	0807f793          	andi	a5,a5,128
 5cc:	00b75533          	srl	a0,a4,a1
 5d0:	e399                	bnez	a5,5d6 <RCC_GetClocksFreq+0x52>
 5d2:	853a                	mv	a0,a4
 5d4:	3601                	jal	d4 <__udivsi3>
 5d6:	c048                	sw	a0,4(s0)
 5d8:	c408                	sw	a0,8(s0)
 5da:	c448                	sw	a0,12(s0)
 5dc:	400217b7          	lui	a5,0x40021
 5e0:	43dc                	lw	a5,4(a5)
 5e2:	83ad                	srli	a5,a5,0xb
 5e4:	8bfd                	andi	a5,a5,31
 5e6:	0037d713          	srli	a4,a5,0x3
 5ea:	078a                	slli	a5,a5,0x2
 5ec:	8bf1                	andi	a5,a5,28
 5ee:	8fd9                	or	a5,a5,a4
 5f0:	0137f693          	andi	a3,a5,19
 5f4:	470d                	li	a4,3
 5f6:	00d77363          	bgeu	a4,a3,5fc <RCC_GetClocksFreq+0x78>
 5fa:	17d1                	addi	a5,a5,-12
 5fc:	20000737          	lui	a4,0x20000
 600:	00470713          	addi	a4,a4,4 # 20000004 <ADCPrescTable>
 604:	97ba                	add	a5,a5,a4
 606:	238c                	lbu	a1,0(a5)
 608:	34f1                	jal	d4 <__udivsi3>
 60a:	c808                	sw	a0,16(s0)
 60c:	bc79                	j	aa <__riscv_restore_0>
 60e:	435c                	lw	a5,4(a4)
 610:	02dc77b7          	lui	a5,0x2dc7
 614:	c0078793          	addi	a5,a5,-1024 # 2dc6c00 <_data_lma+0x2dc5ce8>
 618:	b779                	j	5a6 <RCC_GetClocksFreq+0x22>

0000061a <RCC_APB2PeriphClockCmd>:
 61a:	c599                	beqz	a1,628 <RCC_APB2PeriphClockCmd+0xe>
 61c:	40021737          	lui	a4,0x40021
 620:	4f1c                	lw	a5,24(a4)
 622:	8d5d                	or	a0,a0,a5
 624:	cf08                	sw	a0,24(a4)
 626:	8082                	ret
 628:	400217b7          	lui	a5,0x40021
 62c:	4f98                	lw	a4,24(a5)
 62e:	fff54513          	not	a0,a0
 632:	8d79                	and	a0,a0,a4
 634:	cf88                	sw	a0,24(a5)
 636:	8082                	ret

00000638 <RCC_APB1PeriphClockCmd>:
 638:	c599                	beqz	a1,646 <RCC_APB1PeriphClockCmd+0xe>
 63a:	40021737          	lui	a4,0x40021
 63e:	4f5c                	lw	a5,28(a4)
 640:	8d5d                	or	a0,a0,a5
 642:	cf48                	sw	a0,28(a4)
 644:	8082                	ret
 646:	400217b7          	lui	a5,0x40021
 64a:	4fd8                	lw	a4,28(a5)
 64c:	fff54513          	not	a0,a0
 650:	8d79                	and	a0,a0,a4
 652:	cfc8                	sw	a0,28(a5)
 654:	8082                	ret

00000656 <RCC_GetFlagStatus>:
 656:	00555713          	srli	a4,a0,0x5
 65a:	4785                	li	a5,1
 65c:	00f71963          	bne	a4,a5,66e <RCC_GetFlagStatus+0x18>
 660:	400217b7          	lui	a5,0x40021
 664:	439c                	lw	a5,0(a5)
 666:	00a7d533          	srl	a0,a5,a0
 66a:	8905                	andi	a0,a0,1
 66c:	8082                	ret
 66e:	400217b7          	lui	a5,0x40021
 672:	53dc                	lw	a5,36(a5)
 674:	bfcd                	j	666 <RCC_GetFlagStatus+0x10>

00000676 <USART_Init>:
 676:	a2bff2ef          	jal	t0,a0 <__riscv_save_0>
 67a:	2916                	lhu	a3,16(a0)
 67c:	77f5                	lui	a5,0xffffd
 67e:	17fd                	addi	a5,a5,-1
 680:	8ff5                	and	a5,a5,a3
 682:	21f6                	lhu	a3,6(a1)
 684:	25da                	lhu	a4,12(a1)
 686:	1121                	addi	sp,sp,-24
 688:	8fd5                	or	a5,a5,a3
 68a:	a91e                	sh	a5,16(a0)
 68c:	2556                	lhu	a3,12(a0)
 68e:	77fd                	lui	a5,0xfffff
 690:	9f378793          	addi	a5,a5,-1549 # ffffe9f3 <__global_pointer$+0xdfffe1cb>
 694:	8ff5                	and	a5,a5,a3
 696:	21d6                	lhu	a3,4(a1)
 698:	842a                	mv	s0,a0
 69a:	c02e                	sw	a1,0(sp)
 69c:	8fd5                	or	a5,a5,a3
 69e:	2596                	lhu	a3,8(a1)
 6a0:	8fd5                	or	a5,a5,a3
 6a2:	25b6                	lhu	a3,10(a1)
 6a4:	8fd5                	or	a5,a5,a3
 6a6:	a55e                	sh	a5,12(a0)
 6a8:	295e                	lhu	a5,20(a0)
 6aa:	07c2                	slli	a5,a5,0x10
 6ac:	83c1                	srli	a5,a5,0x10
 6ae:	cff7f793          	andi	a5,a5,-769
 6b2:	8f5d                	or	a4,a4,a5
 6b4:	a95a                	sh	a4,20(a0)
 6b6:	0048                	addi	a0,sp,4
 6b8:	35f1                	jal	584 <RCC_GetClocksFreq>
 6ba:	400147b7          	lui	a5,0x40014
 6be:	80078793          	addi	a5,a5,-2048 # 40013800 <__global_pointer$+0x20012fd8>
 6c2:	4582                	lw	a1,0(sp)
 6c4:	04f41d63          	bne	s0,a5,71e <USART_Init+0xa8>
 6c8:	47c2                	lw	a5,16(sp)
 6ca:	245a                	lhu	a4,12(s0)
 6cc:	00179513          	slli	a0,a5,0x1
 6d0:	953e                	add	a0,a0,a5
 6d2:	0742                	slli	a4,a4,0x10
 6d4:	050e                	slli	a0,a0,0x3
 6d6:	8741                	srai	a4,a4,0x10
 6d8:	953e                	add	a0,a0,a5
 6da:	418c                	lw	a1,0(a1)
 6dc:	04075363          	bgez	a4,722 <USART_Init+0xac>
 6e0:	0586                	slli	a1,a1,0x1
 6e2:	3acd                	jal	d4 <__udivsi3>
 6e4:	06400593          	li	a1,100
 6e8:	c02a                	sw	a0,0(sp)
 6ea:	32ed                	jal	d4 <__udivsi3>
 6ec:	4782                	lw	a5,0(sp)
 6ee:	00451493          	slli	s1,a0,0x4
 6f2:	06400593          	li	a1,100
 6f6:	853e                	mv	a0,a5
 6f8:	3421                	jal	100 <__umodsi3>
 6fa:	245e                	lhu	a5,12(s0)
 6fc:	07c2                	slli	a5,a5,0x10
 6fe:	87c1                	srai	a5,a5,0x10
 700:	0207d363          	bgez	a5,726 <USART_Init+0xb0>
 704:	050e                	slli	a0,a0,0x3
 706:	06400593          	li	a1,100
 70a:	03250513          	addi	a0,a0,50
 70e:	32d9                	jal	d4 <__udivsi3>
 710:	891d                	andi	a0,a0,7
 712:	8cc9                	or	s1,s1,a0
 714:	04c2                	slli	s1,s1,0x10
 716:	80c1                	srli	s1,s1,0x10
 718:	a406                	sh	s1,8(s0)
 71a:	0161                	addi	sp,sp,24
 71c:	b279                	j	aa <__riscv_restore_0>
 71e:	47b2                	lw	a5,12(sp)
 720:	b76d                	j	6ca <USART_Init+0x54>
 722:	058a                	slli	a1,a1,0x2
 724:	bf7d                	j	6e2 <USART_Init+0x6c>
 726:	0512                	slli	a0,a0,0x4
 728:	06400593          	li	a1,100
 72c:	03250513          	addi	a0,a0,50
 730:	3255                	jal	d4 <__udivsi3>
 732:	893d                	andi	a0,a0,15
 734:	bff9                	j	712 <USART_Init+0x9c>

00000736 <USART_Cmd>:
 736:	c591                	beqz	a1,742 <USART_Cmd+0xc>
 738:	255e                	lhu	a5,12(a0)
 73a:	6709                	lui	a4,0x2
 73c:	8fd9                	or	a5,a5,a4
 73e:	a55e                	sh	a5,12(a0)
 740:	8082                	ret
 742:	255a                	lhu	a4,12(a0)
 744:	77f9                	lui	a5,0xffffe
 746:	17fd                	addi	a5,a5,-1
 748:	8ff9                	and	a5,a5,a4
 74a:	bfd5                	j	73e <USART_Cmd+0x8>

0000074c <USART_SendData>:
 74c:	1ff5f593          	andi	a1,a1,511
 750:	a14e                	sh	a1,4(a0)
 752:	8082                	ret

00000754 <USART_GetFlagStatus>:
 754:	210a                	lhu	a0,0(a0)
 756:	8d6d                	and	a0,a0,a1
 758:	00a03533          	snez	a0,a0
 75c:	8082                	ret

0000075e <SysTick_Init>:
 75e:	943ff2ef          	jal	t0,a0 <__riscv_save_0>
 762:	e000f437          	lui	s0,0xe000f
 766:	00042023          	sw	zero,0(s0) # e000f000 <__global_pointer$+0xc000e7d8>
 76a:	6705                	lui	a4,0x1
 76c:	e000e7b7          	lui	a5,0xe000e
 770:	10e7a023          	sw	a4,256(a5) # e000e100 <__global_pointer$+0xc000d8d8>
 774:	200007b7          	lui	a5,0x20000
 778:	0007a503          	lw	a0,0(a5) # 20000000 <_data_vma>
 77c:	3e800593          	li	a1,1000
 780:	3a91                	jal	d4 <__udivsi3>
 782:	157d                	addi	a0,a0,-1
 784:	c808                	sw	a0,16(s0)
 786:	00042423          	sw	zero,8(s0)
 78a:	200007b7          	lui	a5,0x20000
 78e:	0207a623          	sw	zero,44(a5) # 2000002c <systick_cnt>
 792:	479d                	li	a5,7
 794:	c01c                	sw	a5,0(s0)
 796:	ba11                	j	aa <__riscv_restore_0>

00000798 <SysTick_Handler>:
 798:	7179                	addi	sp,sp,-48
 79a:	c03e                	sw	a5,0(sp)
 79c:	200007b7          	lui	a5,0x20000
 7a0:	ce22                	sw	s0,28(sp)
 7a2:	ca2a                	sw	a0,20(sp)
 7a4:	e000f437          	lui	s0,0xe000f
 7a8:	0007a503          	lw	a0,0(a5) # 20000000 <_data_vma>
 7ac:	cc26                	sw	s1,24(sp)
 7ae:	4804                	lw	s1,16(s0)
 7b0:	c82e                	sw	a1,16(sp)
 7b2:	3e800593          	li	a1,1000
 7b6:	c23a                	sw	a4,4(sp)
 7b8:	d606                	sw	ra,44(sp)
 7ba:	d416                	sw	t0,40(sp)
 7bc:	d21a                	sw	t1,36(sp)
 7be:	d01e                	sw	t2,32(sp)
 7c0:	c632                	sw	a2,12(sp)
 7c2:	c436                	sw	a3,8(sp)
 7c4:	3a01                	jal	d4 <__udivsi3>
 7c6:	9526                	add	a0,a0,s1
 7c8:	c808                	sw	a0,16(s0)
 7ca:	200007b7          	lui	a5,0x20000
 7ce:	00042223          	sw	zero,4(s0) # e000f004 <__global_pointer$+0xc000e7dc>
 7d2:	02c78793          	addi	a5,a5,44 # 2000002c <systick_cnt>
 7d6:	4398                	lw	a4,0(a5)
 7d8:	4472                	lw	s0,28(sp)
 7da:	50b2                	lw	ra,44(sp)
 7dc:	0705                	addi	a4,a4,1
 7de:	c398                	sw	a4,0(a5)
 7e0:	52a2                	lw	t0,40(sp)
 7e2:	5312                	lw	t1,36(sp)
 7e4:	5382                	lw	t2,32(sp)
 7e6:	44e2                	lw	s1,24(sp)
 7e8:	4552                	lw	a0,20(sp)
 7ea:	45c2                	lw	a1,16(sp)
 7ec:	4632                	lw	a2,12(sp)
 7ee:	46a2                	lw	a3,8(sp)
 7f0:	4712                	lw	a4,4(sp)
 7f2:	4782                	lw	a5,0(sp)
 7f4:	6145                	addi	sp,sp,48
 7f6:	30200073          	mret

000007fa <Delay_Ms>:
 7fa:	8a7ff2ef          	jal	t0,a0 <__riscv_save_0>
 7fe:	e000f7b7          	lui	a5,0xe000f
 802:	4780                	lw	s0,8(a5)
 804:	200007b7          	lui	a5,0x20000
 808:	84aa                	mv	s1,a0
 80a:	0007a503          	lw	a0,0(a5) # 20000000 <_data_vma>
 80e:	3e800593          	li	a1,1000
 812:	8c3ff0ef          	jal	ra,d4 <__udivsi3>
 816:	85a6                	mv	a1,s1
 818:	89dff0ef          	jal	ra,b4 <__mulsi3>
 81c:	9522                	add	a0,a0,s0
 81e:	e000f737          	lui	a4,0xe000f
 822:	471c                	lw	a5,8(a4)
 824:	8f89                	sub	a5,a5,a0
 826:	fe07cee3          	bltz	a5,822 <Delay_Ms+0x28>
 82a:	881ff06f          	j	aa <__riscv_restore_0>

0000082e <USART_Printf_Init>:
 82e:	873ff2ef          	jal	t0,a0 <__riscv_save_0>
 832:	842a                	mv	s0,a0
 834:	6511                	lui	a0,0x4
 836:	1111                	addi	sp,sp,-28
 838:	4585                	li	a1,1
 83a:	02050513          	addi	a0,a0,32 # 4020 <_data_lma+0x3108>
 83e:	3bf1                	jal	61a <RCC_APB2PeriphClockCmd>
 840:	02000793          	li	a5,32
 844:	807c                	sh	a5,0(sp)
 846:	40011537          	lui	a0,0x40011
 84a:	478d                	li	a5,3
 84c:	c23e                	sw	a5,4(sp)
 84e:	858a                	mv	a1,sp
 850:	47e1                	li	a5,24
 852:	40050513          	addi	a0,a0,1024 # 40011400 <__global_pointer$+0x20010bd8>
 856:	c43e                	sw	a5,8(sp)
 858:	3665                	jal	400 <GPIO_Init>
 85a:	c622                	sw	s0,12(sp)
 85c:	40014437          	lui	s0,0x40014
 860:	000807b7          	lui	a5,0x80
 864:	006c                	addi	a1,sp,12
 866:	80040513          	addi	a0,s0,-2048 # 40013800 <__global_pointer$+0x20012fd8>
 86a:	ca3e                	sw	a5,20(sp)
 86c:	c802                	sw	zero,16(sp)
 86e:	00011c23          	sh	zero,24(sp)
 872:	3511                	jal	676 <USART_Init>
 874:	4585                	li	a1,1
 876:	80040513          	addi	a0,s0,-2048
 87a:	3d75                	jal	736 <USART_Cmd>
 87c:	0171                	addi	sp,sp,28
 87e:	82dff06f          	j	aa <__riscv_restore_0>

00000882 <_write>:
 882:	81fff2ef          	jal	t0,a0 <__riscv_save_0>
 886:	1171                	addi	sp,sp,-4
 888:	84ae                	mv	s1,a1
 88a:	4401                	li	s0,0
 88c:	02c45d63          	bge	s0,a2,8c6 <_write+0x44>
 890:	400147b7          	lui	a5,0x40014
 894:	80078713          	addi	a4,a5,-2048 # 40013800 <__global_pointer$+0x20012fd8>
 898:	853a                	mv	a0,a4
 89a:	04000593          	li	a1,64
 89e:	c032                	sw	a2,0(sp)
 8a0:	3d55                	jal	754 <USART_GetFlagStatus>
 8a2:	400147b7          	lui	a5,0x40014
 8a6:	80078713          	addi	a4,a5,-2048 # 40013800 <__global_pointer$+0x20012fd8>
 8aa:	4602                	lw	a2,0(sp)
 8ac:	d575                	beqz	a0,898 <_write+0x16>
 8ae:	00848733          	add	a4,s1,s0
 8b2:	00070583          	lb	a1,0(a4) # e000f000 <__global_pointer$+0xc000e7d8>
 8b6:	80078513          	addi	a0,a5,-2048
 8ba:	0405                	addi	s0,s0,1
 8bc:	05c2                	slli	a1,a1,0x10
 8be:	81c1                	srli	a1,a1,0x10
 8c0:	3571                	jal	74c <USART_SendData>
 8c2:	4602                	lw	a2,0(sp)
 8c4:	b7e1                	j	88c <_write+0xa>
 8c6:	8532                	mv	a0,a2
 8c8:	0111                	addi	sp,sp,4
 8ca:	fe0ff06f          	j	aa <__riscv_restore_0>

000008ce <printchar>:
 8ce:	1141                	addi	sp,sp,-16
 8d0:	c606                	sw	ra,12(sp)
 8d2:	c02e                	sw	a1,0(sp)
 8d4:	cd0d                	beqz	a0,90e <printchar+0x40>
 8d6:	4118                	lw	a4,0(a0)
 8d8:	87aa                	mv	a5,a0
 8da:	c305                	beqz	a4,8fa <printchar+0x2c>
 8dc:	4158                	lw	a4,4(a0)
 8de:	557d                	li	a0,-1
 8e0:	cb11                	beqz	a4,8f4 <printchar+0x26>
 8e2:	4685                	li	a3,1
 8e4:	00d71b63          	bne	a4,a3,8fa <printchar+0x2c>
 8e8:	4798                	lw	a4,8(a5)
 8ea:	00070023          	sb	zero,0(a4)
 8ee:	0007a223          	sw	zero,4(a5)
 8f2:	4505                	li	a0,1
 8f4:	40b2                	lw	ra,12(sp)
 8f6:	0141                	addi	sp,sp,16
 8f8:	8082                	ret
 8fa:	4798                	lw	a4,8(a5)
 8fc:	4682                	lw	a3,0(sp)
 8fe:	a314                	sb	a3,0(a4)
 900:	4798                	lw	a4,8(a5)
 902:	0705                	addi	a4,a4,1
 904:	c798                	sw	a4,8(a5)
 906:	43d8                	lw	a4,4(a5)
 908:	177d                	addi	a4,a4,-1
 90a:	c3d8                	sw	a4,4(a5)
 90c:	b7dd                	j	8f2 <printchar+0x24>
 90e:	4605                	li	a2,1
 910:	858a                	mv	a1,sp
 912:	3f85                	jal	882 <_write>
 914:	bff9                	j	8f2 <printchar+0x24>

00000916 <prints>:
 916:	1101                	addi	sp,sp,-32
 918:	cc22                	sw	s0,24(sp)
 91a:	c22e                	sw	a1,4(sp)
 91c:	ce06                	sw	ra,28(sp)
 91e:	ca26                	sw	s1,20(sp)
 920:	842a                	mv	s0,a0
 922:	4781                	li	a5,0
 924:	02000593          	li	a1,32
 928:	02064563          	bltz	a2,952 <prints+0x3c>
 92c:	4592                	lw	a1,4(sp)
 92e:	95be                	add	a1,a1,a5
 930:	00058583          	lb	a1,0(a1)
 934:	e58d                	bnez	a1,95e <prints+0x48>
 936:	02c7d863          	bge	a5,a2,966 <prints+0x50>
 93a:	02e7d463          	bge	a5,a4,962 <prints+0x4c>
 93e:	8e19                	sub	a2,a2,a4
 940:	02000513          	li	a0,32
 944:	0026f593          	andi	a1,a3,2
 948:	c02a                	sw	a0,0(sp)
 94a:	c589                	beqz	a1,954 <prints+0x3e>
 94c:	e701                	bnez	a4,954 <prints+0x3e>
 94e:	03000593          	li	a1,48
 952:	c02e                	sw	a1,0(sp)
 954:	8a85                	andi	a3,a3,1
 956:	4481                	li	s1,0
 958:	ea95                	bnez	a3,98c <prints+0x76>
 95a:	84b2                	mv	s1,a2
 95c:	a00d                	j	97e <prints+0x68>
 95e:	0785                	addi	a5,a5,1
 960:	b7f1                	j	92c <prints+0x16>
 962:	8e1d                	sub	a2,a2,a5
 964:	bff1                	j	940 <prints+0x2a>
 966:	4601                	li	a2,0
 968:	bfe1                	j	940 <prints+0x2a>
 96a:	4582                	lw	a1,0(sp)
 96c:	8522                	mv	a0,s0
 96e:	c83a                	sw	a4,16(sp)
 970:	c632                	sw	a2,12(sp)
 972:	c43e                	sw	a5,8(sp)
 974:	3fa9                	jal	8ce <printchar>
 976:	47a2                	lw	a5,8(sp)
 978:	4632                	lw	a2,12(sp)
 97a:	4742                	lw	a4,16(sp)
 97c:	14fd                	addi	s1,s1,-1
 97e:	fe9046e3          	bgtz	s1,96a <prints+0x54>
 982:	84b2                	mv	s1,a2
 984:	00065363          	bgez	a2,98a <prints+0x74>
 988:	4481                	li	s1,0
 98a:	8e05                	sub	a2,a2,s1
 98c:	02e7c763          	blt	a5,a4,9ba <prints+0xa4>
 990:	87a6                	mv	a5,s1
 992:	4692                	lw	a3,4(sp)
 994:	40978733          	sub	a4,a5,s1
 998:	9736                	add	a4,a4,a3
 99a:	00070583          	lb	a1,0(a4)
 99e:	ed95                	bnez	a1,9da <prints+0xc4>
 9a0:	84b2                	mv	s1,a2
 9a2:	04904463          	bgtz	s1,9ea <prints+0xd4>
 9a6:	00065363          	bgez	a2,9ac <prints+0x96>
 9aa:	4601                	li	a2,0
 9ac:	40f2                	lw	ra,28(sp)
 9ae:	4462                	lw	s0,24(sp)
 9b0:	44d2                	lw	s1,20(sp)
 9b2:	00f60533          	add	a0,a2,a5
 9b6:	6105                	addi	sp,sp,32
 9b8:	8082                	ret
 9ba:	8f1d                	sub	a4,a4,a5
 9bc:	87ba                	mv	a5,a4
 9be:	03000593          	li	a1,48
 9c2:	8522                	mv	a0,s0
 9c4:	c832                	sw	a2,16(sp)
 9c6:	c63e                	sw	a5,12(sp)
 9c8:	c43a                	sw	a4,8(sp)
 9ca:	3711                	jal	8ce <printchar>
 9cc:	47b2                	lw	a5,12(sp)
 9ce:	4722                	lw	a4,8(sp)
 9d0:	4642                	lw	a2,16(sp)
 9d2:	17fd                	addi	a5,a5,-1
 9d4:	f7ed                	bnez	a5,9be <prints+0xa8>
 9d6:	94ba                	add	s1,s1,a4
 9d8:	bf65                	j	990 <prints+0x7a>
 9da:	8522                	mv	a0,s0
 9dc:	c632                	sw	a2,12(sp)
 9de:	c43e                	sw	a5,8(sp)
 9e0:	35fd                	jal	8ce <printchar>
 9e2:	47a2                	lw	a5,8(sp)
 9e4:	4632                	lw	a2,12(sp)
 9e6:	0785                	addi	a5,a5,1
 9e8:	b76d                	j	992 <prints+0x7c>
 9ea:	4582                	lw	a1,0(sp)
 9ec:	8522                	mv	a0,s0
 9ee:	c432                	sw	a2,8(sp)
 9f0:	c23e                	sw	a5,4(sp)
 9f2:	3df1                	jal	8ce <printchar>
 9f4:	14fd                	addi	s1,s1,-1
 9f6:	4622                	lw	a2,8(sp)
 9f8:	4792                	lw	a5,4(sp)
 9fa:	b765                	j	9a2 <prints+0x8c>

000009fc <printInt>:
 9fc:	7139                	addi	sp,sp,-64
 9fe:	de06                	sw	ra,60(sp)
 a00:	dc22                	sw	s0,56(sp)
 a02:	da26                	sw	s1,52(sp)
 a04:	c23e                	sw	a5,4(sp)
 a06:	8332                	mv	t1,a2
 a08:	863a                	mv	a2,a4
 a0a:	ed89                	bnez	a1,a24 <printInt+0x28>
 a0c:	4692                	lw	a3,4(sp)
 a0e:	03000793          	li	a5,48
 a12:	4701                	li	a4,0
 a14:	086c                	addi	a1,sp,28
 a16:	86fc                	sh	a5,28(sp)
 a18:	3dfd                	jal	916 <prints>
 a1a:	50f2                	lw	ra,60(sp)
 a1c:	5462                	lw	s0,56(sp)
 a1e:	54d2                	lw	s1,52(sp)
 a20:	6121                	addi	sp,sp,64
 a22:	8082                	ret
 a24:	84aa                	mv	s1,a0
 a26:	8436                	mv	s0,a3
 a28:	87ae                	mv	a5,a1
 a2a:	ca91                	beqz	a3,a3e <printInt+0x42>
 a2c:	4729                	li	a4,10
 a2e:	4401                	li	s0,0
 a30:	00e31763          	bne	t1,a4,a3e <printInt+0x42>
 a34:	0005d563          	bgez	a1,a3e <printInt+0x42>
 a38:	40b007b3          	neg	a5,a1
 a3c:	4405                	li	s0,1
 a3e:	4686                	lw	a3,64(sp)
 a40:	020109a3          	sb	zero,51(sp)
 a44:	03310713          	addi	a4,sp,51
 a48:	fc668693          	addi	a3,a3,-58 # 40020fc6 <__global_pointer$+0x2002079e>
 a4c:	c436                	sw	a3,8(sp)
 a4e:	859a                	mv	a1,t1
 a50:	853e                	mv	a0,a5
 a52:	ca32                	sw	a2,20(sp)
 a54:	c83a                	sw	a4,16(sp)
 a56:	c61a                	sw	t1,12(sp)
 a58:	c03e                	sw	a5,0(sp)
 a5a:	ea6ff0ef          	jal	ra,100 <__umodsi3>
 a5e:	46a5                	li	a3,9
 a60:	4782                	lw	a5,0(sp)
 a62:	4332                	lw	t1,12(sp)
 a64:	4742                	lw	a4,16(sp)
 a66:	4652                	lw	a2,20(sp)
 a68:	00a6d463          	bge	a3,a0,a70 <printInt+0x74>
 a6c:	46a2                	lw	a3,8(sp)
 a6e:	9536                	add	a0,a0,a3
 a70:	03050513          	addi	a0,a0,48
 a74:	fff70693          	addi	a3,a4,-1
 a78:	fea70fa3          	sb	a0,-1(a4)
 a7c:	859a                	mv	a1,t1
 a7e:	853e                	mv	a0,a5
 a80:	cc32                	sw	a2,24(sp)
 a82:	ca3a                	sw	a4,20(sp)
 a84:	c81a                	sw	t1,16(sp)
 a86:	c63e                	sw	a5,12(sp)
 a88:	c036                	sw	a3,0(sp)
 a8a:	e4aff0ef          	jal	ra,d4 <__udivsi3>
 a8e:	47b2                	lw	a5,12(sp)
 a90:	4342                	lw	t1,16(sp)
 a92:	4752                	lw	a4,20(sp)
 a94:	4662                	lw	a2,24(sp)
 a96:	0467f963          	bgeu	a5,t1,ae8 <printInt+0xec>
 a9a:	cc01                	beqz	s0,ab2 <printInt+0xb6>
 a9c:	ca29                	beqz	a2,aee <printInt+0xf2>
 a9e:	4792                	lw	a5,4(sp)
 aa0:	8b89                	andi	a5,a5,2
 aa2:	c7b1                	beqz	a5,aee <printInt+0xf2>
 aa4:	02d00593          	li	a1,45
 aa8:	8526                	mv	a0,s1
 aaa:	c432                	sw	a2,8(sp)
 aac:	350d                	jal	8ce <printchar>
 aae:	4622                	lw	a2,8(sp)
 ab0:	167d                	addi	a2,a2,-1
 ab2:	4792                	lw	a5,4(sp)
 ab4:	8b91                	andi	a5,a5,4
 ab6:	c395                	beqz	a5,ada <printInt+0xde>
 ab8:	4706                	lw	a4,64(sp)
 aba:	06100793          	li	a5,97
 abe:	c432                	sw	a2,8(sp)
 ac0:	03000593          	li	a1,48
 ac4:	8526                	mv	a0,s1
 ac6:	02f71e63          	bne	a4,a5,b02 <printInt+0x106>
 aca:	3511                	jal	8ce <printchar>
 acc:	07800593          	li	a1,120
 ad0:	8526                	mv	a0,s1
 ad2:	3bf5                	jal	8ce <printchar>
 ad4:	4622                	lw	a2,8(sp)
 ad6:	0409                	addi	s0,s0,2
 ad8:	1679                	addi	a2,a2,-2
 ada:	4716                	lw	a4,68(sp)
 adc:	4692                	lw	a3,4(sp)
 ade:	4582                	lw	a1,0(sp)
 ae0:	8526                	mv	a0,s1
 ae2:	3d15                	jal	916 <prints>
 ae4:	9522                	add	a0,a0,s0
 ae6:	bf15                	j	a1a <printInt+0x1e>
 ae8:	87aa                	mv	a5,a0
 aea:	4702                	lw	a4,0(sp)
 aec:	b78d                	j	a4e <printInt+0x52>
 aee:	4682                	lw	a3,0(sp)
 af0:	02d00793          	li	a5,45
 af4:	4401                	li	s0,0
 af6:	fef68fa3          	sb	a5,-1(a3)
 afa:	ffe70793          	addi	a5,a4,-2
 afe:	c03e                	sw	a5,0(sp)
 b00:	bf4d                	j	ab2 <printInt+0xb6>
 b02:	33f1                	jal	8ce <printchar>
 b04:	05800593          	li	a1,88
 b08:	b7e1                	j	ad0 <printInt+0xd4>

00000b0a <printLongLongInt>:
 b0a:	4501                	li	a0,0
 b0c:	8082                	ret

00000b0e <printDouble>:
 b0e:	4501                	li	a0,0
 b10:	8082                	ret

00000b12 <print>:
 b12:	fd810113          	addi	sp,sp,-40
 b16:	d022                	sw	s0,32(sp)
 b18:	ce26                	sw	s1,28(sp)
 b1a:	d206                	sw	ra,36(sp)
 b1c:	c42a                	sw	a0,8(sp)
 b1e:	82ae                	mv	t0,a1
 b20:	8432                	mv	s0,a2
 b22:	c602                	sw	zero,12(sp)
 b24:	4481                	li	s1,0
 b26:	00028583          	lb	a1,0(t0)
 b2a:	ed89                	bnez	a1,b44 <print+0x32>
 b2c:	47a2                	lw	a5,8(sp)
 b2e:	c781                	beqz	a5,b36 <print+0x24>
 b30:	4581                	li	a1,0
 b32:	853e                	mv	a0,a5
 b34:	3b69                	jal	8ce <printchar>
 b36:	5092                	lw	ra,36(sp)
 b38:	5402                	lw	s0,32(sp)
 b3a:	8526                	mv	a0,s1
 b3c:	44f2                	lw	s1,28(sp)
 b3e:	02810113          	addi	sp,sp,40
 b42:	8082                	ret
 b44:	02500793          	li	a5,37
 b48:	00f58863          	beq	a1,a5,b58 <print+0x46>
 b4c:	4522                	lw	a0,8(sp)
 b4e:	c816                	sw	t0,16(sp)
 b50:	0485                	addi	s1,s1,1
 b52:	3bb5                	jal	8ce <printchar>
 b54:	42c2                	lw	t0,16(sp)
 b56:	a839                	j	b74 <print+0x62>
 b58:	00128783          	lb	a5,1(t0)
 b5c:	00128713          	addi	a4,t0,1
 b60:	00b79c63          	bne	a5,a1,b78 <print+0x66>
 b64:	4522                	lw	a0,8(sp)
 b66:	02500593          	li	a1,37
 b6a:	c83a                	sw	a4,16(sp)
 b6c:	338d                	jal	8ce <printchar>
 b6e:	4742                	lw	a4,16(sp)
 b70:	0485                	addi	s1,s1,1
 b72:	82ba                	mv	t0,a4
 b74:	0285                	addi	t0,t0,1
 b76:	bf45                	j	b26 <print+0x14>
 b78:	dbd5                	beqz	a5,b2c <print+0x1a>
 b7a:	02b00693          	li	a3,43
 b7e:	04d78963          	beq	a5,a3,bd0 <print+0xbe>
 b82:	00f6c863          	blt	a3,a5,b92 <print+0x80>
 b86:	02300693          	li	a3,35
 b8a:	04d78663          	beq	a5,a3,bd6 <print+0xc4>
 b8e:	4781                	li	a5,0
 b90:	a005                	j	bb0 <print+0x9e>
 b92:	02d00693          	li	a3,45
 b96:	00d78a63          	beq	a5,a3,baa <print+0x98>
 b9a:	03000693          	li	a3,48
 b9e:	fed798e3          	bne	a5,a3,b8e <print+0x7c>
 ba2:	00228713          	addi	a4,t0,2
 ba6:	4789                	li	a5,2
 ba8:	a021                	j	bb0 <print+0x9e>
 baa:	00228713          	addi	a4,t0,2
 bae:	4785                	li	a5,1
 bb0:	00070683          	lb	a3,0(a4)
 bb4:	02b00613          	li	a2,43
 bb8:	04c68363          	beq	a3,a2,bfe <print+0xec>
 bbc:	02d64163          	blt	a2,a3,bde <print+0xcc>
 bc0:	02300613          	li	a2,35
 bc4:	02c68b63          	beq	a3,a2,bfa <print+0xe8>
 bc8:	82ba                	mv	t0,a4
 bca:	4501                	li	a0,0
 bcc:	46a5                	li	a3,9
 bce:	a081                	j	c0e <print+0xfc>
 bd0:	00228713          	addi	a4,t0,2
 bd4:	bf6d                	j	b8e <print+0x7c>
 bd6:	00228713          	addi	a4,t0,2
 bda:	4791                	li	a5,4
 bdc:	bfd1                	j	bb0 <print+0x9e>
 bde:	02d00613          	li	a2,45
 be2:	00c68963          	beq	a3,a2,bf4 <print+0xe2>
 be6:	03000613          	li	a2,48
 bea:	fcc69fe3          	bne	a3,a2,bc8 <print+0xb6>
 bee:	0027e793          	ori	a5,a5,2
 bf2:	a031                	j	bfe <print+0xec>
 bf4:	0705                	addi	a4,a4,1
 bf6:	4785                	li	a5,1
 bf8:	bfc1                	j	bc8 <print+0xb6>
 bfa:	0047e793          	ori	a5,a5,4
 bfe:	0705                	addi	a4,a4,1
 c00:	b7e1                	j	bc8 <print+0xb6>
 c02:	00251613          	slli	a2,a0,0x2
 c06:	9532                	add	a0,a0,a2
 c08:	0506                	slli	a0,a0,0x1
 c0a:	953a                	add	a0,a0,a4
 c0c:	0285                	addi	t0,t0,1
 c0e:	00028603          	lb	a2,0(t0)
 c12:	fd060713          	addi	a4,a2,-48
 c16:	0ff77593          	andi	a1,a4,255
 c1a:	feb6f4e3          	bgeu	a3,a1,c02 <print+0xf0>
 c1e:	02e00713          	li	a4,46
 c22:	4699                	li	a3,6
 c24:	00e61e63          	bne	a2,a4,c40 <print+0x12e>
 c28:	0285                	addi	t0,t0,1
 c2a:	4681                	li	a3,0
 c2c:	45a5                	li	a1,9
 c2e:	00028603          	lb	a2,0(t0)
 c32:	fd060613          	addi	a2,a2,-48
 c36:	0ff67713          	andi	a4,a2,255
 c3a:	02e5f563          	bgeu	a1,a4,c64 <print+0x152>
 c3e:	c636                	sw	a3,12(sp)
 c40:	00028703          	lb	a4,0(t0)
 c44:	06a00613          	li	a2,106
 c48:	0ac70d63          	beq	a4,a2,d02 <print+0x1f0>
 c4c:	02e64363          	blt	a2,a4,c72 <print+0x160>
 c50:	04c00613          	li	a2,76
 c54:	0ac70763          	beq	a4,a2,d02 <print+0x1f0>
 c58:	06800613          	li	a2,104
 c5c:	08c70c63          	beq	a4,a2,cf4 <print+0x1e2>
 c60:	4581                	li	a1,0
 c62:	a82d                	j	c9c <print+0x18a>
 c64:	00269713          	slli	a4,a3,0x2
 c68:	96ba                	add	a3,a3,a4
 c6a:	0686                	slli	a3,a3,0x1
 c6c:	96b2                	add	a3,a3,a2
 c6e:	0285                	addi	t0,t0,1
 c70:	bf7d                	j	c2e <print+0x11c>
 c72:	07400613          	li	a2,116
 c76:	08c70663          	beq	a4,a2,d02 <print+0x1f0>
 c7a:	07a00613          	li	a2,122
 c7e:	08c70263          	beq	a4,a2,d02 <print+0x1f0>
 c82:	06c00613          	li	a2,108
 c86:	4581                	li	a1,0
 c88:	00c71a63          	bne	a4,a2,c9c <print+0x18a>
 c8c:	00128603          	lb	a2,1(t0)
 c90:	458d                	li	a1,3
 c92:	00e61463          	bne	a2,a4,c9a <print+0x188>
 c96:	0285                	addi	t0,t0,1
 c98:	4591                	li	a1,4
 c9a:	0285                	addi	t0,t0,1
 c9c:	00028603          	lb	a2,0(t0)
 ca0:	06000393          	li	t2,96
 ca4:	06100713          	li	a4,97
 ca8:	00c3c463          	blt	t2,a2,cb0 <print+0x19e>
 cac:	04100713          	li	a4,65
 cb0:	06700393          	li	t2,103
 cb4:	06c3c463          	blt	t2,a2,d1c <print+0x20a>
 cb8:	06500393          	li	t2,101
 cbc:	18765363          	bge	a2,t2,e42 <print+0x330>
 cc0:	04700393          	li	t2,71
 cc4:	04c3c163          	blt	t2,a2,d06 <print+0x1f4>
 cc8:	04500593          	li	a1,69
 ccc:	16b65b63          	bge	a2,a1,e42 <print+0x330>
 cd0:	04300713          	li	a4,67
 cd4:	eae610e3          	bne	a2,a4,b74 <print+0x62>
 cd8:	4018                	lw	a4,0(s0)
 cda:	00440393          	addi	t2,s0,4
 cde:	ca16                	sw	t0,20(sp)
 ce0:	00e10c23          	sb	a4,24(sp)
 ce4:	c81e                	sw	t2,16(sp)
 ce6:	00010ca3          	sb	zero,25(sp)
 cea:	4701                	li	a4,0
 cec:	86be                	mv	a3,a5
 cee:	862a                	mv	a2,a0
 cf0:	082c                	addi	a1,sp,24
 cf2:	a849                	j	d84 <print+0x272>
 cf4:	00128603          	lb	a2,1(t0)
 cf8:	4581                	li	a1,0
 cfa:	fae611e3          	bne	a2,a4,c9c <print+0x18a>
 cfe:	0289                	addi	t0,t0,2
 d00:	bf71                	j	c9c <print+0x18a>
 d02:	0285                	addi	t0,t0,1
 d04:	bfb1                	j	c60 <print+0x14e>
 d06:	06300693          	li	a3,99
 d0a:	fcd607e3          	beq	a2,a3,cd8 <print+0x1c6>
 d0e:	06c6ce63          	blt	a3,a2,d8a <print+0x278>
 d12:	05800693          	li	a3,88
 d16:	02d60363          	beq	a2,a3,d3c <print+0x22a>
 d1a:	bda9                	j	b74 <print+0x62>
 d1c:	07300693          	li	a3,115
 d20:	04d60463          	beq	a2,a3,d68 <print+0x256>
 d24:	02c6cb63          	blt	a3,a2,d5a <print+0x248>
 d28:	06f00693          	li	a3,111
 d2c:	0ed60263          	beq	a2,a3,e10 <print+0x2fe>
 d30:	07000693          	li	a3,112
 d34:	0047e793          	ori	a5,a5,4
 d38:	e2d61ee3          	bne	a2,a3,b74 <print+0x62>
 d3c:	4691                	li	a3,4
 d3e:	0ad59f63          	bne	a1,a3,dfc <print+0x2ea>
 d42:	00840393          	addi	t2,s0,8
 d46:	400c                	lw	a1,0(s0)
 d48:	4050                	lw	a2,4(s0)
 d4a:	ca16                	sw	t0,20(sp)
 d4c:	c23a                	sw	a4,4(sp)
 d4e:	c03e                	sw	a5,0(sp)
 d50:	c81e                	sw	t2,16(sp)
 d52:	87aa                	mv	a5,a0
 d54:	4701                	li	a4,0
 d56:	46c1                	li	a3,16
 d58:	a0b9                	j	da6 <print+0x294>
 d5a:	07500693          	li	a3,117
 d5e:	06d60863          	beq	a2,a3,dce <print+0x2bc>
 d62:	07800693          	li	a3,120
 d66:	bf45                	j	d16 <print+0x204>
 d68:	4018                	lw	a4,0(s0)
 d6a:	000016b7          	lui	a3,0x1
 d6e:	00440393          	addi	t2,s0,4
 d72:	f1068593          	addi	a1,a3,-240 # f10 <puts+0x8a>
 d76:	c311                	beqz	a4,d7a <print+0x268>
 d78:	85ba                	mv	a1,a4
 d7a:	4732                	lw	a4,12(sp)
 d7c:	ca16                	sw	t0,20(sp)
 d7e:	c81e                	sw	t2,16(sp)
 d80:	86be                	mv	a3,a5
 d82:	862a                	mv	a2,a0
 d84:	4522                	lw	a0,8(sp)
 d86:	3e41                	jal	916 <prints>
 d88:	a00d                	j	daa <print+0x298>
 d8a:	4691                	li	a3,4
 d8c:	02d59463          	bne	a1,a3,db4 <print+0x2a2>
 d90:	00840393          	addi	t2,s0,8
 d94:	400c                	lw	a1,0(s0)
 d96:	4050                	lw	a2,4(s0)
 d98:	ca16                	sw	t0,20(sp)
 d9a:	c23a                	sw	a4,4(sp)
 d9c:	c03e                	sw	a5,0(sp)
 d9e:	c81e                	sw	t2,16(sp)
 da0:	87aa                	mv	a5,a0
 da2:	4705                	li	a4,1
 da4:	46a9                	li	a3,10
 da6:	4522                	lw	a0,8(sp)
 da8:	338d                	jal	b0a <printLongLongInt>
 daa:	43c2                	lw	t2,16(sp)
 dac:	94aa                	add	s1,s1,a0
 dae:	841e                	mv	s0,t2
 db0:	42d2                	lw	t0,20(sp)
 db2:	b3c9                	j	b74 <print+0x62>
 db4:	46b2                	lw	a3,12(sp)
 db6:	400c                	lw	a1,0(s0)
 db8:	c816                	sw	t0,16(sp)
 dba:	c236                	sw	a3,4(sp)
 dbc:	c03a                	sw	a4,0(sp)
 dbe:	0411                	addi	s0,s0,4
 dc0:	872a                	mv	a4,a0
 dc2:	4685                	li	a3,1
 dc4:	4629                	li	a2,10
 dc6:	4522                	lw	a0,8(sp)
 dc8:	3915                	jal	9fc <printInt>
 dca:	94aa                	add	s1,s1,a0
 dcc:	b361                	j	b54 <print+0x42>
 dce:	4691                	li	a3,4
 dd0:	00d59d63          	bne	a1,a3,dea <print+0x2d8>
 dd4:	00840393          	addi	t2,s0,8
 dd8:	400c                	lw	a1,0(s0)
 dda:	4050                	lw	a2,4(s0)
 ddc:	ca16                	sw	t0,20(sp)
 dde:	c23a                	sw	a4,4(sp)
 de0:	c03e                	sw	a5,0(sp)
 de2:	c81e                	sw	t2,16(sp)
 de4:	87aa                	mv	a5,a0
 de6:	4701                	li	a4,0
 de8:	bf75                	j	da4 <print+0x292>
 dea:	46b2                	lw	a3,12(sp)
 dec:	400c                	lw	a1,0(s0)
 dee:	c816                	sw	t0,16(sp)
 df0:	c236                	sw	a3,4(sp)
 df2:	c03a                	sw	a4,0(sp)
 df4:	0411                	addi	s0,s0,4
 df6:	872a                	mv	a4,a0
 df8:	4681                	li	a3,0
 dfa:	b7e9                	j	dc4 <print+0x2b2>
 dfc:	46b2                	lw	a3,12(sp)
 dfe:	c816                	sw	t0,16(sp)
 e00:	400c                	lw	a1,0(s0)
 e02:	4641                	li	a2,16
 e04:	c236                	sw	a3,4(sp)
 e06:	c03a                	sw	a4,0(sp)
 e08:	0411                	addi	s0,s0,4
 e0a:	872a                	mv	a4,a0
 e0c:	4681                	li	a3,0
 e0e:	bf65                	j	dc6 <print+0x2b4>
 e10:	4691                	li	a3,4
 e12:	00d59e63          	bne	a1,a3,e2e <print+0x31c>
 e16:	00840393          	addi	t2,s0,8
 e1a:	400c                	lw	a1,0(s0)
 e1c:	4050                	lw	a2,4(s0)
 e1e:	ca16                	sw	t0,20(sp)
 e20:	c23a                	sw	a4,4(sp)
 e22:	c03e                	sw	a5,0(sp)
 e24:	c81e                	sw	t2,16(sp)
 e26:	87aa                	mv	a5,a0
 e28:	4701                	li	a4,0
 e2a:	46a1                	li	a3,8
 e2c:	bfad                	j	da6 <print+0x294>
 e2e:	46b2                	lw	a3,12(sp)
 e30:	400c                	lw	a1,0(s0)
 e32:	c816                	sw	t0,16(sp)
 e34:	c236                	sw	a3,4(sp)
 e36:	c03a                	sw	a4,0(sp)
 e38:	0411                	addi	s0,s0,4
 e3a:	872a                	mv	a4,a0
 e3c:	4681                	li	a3,0
 e3e:	4621                	li	a2,8
 e40:	b759                	j	dc6 <print+0x2b4>
 e42:	400c                	lw	a1,0(s0)
 e44:	00840613          	addi	a2,s0,8
 e48:	4040                	lw	s0,4(s0)
 e4a:	c23a                	sw	a4,4(sp)
 e4c:	872a                	mv	a4,a0
 e4e:	4522                	lw	a0,8(sp)
 e50:	c832                	sw	a2,16(sp)
 e52:	c03e                	sw	a5,0(sp)
 e54:	8622                	mv	a2,s0
 e56:	87b6                	mv	a5,a3
 e58:	46a9                	li	a3,10
 e5a:	ca16                	sw	t0,20(sp)
 e5c:	394d                	jal	b0e <printDouble>
 e5e:	94aa                	add	s1,s1,a0
 e60:	4442                	lw	s0,16(sp)
 e62:	b7b9                	j	db0 <print+0x29e>

00000e64 <printf>:
 e64:	fdc10113          	addi	sp,sp,-36
 e68:	c82e                	sw	a1,16(sp)
 e6a:	ca32                	sw	a2,20(sp)
 e6c:	85aa                	mv	a1,a0
 e6e:	0810                	addi	a2,sp,16
 e70:	4501                	li	a0,0
 e72:	c606                	sw	ra,12(sp)
 e74:	cc36                	sw	a3,24(sp)
 e76:	ce3a                	sw	a4,28(sp)
 e78:	d03e                	sw	a5,32(sp)
 e7a:	c032                	sw	a2,0(sp)
 e7c:	3959                	jal	b12 <print>
 e7e:	40b2                	lw	ra,12(sp)
 e80:	02410113          	addi	sp,sp,36
 e84:	8082                	ret

00000e86 <puts>:
 e86:	1141                	addi	sp,sp,-16
 e88:	c422                	sw	s0,8(sp)
 e8a:	c226                	sw	s1,4(sp)
 e8c:	c606                	sw	ra,12(sp)
 e8e:	211c                	lbu	a5,0(a0)
 e90:	84aa                	mv	s1,a0
 e92:	4401                	li	s0,0
 e94:	81dc                	sb	a5,3(sp)
 e96:	00310783          	lb	a5,3(sp)
 e9a:	0405                	addi	s0,s0,1
 e9c:	ef91                	bnez	a5,eb8 <puts+0x32>
 e9e:	47a9                	li	a5,10
 ea0:	00310593          	addi	a1,sp,3
 ea4:	4605                	li	a2,1
 ea6:	4501                	li	a0,0
 ea8:	81dc                	sb	a5,3(sp)
 eaa:	3ae1                	jal	882 <_write>
 eac:	8522                	mv	a0,s0
 eae:	40b2                	lw	ra,12(sp)
 eb0:	4422                	lw	s0,8(sp)
 eb2:	4492                	lw	s1,4(sp)
 eb4:	0141                	addi	sp,sp,16
 eb6:	8082                	ret
 eb8:	4605                	li	a2,1
 eba:	00310593          	addi	a1,sp,3
 ebe:	4501                	li	a0,0
 ec0:	32c9                	jal	882 <_write>
 ec2:	008487b3          	add	a5,s1,s0
 ec6:	239c                	lbu	a5,0(a5)
 ec8:	81dc                	sb	a5,3(sp)
 eca:	b7f1                	j	e96 <puts+0x10>
 ecc:	74737953          	0x74737953
 ed0:	6d65                	lui	s10,0x19
 ed2:	3a6b6c43          	fmadd.d	fs8,fs6,ft6,ft7,unknown
 ed6:	6425                	lui	s0,0x9
 ed8:	0a0d                	addi	s4,s4,3
 eda:	0000                	unimp
 edc:	0a0d                	addi	s4,s4,3
 ede:	4120                	lw	s0,64(a0)
 ee0:	7475                	lui	s0,0xffffd
 ee2:	6177206f          	j	73cf8 <_data_lma+0x72de0>
 ee6:	7520656b          	0x7520656b
 eea:	2070                	lbu	a2,6(s0)
 eec:	203c                	lbu	a5,2(s0)
 eee:	6e617453          	0x6e617453
 ef2:	6264                	flw	fs1,68(a2)
 ef4:	2079                	jal	f82 <_data_lma+0x6a>
 ef6:	6f6d                	lui	t5,0x1b
 ef8:	6564                	flw	fs1,76(a0)
 efa:	3e20                	lbu	s0,27(a2)
 efc:	0d20                	addi	s0,sp,664
 efe:	0000                	unimp
 f00:	7552                	flw	fa0,52(sp)
 f02:	206e                	lhu	a1,6(s0)
 f04:	6e69                	lui	t3,0x1a
 f06:	6d20                	flw	fs0,88(a0)
 f08:	6961                	lui	s2,0x18
 f0a:	0d6e                	slli	s10,s10,0x1b
 f0c:	0000                	unimp
 f0e:	0000                	unimp
 f10:	6e28                	flw	fa0,88(a2)
 f12:	6c75                	lui	s8,0x1d
 f14:	296c                	lbu	a1,22(a0)
	...
