
PVD_Power_CH32V003F4P6.elf:     file format elf32-littleriscv
PVD_Power_CH32V003F4P6.elf
architecture: riscv:rv32, flags 0x00000112:
EXEC_P, HAS_SYMS, D_PAGED
start address 0x00000000

Program Header:
    LOAD off    0x00001000 vaddr 0x00000000 paddr 0x00000000 align 2**12
         filesz 0x00000eb8 memsz 0x00000eb8 flags r-x
    LOAD off    0x00002000 vaddr 0x20000000 paddr 0x00000eb8 align 2**12
         filesz 0x00000028 memsz 0x00000030 flags rw-
    LOAD off    0x00002700 vaddr 0x20000700 paddr 0x20000700 align 2**12
         filesz 0x00000000 memsz 0x00000100 flags rw-

Sections:
Idx Name          Size      VMA       LMA       File off  Algn
  0 .init         000000a0  00000000  00000000  00001000  2**2
                  CONTENTS, ALLOC, LOAD, READONLY, CODE
  1 .text         00000e18  000000a0  000000a0  000010a0  2**2
                  CONTENTS, ALLOC, LOAD, READONLY, CODE
  2 .fini         00000000  00000eb8  00000eb8  00002028  2**0
                  CONTENTS, ALLOC, LOAD, CODE
  3 .dalign       00000000  20000000  20000000  00002028  2**0
                  CONTENTS
  4 .dlalign      00000000  00000eb8  00000eb8  00002028  2**0
                  CONTENTS
  5 .data         00000028  20000000  00000eb8  00002000  2**2
                  CONTENTS, ALLOC, LOAD, DATA
  6 .bss          00000008  20000028  00000ee0  00002028  2**2
                  ALLOC
  7 .stack        00000100  20000700  20000700  00002700  2**0
                  ALLOC
  8 .debug_info   00008e9b  00000000  00000000  00002028  2**0
                  CONTENTS, READONLY, DEBUGGING
  9 .debug_abbrev 00001c41  00000000  00000000  0000aec3  2**0
                  CONTENTS, READONLY, DEBUGGING
 10 .debug_aranges 00000438  00000000  00000000  0000cb08  2**3
                  CONTENTS, READONLY, DEBUGGING
 11 .debug_ranges 000003d8  00000000  00000000  0000cf40  2**3
                  CONTENTS, READONLY, DEBUGGING
 12 .debug_line   00004d83  00000000  00000000  0000d318  2**0
                  CONTENTS, READONLY, DEBUGGING
 13 .debug_str    0000184c  00000000  00000000  0001209b  2**0
                  CONTENTS, READONLY, DEBUGGING
 14 .comment      00000033  00000000  00000000  000138e7  2**0
                  CONTENTS, READONLY
 15 .debug_frame  000007e8  00000000  00000000  0001391c  2**2
                  CONTENTS, READONLY, DEBUGGING
 16 .debug_loc    0000188d  00000000  00000000  00014104  2**0
                  CONTENTS, READONLY, DEBUGGING
SYMBOL TABLE:
00000000 l    d  .init	00000000 .init
000000a0 l    d  .text	00000000 .text
00000eb8 l    d  .fini	00000000 .fini
20000000 l    d  .dalign	00000000 .dalign
00000eb8 l    d  .dlalign	00000000 .dlalign
20000000 l    d  .data	00000000 .data
20000028 l    d  .bss	00000000 .bss
20000700 l    d  .stack	00000000 .stack
00000000 l    d  .debug_info	00000000 .debug_info
00000000 l    d  .debug_abbrev	00000000 .debug_abbrev
00000000 l    d  .debug_aranges	00000000 .debug_aranges
00000000 l    d  .debug_ranges	00000000 .debug_ranges
00000000 l    d  .debug_line	00000000 .debug_line
00000000 l    d  .debug_str	00000000 .debug_str
00000000 l    d  .comment	00000000 .comment
00000000 l    d  .debug_frame	00000000 .debug_frame
00000000 l    d  .debug_loc	00000000 .debug_loc
00000000 l    df *ABS*	00000000 ch32v00x_it.c
00000000 l    df *ABS*	00000000 main.c
00000000 l    df *ABS*	00000000 system_ch32v00x.c
00000000 l    df *ABS*	00000000 ch32v00x_exti.c
00000000 l    df *ABS*	00000000 ch32v00x_gpio.c
00000000 l    df *ABS*	00000000 ch32v00x_misc.c
00000000 l    df *ABS*	00000000 ch32v00x_pwr.c
00000000 l    df *ABS*	00000000 ch32v00x_rcc.c
20000004 l     O .data	00000014 ADCPrescTable
20000018 l     O .data	00000010 APBAHBPrescTable
00000000 l    df *ABS*	00000000 ch32v00x_usart.c
00000000 l    df *ABS*	00000000 debug.c
2000002c l     O .bss	00000002 p_ms
2000002e l     O .bss	00000001 p_us
00000000 l    df *ABS*	00000000 wchprintf.c
00000ad0  w    F .text	00000004 printDouble
00000ad4  w    F .text	00000352 print
00000e26  w    F .text	00000022 printf
20000828 g       .data	00000000 __global_pointer$
000002f0  w      .text	00000000 TIM1_CC_IRQHandler
0000014e g     F .text	00000002 HardFault_Handler
000009be  w    F .text	0000010e printInt
000002c2  w      .text	00000000 SysTick_Handler
000004f4 g     F .text	000000aa NVIC_Init
000001c6 g     F .text	00000028 PVD_IRQHandler
0000014a g     F .text	00000004 NMI_Handler
00000772 g     F .text	0000000a USART_GetFlagStatus
20000028 g       .bss	00000000 _sbss
00000100 g       *ABS*	00000000 __stack_size
000007f0 g     F .text	00000054 USART_Printf_Init
000000aa g     F .text	0000000a .hidden __riscv_restore_2
00000150 g     F .text	00000076 PVD_Power_Init
00000acc  w    F .text	00000004 printLongLongInt
00000e48 g     F .text	00000046 puts
20000000 g     O .data	00000004 SystemCoreClock
000000d4 g     F .text	0000002c .hidden __udivsi3
000000a0 g       .init	00000000 _einit
00000658 g     F .text	0000001e RCC_APB2PeriphClockCmd
0000040a g     F .text	000000d6 GPIO_Init
20000028 g     O .bss	00000004 NVIC_Priority_Group
000002e8  w      .text	00000000 SPI1_IRQHandler
00000754 g     F .text	00000016 USART_Cmd
000000a0 g     F .text	0000000a .hidden __riscv_save_1
000000aa g     F .text	0000000a .hidden __riscv_restore_0
000002d0  w      .text	00000000 AWU_IRQHandler
000002ce  w      .text	00000000 EXTI7_0_IRQHandler
00000676 g     F .text	0000001e RCC_APB1PeriphClockCmd
20000700 g       .stack	00000000 _heap_end
000002d8  w      .text	00000000 DMA1_Channel4_IRQHandler
000002e0  w      .text	00000000 ADC1_IRQHandler
00000400 g     F .text	0000000a EXTI_ClearITPendingBit
20000030 g       .bss	00000000 _ebss
000002de  w      .text	00000000 DMA1_Channel7_IRQHandler
0000077c g     F .text	00000038 Delay_Init
000004e0 g     F .text	0000000a GPIO_WriteBit
00000100 g     F .text	00000008 .hidden __umodsi3
000002e2  w      .text	00000000 I2C1_EV_IRQHandler
000005c2 g     F .text	00000096 RCC_GetClocksFreq
000002dc  w      .text	00000000 DMA1_Channel6_IRQHandler
00000694 g     F .text	000000c0 USART_Init
000002cc  w      .text	00000000 RCC_IRQHandler
000002ee  w      .text	00000000 TIM1_TRG_COM_IRQHandler
000002d2  w      .text	00000000 DMA1_Channel1_IRQHandler
00000000 g       .init	00000000 _start
000008d8  w    F .text	000000e6 prints
00000378 g     F .text	0000006a EXTI_Init
000000b4 g     F .text	00000014 .hidden __mulsi3
20000000 g       .dalign	00000000 _data_vma
000003e2 g     F .text	0000001e EXTI_GetITStatus
000001ee g     F .text	00000040 main
000002da  w      .text	00000000 DMA1_Channel5_IRQHandler
000000cc g     F .text	00000058 .hidden __divsi3
000007b4 g     F .text	0000003c Delay_Ms
0000022e g     F .text	00000090 SystemInit
00000890  w    F .text	00000048 printchar
00000000 g       .init	00000000 _sinit
000002d6  w      .text	00000000 DMA1_Channel3_IRQHandler
000002ec  w      .text	00000000 TIM1_UP_IRQHandler
000002c6  w      .text	00000000 WWDG_IRQHandler
000002f2  w      .text	00000000 TIM2_IRQHandler
20000800 g       .stack	00000000 _eusrstack
000000a0 g     F .text	0000000a .hidden __riscv_save_2
000002c4  w      .text	00000000 SW_Handler
000002ea  w      .text	00000000 TIM1_BRK_IRQHandler
0000076a g     F .text	00000008 USART_SendData
00000844 g     F .text	0000004c _write
20000028 g       .data	00000000 _edata
20000030 g       .bss	00000000 _end
00000eb8 g       .dlalign	00000000 _data_lma
000005b2 g     F .text	00000010 PWR_PVDLevelConfig
00000124 g     F .text	00000024 .hidden __modsi3
000002d4  w      .text	00000000 DMA1_Channel2_IRQHandler
000002f4  w      .text	00000000 handle_reset
000002ca  w      .text	00000000 FLASH_IRQHandler
000000a0 g     F .text	0000000a .hidden __riscv_save_0
000002e6  w      .text	00000000 USART1_IRQHandler
000002e4  w      .text	00000000 I2C1_ER_IRQHandler
000004ea g     F .text	0000000a NVIC_PriorityGroupConfig
000000aa g     F .text	0000000a .hidden __riscv_restore_1
0000059e g     F .text	00000014 PWR_PVDCmd



Disassembly of section .init:

00000000 <_sinit>:
   0:	2f40006f          	j	2f4 <handle_reset>
   4:	0000                	unimp
   6:	0000                	unimp
   8:	014a                	slli	sp,sp,0x12
   a:	0000                	unimp
   c:	014e                	slli	sp,sp,0x13
	...
  2e:	0000                	unimp
  30:	02c2                	slli	t0,t0,0x10
  32:	0000                	unimp
  34:	0000                	unimp
  36:	0000                	unimp
  38:	02c4                	addi	s1,sp,324
  3a:	0000                	unimp
  3c:	0000                	unimp
  3e:	0000                	unimp
  40:	02c6                	slli	t0,t0,0x11
  42:	0000                	unimp
  44:	01c6                	slli	gp,gp,0x11
  46:	0000                	unimp
  48:	02ca                	slli	t0,t0,0x12
  4a:	0000                	unimp
  4c:	02cc                	addi	a1,sp,324
  4e:	0000                	unimp
  50:	02ce                	slli	t0,t0,0x13
  52:	0000                	unimp
  54:	02d0                	addi	a2,sp,324
  56:	0000                	unimp
  58:	02d2                	slli	t0,t0,0x14
  5a:	0000                	unimp
  5c:	02d4                	addi	a3,sp,324
  5e:	0000                	unimp
  60:	02d6                	slli	t0,t0,0x15
  62:	0000                	unimp
  64:	02d8                	addi	a4,sp,324
  66:	0000                	unimp
  68:	02da                	slli	t0,t0,0x16
  6a:	0000                	unimp
  6c:	02dc                	addi	a5,sp,324
  6e:	0000                	unimp
  70:	02de                	slli	t0,t0,0x17
  72:	0000                	unimp
  74:	02e0                	addi	s0,sp,332
  76:	0000                	unimp
  78:	02e2                	slli	t0,t0,0x18
  7a:	0000                	unimp
  7c:	02e4                	addi	s1,sp,332
  7e:	0000                	unimp
  80:	02e6                	slli	t0,t0,0x19
  82:	0000                	unimp
  84:	02e8                	addi	a0,sp,332
  86:	0000                	unimp
  88:	02ea                	slli	t0,t0,0x1a
  8a:	0000                	unimp
  8c:	02ec                	addi	a1,sp,332
  8e:	0000                	unimp
  90:	02ee                	slli	t0,t0,0x1b
  92:	0000                	unimp
  94:	02f0                	addi	a2,sp,332
  96:	0000                	unimp
  98:	02f2                	slli	t0,t0,0x1c
  9a:	0000                	unimp
  9c:	0000                	unimp
	...

Disassembly of section .text:

000000a0 <__riscv_save_0>:
  a0:	1151                	addi	sp,sp,-12
  a2:	c026                	sw	s1,0(sp)
  a4:	c222                	sw	s0,4(sp)
  a6:	c406                	sw	ra,8(sp)
  a8:	8282                	jr	t0

000000aa <__riscv_restore_0>:
  aa:	4482                	lw	s1,0(sp)
  ac:	4412                	lw	s0,4(sp)
  ae:	40a2                	lw	ra,8(sp)
  b0:	0131                	addi	sp,sp,12
  b2:	8082                	ret

000000b4 <__mulsi3>:
  b4:	862a                	mv	a2,a0
  b6:	4501                	li	a0,0
  b8:	0015f693          	andi	a3,a1,1
  bc:	c291                	beqz	a3,c0 <__mulsi3+0xc>
  be:	9532                	add	a0,a0,a2
  c0:	8185                	srli	a1,a1,0x1
  c2:	0606                	slli	a2,a2,0x1
  c4:	f9f5                	bnez	a1,b8 <__mulsi3+0x4>
  c6:	8082                	ret
  c8:	0000                	unimp
	...

000000cc <__divsi3>:
  cc:	02054e63          	bltz	a0,108 <__umodsi3+0x8>
  d0:	0405c363          	bltz	a1,116 <__umodsi3+0x16>

000000d4 <__udivsi3>:
  d4:	862e                	mv	a2,a1
  d6:	85aa                	mv	a1,a0
  d8:	557d                	li	a0,-1
  da:	c215                	beqz	a2,fe <__udivsi3+0x2a>
  dc:	4685                	li	a3,1
  de:	00b67863          	bgeu	a2,a1,ee <__udivsi3+0x1a>
  e2:	00c05663          	blez	a2,ee <__udivsi3+0x1a>
  e6:	0606                	slli	a2,a2,0x1
  e8:	0686                	slli	a3,a3,0x1
  ea:	feb66ce3          	bltu	a2,a1,e2 <__udivsi3+0xe>
  ee:	4501                	li	a0,0
  f0:	00c5e463          	bltu	a1,a2,f8 <__udivsi3+0x24>
  f4:	8d91                	sub	a1,a1,a2
  f6:	8d55                	or	a0,a0,a3
  f8:	8285                	srli	a3,a3,0x1
  fa:	8205                	srli	a2,a2,0x1
  fc:	faf5                	bnez	a3,f0 <__udivsi3+0x1c>
  fe:	8082                	ret

00000100 <__umodsi3>:
 100:	8286                	mv	t0,ra
 102:	3fc9                	jal	d4 <__udivsi3>
 104:	852e                	mv	a0,a1
 106:	8282                	jr	t0
 108:	40a00533          	neg	a0,a0
 10c:	0005d763          	bgez	a1,11a <__umodsi3+0x1a>
 110:	40b005b3          	neg	a1,a1
 114:	b7c1                	j	d4 <__udivsi3>
 116:	40b005b3          	neg	a1,a1
 11a:	8286                	mv	t0,ra
 11c:	3f65                	jal	d4 <__udivsi3>
 11e:	40a00533          	neg	a0,a0
 122:	8282                	jr	t0

00000124 <__modsi3>:
 124:	8286                	mv	t0,ra
 126:	0005c763          	bltz	a1,134 <__modsi3+0x10>
 12a:	00054963          	bltz	a0,13c <__modsi3+0x18>
 12e:	375d                	jal	d4 <__udivsi3>
 130:	852e                	mv	a0,a1
 132:	8282                	jr	t0
 134:	40b005b3          	neg	a1,a1
 138:	fe055be3          	bgez	a0,12e <__modsi3+0xa>
 13c:	40a00533          	neg	a0,a0
 140:	3f51                	jal	d4 <__udivsi3>
 142:	40b00533          	neg	a0,a1
 146:	8282                	jr	t0
	...

0000014a <NMI_Handler>:
 14a:	30200073          	mret

0000014e <HardFault_Handler>:
 14e:	a001                	j	14e <HardFault_Handler>

00000150 <PVD_Power_Init>:
 150:	f51ff2ef          	jal	t0,a0 <__riscv_save_0>
 154:	fdc10113          	addi	sp,sp,-36
 158:	4585                	li	a1,1
 15a:	10000537          	lui	a0,0x10000
 15e:	c402                	sw	zero,8(sp)
 160:	c602                	sw	zero,12(sp)
 162:	c802                	sw	zero,16(sp)
 164:	ca02                	sw	zero,20(sp)
 166:	cc02                	sw	zero,24(sp)
 168:	ce02                	sw	zero,28(sp)
 16a:	d002                	sw	zero,32(sp)
 16c:	c002                	sw	zero,0(sp)
 16e:	c202                	sw	zero,4(sp)
 170:	2319                	jal	676 <RCC_APB1PeriphClockCmd>
 172:	4585                	li	a1,1
 174:	4545                	li	a0,17
 176:	21cd                	jal	658 <RCC_APB2PeriphClockCmd>
 178:	47c1                	li	a5,16
 17a:	002c                	addi	a1,sp,8
 17c:	847c                	sh	a5,8(sp)
 17e:	4441                	li	s0,16
 180:	478d                	li	a5,3
 182:	40011537          	lui	a0,0x40011
 186:	c63e                	sw	a5,12(sp)
 188:	c822                	sw	s0,16(sp)
 18a:	2441                	jal	40a <GPIO_Init>
 18c:	02000513          	li	a0,32
 190:	210d                	jal	5b2 <PWR_PVDLevelConfig>
 192:	4505                	li	a0,1
 194:	2129                	jal	59e <PWR_PVDCmd>
 196:	10000513          	li	a0,256
 19a:	249d                	jal	400 <EXTI_ClearITPendingBit>
 19c:	10000793          	li	a5,256
 1a0:	ce22                	sw	s0,28(sp)
 1a2:	0848                	addi	a0,sp,20
 1a4:	4405                	li	s0,1
 1a6:	ca3e                	sw	a5,20(sp)
 1a8:	d022                	sw	s0,32(sp)
 1aa:	cc02                	sw	zero,24(sp)
 1ac:	22f1                	jal	378 <EXTI_Init>
 1ae:	4505                	li	a0,1
 1b0:	2e2d                	jal	4ea <NVIC_PriorityGroupConfig>
 1b2:	47c5                	li	a5,17
 1b4:	850a                	mv	a0,sp
 1b6:	807c                	sh	a5,0(sp)
 1b8:	c222                	sw	s0,4(sp)
 1ba:	00010123          	sb	zero,2(sp)
 1be:	2e1d                	jal	4f4 <NVIC_Init>
 1c0:	02410113          	addi	sp,sp,36
 1c4:	b5dd                	j	aa <__riscv_restore_0>

000001c6 <PVD_IRQHandler>:
 1c6:	10000513          	li	a0,256
 1ca:	2c21                	jal	3e2 <EXTI_GetITStatus>
 1cc:	cd19                	beqz	a0,1ea <PVD_IRQHandler+0x24>
 1ce:	4605                	li	a2,1
 1d0:	45c1                	li	a1,16
 1d2:	40011537          	lui	a0,0x40011
 1d6:	2629                	jal	4e0 <GPIO_WriteBit>
 1d8:	00001537          	lui	a0,0x1
 1dc:	e9050513          	addi	a0,a0,-368 # e90 <puts+0x48>
 1e0:	469000ef          	jal	ra,e48 <puts>
 1e4:	10000513          	li	a0,256
 1e8:	2c21                	jal	400 <EXTI_ClearITPendingBit>
 1ea:	30200073          	mret

000001ee <main>:
 1ee:	eb3ff2ef          	jal	t0,a0 <__riscv_save_0>
 1f2:	2369                	jal	77c <Delay_Init>
 1f4:	6571                	lui	a0,0x1c
 1f6:	20050513          	addi	a0,a0,512 # 1c200 <_data_lma+0x1b348>
 1fa:	2bdd                	jal	7f0 <USART_Printf_Init>
 1fc:	200007b7          	lui	a5,0x20000
 200:	0007a583          	lw	a1,0(a5) # 20000000 <_data_vma>
 204:	00001537          	lui	a0,0x1
 208:	ea050513          	addi	a0,a0,-352 # ea0 <puts+0x58>
 20c:	41b000ef          	jal	ra,e26 <printf>
 210:	3781                	jal	150 <PVD_Power_Init>
 212:	4605                	li	a2,1
 214:	45c1                	li	a1,16
 216:	40011537          	lui	a0,0x40011
 21a:	24d9                	jal	4e0 <GPIO_WriteBit>
 21c:	3e800513          	li	a0,1000
 220:	2b51                	jal	7b4 <Delay_Ms>
 222:	4601                	li	a2,0
 224:	45c1                	li	a1,16
 226:	40011537          	lui	a0,0x40011
 22a:	2c5d                	jal	4e0 <GPIO_WriteBit>
 22c:	a001                	j	22c <main+0x3e>

0000022e <SystemInit>:
 22e:	400217b7          	lui	a5,0x40021
 232:	4398                	lw	a4,0(a5)
 234:	fcff06b7          	lui	a3,0xfcff0
 238:	00176713          	ori	a4,a4,1
 23c:	c398                	sw	a4,0(a5)
 23e:	43d8                	lw	a4,4(a5)
 240:	8f75                	and	a4,a4,a3
 242:	c3d8                	sw	a4,4(a5)
 244:	4398                	lw	a4,0(a5)
 246:	fef706b7          	lui	a3,0xfef70
 24a:	16fd                	addi	a3,a3,-1
 24c:	8f75                	and	a4,a4,a3
 24e:	c398                	sw	a4,0(a5)
 250:	4398                	lw	a4,0(a5)
 252:	fffc06b7          	lui	a3,0xfffc0
 256:	16fd                	addi	a3,a3,-1
 258:	8f75                	and	a4,a4,a3
 25a:	c398                	sw	a4,0(a5)
 25c:	43d4                	lw	a3,4(a5)
 25e:	7741                	lui	a4,0xffff0
 260:	177d                	addi	a4,a4,-1
 262:	8ef9                	and	a3,a3,a4
 264:	c3d4                	sw	a3,4(a5)
 266:	009f06b7          	lui	a3,0x9f0
 26a:	c794                	sw	a3,8(a5)
 26c:	400226b7          	lui	a3,0x40022
 270:	4290                	lw	a2,0(a3)
 272:	9a71                	andi	a2,a2,-4
 274:	c290                	sw	a2,0(a3)
 276:	4290                	lw	a2,0(a3)
 278:	00166613          	ori	a2,a2,1
 27c:	c290                	sw	a2,0(a3)
 27e:	43d4                	lw	a3,4(a5)
 280:	c3d4                	sw	a3,4(a5)
 282:	43d4                	lw	a3,4(a5)
 284:	8f75                	and	a4,a4,a3
 286:	c3d8                	sw	a4,4(a5)
 288:	43d8                	lw	a4,4(a5)
 28a:	010006b7          	lui	a3,0x1000
 28e:	c3d8                	sw	a4,4(a5)
 290:	4398                	lw	a4,0(a5)
 292:	8f55                	or	a4,a4,a3
 294:	c398                	sw	a4,0(a5)
 296:	4398                	lw	a4,0(a5)
 298:	00671693          	slli	a3,a4,0x6
 29c:	fe06dde3          	bgez	a3,296 <SystemInit+0x68>
 2a0:	43d8                	lw	a4,4(a5)
 2a2:	400216b7          	lui	a3,0x40021
 2a6:	9b71                	andi	a4,a4,-4
 2a8:	c3d8                	sw	a4,4(a5)
 2aa:	43d8                	lw	a4,4(a5)
 2ac:	00276713          	ori	a4,a4,2
 2b0:	c3d8                	sw	a4,4(a5)
 2b2:	4721                	li	a4,8
 2b4:	42dc                	lw	a5,4(a3)
 2b6:	8bb1                	andi	a5,a5,12
 2b8:	fee79ee3          	bne	a5,a4,2b4 <SystemInit+0x86>
 2bc:	8082                	ret
 2be:	a001                	j	2be <SystemInit+0x90>
 2c0:	a001                	j	2c0 <SystemInit+0x92>

000002c2 <SysTick_Handler>:
 2c2:	a001                	j	2c2 <SysTick_Handler>

000002c4 <SW_Handler>:
 2c4:	a001                	j	2c4 <SW_Handler>

000002c6 <WWDG_IRQHandler>:
 2c6:	a001                	j	2c6 <WWDG_IRQHandler>
 2c8:	a001                	j	2c8 <WWDG_IRQHandler+0x2>

000002ca <FLASH_IRQHandler>:
 2ca:	a001                	j	2ca <FLASH_IRQHandler>

000002cc <RCC_IRQHandler>:
 2cc:	a001                	j	2cc <RCC_IRQHandler>

000002ce <EXTI7_0_IRQHandler>:
 2ce:	a001                	j	2ce <EXTI7_0_IRQHandler>

000002d0 <AWU_IRQHandler>:
 2d0:	a001                	j	2d0 <AWU_IRQHandler>

000002d2 <DMA1_Channel1_IRQHandler>:
 2d2:	a001                	j	2d2 <DMA1_Channel1_IRQHandler>

000002d4 <DMA1_Channel2_IRQHandler>:
 2d4:	a001                	j	2d4 <DMA1_Channel2_IRQHandler>

000002d6 <DMA1_Channel3_IRQHandler>:
 2d6:	a001                	j	2d6 <DMA1_Channel3_IRQHandler>

000002d8 <DMA1_Channel4_IRQHandler>:
 2d8:	a001                	j	2d8 <DMA1_Channel4_IRQHandler>

000002da <DMA1_Channel5_IRQHandler>:
 2da:	a001                	j	2da <DMA1_Channel5_IRQHandler>

000002dc <DMA1_Channel6_IRQHandler>:
 2dc:	a001                	j	2dc <DMA1_Channel6_IRQHandler>

000002de <DMA1_Channel7_IRQHandler>:
 2de:	a001                	j	2de <DMA1_Channel7_IRQHandler>

000002e0 <ADC1_IRQHandler>:
 2e0:	a001                	j	2e0 <ADC1_IRQHandler>

000002e2 <I2C1_EV_IRQHandler>:
 2e2:	a001                	j	2e2 <I2C1_EV_IRQHandler>

000002e4 <I2C1_ER_IRQHandler>:
 2e4:	a001                	j	2e4 <I2C1_ER_IRQHandler>

000002e6 <USART1_IRQHandler>:
 2e6:	a001                	j	2e6 <USART1_IRQHandler>

000002e8 <SPI1_IRQHandler>:
 2e8:	a001                	j	2e8 <SPI1_IRQHandler>

000002ea <TIM1_BRK_IRQHandler>:
 2ea:	a001                	j	2ea <TIM1_BRK_IRQHandler>

000002ec <TIM1_UP_IRQHandler>:
 2ec:	a001                	j	2ec <TIM1_UP_IRQHandler>

000002ee <TIM1_TRG_COM_IRQHandler>:
 2ee:	a001                	j	2ee <TIM1_TRG_COM_IRQHandler>

000002f0 <TIM1_CC_IRQHandler>:
 2f0:	a001                	j	2f0 <TIM1_CC_IRQHandler>

000002f2 <TIM2_IRQHandler>:
 2f2:	a001                	j	2f2 <TIM2_IRQHandler>

000002f4 <handle_reset>:
 2f4:	20000197          	auipc	gp,0x20000
 2f8:	53418193          	addi	gp,gp,1332 # 20000828 <__global_pointer$>
 2fc:	fd818113          	addi	sp,gp,-40 # 20000800 <_eusrstack>
 300:	00001517          	auipc	a0,0x1
 304:	bb850513          	addi	a0,a0,-1096 # eb8 <_data_lma>
 308:	20000597          	auipc	a1,0x20000
 30c:	cf858593          	addi	a1,a1,-776 # 20000000 <_data_vma>
 310:	20000617          	auipc	a2,0x20000
 314:	d1860613          	addi	a2,a2,-744 # 20000028 <_edata>
 318:	00c5fa63          	bgeu	a1,a2,32c <handle_reset+0x38>
 31c:	00052283          	lw	t0,0(a0)
 320:	0055a023          	sw	t0,0(a1)
 324:	0511                	addi	a0,a0,4
 326:	0591                	addi	a1,a1,4
 328:	fec5eae3          	bltu	a1,a2,31c <handle_reset+0x28>
 32c:	20000517          	auipc	a0,0x20000
 330:	cfc50513          	addi	a0,a0,-772 # 20000028 <_edata>
 334:	80818593          	addi	a1,gp,-2040 # 20000030 <_ebss>
 338:	00b57763          	bgeu	a0,a1,346 <handle_reset+0x52>
 33c:	00052023          	sw	zero,0(a0)
 340:	0511                	addi	a0,a0,4
 342:	feb56de3          	bltu	a0,a1,33c <handle_reset+0x48>
 346:	08000293          	li	t0,128
 34a:	30029073          	csrw	mstatus,t0
 34e:	428d                	li	t0,3
 350:	80429073          	csrw	0x804,t0
 354:	00000297          	auipc	t0,0x0
 358:	cac28293          	addi	t0,t0,-852 # 0 <_sinit>
 35c:	0032e293          	ori	t0,t0,3
 360:	30529073          	csrw	mtvec,t0
 364:	ecbff0ef          	jal	ra,22e <SystemInit>
 368:	00000297          	auipc	t0,0x0
 36c:	e8628293          	addi	t0,t0,-378 # 1ee <main>
 370:	34129073          	csrw	mepc,t0
 374:	30200073          	mret

00000378 <EXTI_Init>:
 378:	4158                	lw	a4,4(a0)
 37a:	00052303          	lw	t1,0(a0)
 37e:	454c                	lw	a1,12(a0)
 380:	40010637          	lui	a2,0x40010
 384:	40060793          	addi	a5,a2,1024 # 40010400 <__global_pointer$+0x2000fbd8>
 388:	973e                	add	a4,a4,a5
 38a:	fff34693          	not	a3,t1
 38e:	c5b1                	beqz	a1,3da <EXTI_Init+0x62>
 390:	40062583          	lw	a1,1024(a2)
 394:	8df5                	and	a1,a1,a3
 396:	40b62023          	sw	a1,1024(a2)
 39a:	43d0                	lw	a2,4(a5)
 39c:	8ef1                	and	a3,a3,a2
 39e:	c3d4                	sw	a3,4(a5)
 3a0:	4314                	lw	a3,0(a4)
 3a2:	0066e6b3          	or	a3,a3,t1
 3a6:	c314                	sw	a3,0(a4)
 3a8:	4118                	lw	a4,0(a0)
 3aa:	4790                	lw	a2,8(a5)
 3ac:	fff74693          	not	a3,a4
 3b0:	8e75                	and	a2,a2,a3
 3b2:	c790                	sw	a2,8(a5)
 3b4:	47d0                	lw	a2,12(a5)
 3b6:	8ef1                	and	a3,a3,a2
 3b8:	c7d4                	sw	a3,12(a5)
 3ba:	4514                	lw	a3,8(a0)
 3bc:	4641                	li	a2,16
 3be:	00c69963          	bne	a3,a2,3d0 <EXTI_Init+0x58>
 3c2:	4794                	lw	a3,8(a5)
 3c4:	8ed9                	or	a3,a3,a4
 3c6:	c794                	sw	a3,8(a5)
 3c8:	47d4                	lw	a3,12(a5)
 3ca:	8f55                	or	a4,a4,a3
 3cc:	c7d8                	sw	a4,12(a5)
 3ce:	8082                	ret
 3d0:	97b6                	add	a5,a5,a3
 3d2:	4394                	lw	a3,0(a5)
 3d4:	8f55                	or	a4,a4,a3
 3d6:	c398                	sw	a4,0(a5)
 3d8:	8082                	ret
 3da:	431c                	lw	a5,0(a4)
 3dc:	8ff5                	and	a5,a5,a3
 3de:	c31c                	sw	a5,0(a4)
 3e0:	8082                	ret

000003e2 <EXTI_GetITStatus>:
 3e2:	400107b7          	lui	a5,0x40010
 3e6:	40078713          	addi	a4,a5,1024 # 40010400 <__global_pointer$+0x2000fbd8>
 3ea:	4007a783          	lw	a5,1024(a5)
 3ee:	4b58                	lw	a4,20(a4)
 3f0:	8f69                	and	a4,a4,a0
 3f2:	c709                	beqz	a4,3fc <EXTI_GetITStatus+0x1a>
 3f4:	8d7d                	and	a0,a0,a5
 3f6:	00a03533          	snez	a0,a0
 3fa:	8082                	ret
 3fc:	4501                	li	a0,0
 3fe:	8082                	ret

00000400 <EXTI_ClearITPendingBit>:
 400:	400107b7          	lui	a5,0x40010
 404:	40a7aa23          	sw	a0,1044(a5) # 40010414 <__global_pointer$+0x2000fbec>
 408:	8082                	ret

0000040a <GPIO_Init>:
 40a:	459c                	lw	a5,8(a1)
 40c:	1161                	addi	sp,sp,-8
 40e:	c222                	sw	s0,4(sp)
 410:	c026                	sw	s1,0(sp)
 412:	0107f713          	andi	a4,a5,16
 416:	00f7f313          	andi	t1,a5,15
 41a:	c701                	beqz	a4,422 <GPIO_Init+0x18>
 41c:	41d8                	lw	a4,4(a1)
 41e:	00e36333          	or	t1,t1,a4
 422:	2192                	lhu	a2,0(a1)
 424:	0ff67713          	andi	a4,a2,255
 428:	c729                	beqz	a4,472 <GPIO_Init+0x68>
 42a:	00052383          	lw	t2,0(a0)
 42e:	4701                	li	a4,0
 430:	02800413          	li	s0,40
 434:	04800493          	li	s1,72
 438:	4685                	li	a3,1
 43a:	00e695b3          	sll	a1,a3,a4
 43e:	00b676b3          	and	a3,a2,a1
 442:	02d59263          	bne	a1,a3,466 <GPIO_Init+0x5c>
 446:	00271293          	slli	t0,a4,0x2
 44a:	46bd                	li	a3,15
 44c:	005696b3          	sll	a3,a3,t0
 450:	fff6c693          	not	a3,a3
 454:	0076f3b3          	and	t2,a3,t2
 458:	005312b3          	sll	t0,t1,t0
 45c:	0072e3b3          	or	t2,t0,t2
 460:	06879763          	bne	a5,s0,4ce <GPIO_Init+0xc4>
 464:	c94c                	sw	a1,20(a0)
 466:	0705                	addi	a4,a4,1
 468:	46a1                	li	a3,8
 46a:	fcd717e3          	bne	a4,a3,438 <GPIO_Init+0x2e>
 46e:	00752023          	sw	t2,0(a0)
 472:	0ff00713          	li	a4,255
 476:	04c77863          	bgeu	a4,a2,4c6 <GPIO_Init+0xbc>
 47a:	00452383          	lw	t2,4(a0)
 47e:	46a1                	li	a3,8
 480:	02800413          	li	s0,40
 484:	04800493          	li	s1,72
 488:	4705                	li	a4,1
 48a:	00d712b3          	sll	t0,a4,a3
 48e:	00567733          	and	a4,a2,t0
 492:	02e29463          	bne	t0,a4,4ba <GPIO_Init+0xb0>
 496:	00269713          	slli	a4,a3,0x2
 49a:	1701                	addi	a4,a4,-32
 49c:	45bd                	li	a1,15
 49e:	00e595b3          	sll	a1,a1,a4
 4a2:	fff5c593          	not	a1,a1
 4a6:	0075f3b3          	and	t2,a1,t2
 4aa:	00e31733          	sll	a4,t1,a4
 4ae:	007763b3          	or	t2,a4,t2
 4b2:	02879263          	bne	a5,s0,4d6 <GPIO_Init+0xcc>
 4b6:	00552a23          	sw	t0,20(a0)
 4ba:	0685                	addi	a3,a3,1
 4bc:	4741                	li	a4,16
 4be:	fce695e3          	bne	a3,a4,488 <GPIO_Init+0x7e>
 4c2:	00752223          	sw	t2,4(a0)
 4c6:	4412                	lw	s0,4(sp)
 4c8:	4482                	lw	s1,0(sp)
 4ca:	0121                	addi	sp,sp,8
 4cc:	8082                	ret
 4ce:	f8979ce3          	bne	a5,s1,466 <GPIO_Init+0x5c>
 4d2:	c90c                	sw	a1,16(a0)
 4d4:	bf49                	j	466 <GPIO_Init+0x5c>
 4d6:	fe9792e3          	bne	a5,s1,4ba <GPIO_Init+0xb0>
 4da:	00552823          	sw	t0,16(a0)
 4de:	bff1                	j	4ba <GPIO_Init+0xb0>

000004e0 <GPIO_WriteBit>:
 4e0:	c219                	beqz	a2,4e6 <GPIO_WriteBit+0x6>
 4e2:	c90c                	sw	a1,16(a0)
 4e4:	8082                	ret
 4e6:	c94c                	sw	a1,20(a0)
 4e8:	8082                	ret

000004ea <NVIC_PriorityGroupConfig>:
 4ea:	200007b7          	lui	a5,0x20000
 4ee:	02a7a423          	sw	a0,40(a5) # 20000028 <_edata>
 4f2:	8082                	ret

000004f4 <NVIC_Init>:
 4f4:	200007b7          	lui	a5,0x20000
 4f8:	02878793          	addi	a5,a5,40 # 20000028 <_edata>
 4fc:	4394                	lw	a3,0(a5)
 4fe:	2118                	lbu	a4,0(a0)
 500:	e681                	bnez	a3,508 <NVIC_Init+0x14>
 502:	213c                	lbu	a5,2(a0)
 504:	0792                	slli	a5,a5,0x4
 506:	a821                	j	51e <NVIC_Init+0x2a>
 508:	4394                	lw	a3,0(a5)
 50a:	4605                	li	a2,1
 50c:	02c69f63          	bne	a3,a2,54a <NVIC_Init+0x56>
 510:	213c                	lbu	a5,2(a0)
 512:	3110                	lbu	a2,1(a0)
 514:	0792                	slli	a5,a5,0x4
 516:	00d61463          	bne	a2,a3,51e <NVIC_Init+0x2a>
 51a:	f807e793          	ori	a5,a5,-128
 51e:	e000e6b7          	lui	a3,0xe000e
 522:	0ff7f793          	andi	a5,a5,255
 526:	96ba                	add	a3,a3,a4
 528:	40f68023          	sb	a5,1024(a3) # e000e400 <__global_pointer$+0xc000dbd8>
 52c:	4685                	li	a3,1
 52e:	00575793          	srli	a5,a4,0x5
 532:	00e69733          	sll	a4,a3,a4
 536:	4154                	lw	a3,4(a0)
 538:	c2a5                	beqz	a3,598 <NVIC_Init+0xa4>
 53a:	04078793          	addi	a5,a5,64
 53e:	078a                	slli	a5,a5,0x2
 540:	e000e6b7          	lui	a3,0xe000e
 544:	97b6                	add	a5,a5,a3
 546:	c398                	sw	a4,0(a5)
 548:	8082                	ret
 54a:	438c                	lw	a1,0(a5)
 54c:	4689                	li	a3,2
 54e:	02d59163          	bne	a1,a3,570 <NVIC_Init+0x7c>
 552:	3114                	lbu	a3,1(a0)
 554:	213c                	lbu	a5,2(a0)
 556:	00d66563          	bltu	a2,a3,560 <NVIC_Init+0x6c>
 55a:	068a                	slli	a3,a3,0x2
 55c:	97b6                	add	a5,a5,a3
 55e:	b75d                	j	504 <NVIC_Init+0x10>
 560:	03e68693          	addi	a3,a3,62 # e000e03e <__global_pointer$+0xc000d816>
 564:	068a                	slli	a3,a3,0x2
 566:	97b6                	add	a5,a5,a3
 568:	0ff7f793          	andi	a5,a5,255
 56c:	0792                	slli	a5,a5,0x4
 56e:	b775                	j	51a <NVIC_Init+0x26>
 570:	4390                	lw	a2,0(a5)
 572:	468d                	li	a3,3
 574:	00d61c63          	bne	a2,a3,58c <NVIC_Init+0x98>
 578:	3114                	lbu	a3,1(a0)
 57a:	213c                	lbu	a5,2(a0)
 57c:	00d66463          	bltu	a2,a3,584 <NVIC_Init+0x90>
 580:	0686                	slli	a3,a3,0x1
 582:	bfe9                	j	55c <NVIC_Init+0x68>
 584:	07c68693          	addi	a3,a3,124
 588:	0686                	slli	a3,a3,0x1
 58a:	bff1                	j	566 <NVIC_Init+0x72>
 58c:	4394                	lw	a3,0(a5)
 58e:	4791                	li	a5,4
 590:	f8f69ee3          	bne	a3,a5,52c <NVIC_Init+0x38>
 594:	311c                	lbu	a5,1(a0)
 596:	b7bd                	j	504 <NVIC_Init+0x10>
 598:	06078793          	addi	a5,a5,96
 59c:	b74d                	j	53e <NVIC_Init+0x4a>

0000059e <PWR_PVDCmd>:
 59e:	40007737          	lui	a4,0x40007
 5a2:	431c                	lw	a5,0(a4)
 5a4:	c509                	beqz	a0,5ae <PWR_PVDCmd+0x10>
 5a6:	0107e793          	ori	a5,a5,16
 5aa:	c31c                	sw	a5,0(a4)
 5ac:	8082                	ret
 5ae:	9bbd                	andi	a5,a5,-17
 5b0:	bfed                	j	5aa <PWR_PVDCmd+0xc>

000005b2 <PWR_PVDLevelConfig>:
 5b2:	40007737          	lui	a4,0x40007
 5b6:	431c                	lw	a5,0(a4)
 5b8:	f1f7f793          	andi	a5,a5,-225
 5bc:	8d5d                	or	a0,a0,a5
 5be:	c308                	sw	a0,0(a4)
 5c0:	8082                	ret

000005c2 <RCC_GetClocksFreq>:
 5c2:	adfff2ef          	jal	t0,a0 <__riscv_save_0>
 5c6:	40021737          	lui	a4,0x40021
 5ca:	435c                	lw	a5,4(a4)
 5cc:	4691                	li	a3,4
 5ce:	842a                	mv	s0,a0
 5d0:	8bb1                	andi	a5,a5,12
 5d2:	00d78563          	beq	a5,a3,5dc <RCC_GetClocksFreq+0x1a>
 5d6:	46a1                	li	a3,8
 5d8:	06d78a63          	beq	a5,a3,64c <RCC_GetClocksFreq+0x8a>
 5dc:	016e37b7          	lui	a5,0x16e3
 5e0:	60078793          	addi	a5,a5,1536 # 16e3600 <_data_lma+0x16e2748>
 5e4:	c01c                	sw	a5,0(s0)
 5e6:	400216b7          	lui	a3,0x40021
 5ea:	42dc                	lw	a5,4(a3)
 5ec:	8391                	srli	a5,a5,0x4
 5ee:	00f7f713          	andi	a4,a5,15
 5f2:	200007b7          	lui	a5,0x20000
 5f6:	01878793          	addi	a5,a5,24 # 20000018 <APBAHBPrescTable>
 5fa:	97ba                	add	a5,a5,a4
 5fc:	238c                	lbu	a1,0(a5)
 5fe:	42dc                	lw	a5,4(a3)
 600:	4018                	lw	a4,0(s0)
 602:	0ff5f593          	andi	a1,a1,255
 606:	0807f793          	andi	a5,a5,128
 60a:	00b75533          	srl	a0,a4,a1
 60e:	e399                	bnez	a5,614 <RCC_GetClocksFreq+0x52>
 610:	853a                	mv	a0,a4
 612:	34c9                	jal	d4 <__udivsi3>
 614:	c048                	sw	a0,4(s0)
 616:	c408                	sw	a0,8(s0)
 618:	c448                	sw	a0,12(s0)
 61a:	400217b7          	lui	a5,0x40021
 61e:	43dc                	lw	a5,4(a5)
 620:	83ad                	srli	a5,a5,0xb
 622:	8bfd                	andi	a5,a5,31
 624:	0037d713          	srli	a4,a5,0x3
 628:	078a                	slli	a5,a5,0x2
 62a:	8bf1                	andi	a5,a5,28
 62c:	8fd9                	or	a5,a5,a4
 62e:	0137f693          	andi	a3,a5,19
 632:	470d                	li	a4,3
 634:	00d77363          	bgeu	a4,a3,63a <RCC_GetClocksFreq+0x78>
 638:	17d1                	addi	a5,a5,-12
 63a:	20000737          	lui	a4,0x20000
 63e:	00470713          	addi	a4,a4,4 # 20000004 <ADCPrescTable>
 642:	97ba                	add	a5,a5,a4
 644:	238c                	lbu	a1,0(a5)
 646:	3479                	jal	d4 <__udivsi3>
 648:	c808                	sw	a0,16(s0)
 64a:	b485                	j	aa <__riscv_restore_0>
 64c:	435c                	lw	a5,4(a4)
 64e:	02dc77b7          	lui	a5,0x2dc7
 652:	c0078793          	addi	a5,a5,-1024 # 2dc6c00 <_data_lma+0x2dc5d48>
 656:	b779                	j	5e4 <RCC_GetClocksFreq+0x22>

00000658 <RCC_APB2PeriphClockCmd>:
 658:	c599                	beqz	a1,666 <RCC_APB2PeriphClockCmd+0xe>
 65a:	40021737          	lui	a4,0x40021
 65e:	4f1c                	lw	a5,24(a4)
 660:	8d5d                	or	a0,a0,a5
 662:	cf08                	sw	a0,24(a4)
 664:	8082                	ret
 666:	400217b7          	lui	a5,0x40021
 66a:	4f98                	lw	a4,24(a5)
 66c:	fff54513          	not	a0,a0
 670:	8d79                	and	a0,a0,a4
 672:	cf88                	sw	a0,24(a5)
 674:	8082                	ret

00000676 <RCC_APB1PeriphClockCmd>:
 676:	c599                	beqz	a1,684 <RCC_APB1PeriphClockCmd+0xe>
 678:	40021737          	lui	a4,0x40021
 67c:	4f5c                	lw	a5,28(a4)
 67e:	8d5d                	or	a0,a0,a5
 680:	cf48                	sw	a0,28(a4)
 682:	8082                	ret
 684:	400217b7          	lui	a5,0x40021
 688:	4fd8                	lw	a4,28(a5)
 68a:	fff54513          	not	a0,a0
 68e:	8d79                	and	a0,a0,a4
 690:	cfc8                	sw	a0,28(a5)
 692:	8082                	ret

00000694 <USART_Init>:
 694:	a0dff2ef          	jal	t0,a0 <__riscv_save_0>
 698:	2916                	lhu	a3,16(a0)
 69a:	77f5                	lui	a5,0xffffd
 69c:	17fd                	addi	a5,a5,-1
 69e:	8ff5                	and	a5,a5,a3
 6a0:	21f6                	lhu	a3,6(a1)
 6a2:	25da                	lhu	a4,12(a1)
 6a4:	1121                	addi	sp,sp,-24
 6a6:	8fd5                	or	a5,a5,a3
 6a8:	a91e                	sh	a5,16(a0)
 6aa:	2556                	lhu	a3,12(a0)
 6ac:	77fd                	lui	a5,0xfffff
 6ae:	9f378793          	addi	a5,a5,-1549 # ffffe9f3 <__global_pointer$+0xdfffe1cb>
 6b2:	8ff5                	and	a5,a5,a3
 6b4:	21d6                	lhu	a3,4(a1)
 6b6:	842a                	mv	s0,a0
 6b8:	c02e                	sw	a1,0(sp)
 6ba:	8fd5                	or	a5,a5,a3
 6bc:	2596                	lhu	a3,8(a1)
 6be:	8fd5                	or	a5,a5,a3
 6c0:	25b6                	lhu	a3,10(a1)
 6c2:	8fd5                	or	a5,a5,a3
 6c4:	a55e                	sh	a5,12(a0)
 6c6:	295e                	lhu	a5,20(a0)
 6c8:	07c2                	slli	a5,a5,0x10
 6ca:	83c1                	srli	a5,a5,0x10
 6cc:	cff7f793          	andi	a5,a5,-769
 6d0:	8f5d                	or	a4,a4,a5
 6d2:	a95a                	sh	a4,20(a0)
 6d4:	0048                	addi	a0,sp,4
 6d6:	35f5                	jal	5c2 <RCC_GetClocksFreq>
 6d8:	400147b7          	lui	a5,0x40014
 6dc:	80078793          	addi	a5,a5,-2048 # 40013800 <__global_pointer$+0x20012fd8>
 6e0:	4582                	lw	a1,0(sp)
 6e2:	04f41d63          	bne	s0,a5,73c <USART_Init+0xa8>
 6e6:	47c2                	lw	a5,16(sp)
 6e8:	245a                	lhu	a4,12(s0)
 6ea:	00179513          	slli	a0,a5,0x1
 6ee:	953e                	add	a0,a0,a5
 6f0:	0742                	slli	a4,a4,0x10
 6f2:	050e                	slli	a0,a0,0x3
 6f4:	8741                	srai	a4,a4,0x10
 6f6:	953e                	add	a0,a0,a5
 6f8:	418c                	lw	a1,0(a1)
 6fa:	04075363          	bgez	a4,740 <USART_Init+0xac>
 6fe:	0586                	slli	a1,a1,0x1
 700:	3ad1                	jal	d4 <__udivsi3>
 702:	06400593          	li	a1,100
 706:	c02a                	sw	a0,0(sp)
 708:	32f1                	jal	d4 <__udivsi3>
 70a:	4782                	lw	a5,0(sp)
 70c:	00451493          	slli	s1,a0,0x4
 710:	06400593          	li	a1,100
 714:	853e                	mv	a0,a5
 716:	32ed                	jal	100 <__umodsi3>
 718:	245e                	lhu	a5,12(s0)
 71a:	07c2                	slli	a5,a5,0x10
 71c:	87c1                	srai	a5,a5,0x10
 71e:	0207d363          	bgez	a5,744 <USART_Init+0xb0>
 722:	050e                	slli	a0,a0,0x3
 724:	06400593          	li	a1,100
 728:	03250513          	addi	a0,a0,50
 72c:	3265                	jal	d4 <__udivsi3>
 72e:	891d                	andi	a0,a0,7
 730:	8cc9                	or	s1,s1,a0
 732:	04c2                	slli	s1,s1,0x10
 734:	80c1                	srli	s1,s1,0x10
 736:	a406                	sh	s1,8(s0)
 738:	0161                	addi	sp,sp,24
 73a:	ba85                	j	aa <__riscv_restore_0>
 73c:	47b2                	lw	a5,12(sp)
 73e:	b76d                	j	6e8 <USART_Init+0x54>
 740:	058a                	slli	a1,a1,0x2
 742:	bf7d                	j	700 <USART_Init+0x6c>
 744:	0512                	slli	a0,a0,0x4
 746:	06400593          	li	a1,100
 74a:	03250513          	addi	a0,a0,50
 74e:	3259                	jal	d4 <__udivsi3>
 750:	893d                	andi	a0,a0,15
 752:	bff9                	j	730 <USART_Init+0x9c>

00000754 <USART_Cmd>:
 754:	c591                	beqz	a1,760 <USART_Cmd+0xc>
 756:	255e                	lhu	a5,12(a0)
 758:	6709                	lui	a4,0x2
 75a:	8fd9                	or	a5,a5,a4
 75c:	a55e                	sh	a5,12(a0)
 75e:	8082                	ret
 760:	255a                	lhu	a4,12(a0)
 762:	77f9                	lui	a5,0xffffe
 764:	17fd                	addi	a5,a5,-1
 766:	8ff9                	and	a5,a5,a4
 768:	bfd5                	j	75c <USART_Cmd+0x8>

0000076a <USART_SendData>:
 76a:	1ff5f593          	andi	a1,a1,511
 76e:	a14e                	sh	a1,4(a0)
 770:	8082                	ret

00000772 <USART_GetFlagStatus>:
 772:	210a                	lhu	a0,0(a0)
 774:	8d6d                	and	a0,a0,a1
 776:	00a03533          	snez	a0,a0
 77a:	8082                	ret

0000077c <Delay_Init>:
 77c:	925ff2ef          	jal	t0,a0 <__riscv_save_0>
 780:	200007b7          	lui	a5,0x20000
 784:	0007a503          	lw	a0,0(a5) # 20000000 <_data_vma>
 788:	007a15b7          	lui	a1,0x7a1
 78c:	20058593          	addi	a1,a1,512 # 7a1200 <_data_lma+0x7a0348>
 790:	3291                	jal	d4 <__udivsi3>
 792:	0ff57513          	andi	a0,a0,255
 796:	200007b7          	lui	a5,0x20000
 79a:	02a78723          	sb	a0,46(a5) # 2000002e <p_us>
 79e:	00551793          	slli	a5,a0,0x5
 7a2:	8f89                	sub	a5,a5,a0
 7a4:	078a                	slli	a5,a5,0x2
 7a6:	953e                	add	a0,a0,a5
 7a8:	050e                	slli	a0,a0,0x3
 7aa:	200007b7          	lui	a5,0x20000
 7ae:	02a79623          	sh	a0,44(a5) # 2000002c <p_ms>
 7b2:	b8e5                	j	aa <__riscv_restore_0>

000007b4 <Delay_Ms>:
 7b4:	8edff2ef          	jal	t0,a0 <__riscv_save_0>
 7b8:	e000f437          	lui	s0,0xe000f
 7bc:	405c                	lw	a5,4(s0)
 7be:	85aa                	mv	a1,a0
 7c0:	9bf9                	andi	a5,a5,-2
 7c2:	c05c                	sw	a5,4(s0)
 7c4:	200007b7          	lui	a5,0x20000
 7c8:	02c7d503          	lhu	a0,44(a5) # 2000002c <p_ms>
 7cc:	30e5                	jal	b4 <__mulsi3>
 7ce:	c808                	sw	a0,16(s0)
 7d0:	00042423          	sw	zero,8(s0) # e000f008 <__global_pointer$+0xc000e7e0>
 7d4:	401c                	lw	a5,0(s0)
 7d6:	0017e793          	ori	a5,a5,1
 7da:	c01c                	sw	a5,0(s0)
 7dc:	e000f7b7          	lui	a5,0xe000f
 7e0:	43d8                	lw	a4,4(a5)
 7e2:	8b05                	andi	a4,a4,1
 7e4:	df75                	beqz	a4,7e0 <Delay_Ms+0x2c>
 7e6:	4398                	lw	a4,0(a5)
 7e8:	9b79                	andi	a4,a4,-2
 7ea:	c398                	sw	a4,0(a5)
 7ec:	8bfff06f          	j	aa <__riscv_restore_0>

000007f0 <USART_Printf_Init>:
 7f0:	8b1ff2ef          	jal	t0,a0 <__riscv_save_0>
 7f4:	842a                	mv	s0,a0
 7f6:	6511                	lui	a0,0x4
 7f8:	1111                	addi	sp,sp,-28
 7fa:	4585                	li	a1,1
 7fc:	02050513          	addi	a0,a0,32 # 4020 <_data_lma+0x3168>
 800:	3da1                	jal	658 <RCC_APB2PeriphClockCmd>
 802:	02000793          	li	a5,32
 806:	807c                	sh	a5,0(sp)
 808:	40011537          	lui	a0,0x40011
 80c:	478d                	li	a5,3
 80e:	c23e                	sw	a5,4(sp)
 810:	858a                	mv	a1,sp
 812:	47e1                	li	a5,24
 814:	40050513          	addi	a0,a0,1024 # 40011400 <__global_pointer$+0x20010bd8>
 818:	c43e                	sw	a5,8(sp)
 81a:	3ec5                	jal	40a <GPIO_Init>
 81c:	c622                	sw	s0,12(sp)
 81e:	40014437          	lui	s0,0x40014
 822:	000807b7          	lui	a5,0x80
 826:	006c                	addi	a1,sp,12
 828:	80040513          	addi	a0,s0,-2048 # 40013800 <__global_pointer$+0x20012fd8>
 82c:	ca3e                	sw	a5,20(sp)
 82e:	c802                	sw	zero,16(sp)
 830:	00011c23          	sh	zero,24(sp)
 834:	3585                	jal	694 <USART_Init>
 836:	4585                	li	a1,1
 838:	80040513          	addi	a0,s0,-2048
 83c:	3f21                	jal	754 <USART_Cmd>
 83e:	0171                	addi	sp,sp,28
 840:	86bff06f          	j	aa <__riscv_restore_0>

00000844 <_write>:
 844:	85dff2ef          	jal	t0,a0 <__riscv_save_0>
 848:	1171                	addi	sp,sp,-4
 84a:	84ae                	mv	s1,a1
 84c:	4401                	li	s0,0
 84e:	02c45d63          	bge	s0,a2,888 <_write+0x44>
 852:	400147b7          	lui	a5,0x40014
 856:	80078713          	addi	a4,a5,-2048 # 40013800 <__global_pointer$+0x20012fd8>
 85a:	853a                	mv	a0,a4
 85c:	04000593          	li	a1,64
 860:	c032                	sw	a2,0(sp)
 862:	3f01                	jal	772 <USART_GetFlagStatus>
 864:	400147b7          	lui	a5,0x40014
 868:	80078713          	addi	a4,a5,-2048 # 40013800 <__global_pointer$+0x20012fd8>
 86c:	4602                	lw	a2,0(sp)
 86e:	d575                	beqz	a0,85a <_write+0x16>
 870:	00848733          	add	a4,s1,s0
 874:	00070583          	lb	a1,0(a4) # 2000 <_data_lma+0x1148>
 878:	80078513          	addi	a0,a5,-2048
 87c:	0405                	addi	s0,s0,1
 87e:	05c2                	slli	a1,a1,0x10
 880:	81c1                	srli	a1,a1,0x10
 882:	35e5                	jal	76a <USART_SendData>
 884:	4602                	lw	a2,0(sp)
 886:	b7e1                	j	84e <_write+0xa>
 888:	8532                	mv	a0,a2
 88a:	0111                	addi	sp,sp,4
 88c:	81fff06f          	j	aa <__riscv_restore_0>

00000890 <printchar>:
 890:	1141                	addi	sp,sp,-16
 892:	c606                	sw	ra,12(sp)
 894:	c02e                	sw	a1,0(sp)
 896:	cd0d                	beqz	a0,8d0 <printchar+0x40>
 898:	4118                	lw	a4,0(a0)
 89a:	87aa                	mv	a5,a0
 89c:	c305                	beqz	a4,8bc <printchar+0x2c>
 89e:	4158                	lw	a4,4(a0)
 8a0:	557d                	li	a0,-1
 8a2:	cb11                	beqz	a4,8b6 <printchar+0x26>
 8a4:	4685                	li	a3,1
 8a6:	00d71b63          	bne	a4,a3,8bc <printchar+0x2c>
 8aa:	4798                	lw	a4,8(a5)
 8ac:	00070023          	sb	zero,0(a4)
 8b0:	0007a223          	sw	zero,4(a5)
 8b4:	4505                	li	a0,1
 8b6:	40b2                	lw	ra,12(sp)
 8b8:	0141                	addi	sp,sp,16
 8ba:	8082                	ret
 8bc:	4798                	lw	a4,8(a5)
 8be:	4682                	lw	a3,0(sp)
 8c0:	a314                	sb	a3,0(a4)
 8c2:	4798                	lw	a4,8(a5)
 8c4:	0705                	addi	a4,a4,1
 8c6:	c798                	sw	a4,8(a5)
 8c8:	43d8                	lw	a4,4(a5)
 8ca:	177d                	addi	a4,a4,-1
 8cc:	c3d8                	sw	a4,4(a5)
 8ce:	b7dd                	j	8b4 <printchar+0x24>
 8d0:	4605                	li	a2,1
 8d2:	858a                	mv	a1,sp
 8d4:	3f85                	jal	844 <_write>
 8d6:	bff9                	j	8b4 <printchar+0x24>

000008d8 <prints>:
 8d8:	1101                	addi	sp,sp,-32
 8da:	cc22                	sw	s0,24(sp)
 8dc:	c22e                	sw	a1,4(sp)
 8de:	ce06                	sw	ra,28(sp)
 8e0:	ca26                	sw	s1,20(sp)
 8e2:	842a                	mv	s0,a0
 8e4:	4781                	li	a5,0
 8e6:	02000593          	li	a1,32
 8ea:	02064563          	bltz	a2,914 <prints+0x3c>
 8ee:	4592                	lw	a1,4(sp)
 8f0:	95be                	add	a1,a1,a5
 8f2:	00058583          	lb	a1,0(a1)
 8f6:	e58d                	bnez	a1,920 <prints+0x48>
 8f8:	02c7d863          	bge	a5,a2,928 <prints+0x50>
 8fc:	02e7d463          	bge	a5,a4,924 <prints+0x4c>
 900:	8e19                	sub	a2,a2,a4
 902:	02000513          	li	a0,32
 906:	0026f593          	andi	a1,a3,2
 90a:	c02a                	sw	a0,0(sp)
 90c:	c589                	beqz	a1,916 <prints+0x3e>
 90e:	e701                	bnez	a4,916 <prints+0x3e>
 910:	03000593          	li	a1,48
 914:	c02e                	sw	a1,0(sp)
 916:	8a85                	andi	a3,a3,1
 918:	4481                	li	s1,0
 91a:	ea95                	bnez	a3,94e <prints+0x76>
 91c:	84b2                	mv	s1,a2
 91e:	a00d                	j	940 <prints+0x68>
 920:	0785                	addi	a5,a5,1
 922:	b7f1                	j	8ee <prints+0x16>
 924:	8e1d                	sub	a2,a2,a5
 926:	bff1                	j	902 <prints+0x2a>
 928:	4601                	li	a2,0
 92a:	bfe1                	j	902 <prints+0x2a>
 92c:	4582                	lw	a1,0(sp)
 92e:	8522                	mv	a0,s0
 930:	c83a                	sw	a4,16(sp)
 932:	c632                	sw	a2,12(sp)
 934:	c43e                	sw	a5,8(sp)
 936:	3fa9                	jal	890 <printchar>
 938:	47a2                	lw	a5,8(sp)
 93a:	4632                	lw	a2,12(sp)
 93c:	4742                	lw	a4,16(sp)
 93e:	14fd                	addi	s1,s1,-1
 940:	fe9046e3          	bgtz	s1,92c <prints+0x54>
 944:	84b2                	mv	s1,a2
 946:	00065363          	bgez	a2,94c <prints+0x74>
 94a:	4481                	li	s1,0
 94c:	8e05                	sub	a2,a2,s1
 94e:	02e7c763          	blt	a5,a4,97c <prints+0xa4>
 952:	87a6                	mv	a5,s1
 954:	4692                	lw	a3,4(sp)
 956:	40978733          	sub	a4,a5,s1
 95a:	9736                	add	a4,a4,a3
 95c:	00070583          	lb	a1,0(a4)
 960:	ed95                	bnez	a1,99c <prints+0xc4>
 962:	84b2                	mv	s1,a2
 964:	04904463          	bgtz	s1,9ac <prints+0xd4>
 968:	00065363          	bgez	a2,96e <prints+0x96>
 96c:	4601                	li	a2,0
 96e:	40f2                	lw	ra,28(sp)
 970:	4462                	lw	s0,24(sp)
 972:	44d2                	lw	s1,20(sp)
 974:	00f60533          	add	a0,a2,a5
 978:	6105                	addi	sp,sp,32
 97a:	8082                	ret
 97c:	8f1d                	sub	a4,a4,a5
 97e:	87ba                	mv	a5,a4
 980:	03000593          	li	a1,48
 984:	8522                	mv	a0,s0
 986:	c832                	sw	a2,16(sp)
 988:	c63e                	sw	a5,12(sp)
 98a:	c43a                	sw	a4,8(sp)
 98c:	3711                	jal	890 <printchar>
 98e:	47b2                	lw	a5,12(sp)
 990:	4722                	lw	a4,8(sp)
 992:	4642                	lw	a2,16(sp)
 994:	17fd                	addi	a5,a5,-1
 996:	f7ed                	bnez	a5,980 <prints+0xa8>
 998:	94ba                	add	s1,s1,a4
 99a:	bf65                	j	952 <prints+0x7a>
 99c:	8522                	mv	a0,s0
 99e:	c632                	sw	a2,12(sp)
 9a0:	c43e                	sw	a5,8(sp)
 9a2:	35fd                	jal	890 <printchar>
 9a4:	47a2                	lw	a5,8(sp)
 9a6:	4632                	lw	a2,12(sp)
 9a8:	0785                	addi	a5,a5,1
 9aa:	b76d                	j	954 <prints+0x7c>
 9ac:	4582                	lw	a1,0(sp)
 9ae:	8522                	mv	a0,s0
 9b0:	c432                	sw	a2,8(sp)
 9b2:	c23e                	sw	a5,4(sp)
 9b4:	3df1                	jal	890 <printchar>
 9b6:	14fd                	addi	s1,s1,-1
 9b8:	4622                	lw	a2,8(sp)
 9ba:	4792                	lw	a5,4(sp)
 9bc:	b765                	j	964 <prints+0x8c>

000009be <printInt>:
 9be:	7139                	addi	sp,sp,-64
 9c0:	de06                	sw	ra,60(sp)
 9c2:	dc22                	sw	s0,56(sp)
 9c4:	da26                	sw	s1,52(sp)
 9c6:	c23e                	sw	a5,4(sp)
 9c8:	8332                	mv	t1,a2
 9ca:	863a                	mv	a2,a4
 9cc:	ed89                	bnez	a1,9e6 <printInt+0x28>
 9ce:	4692                	lw	a3,4(sp)
 9d0:	03000793          	li	a5,48
 9d4:	4701                	li	a4,0
 9d6:	086c                	addi	a1,sp,28
 9d8:	86fc                	sh	a5,28(sp)
 9da:	3dfd                	jal	8d8 <prints>
 9dc:	50f2                	lw	ra,60(sp)
 9de:	5462                	lw	s0,56(sp)
 9e0:	54d2                	lw	s1,52(sp)
 9e2:	6121                	addi	sp,sp,64
 9e4:	8082                	ret
 9e6:	84aa                	mv	s1,a0
 9e8:	8436                	mv	s0,a3
 9ea:	87ae                	mv	a5,a1
 9ec:	ca91                	beqz	a3,a00 <printInt+0x42>
 9ee:	4729                	li	a4,10
 9f0:	4401                	li	s0,0
 9f2:	00e31763          	bne	t1,a4,a00 <printInt+0x42>
 9f6:	0005d563          	bgez	a1,a00 <printInt+0x42>
 9fa:	40b007b3          	neg	a5,a1
 9fe:	4405                	li	s0,1
 a00:	4686                	lw	a3,64(sp)
 a02:	020109a3          	sb	zero,51(sp)
 a06:	03310713          	addi	a4,sp,51
 a0a:	fc668693          	addi	a3,a3,-58 # 40020fc6 <__global_pointer$+0x2002079e>
 a0e:	c436                	sw	a3,8(sp)
 a10:	859a                	mv	a1,t1
 a12:	853e                	mv	a0,a5
 a14:	ca32                	sw	a2,20(sp)
 a16:	c83a                	sw	a4,16(sp)
 a18:	c61a                	sw	t1,12(sp)
 a1a:	c03e                	sw	a5,0(sp)
 a1c:	ee4ff0ef          	jal	ra,100 <__umodsi3>
 a20:	46a5                	li	a3,9
 a22:	4782                	lw	a5,0(sp)
 a24:	4332                	lw	t1,12(sp)
 a26:	4742                	lw	a4,16(sp)
 a28:	4652                	lw	a2,20(sp)
 a2a:	00a6d463          	bge	a3,a0,a32 <printInt+0x74>
 a2e:	46a2                	lw	a3,8(sp)
 a30:	9536                	add	a0,a0,a3
 a32:	03050513          	addi	a0,a0,48
 a36:	fff70693          	addi	a3,a4,-1
 a3a:	fea70fa3          	sb	a0,-1(a4)
 a3e:	859a                	mv	a1,t1
 a40:	853e                	mv	a0,a5
 a42:	cc32                	sw	a2,24(sp)
 a44:	ca3a                	sw	a4,20(sp)
 a46:	c81a                	sw	t1,16(sp)
 a48:	c63e                	sw	a5,12(sp)
 a4a:	c036                	sw	a3,0(sp)
 a4c:	e88ff0ef          	jal	ra,d4 <__udivsi3>
 a50:	47b2                	lw	a5,12(sp)
 a52:	4342                	lw	t1,16(sp)
 a54:	4752                	lw	a4,20(sp)
 a56:	4662                	lw	a2,24(sp)
 a58:	0467f963          	bgeu	a5,t1,aaa <printInt+0xec>
 a5c:	cc01                	beqz	s0,a74 <printInt+0xb6>
 a5e:	ca29                	beqz	a2,ab0 <printInt+0xf2>
 a60:	4792                	lw	a5,4(sp)
 a62:	8b89                	andi	a5,a5,2
 a64:	c7b1                	beqz	a5,ab0 <printInt+0xf2>
 a66:	02d00593          	li	a1,45
 a6a:	8526                	mv	a0,s1
 a6c:	c432                	sw	a2,8(sp)
 a6e:	350d                	jal	890 <printchar>
 a70:	4622                	lw	a2,8(sp)
 a72:	167d                	addi	a2,a2,-1
 a74:	4792                	lw	a5,4(sp)
 a76:	8b91                	andi	a5,a5,4
 a78:	c395                	beqz	a5,a9c <printInt+0xde>
 a7a:	4706                	lw	a4,64(sp)
 a7c:	06100793          	li	a5,97
 a80:	c432                	sw	a2,8(sp)
 a82:	03000593          	li	a1,48
 a86:	8526                	mv	a0,s1
 a88:	02f71e63          	bne	a4,a5,ac4 <printInt+0x106>
 a8c:	3511                	jal	890 <printchar>
 a8e:	07800593          	li	a1,120
 a92:	8526                	mv	a0,s1
 a94:	3bf5                	jal	890 <printchar>
 a96:	4622                	lw	a2,8(sp)
 a98:	0409                	addi	s0,s0,2
 a9a:	1679                	addi	a2,a2,-2
 a9c:	4716                	lw	a4,68(sp)
 a9e:	4692                	lw	a3,4(sp)
 aa0:	4582                	lw	a1,0(sp)
 aa2:	8526                	mv	a0,s1
 aa4:	3d15                	jal	8d8 <prints>
 aa6:	9522                	add	a0,a0,s0
 aa8:	bf15                	j	9dc <printInt+0x1e>
 aaa:	87aa                	mv	a5,a0
 aac:	4702                	lw	a4,0(sp)
 aae:	b78d                	j	a10 <printInt+0x52>
 ab0:	4682                	lw	a3,0(sp)
 ab2:	02d00793          	li	a5,45
 ab6:	4401                	li	s0,0
 ab8:	fef68fa3          	sb	a5,-1(a3)
 abc:	ffe70793          	addi	a5,a4,-2
 ac0:	c03e                	sw	a5,0(sp)
 ac2:	bf4d                	j	a74 <printInt+0xb6>
 ac4:	33f1                	jal	890 <printchar>
 ac6:	05800593          	li	a1,88
 aca:	b7e1                	j	a92 <printInt+0xd4>

00000acc <printLongLongInt>:
 acc:	4501                	li	a0,0
 ace:	8082                	ret

00000ad0 <printDouble>:
 ad0:	4501                	li	a0,0
 ad2:	8082                	ret

00000ad4 <print>:
 ad4:	fd810113          	addi	sp,sp,-40
 ad8:	d022                	sw	s0,32(sp)
 ada:	ce26                	sw	s1,28(sp)
 adc:	d206                	sw	ra,36(sp)
 ade:	c42a                	sw	a0,8(sp)
 ae0:	82ae                	mv	t0,a1
 ae2:	8432                	mv	s0,a2
 ae4:	c602                	sw	zero,12(sp)
 ae6:	4481                	li	s1,0
 ae8:	00028583          	lb	a1,0(t0)
 aec:	ed89                	bnez	a1,b06 <print+0x32>
 aee:	47a2                	lw	a5,8(sp)
 af0:	c781                	beqz	a5,af8 <print+0x24>
 af2:	4581                	li	a1,0
 af4:	853e                	mv	a0,a5
 af6:	3b69                	jal	890 <printchar>
 af8:	5092                	lw	ra,36(sp)
 afa:	5402                	lw	s0,32(sp)
 afc:	8526                	mv	a0,s1
 afe:	44f2                	lw	s1,28(sp)
 b00:	02810113          	addi	sp,sp,40
 b04:	8082                	ret
 b06:	02500793          	li	a5,37
 b0a:	00f58863          	beq	a1,a5,b1a <print+0x46>
 b0e:	4522                	lw	a0,8(sp)
 b10:	c816                	sw	t0,16(sp)
 b12:	0485                	addi	s1,s1,1
 b14:	3bb5                	jal	890 <printchar>
 b16:	42c2                	lw	t0,16(sp)
 b18:	a839                	j	b36 <print+0x62>
 b1a:	00128783          	lb	a5,1(t0)
 b1e:	00128713          	addi	a4,t0,1
 b22:	00b79c63          	bne	a5,a1,b3a <print+0x66>
 b26:	4522                	lw	a0,8(sp)
 b28:	02500593          	li	a1,37
 b2c:	c83a                	sw	a4,16(sp)
 b2e:	338d                	jal	890 <printchar>
 b30:	4742                	lw	a4,16(sp)
 b32:	0485                	addi	s1,s1,1
 b34:	82ba                	mv	t0,a4
 b36:	0285                	addi	t0,t0,1
 b38:	bf45                	j	ae8 <print+0x14>
 b3a:	dbd5                	beqz	a5,aee <print+0x1a>
 b3c:	02b00693          	li	a3,43
 b40:	04d78963          	beq	a5,a3,b92 <print+0xbe>
 b44:	00f6c863          	blt	a3,a5,b54 <print+0x80>
 b48:	02300693          	li	a3,35
 b4c:	04d78663          	beq	a5,a3,b98 <print+0xc4>
 b50:	4781                	li	a5,0
 b52:	a005                	j	b72 <print+0x9e>
 b54:	02d00693          	li	a3,45
 b58:	00d78a63          	beq	a5,a3,b6c <print+0x98>
 b5c:	03000693          	li	a3,48
 b60:	fed798e3          	bne	a5,a3,b50 <print+0x7c>
 b64:	00228713          	addi	a4,t0,2
 b68:	4789                	li	a5,2
 b6a:	a021                	j	b72 <print+0x9e>
 b6c:	00228713          	addi	a4,t0,2
 b70:	4785                	li	a5,1
 b72:	00070683          	lb	a3,0(a4)
 b76:	02b00613          	li	a2,43
 b7a:	04c68363          	beq	a3,a2,bc0 <print+0xec>
 b7e:	02d64163          	blt	a2,a3,ba0 <print+0xcc>
 b82:	02300613          	li	a2,35
 b86:	02c68b63          	beq	a3,a2,bbc <print+0xe8>
 b8a:	82ba                	mv	t0,a4
 b8c:	4501                	li	a0,0
 b8e:	46a5                	li	a3,9
 b90:	a081                	j	bd0 <print+0xfc>
 b92:	00228713          	addi	a4,t0,2
 b96:	bf6d                	j	b50 <print+0x7c>
 b98:	00228713          	addi	a4,t0,2
 b9c:	4791                	li	a5,4
 b9e:	bfd1                	j	b72 <print+0x9e>
 ba0:	02d00613          	li	a2,45
 ba4:	00c68963          	beq	a3,a2,bb6 <print+0xe2>
 ba8:	03000613          	li	a2,48
 bac:	fcc69fe3          	bne	a3,a2,b8a <print+0xb6>
 bb0:	0027e793          	ori	a5,a5,2
 bb4:	a031                	j	bc0 <print+0xec>
 bb6:	0705                	addi	a4,a4,1
 bb8:	4785                	li	a5,1
 bba:	bfc1                	j	b8a <print+0xb6>
 bbc:	0047e793          	ori	a5,a5,4
 bc0:	0705                	addi	a4,a4,1
 bc2:	b7e1                	j	b8a <print+0xb6>
 bc4:	00251613          	slli	a2,a0,0x2
 bc8:	9532                	add	a0,a0,a2
 bca:	0506                	slli	a0,a0,0x1
 bcc:	953a                	add	a0,a0,a4
 bce:	0285                	addi	t0,t0,1
 bd0:	00028603          	lb	a2,0(t0)
 bd4:	fd060713          	addi	a4,a2,-48
 bd8:	0ff77593          	andi	a1,a4,255
 bdc:	feb6f4e3          	bgeu	a3,a1,bc4 <print+0xf0>
 be0:	02e00713          	li	a4,46
 be4:	4699                	li	a3,6
 be6:	00e61e63          	bne	a2,a4,c02 <print+0x12e>
 bea:	0285                	addi	t0,t0,1
 bec:	4681                	li	a3,0
 bee:	45a5                	li	a1,9
 bf0:	00028603          	lb	a2,0(t0)
 bf4:	fd060613          	addi	a2,a2,-48
 bf8:	0ff67713          	andi	a4,a2,255
 bfc:	02e5f563          	bgeu	a1,a4,c26 <print+0x152>
 c00:	c636                	sw	a3,12(sp)
 c02:	00028703          	lb	a4,0(t0)
 c06:	06a00613          	li	a2,106
 c0a:	0ac70d63          	beq	a4,a2,cc4 <print+0x1f0>
 c0e:	02e64363          	blt	a2,a4,c34 <print+0x160>
 c12:	04c00613          	li	a2,76
 c16:	0ac70763          	beq	a4,a2,cc4 <print+0x1f0>
 c1a:	06800613          	li	a2,104
 c1e:	08c70c63          	beq	a4,a2,cb6 <print+0x1e2>
 c22:	4581                	li	a1,0
 c24:	a82d                	j	c5e <print+0x18a>
 c26:	00269713          	slli	a4,a3,0x2
 c2a:	96ba                	add	a3,a3,a4
 c2c:	0686                	slli	a3,a3,0x1
 c2e:	96b2                	add	a3,a3,a2
 c30:	0285                	addi	t0,t0,1
 c32:	bf7d                	j	bf0 <print+0x11c>
 c34:	07400613          	li	a2,116
 c38:	08c70663          	beq	a4,a2,cc4 <print+0x1f0>
 c3c:	07a00613          	li	a2,122
 c40:	08c70263          	beq	a4,a2,cc4 <print+0x1f0>
 c44:	06c00613          	li	a2,108
 c48:	4581                	li	a1,0
 c4a:	00c71a63          	bne	a4,a2,c5e <print+0x18a>
 c4e:	00128603          	lb	a2,1(t0)
 c52:	458d                	li	a1,3
 c54:	00e61463          	bne	a2,a4,c5c <print+0x188>
 c58:	0285                	addi	t0,t0,1
 c5a:	4591                	li	a1,4
 c5c:	0285                	addi	t0,t0,1
 c5e:	00028603          	lb	a2,0(t0)
 c62:	06000393          	li	t2,96
 c66:	06100713          	li	a4,97
 c6a:	00c3c463          	blt	t2,a2,c72 <print+0x19e>
 c6e:	04100713          	li	a4,65
 c72:	06700393          	li	t2,103
 c76:	06c3c463          	blt	t2,a2,cde <print+0x20a>
 c7a:	06500393          	li	t2,101
 c7e:	18765363          	bge	a2,t2,e04 <print+0x330>
 c82:	04700393          	li	t2,71
 c86:	04c3c163          	blt	t2,a2,cc8 <print+0x1f4>
 c8a:	04500593          	li	a1,69
 c8e:	16b65b63          	bge	a2,a1,e04 <print+0x330>
 c92:	04300713          	li	a4,67
 c96:	eae610e3          	bne	a2,a4,b36 <print+0x62>
 c9a:	4018                	lw	a4,0(s0)
 c9c:	00440393          	addi	t2,s0,4
 ca0:	ca16                	sw	t0,20(sp)
 ca2:	00e10c23          	sb	a4,24(sp)
 ca6:	c81e                	sw	t2,16(sp)
 ca8:	00010ca3          	sb	zero,25(sp)
 cac:	4701                	li	a4,0
 cae:	86be                	mv	a3,a5
 cb0:	862a                	mv	a2,a0
 cb2:	082c                	addi	a1,sp,24
 cb4:	a849                	j	d46 <print+0x272>
 cb6:	00128603          	lb	a2,1(t0)
 cba:	4581                	li	a1,0
 cbc:	fae611e3          	bne	a2,a4,c5e <print+0x18a>
 cc0:	0289                	addi	t0,t0,2
 cc2:	bf71                	j	c5e <print+0x18a>
 cc4:	0285                	addi	t0,t0,1
 cc6:	bfb1                	j	c22 <print+0x14e>
 cc8:	06300693          	li	a3,99
 ccc:	fcd607e3          	beq	a2,a3,c9a <print+0x1c6>
 cd0:	06c6ce63          	blt	a3,a2,d4c <print+0x278>
 cd4:	05800693          	li	a3,88
 cd8:	02d60363          	beq	a2,a3,cfe <print+0x22a>
 cdc:	bda9                	j	b36 <print+0x62>
 cde:	07300693          	li	a3,115
 ce2:	04d60463          	beq	a2,a3,d2a <print+0x256>
 ce6:	02c6cb63          	blt	a3,a2,d1c <print+0x248>
 cea:	06f00693          	li	a3,111
 cee:	0ed60263          	beq	a2,a3,dd2 <print+0x2fe>
 cf2:	07000693          	li	a3,112
 cf6:	0047e793          	ori	a5,a5,4
 cfa:	e2d61ee3          	bne	a2,a3,b36 <print+0x62>
 cfe:	4691                	li	a3,4
 d00:	0ad59f63          	bne	a1,a3,dbe <print+0x2ea>
 d04:	00840393          	addi	t2,s0,8
 d08:	400c                	lw	a1,0(s0)
 d0a:	4050                	lw	a2,4(s0)
 d0c:	ca16                	sw	t0,20(sp)
 d0e:	c23a                	sw	a4,4(sp)
 d10:	c03e                	sw	a5,0(sp)
 d12:	c81e                	sw	t2,16(sp)
 d14:	87aa                	mv	a5,a0
 d16:	4701                	li	a4,0
 d18:	46c1                	li	a3,16
 d1a:	a0b9                	j	d68 <print+0x294>
 d1c:	07500693          	li	a3,117
 d20:	06d60863          	beq	a2,a3,d90 <print+0x2bc>
 d24:	07800693          	li	a3,120
 d28:	bf45                	j	cd8 <print+0x204>
 d2a:	4018                	lw	a4,0(s0)
 d2c:	000016b7          	lui	a3,0x1
 d30:	00440393          	addi	t2,s0,4
 d34:	eb068593          	addi	a1,a3,-336 # eb0 <puts+0x68>
 d38:	c311                	beqz	a4,d3c <print+0x268>
 d3a:	85ba                	mv	a1,a4
 d3c:	4732                	lw	a4,12(sp)
 d3e:	ca16                	sw	t0,20(sp)
 d40:	c81e                	sw	t2,16(sp)
 d42:	86be                	mv	a3,a5
 d44:	862a                	mv	a2,a0
 d46:	4522                	lw	a0,8(sp)
 d48:	3e41                	jal	8d8 <prints>
 d4a:	a00d                	j	d6c <print+0x298>
 d4c:	4691                	li	a3,4
 d4e:	02d59463          	bne	a1,a3,d76 <print+0x2a2>
 d52:	00840393          	addi	t2,s0,8
 d56:	400c                	lw	a1,0(s0)
 d58:	4050                	lw	a2,4(s0)
 d5a:	ca16                	sw	t0,20(sp)
 d5c:	c23a                	sw	a4,4(sp)
 d5e:	c03e                	sw	a5,0(sp)
 d60:	c81e                	sw	t2,16(sp)
 d62:	87aa                	mv	a5,a0
 d64:	4705                	li	a4,1
 d66:	46a9                	li	a3,10
 d68:	4522                	lw	a0,8(sp)
 d6a:	338d                	jal	acc <printLongLongInt>
 d6c:	43c2                	lw	t2,16(sp)
 d6e:	94aa                	add	s1,s1,a0
 d70:	841e                	mv	s0,t2
 d72:	42d2                	lw	t0,20(sp)
 d74:	b3c9                	j	b36 <print+0x62>
 d76:	46b2                	lw	a3,12(sp)
 d78:	400c                	lw	a1,0(s0)
 d7a:	c816                	sw	t0,16(sp)
 d7c:	c236                	sw	a3,4(sp)
 d7e:	c03a                	sw	a4,0(sp)
 d80:	0411                	addi	s0,s0,4
 d82:	872a                	mv	a4,a0
 d84:	4685                	li	a3,1
 d86:	4629                	li	a2,10
 d88:	4522                	lw	a0,8(sp)
 d8a:	3915                	jal	9be <printInt>
 d8c:	94aa                	add	s1,s1,a0
 d8e:	b361                	j	b16 <print+0x42>
 d90:	4691                	li	a3,4
 d92:	00d59d63          	bne	a1,a3,dac <print+0x2d8>
 d96:	00840393          	addi	t2,s0,8
 d9a:	400c                	lw	a1,0(s0)
 d9c:	4050                	lw	a2,4(s0)
 d9e:	ca16                	sw	t0,20(sp)
 da0:	c23a                	sw	a4,4(sp)
 da2:	c03e                	sw	a5,0(sp)
 da4:	c81e                	sw	t2,16(sp)
 da6:	87aa                	mv	a5,a0
 da8:	4701                	li	a4,0
 daa:	bf75                	j	d66 <print+0x292>
 dac:	46b2                	lw	a3,12(sp)
 dae:	400c                	lw	a1,0(s0)
 db0:	c816                	sw	t0,16(sp)
 db2:	c236                	sw	a3,4(sp)
 db4:	c03a                	sw	a4,0(sp)
 db6:	0411                	addi	s0,s0,4
 db8:	872a                	mv	a4,a0
 dba:	4681                	li	a3,0
 dbc:	b7e9                	j	d86 <print+0x2b2>
 dbe:	46b2                	lw	a3,12(sp)
 dc0:	c816                	sw	t0,16(sp)
 dc2:	400c                	lw	a1,0(s0)
 dc4:	4641                	li	a2,16
 dc6:	c236                	sw	a3,4(sp)
 dc8:	c03a                	sw	a4,0(sp)
 dca:	0411                	addi	s0,s0,4
 dcc:	872a                	mv	a4,a0
 dce:	4681                	li	a3,0
 dd0:	bf65                	j	d88 <print+0x2b4>
 dd2:	4691                	li	a3,4
 dd4:	00d59e63          	bne	a1,a3,df0 <print+0x31c>
 dd8:	00840393          	addi	t2,s0,8
 ddc:	400c                	lw	a1,0(s0)
 dde:	4050                	lw	a2,4(s0)
 de0:	ca16                	sw	t0,20(sp)
 de2:	c23a                	sw	a4,4(sp)
 de4:	c03e                	sw	a5,0(sp)
 de6:	c81e                	sw	t2,16(sp)
 de8:	87aa                	mv	a5,a0
 dea:	4701                	li	a4,0
 dec:	46a1                	li	a3,8
 dee:	bfad                	j	d68 <print+0x294>
 df0:	46b2                	lw	a3,12(sp)
 df2:	400c                	lw	a1,0(s0)
 df4:	c816                	sw	t0,16(sp)
 df6:	c236                	sw	a3,4(sp)
 df8:	c03a                	sw	a4,0(sp)
 dfa:	0411                	addi	s0,s0,4
 dfc:	872a                	mv	a4,a0
 dfe:	4681                	li	a3,0
 e00:	4621                	li	a2,8
 e02:	b759                	j	d88 <print+0x2b4>
 e04:	400c                	lw	a1,0(s0)
 e06:	00840613          	addi	a2,s0,8
 e0a:	4040                	lw	s0,4(s0)
 e0c:	c23a                	sw	a4,4(sp)
 e0e:	872a                	mv	a4,a0
 e10:	4522                	lw	a0,8(sp)
 e12:	c832                	sw	a2,16(sp)
 e14:	c03e                	sw	a5,0(sp)
 e16:	8622                	mv	a2,s0
 e18:	87b6                	mv	a5,a3
 e1a:	46a9                	li	a3,10
 e1c:	ca16                	sw	t0,20(sp)
 e1e:	394d                	jal	ad0 <printDouble>
 e20:	94aa                	add	s1,s1,a0
 e22:	4442                	lw	s0,16(sp)
 e24:	b7b9                	j	d72 <print+0x29e>

00000e26 <printf>:
 e26:	fdc10113          	addi	sp,sp,-36
 e2a:	c82e                	sw	a1,16(sp)
 e2c:	ca32                	sw	a2,20(sp)
 e2e:	85aa                	mv	a1,a0
 e30:	0810                	addi	a2,sp,16
 e32:	4501                	li	a0,0
 e34:	c606                	sw	ra,12(sp)
 e36:	cc36                	sw	a3,24(sp)
 e38:	ce3a                	sw	a4,28(sp)
 e3a:	d03e                	sw	a5,32(sp)
 e3c:	c032                	sw	a2,0(sp)
 e3e:	3959                	jal	ad4 <print>
 e40:	40b2                	lw	ra,12(sp)
 e42:	02410113          	addi	sp,sp,36
 e46:	8082                	ret

00000e48 <puts>:
 e48:	1141                	addi	sp,sp,-16
 e4a:	c422                	sw	s0,8(sp)
 e4c:	c226                	sw	s1,4(sp)
 e4e:	c606                	sw	ra,12(sp)
 e50:	211c                	lbu	a5,0(a0)
 e52:	84aa                	mv	s1,a0
 e54:	4401                	li	s0,0
 e56:	81dc                	sb	a5,3(sp)
 e58:	00310783          	lb	a5,3(sp)
 e5c:	0405                	addi	s0,s0,1
 e5e:	ef91                	bnez	a5,e7a <puts+0x32>
 e60:	47a9                	li	a5,10
 e62:	00310593          	addi	a1,sp,3
 e66:	4605                	li	a2,1
 e68:	4501                	li	a0,0
 e6a:	81dc                	sb	a5,3(sp)
 e6c:	3ae1                	jal	844 <_write>
 e6e:	8522                	mv	a0,s0
 e70:	40b2                	lw	ra,12(sp)
 e72:	4422                	lw	s0,8(sp)
 e74:	4492                	lw	s1,4(sp)
 e76:	0141                	addi	sp,sp,16
 e78:	8082                	ret
 e7a:	4605                	li	a2,1
 e7c:	00310593          	addi	a1,sp,3
 e80:	4501                	li	a0,0
 e82:	32c9                	jal	844 <_write>
 e84:	008487b3          	add	a5,s1,s0
 e88:	239c                	lbu	a5,0(a5)
 e8a:	81dc                	sb	a5,3(sp)
 e8c:	b7f1                	j	e58 <puts+0x10>
 e8e:	0000                	unimp
 e90:	5650                	lw	a2,44(a2)
 e92:	2044                	lbu	s1,4(s0)
 e94:	7461                	lui	s0,0xffff8
 e96:	4520                	lw	s0,72(a0)
 e98:	5458                	lw	a4,44(s0)
 e9a:	0d49                	addi	s10,s10,18
 e9c:	0000                	unimp
 e9e:	0000                	unimp
 ea0:	74737953          	0x74737953
 ea4:	6d65                	lui	s10,0x19
 ea6:	3a6b6c43          	fmadd.d	fs8,fs6,ft6,ft7,unknown
 eaa:	6425                	lui	s0,0x9
 eac:	0a0d                	addi	s4,s4,3
 eae:	0000                	unimp
 eb0:	6e28                	flw	fa0,88(a2)
 eb2:	6c75                	lui	s8,0x1d
 eb4:	296c                	lbu	a1,22(a0)
	...
