
SPI_2LINES_CH32V003F4P6.elf:     file format elf32-littleriscv
SPI_2LINES_CH32V003F4P6.elf
architecture: riscv:rv32, flags 0x00000112:
EXEC_P, HAS_SYMS, D_PAGED
start address 0x00000000

Program Header:
    LOAD off    0x00001000 vaddr 0x00000000 paddr 0x00000000 align 2**12
         filesz 0x00000e8c memsz 0x00000e8c flags r-x
    LOAD off    0x00002000 vaddr 0x20000000 paddr 0x00000e8c align 2**12
         filesz 0x00000028 memsz 0x00000030 flags rw-
    LOAD off    0x00002700 vaddr 0x20000700 paddr 0x20000700 align 2**12
         filesz 0x00000000 memsz 0x00000100 flags rw-

Sections:
Idx Name          Size      VMA       LMA       File off  Algn
  0 .init         000000a0  00000000  00000000  00001000  2**2
                  CONTENTS, ALLOC, LOAD, READONLY, CODE
  1 .text         00000dec  000000a0  000000a0  000010a0  2**2
                  CONTENTS, ALLOC, LOAD, READONLY, CODE
  2 .fini         00000000  00000e8c  00000e8c  00002028  2**0
                  CONTENTS, ALLOC, LOAD, CODE
  3 .dalign       00000000  20000000  20000000  00002028  2**0
                  CONTENTS
  4 .dlalign      00000000  00000e8c  00000e8c  00002028  2**0
                  CONTENTS
  5 .data         00000028  20000000  00000e8c  00002000  2**2
                  CONTENTS, ALLOC, LOAD, DATA
  6 .bss          00000008  20000028  00000eb4  00002028  2**2
                  ALLOC
  7 .stack        00000100  20000700  20000700  00002700  2**0
                  ALLOC
  8 .debug_info   0000882c  00000000  00000000  00002028  2**0
                  CONTENTS, READONLY, DEBUGGING
  9 .debug_abbrev 000019d8  00000000  00000000  0000a854  2**0
                  CONTENTS, READONLY, DEBUGGING
 10 .debug_aranges 00000450  00000000  00000000  0000c230  2**3
                  CONTENTS, READONLY, DEBUGGING
 11 .debug_ranges 00000400  00000000  00000000  0000c680  2**3
                  CONTENTS, READONLY, DEBUGGING
 12 .debug_line   00004e54  00000000  00000000  0000ca80  2**0
                  CONTENTS, READONLY, DEBUGGING
 13 .debug_str    00001816  00000000  00000000  000118d4  2**0
                  CONTENTS, READONLY, DEBUGGING
 14 .comment      00000033  00000000  00000000  000130ea  2**0
                  CONTENTS, READONLY
 15 .debug_frame  00000844  00000000  00000000  00013120  2**2
                  CONTENTS, READONLY, DEBUGGING
 16 .debug_loc    00001ad9  00000000  00000000  00013964  2**0
                  CONTENTS, READONLY, DEBUGGING
SYMBOL TABLE:
00000000 l    d  .init	00000000 .init
000000a0 l    d  .text	00000000 .text
00000e8c l    d  .fini	00000000 .fini
20000000 l    d  .dalign	00000000 .dalign
00000e8c l    d  .dlalign	00000000 .dlalign
20000000 l    d  .data	00000000 .data
20000028 l    d  .bss	00000000 .bss
20000700 l    d  .stack	00000000 .stack
00000000 l    d  .debug_info	00000000 .debug_info
00000000 l    d  .debug_abbrev	00000000 .debug_abbrev
00000000 l    d  .debug_aranges	00000000 .debug_aranges
00000000 l    d  .debug_ranges	00000000 .debug_ranges
00000000 l    d  .debug_line	00000000 .debug_line
00000000 l    d  .debug_str	00000000 .debug_str
00000000 l    d  .comment	00000000 .comment
00000000 l    d  .debug_frame	00000000 .debug_frame
00000000 l    d  .debug_loc	00000000 .debug_loc
00000000 l    df *ABS*	00000000 ch32v00x_it.c
00000000 l    df *ABS*	00000000 main.c
00000000 l    df *ABS*	00000000 system_ch32v00x.c
00000000 l    df *ABS*	00000000 ch32v00x_gpio.c
00000000 l    df *ABS*	00000000 ch32v00x_misc.c
00000000 l    df *ABS*	00000000 ch32v00x_rcc.c
20000004 l     O .data	00000014 ADCPrescTable
20000018 l     O .data	00000010 APBAHBPrescTable
00000000 l    df *ABS*	00000000 ch32v00x_spi.c
00000000 l    df *ABS*	00000000 ch32v00x_usart.c
00000000 l    df *ABS*	00000000 debug.c
2000002c l     O .bss	00000002 p_ms
2000002e l     O .bss	00000001 p_us
00000000 l    df *ABS*	00000000 wchprintf.c
00000ae6  w    F .text	00000004 printDouble
00000150 g     F .text	0000009e SPI_FullDuplex_Init
000001ee g     F .text	0000006e MCP_Write
00000aea  w    F .text	00000352 print
00000e3c  w    F .text	00000022 printf
20000828 g       .data	00000000 __global_pointer$
00000420  w      .text	00000000 TIM1_CC_IRQHandler
00000692 g     F .text	00000004 SPI_I2S_SendData
0000014e g     F .text	00000002 HardFault_Handler
000009d4  w    F .text	0000010e printInt
000003f2  w      .text	00000000 SysTick_Handler
000003f8  w      .text	00000000 PVD_IRQHandler
00000696 g     F .text	00000004 SPI_I2S_ReceiveData
0000014a g     F .text	00000004 NMI_Handler
00000782 g     F .text	0000000a USART_GetFlagStatus
20000028 g       .bss	00000000 _sbss
00000100 g       *ABS*	00000000 __stack_size
00000806 g     F .text	00000054 USART_Printf_Init
000000aa g     F .text	0000000a .hidden __riscv_restore_2
00000ae2  w    F .text	00000004 printLongLongInt
20000000 g     O .data	00000004 SystemCoreClock
000000d4 g     F .text	0000002c .hidden __udivsi3
000000a0 g       .init	00000000 _einit
00000628 g     F .text	0000001e RCC_APB2PeriphClockCmd
000004a8 g     F .text	000000d6 GPIO_Init
20000028 g     O .bss	00000004 NVIC_Priority_Group
00000418  w      .text	00000000 SPI1_IRQHandler
00000764 g     F .text	00000016 USART_Cmd
000000a0 g     F .text	0000000a .hidden __riscv_save_1
000000aa g     F .text	0000000a .hidden __riscv_restore_0
00000400  w      .text	00000000 AWU_IRQHandler
000003fe  w      .text	00000000 EXTI7_0_IRQHandler
20000700 g       .stack	00000000 _heap_end
0000069a g     F .text	0000000a SPI_I2S_GetFlagStatus
00000408  w      .text	00000000 DMA1_Channel4_IRQHandler
00000410  w      .text	00000000 ADC1_IRQHandler
20000030 g       .bss	00000000 _ebss
0000040e  w      .text	00000000 DMA1_Channel7_IRQHandler
0000078c g     F .text	0000003c Delay_Init
0000057e g     F .text	0000000a GPIO_WriteBit
00000100 g     F .text	00000008 .hidden __umodsi3
00000412  w      .text	00000000 I2C1_EV_IRQHandler
00000592 g     F .text	00000096 RCC_GetClocksFreq
0000040c  w      .text	00000000 DMA1_Channel6_IRQHandler
000006a4 g     F .text	000000c0 USART_Init
000003fc  w      .text	00000000 RCC_IRQHandler
0000041e  w      .text	00000000 TIM1_TRG_COM_IRQHandler
00000402  w      .text	00000000 DMA1_Channel1_IRQHandler
00000000 g       .init	00000000 _start
0000025c g     F .text	00000070 MCP_Read
000008ee  w    F .text	000000e6 prints
000000b4 g     F .text	00000014 .hidden __mulsi3
20000000 g       .dalign	00000000 _data_vma
000002cc g     F .text	00000092 main
0000040a  w      .text	00000000 DMA1_Channel5_IRQHandler
000000cc g     F .text	00000058 .hidden __divsi3
000007c8 g     F .text	0000003e Delay_Ms
00000678 g     F .text	0000001a SPI_Cmd
0000035e g     F .text	00000090 SystemInit
000008a6  w    F .text	00000048 printchar
00000000 g       .init	00000000 _sinit
00000406  w      .text	00000000 DMA1_Channel3_IRQHandler
0000041c  w      .text	00000000 TIM1_UP_IRQHandler
000003f6  w      .text	00000000 WWDG_IRQHandler
00000422  w      .text	00000000 TIM2_IRQHandler
20000800 g       .stack	00000000 _eusrstack
000000a0 g     F .text	0000000a .hidden __riscv_save_2
000003f4  w      .text	00000000 SW_Handler
0000041a  w      .text	00000000 TIM1_BRK_IRQHandler
0000077a g     F .text	00000008 USART_SendData
0000085a g     F .text	0000004c _write
20000028 g       .data	00000000 _edata
20000030 g       .bss	00000000 _end
00000e8c g       .dlalign	00000000 _data_lma
00000124 g     F .text	00000024 .hidden __modsi3
00000404  w      .text	00000000 DMA1_Channel2_IRQHandler
00000424  w      .text	00000000 handle_reset
000000a0 g     F .text	0000000a .hidden __riscv_save_0
000003fa  w      .text	00000000 FLASH_IRQHandler
00000416  w      .text	00000000 USART1_IRQHandler
00000414  w      .text	00000000 I2C1_ER_IRQHandler
00000646 g     F .text	00000032 SPI_Init
00000588 g     F .text	0000000a NVIC_PriorityGroupConfig
000000aa g     F .text	0000000a .hidden __riscv_restore_1



Disassembly of section .init:

00000000 <_sinit>:
   0:	4240006f          	j	424 <handle_reset>
   4:	0000                	unimp
   6:	0000                	unimp
   8:	014a                	slli	sp,sp,0x12
   a:	0000                	unimp
   c:	014e                	slli	sp,sp,0x13
	...
  2e:	0000                	unimp
  30:	03f2                	slli	t2,t2,0x1c
  32:	0000                	unimp
  34:	0000                	unimp
  36:	0000                	unimp
  38:	03f4                	addi	a3,sp,460
  3a:	0000                	unimp
  3c:	0000                	unimp
  3e:	0000                	unimp
  40:	03f6                	slli	t2,t2,0x1d
  42:	0000                	unimp
  44:	03f8                	addi	a4,sp,460
  46:	0000                	unimp
  48:	03fa                	slli	t2,t2,0x1e
  4a:	0000                	unimp
  4c:	03fc                	addi	a5,sp,460
  4e:	0000                	unimp
  50:	03fe                	slli	t2,t2,0x1f
  52:	0000                	unimp
  54:	0400                	addi	s0,sp,512
  56:	0000                	unimp
  58:	0402                	c.slli64	s0
  5a:	0000                	unimp
  5c:	0404                	addi	s1,sp,512
  5e:	0000                	unimp
  60:	0406                	slli	s0,s0,0x1
  62:	0000                	unimp
  64:	0408                	addi	a0,sp,512
  66:	0000                	unimp
  68:	040a                	slli	s0,s0,0x2
  6a:	0000                	unimp
  6c:	040c                	addi	a1,sp,512
  6e:	0000                	unimp
  70:	040e                	slli	s0,s0,0x3
  72:	0000                	unimp
  74:	0410                	addi	a2,sp,512
  76:	0000                	unimp
  78:	0412                	slli	s0,s0,0x4
  7a:	0000                	unimp
  7c:	0414                	addi	a3,sp,512
  7e:	0000                	unimp
  80:	0416                	slli	s0,s0,0x5
  82:	0000                	unimp
  84:	0418                	addi	a4,sp,512
  86:	0000                	unimp
  88:	041a                	slli	s0,s0,0x6
  8a:	0000                	unimp
  8c:	041c                	addi	a5,sp,512
  8e:	0000                	unimp
  90:	041e                	slli	s0,s0,0x7
  92:	0000                	unimp
  94:	0420                	addi	s0,sp,520
  96:	0000                	unimp
  98:	0422                	slli	s0,s0,0x8
  9a:	0000                	unimp
  9c:	0000                	unimp
	...

Disassembly of section .text:

000000a0 <__riscv_save_0>:
  a0:	1151                	addi	sp,sp,-12
  a2:	c026                	sw	s1,0(sp)
  a4:	c222                	sw	s0,4(sp)
  a6:	c406                	sw	ra,8(sp)
  a8:	8282                	jr	t0

000000aa <__riscv_restore_0>:
  aa:	4482                	lw	s1,0(sp)
  ac:	4412                	lw	s0,4(sp)
  ae:	40a2                	lw	ra,8(sp)
  b0:	0131                	addi	sp,sp,12
  b2:	8082                	ret

000000b4 <__mulsi3>:
  b4:	862a                	mv	a2,a0
  b6:	4501                	li	a0,0
  b8:	0015f693          	andi	a3,a1,1
  bc:	c291                	beqz	a3,c0 <__mulsi3+0xc>
  be:	9532                	add	a0,a0,a2
  c0:	8185                	srli	a1,a1,0x1
  c2:	0606                	slli	a2,a2,0x1
  c4:	f9f5                	bnez	a1,b8 <__mulsi3+0x4>
  c6:	8082                	ret
  c8:	0000                	unimp
	...

000000cc <__divsi3>:
  cc:	02054e63          	bltz	a0,108 <__umodsi3+0x8>
  d0:	0405c363          	bltz	a1,116 <__umodsi3+0x16>

000000d4 <__udivsi3>:
  d4:	862e                	mv	a2,a1
  d6:	85aa                	mv	a1,a0
  d8:	557d                	li	a0,-1
  da:	c215                	beqz	a2,fe <__udivsi3+0x2a>
  dc:	4685                	li	a3,1
  de:	00b67863          	bgeu	a2,a1,ee <__udivsi3+0x1a>
  e2:	00c05663          	blez	a2,ee <__udivsi3+0x1a>
  e6:	0606                	slli	a2,a2,0x1
  e8:	0686                	slli	a3,a3,0x1
  ea:	feb66ce3          	bltu	a2,a1,e2 <__udivsi3+0xe>
  ee:	4501                	li	a0,0
  f0:	00c5e463          	bltu	a1,a2,f8 <__udivsi3+0x24>
  f4:	8d91                	sub	a1,a1,a2
  f6:	8d55                	or	a0,a0,a3
  f8:	8285                	srli	a3,a3,0x1
  fa:	8205                	srli	a2,a2,0x1
  fc:	faf5                	bnez	a3,f0 <__udivsi3+0x1c>
  fe:	8082                	ret

00000100 <__umodsi3>:
 100:	8286                	mv	t0,ra
 102:	3fc9                	jal	d4 <__udivsi3>
 104:	852e                	mv	a0,a1
 106:	8282                	jr	t0
 108:	40a00533          	neg	a0,a0
 10c:	0005d763          	bgez	a1,11a <__umodsi3+0x1a>
 110:	40b005b3          	neg	a1,a1
 114:	b7c1                	j	d4 <__udivsi3>
 116:	40b005b3          	neg	a1,a1
 11a:	8286                	mv	t0,ra
 11c:	3f65                	jal	d4 <__udivsi3>
 11e:	40a00533          	neg	a0,a0
 122:	8282                	jr	t0

00000124 <__modsi3>:
 124:	8286                	mv	t0,ra
 126:	0005c763          	bltz	a1,134 <__modsi3+0x10>
 12a:	00054963          	bltz	a0,13c <__modsi3+0x18>
 12e:	375d                	jal	d4 <__udivsi3>
 130:	852e                	mv	a0,a1
 132:	8282                	jr	t0
 134:	40b005b3          	neg	a1,a1
 138:	fe055be3          	bgez	a0,12e <__modsi3+0xa>
 13c:	40a00533          	neg	a0,a0
 140:	3f51                	jal	d4 <__udivsi3>
 142:	40b00533          	neg	a0,a1
 146:	8282                	jr	t0
	...

0000014a <NMI_Handler>:
 14a:	30200073          	mret

0000014e <HardFault_Handler>:
 14e:	a001                	j	14e <HardFault_Handler>

00000150 <SPI_FullDuplex_Init>:
 150:	f51ff2ef          	jal	t0,a0 <__riscv_save_0>
 154:	6505                	lui	a0,0x1
 156:	1101                	addi	sp,sp,-32
 158:	4585                	li	a1,1
 15a:	03050513          	addi	a0,a0,48 # 1030 <_data_lma+0x1a4>
 15e:	c002                	sw	zero,0(sp)
 160:	c202                	sw	zero,4(sp)
 162:	c402                	sw	zero,8(sp)
 164:	c602                	sw	zero,12(sp)
 166:	c802                	sw	zero,16(sp)
 168:	ca02                	sw	zero,20(sp)
 16a:	cc02                	sw	zero,24(sp)
 16c:	00011e23          	sh	zero,28(sp)
 170:	2965                	jal	628 <RCC_APB2PeriphClockCmd>
 172:	02000793          	li	a5,32
 176:	440d                	li	s0,3
 178:	807c                	sh	a5,0(sp)
 17a:	858a                	mv	a1,sp
 17c:	47e1                	li	a5,24
 17e:	40011537          	lui	a0,0x40011
 182:	c43e                	sw	a5,8(sp)
 184:	c222                	sw	s0,4(sp)
 186:	260d                	jal	4a8 <GPIO_Init>
 188:	08000713          	li	a4,128
 18c:	4491                	li	s1,4
 18e:	858a                	mv	a1,sp
 190:	40011537          	lui	a0,0x40011
 194:	8078                	sh	a4,0(sp)
 196:	c426                	sw	s1,8(sp)
 198:	2e01                	jal	4a8 <GPIO_Init>
 19a:	04000713          	li	a4,64
 19e:	47e1                	li	a5,24
 1a0:	858a                	mv	a1,sp
 1a2:	40011537          	lui	a0,0x40011
 1a6:	8078                	sh	a4,0(sp)
 1a8:	c43e                	sw	a5,8(sp)
 1aa:	c222                	sw	s0,4(sp)
 1ac:	2cf5                	jal	4a8 <GPIO_Init>
 1ae:	40011537          	lui	a0,0x40011
 1b2:	47c1                	li	a5,16
 1b4:	858a                	mv	a1,sp
 1b6:	40050513          	addi	a0,a0,1024 # 40011400 <__global_pointer$+0x20010bd8>
 1ba:	8064                	sh	s1,0(sp)
 1bc:	c43e                	sw	a5,8(sp)
 1be:	c222                	sw	s0,4(sp)
 1c0:	24e5                	jal	4a8 <GPIO_Init>
 1c2:	010407b7          	lui	a5,0x1040
 1c6:	c63e                	sw	a5,12(sp)
 1c8:	020007b7          	lui	a5,0x2000
 1cc:	ca3e                	sw	a5,20(sp)
 1ce:	02800793          	li	a5,40
 1d2:	cc3e                	sw	a5,24(sp)
 1d4:	006c                	addi	a1,sp,12
 1d6:	479d                	li	a5,7
 1d8:	40013537          	lui	a0,0x40013
 1dc:	86fc                	sh	a5,28(sp)
 1de:	c802                	sw	zero,16(sp)
 1e0:	219d                	jal	646 <SPI_Init>
 1e2:	4585                	li	a1,1
 1e4:	40013537          	lui	a0,0x40013
 1e8:	2941                	jal	678 <SPI_Cmd>
 1ea:	6105                	addi	sp,sp,32
 1ec:	bd7d                	j	aa <__riscv_restore_0>

000001ee <MCP_Write>:
 1ee:	eb3ff2ef          	jal	t0,a0 <__riscv_save_0>
 1f2:	84aa                	mv	s1,a0
 1f4:	40011537          	lui	a0,0x40011
 1f8:	842e                	mv	s0,a1
 1fa:	4601                	li	a2,0
 1fc:	4591                	li	a1,4
 1fe:	40050513          	addi	a0,a0,1024 # 40011400 <__global_pointer$+0x20010bd8>
 202:	2eb5                	jal	57e <GPIO_WriteBit>
 204:	08000593          	li	a1,128
 208:	40013537          	lui	a0,0x40013
 20c:	2179                	jal	69a <SPI_I2S_GetFlagStatus>
 20e:	f97d                	bnez	a0,204 <MCP_Write+0x16>
 210:	4589                	li	a1,2
 212:	40013537          	lui	a0,0x40013
 216:	2151                	jal	69a <SPI_I2S_GetFlagStatus>
 218:	dd65                	beqz	a0,210 <MCP_Write+0x22>
 21a:	04000593          	li	a1,64
 21e:	40013537          	lui	a0,0x40013
 222:	2985                	jal	692 <SPI_I2S_SendData>
 224:	4589                	li	a1,2
 226:	40013537          	lui	a0,0x40013
 22a:	2985                	jal	69a <SPI_I2S_GetFlagStatus>
 22c:	dd65                	beqz	a0,224 <MCP_Write+0x36>
 22e:	85a6                	mv	a1,s1
 230:	40013537          	lui	a0,0x40013
 234:	29b9                	jal	692 <SPI_I2S_SendData>
 236:	4589                	li	a1,2
 238:	40013537          	lui	a0,0x40013
 23c:	29b9                	jal	69a <SPI_I2S_GetFlagStatus>
 23e:	dd65                	beqz	a0,236 <MCP_Write+0x48>
 240:	85a2                	mv	a1,s0
 242:	40013537          	lui	a0,0x40013
 246:	21b1                	jal	692 <SPI_I2S_SendData>
 248:	4551                	li	a0,20
 24a:	2bbd                	jal	7c8 <Delay_Ms>
 24c:	40011537          	lui	a0,0x40011
 250:	4605                	li	a2,1
 252:	4591                	li	a1,4
 254:	40050513          	addi	a0,a0,1024 # 40011400 <__global_pointer$+0x20010bd8>
 258:	261d                	jal	57e <GPIO_WriteBit>
 25a:	bd81                	j	aa <__riscv_restore_0>

0000025c <MCP_Read>:
 25c:	e45ff2ef          	jal	t0,a0 <__riscv_save_0>
 260:	842a                	mv	s0,a0
 262:	40011537          	lui	a0,0x40011
 266:	4601                	li	a2,0
 268:	4591                	li	a1,4
 26a:	40050513          	addi	a0,a0,1024 # 40011400 <__global_pointer$+0x20010bd8>
 26e:	2e01                	jal	57e <GPIO_WriteBit>
 270:	08000593          	li	a1,128
 274:	40013537          	lui	a0,0x40013
 278:	210d                	jal	69a <SPI_I2S_GetFlagStatus>
 27a:	f97d                	bnez	a0,270 <MCP_Read+0x14>
 27c:	4589                	li	a1,2
 27e:	40013537          	lui	a0,0x40013
 282:	2921                	jal	69a <SPI_I2S_GetFlagStatus>
 284:	dd65                	beqz	a0,27c <MCP_Read+0x20>
 286:	04100593          	li	a1,65
 28a:	40013537          	lui	a0,0x40013
 28e:	2111                	jal	692 <SPI_I2S_SendData>
 290:	4589                	li	a1,2
 292:	40013537          	lui	a0,0x40013
 296:	2111                	jal	69a <SPI_I2S_GetFlagStatus>
 298:	dd65                	beqz	a0,290 <MCP_Read+0x34>
 29a:	85a2                	mv	a1,s0
 29c:	40013537          	lui	a0,0x40013
 2a0:	2ecd                	jal	692 <SPI_I2S_SendData>
 2a2:	4585                	li	a1,1
 2a4:	40013537          	lui	a0,0x40013
 2a8:	2ecd                	jal	69a <SPI_I2S_GetFlagStatus>
 2aa:	dd65                	beqz	a0,2a2 <MCP_Read+0x46>
 2ac:	40013537          	lui	a0,0x40013
 2b0:	26dd                	jal	696 <SPI_I2S_ReceiveData>
 2b2:	842a                	mv	s0,a0
 2b4:	4551                	li	a0,20
 2b6:	2b09                	jal	7c8 <Delay_Ms>
 2b8:	40011537          	lui	a0,0x40011
 2bc:	4605                	li	a2,1
 2be:	4591                	li	a1,4
 2c0:	40050513          	addi	a0,a0,1024 # 40011400 <__global_pointer$+0x20010bd8>
 2c4:	2c6d                	jal	57e <GPIO_WriteBit>
 2c6:	0ff47513          	andi	a0,s0,255
 2ca:	b3c5                	j	aa <__riscv_restore_0>

000002cc <main>:
 2cc:	dd5ff2ef          	jal	t0,a0 <__riscv_save_0>
 2d0:	4509                	li	a0,2
 2d2:	2c5d                	jal	588 <NVIC_PriorityGroupConfig>
 2d4:	2965                	jal	78c <Delay_Init>
 2d6:	6571                	lui	a0,0x1c
 2d8:	20050513          	addi	a0,a0,512 # 1c200 <_data_lma+0x1b374>
 2dc:	232d                	jal	806 <USART_Printf_Init>
 2de:	200007b7          	lui	a5,0x20000
 2e2:	0007a583          	lw	a1,0(a5) # 20000000 <_data_vma>
 2e6:	00001537          	lui	a0,0x1
 2ea:	e6050513          	addi	a0,a0,-416 # e60 <printf+0x24>
 2ee:	34f000ef          	jal	ra,e3c <printf>
 2f2:	40011437          	lui	s0,0x40011
 2f6:	40040513          	addi	a0,s0,1024 # 40011400 <__global_pointer$+0x20010bd8>
 2fa:	4605                	li	a2,1
 2fc:	4591                	li	a1,4
 2fe:	2441                	jal	57e <GPIO_WriteBit>
 300:	3d81                	jal	150 <SPI_FullDuplex_Init>
 302:	4601                	li	a2,0
 304:	40040513          	addi	a0,s0,1024
 308:	4591                	li	a1,4
 30a:	2c95                	jal	57e <GPIO_WriteBit>
 30c:	02800593          	li	a1,40
 310:	4529                	li	a0,10
 312:	3df1                	jal	1ee <MCP_Write>
 314:	4581                	li	a1,0
 316:	4501                	li	a0,0
 318:	3dd9                	jal	1ee <MCP_Write>
 31a:	0ff00593          	li	a1,255
 31e:	4505                	li	a0,1
 320:	35f9                	jal	1ee <MCP_Write>
 322:	0ff00593          	li	a1,255
 326:	4535                	li	a0,13
 328:	35d9                	jal	1ee <MCP_Write>
 32a:	4581                	li	a1,0
 32c:	4549                	li	a0,18
 32e:	35c1                	jal	1ee <MCP_Write>
 330:	00001437          	lui	s0,0x1
 334:	0ff00593          	li	a1,255
 338:	4549                	li	a0,18
 33a:	3d55                	jal	1ee <MCP_Write>
 33c:	454d                	li	a0,19
 33e:	3f39                	jal	25c <MCP_Read>
 340:	85aa                	mv	a1,a0
 342:	e7040513          	addi	a0,s0,-400 # e70 <printf+0x34>
 346:	2f7000ef          	jal	ra,e3c <printf>
 34a:	1f400513          	li	a0,500
 34e:	29ad                	jal	7c8 <Delay_Ms>
 350:	4581                	li	a1,0
 352:	4549                	li	a0,18
 354:	3d69                	jal	1ee <MCP_Write>
 356:	1f400513          	li	a0,500
 35a:	21bd                	jal	7c8 <Delay_Ms>
 35c:	bfe1                	j	334 <main+0x68>

0000035e <SystemInit>:
 35e:	400217b7          	lui	a5,0x40021
 362:	4398                	lw	a4,0(a5)
 364:	fcff06b7          	lui	a3,0xfcff0
 368:	00176713          	ori	a4,a4,1
 36c:	c398                	sw	a4,0(a5)
 36e:	43d8                	lw	a4,4(a5)
 370:	8f75                	and	a4,a4,a3
 372:	c3d8                	sw	a4,4(a5)
 374:	4398                	lw	a4,0(a5)
 376:	fef706b7          	lui	a3,0xfef70
 37a:	16fd                	addi	a3,a3,-1
 37c:	8f75                	and	a4,a4,a3
 37e:	c398                	sw	a4,0(a5)
 380:	4398                	lw	a4,0(a5)
 382:	fffc06b7          	lui	a3,0xfffc0
 386:	16fd                	addi	a3,a3,-1
 388:	8f75                	and	a4,a4,a3
 38a:	c398                	sw	a4,0(a5)
 38c:	43d4                	lw	a3,4(a5)
 38e:	7741                	lui	a4,0xffff0
 390:	177d                	addi	a4,a4,-1
 392:	8ef9                	and	a3,a3,a4
 394:	c3d4                	sw	a3,4(a5)
 396:	009f06b7          	lui	a3,0x9f0
 39a:	c794                	sw	a3,8(a5)
 39c:	400226b7          	lui	a3,0x40022
 3a0:	4290                	lw	a2,0(a3)
 3a2:	9a71                	andi	a2,a2,-4
 3a4:	c290                	sw	a2,0(a3)
 3a6:	4290                	lw	a2,0(a3)
 3a8:	00166613          	ori	a2,a2,1
 3ac:	c290                	sw	a2,0(a3)
 3ae:	43d4                	lw	a3,4(a5)
 3b0:	c3d4                	sw	a3,4(a5)
 3b2:	43d4                	lw	a3,4(a5)
 3b4:	8f75                	and	a4,a4,a3
 3b6:	c3d8                	sw	a4,4(a5)
 3b8:	43d8                	lw	a4,4(a5)
 3ba:	010006b7          	lui	a3,0x1000
 3be:	c3d8                	sw	a4,4(a5)
 3c0:	4398                	lw	a4,0(a5)
 3c2:	8f55                	or	a4,a4,a3
 3c4:	c398                	sw	a4,0(a5)
 3c6:	4398                	lw	a4,0(a5)
 3c8:	00671693          	slli	a3,a4,0x6
 3cc:	fe06dde3          	bgez	a3,3c6 <SystemInit+0x68>
 3d0:	43d8                	lw	a4,4(a5)
 3d2:	400216b7          	lui	a3,0x40021
 3d6:	9b71                	andi	a4,a4,-4
 3d8:	c3d8                	sw	a4,4(a5)
 3da:	43d8                	lw	a4,4(a5)
 3dc:	00276713          	ori	a4,a4,2
 3e0:	c3d8                	sw	a4,4(a5)
 3e2:	4721                	li	a4,8
 3e4:	42dc                	lw	a5,4(a3)
 3e6:	8bb1                	andi	a5,a5,12
 3e8:	fee79ee3          	bne	a5,a4,3e4 <SystemInit+0x86>
 3ec:	8082                	ret
 3ee:	a001                	j	3ee <SystemInit+0x90>
 3f0:	a001                	j	3f0 <SystemInit+0x92>

000003f2 <SysTick_Handler>:
 3f2:	a001                	j	3f2 <SysTick_Handler>

000003f4 <SW_Handler>:
 3f4:	a001                	j	3f4 <SW_Handler>

000003f6 <WWDG_IRQHandler>:
 3f6:	a001                	j	3f6 <WWDG_IRQHandler>

000003f8 <PVD_IRQHandler>:
 3f8:	a001                	j	3f8 <PVD_IRQHandler>

000003fa <FLASH_IRQHandler>:
 3fa:	a001                	j	3fa <FLASH_IRQHandler>

000003fc <RCC_IRQHandler>:
 3fc:	a001                	j	3fc <RCC_IRQHandler>

000003fe <EXTI7_0_IRQHandler>:
 3fe:	a001                	j	3fe <EXTI7_0_IRQHandler>

00000400 <AWU_IRQHandler>:
 400:	a001                	j	400 <AWU_IRQHandler>

00000402 <DMA1_Channel1_IRQHandler>:
 402:	a001                	j	402 <DMA1_Channel1_IRQHandler>

00000404 <DMA1_Channel2_IRQHandler>:
 404:	a001                	j	404 <DMA1_Channel2_IRQHandler>

00000406 <DMA1_Channel3_IRQHandler>:
 406:	a001                	j	406 <DMA1_Channel3_IRQHandler>

00000408 <DMA1_Channel4_IRQHandler>:
 408:	a001                	j	408 <DMA1_Channel4_IRQHandler>

0000040a <DMA1_Channel5_IRQHandler>:
 40a:	a001                	j	40a <DMA1_Channel5_IRQHandler>

0000040c <DMA1_Channel6_IRQHandler>:
 40c:	a001                	j	40c <DMA1_Channel6_IRQHandler>

0000040e <DMA1_Channel7_IRQHandler>:
 40e:	a001                	j	40e <DMA1_Channel7_IRQHandler>

00000410 <ADC1_IRQHandler>:
 410:	a001                	j	410 <ADC1_IRQHandler>

00000412 <I2C1_EV_IRQHandler>:
 412:	a001                	j	412 <I2C1_EV_IRQHandler>

00000414 <I2C1_ER_IRQHandler>:
 414:	a001                	j	414 <I2C1_ER_IRQHandler>

00000416 <USART1_IRQHandler>:
 416:	a001                	j	416 <USART1_IRQHandler>

00000418 <SPI1_IRQHandler>:
 418:	a001                	j	418 <SPI1_IRQHandler>

0000041a <TIM1_BRK_IRQHandler>:
 41a:	a001                	j	41a <TIM1_BRK_IRQHandler>

0000041c <TIM1_UP_IRQHandler>:
 41c:	a001                	j	41c <TIM1_UP_IRQHandler>

0000041e <TIM1_TRG_COM_IRQHandler>:
 41e:	a001                	j	41e <TIM1_TRG_COM_IRQHandler>

00000420 <TIM1_CC_IRQHandler>:
 420:	a001                	j	420 <TIM1_CC_IRQHandler>

00000422 <TIM2_IRQHandler>:
 422:	a001                	j	422 <TIM2_IRQHandler>

00000424 <handle_reset>:
 424:	20000197          	auipc	gp,0x20000
 428:	40418193          	addi	gp,gp,1028 # 20000828 <__global_pointer$>
 42c:	fd818113          	addi	sp,gp,-40 # 20000800 <_eusrstack>
 430:	00001517          	auipc	a0,0x1
 434:	a5c50513          	addi	a0,a0,-1444 # e8c <_data_lma>
 438:	20000597          	auipc	a1,0x20000
 43c:	bc858593          	addi	a1,a1,-1080 # 20000000 <_data_vma>
 440:	20000617          	auipc	a2,0x20000
 444:	be860613          	addi	a2,a2,-1048 # 20000028 <_edata>
 448:	00c5fa63          	bgeu	a1,a2,45c <handle_reset+0x38>
 44c:	00052283          	lw	t0,0(a0)
 450:	0055a023          	sw	t0,0(a1)
 454:	0511                	addi	a0,a0,4
 456:	0591                	addi	a1,a1,4
 458:	fec5eae3          	bltu	a1,a2,44c <handle_reset+0x28>
 45c:	20000517          	auipc	a0,0x20000
 460:	bcc50513          	addi	a0,a0,-1076 # 20000028 <_edata>
 464:	80818593          	addi	a1,gp,-2040 # 20000030 <_ebss>
 468:	00b57763          	bgeu	a0,a1,476 <handle_reset+0x52>
 46c:	00052023          	sw	zero,0(a0)
 470:	0511                	addi	a0,a0,4
 472:	feb56de3          	bltu	a0,a1,46c <handle_reset+0x48>
 476:	08000293          	li	t0,128
 47a:	30029073          	csrw	mstatus,t0
 47e:	428d                	li	t0,3
 480:	80429073          	csrw	0x804,t0
 484:	00000297          	auipc	t0,0x0
 488:	b7c28293          	addi	t0,t0,-1156 # 0 <_sinit>
 48c:	0032e293          	ori	t0,t0,3
 490:	30529073          	csrw	mtvec,t0
 494:	ecbff0ef          	jal	ra,35e <SystemInit>
 498:	00000297          	auipc	t0,0x0
 49c:	e3428293          	addi	t0,t0,-460 # 2cc <main>
 4a0:	34129073          	csrw	mepc,t0
 4a4:	30200073          	mret

000004a8 <GPIO_Init>:
 4a8:	459c                	lw	a5,8(a1)
 4aa:	1161                	addi	sp,sp,-8
 4ac:	c222                	sw	s0,4(sp)
 4ae:	c026                	sw	s1,0(sp)
 4b0:	0107f713          	andi	a4,a5,16
 4b4:	00f7f313          	andi	t1,a5,15
 4b8:	c701                	beqz	a4,4c0 <GPIO_Init+0x18>
 4ba:	41d8                	lw	a4,4(a1)
 4bc:	00e36333          	or	t1,t1,a4
 4c0:	2192                	lhu	a2,0(a1)
 4c2:	0ff67713          	andi	a4,a2,255
 4c6:	c729                	beqz	a4,510 <GPIO_Init+0x68>
 4c8:	00052383          	lw	t2,0(a0)
 4cc:	4701                	li	a4,0
 4ce:	02800413          	li	s0,40
 4d2:	04800493          	li	s1,72
 4d6:	4685                	li	a3,1
 4d8:	00e695b3          	sll	a1,a3,a4
 4dc:	00b676b3          	and	a3,a2,a1
 4e0:	02d59263          	bne	a1,a3,504 <GPIO_Init+0x5c>
 4e4:	00271293          	slli	t0,a4,0x2
 4e8:	46bd                	li	a3,15
 4ea:	005696b3          	sll	a3,a3,t0
 4ee:	fff6c693          	not	a3,a3
 4f2:	0076f3b3          	and	t2,a3,t2
 4f6:	005312b3          	sll	t0,t1,t0
 4fa:	0072e3b3          	or	t2,t0,t2
 4fe:	06879763          	bne	a5,s0,56c <GPIO_Init+0xc4>
 502:	c94c                	sw	a1,20(a0)
 504:	0705                	addi	a4,a4,1
 506:	46a1                	li	a3,8
 508:	fcd717e3          	bne	a4,a3,4d6 <GPIO_Init+0x2e>
 50c:	00752023          	sw	t2,0(a0)
 510:	0ff00713          	li	a4,255
 514:	04c77863          	bgeu	a4,a2,564 <GPIO_Init+0xbc>
 518:	00452383          	lw	t2,4(a0)
 51c:	46a1                	li	a3,8
 51e:	02800413          	li	s0,40
 522:	04800493          	li	s1,72
 526:	4705                	li	a4,1
 528:	00d712b3          	sll	t0,a4,a3
 52c:	00567733          	and	a4,a2,t0
 530:	02e29463          	bne	t0,a4,558 <GPIO_Init+0xb0>
 534:	00269713          	slli	a4,a3,0x2
 538:	1701                	addi	a4,a4,-32
 53a:	45bd                	li	a1,15
 53c:	00e595b3          	sll	a1,a1,a4
 540:	fff5c593          	not	a1,a1
 544:	0075f3b3          	and	t2,a1,t2
 548:	00e31733          	sll	a4,t1,a4
 54c:	007763b3          	or	t2,a4,t2
 550:	02879263          	bne	a5,s0,574 <GPIO_Init+0xcc>
 554:	00552a23          	sw	t0,20(a0)
 558:	0685                	addi	a3,a3,1
 55a:	4741                	li	a4,16
 55c:	fce695e3          	bne	a3,a4,526 <GPIO_Init+0x7e>
 560:	00752223          	sw	t2,4(a0)
 564:	4412                	lw	s0,4(sp)
 566:	4482                	lw	s1,0(sp)
 568:	0121                	addi	sp,sp,8
 56a:	8082                	ret
 56c:	f8979ce3          	bne	a5,s1,504 <GPIO_Init+0x5c>
 570:	c90c                	sw	a1,16(a0)
 572:	bf49                	j	504 <GPIO_Init+0x5c>
 574:	fe9792e3          	bne	a5,s1,558 <GPIO_Init+0xb0>
 578:	00552823          	sw	t0,16(a0)
 57c:	bff1                	j	558 <GPIO_Init+0xb0>

0000057e <GPIO_WriteBit>:
 57e:	c219                	beqz	a2,584 <GPIO_WriteBit+0x6>
 580:	c90c                	sw	a1,16(a0)
 582:	8082                	ret
 584:	c94c                	sw	a1,20(a0)
 586:	8082                	ret

00000588 <NVIC_PriorityGroupConfig>:
 588:	200007b7          	lui	a5,0x20000
 58c:	02a7a423          	sw	a0,40(a5) # 20000028 <_edata>
 590:	8082                	ret

00000592 <RCC_GetClocksFreq>:
 592:	b0fff2ef          	jal	t0,a0 <__riscv_save_0>
 596:	40021737          	lui	a4,0x40021
 59a:	435c                	lw	a5,4(a4)
 59c:	4691                	li	a3,4
 59e:	842a                	mv	s0,a0
 5a0:	8bb1                	andi	a5,a5,12
 5a2:	00d78563          	beq	a5,a3,5ac <RCC_GetClocksFreq+0x1a>
 5a6:	46a1                	li	a3,8
 5a8:	06d78a63          	beq	a5,a3,61c <RCC_GetClocksFreq+0x8a>
 5ac:	016e37b7          	lui	a5,0x16e3
 5b0:	60078793          	addi	a5,a5,1536 # 16e3600 <_data_lma+0x16e2774>
 5b4:	c01c                	sw	a5,0(s0)
 5b6:	400216b7          	lui	a3,0x40021
 5ba:	42dc                	lw	a5,4(a3)
 5bc:	8391                	srli	a5,a5,0x4
 5be:	00f7f713          	andi	a4,a5,15
 5c2:	200007b7          	lui	a5,0x20000
 5c6:	01878793          	addi	a5,a5,24 # 20000018 <APBAHBPrescTable>
 5ca:	97ba                	add	a5,a5,a4
 5cc:	238c                	lbu	a1,0(a5)
 5ce:	42dc                	lw	a5,4(a3)
 5d0:	4018                	lw	a4,0(s0)
 5d2:	0ff5f593          	andi	a1,a1,255
 5d6:	0807f793          	andi	a5,a5,128
 5da:	00b75533          	srl	a0,a4,a1
 5de:	e399                	bnez	a5,5e4 <RCC_GetClocksFreq+0x52>
 5e0:	853a                	mv	a0,a4
 5e2:	3ccd                	jal	d4 <__udivsi3>
 5e4:	c048                	sw	a0,4(s0)
 5e6:	c408                	sw	a0,8(s0)
 5e8:	c448                	sw	a0,12(s0)
 5ea:	400217b7          	lui	a5,0x40021
 5ee:	43dc                	lw	a5,4(a5)
 5f0:	83ad                	srli	a5,a5,0xb
 5f2:	8bfd                	andi	a5,a5,31
 5f4:	0037d713          	srli	a4,a5,0x3
 5f8:	078a                	slli	a5,a5,0x2
 5fa:	8bf1                	andi	a5,a5,28
 5fc:	8fd9                	or	a5,a5,a4
 5fe:	0137f693          	andi	a3,a5,19
 602:	470d                	li	a4,3
 604:	00d77363          	bgeu	a4,a3,60a <RCC_GetClocksFreq+0x78>
 608:	17d1                	addi	a5,a5,-12
 60a:	20000737          	lui	a4,0x20000
 60e:	00470713          	addi	a4,a4,4 # 20000004 <ADCPrescTable>
 612:	97ba                	add	a5,a5,a4
 614:	238c                	lbu	a1,0(a5)
 616:	3c7d                	jal	d4 <__udivsi3>
 618:	c808                	sw	a0,16(s0)
 61a:	bc41                	j	aa <__riscv_restore_0>
 61c:	435c                	lw	a5,4(a4)
 61e:	02dc77b7          	lui	a5,0x2dc7
 622:	c0078793          	addi	a5,a5,-1024 # 2dc6c00 <_data_lma+0x2dc5d74>
 626:	b779                	j	5b4 <RCC_GetClocksFreq+0x22>

00000628 <RCC_APB2PeriphClockCmd>:
 628:	c599                	beqz	a1,636 <RCC_APB2PeriphClockCmd+0xe>
 62a:	40021737          	lui	a4,0x40021
 62e:	4f1c                	lw	a5,24(a4)
 630:	8d5d                	or	a0,a0,a5
 632:	cf08                	sw	a0,24(a4)
 634:	8082                	ret
 636:	400217b7          	lui	a5,0x40021
 63a:	4f98                	lw	a4,24(a5)
 63c:	fff54513          	not	a0,a0
 640:	8d79                	and	a0,a0,a4
 642:	cf88                	sw	a0,24(a5)
 644:	8082                	ret

00000646 <SPI_Init>:
 646:	211a                	lhu	a4,0(a0)
 648:	678d                	lui	a5,0x3
 64a:	04078793          	addi	a5,a5,64 # 3040 <_data_lma+0x21b4>
 64e:	21b6                	lhu	a3,2(a1)
 650:	8f7d                	and	a4,a4,a5
 652:	219e                	lhu	a5,0(a1)
 654:	8fd5                	or	a5,a5,a3
 656:	21d6                	lhu	a3,4(a1)
 658:	8fd5                	or	a5,a5,a3
 65a:	21f6                	lhu	a3,6(a1)
 65c:	8fd5                	or	a5,a5,a3
 65e:	2596                	lhu	a3,8(a1)
 660:	8fd5                	or	a5,a5,a3
 662:	25b6                	lhu	a3,10(a1)
 664:	8fd5                	or	a5,a5,a3
 666:	25d6                	lhu	a3,12(a1)
 668:	8fd5                	or	a5,a5,a3
 66a:	25f6                	lhu	a3,14(a1)
 66c:	8fd5                	or	a5,a5,a3
 66e:	8fd9                	or	a5,a5,a4
 670:	a11e                	sh	a5,0(a0)
 672:	299e                	lhu	a5,16(a1)
 674:	a91e                	sh	a5,16(a0)
 676:	8082                	ret

00000678 <SPI_Cmd>:
 678:	211e                	lhu	a5,0(a0)
 67a:	c589                	beqz	a1,684 <SPI_Cmd+0xc>
 67c:	0407e793          	ori	a5,a5,64
 680:	a11e                	sh	a5,0(a0)
 682:	8082                	ret
 684:	07c2                	slli	a5,a5,0x10
 686:	83c1                	srli	a5,a5,0x10
 688:	fbf7f793          	andi	a5,a5,-65
 68c:	07c2                	slli	a5,a5,0x10
 68e:	83c1                	srli	a5,a5,0x10
 690:	bfc5                	j	680 <SPI_Cmd+0x8>

00000692 <SPI_I2S_SendData>:
 692:	a54e                	sh	a1,12(a0)
 694:	8082                	ret

00000696 <SPI_I2S_ReceiveData>:
 696:	254a                	lhu	a0,12(a0)
 698:	8082                	ret

0000069a <SPI_I2S_GetFlagStatus>:
 69a:	250a                	lhu	a0,8(a0)
 69c:	8d6d                	and	a0,a0,a1
 69e:	00a03533          	snez	a0,a0
 6a2:	8082                	ret

000006a4 <USART_Init>:
 6a4:	9fdff2ef          	jal	t0,a0 <__riscv_save_0>
 6a8:	2916                	lhu	a3,16(a0)
 6aa:	77f5                	lui	a5,0xffffd
 6ac:	17fd                	addi	a5,a5,-1
 6ae:	8ff5                	and	a5,a5,a3
 6b0:	21f6                	lhu	a3,6(a1)
 6b2:	25da                	lhu	a4,12(a1)
 6b4:	1121                	addi	sp,sp,-24
 6b6:	8fd5                	or	a5,a5,a3
 6b8:	a91e                	sh	a5,16(a0)
 6ba:	2556                	lhu	a3,12(a0)
 6bc:	77fd                	lui	a5,0xfffff
 6be:	9f378793          	addi	a5,a5,-1549 # ffffe9f3 <__global_pointer$+0xdfffe1cb>
 6c2:	8ff5                	and	a5,a5,a3
 6c4:	21d6                	lhu	a3,4(a1)
 6c6:	842a                	mv	s0,a0
 6c8:	c02e                	sw	a1,0(sp)
 6ca:	8fd5                	or	a5,a5,a3
 6cc:	2596                	lhu	a3,8(a1)
 6ce:	8fd5                	or	a5,a5,a3
 6d0:	25b6                	lhu	a3,10(a1)
 6d2:	8fd5                	or	a5,a5,a3
 6d4:	a55e                	sh	a5,12(a0)
 6d6:	295e                	lhu	a5,20(a0)
 6d8:	07c2                	slli	a5,a5,0x10
 6da:	83c1                	srli	a5,a5,0x10
 6dc:	cff7f793          	andi	a5,a5,-769
 6e0:	8f5d                	or	a4,a4,a5
 6e2:	a95a                	sh	a4,20(a0)
 6e4:	0048                	addi	a0,sp,4
 6e6:	3575                	jal	592 <RCC_GetClocksFreq>
 6e8:	400147b7          	lui	a5,0x40014
 6ec:	80078793          	addi	a5,a5,-2048 # 40013800 <__global_pointer$+0x20012fd8>
 6f0:	4582                	lw	a1,0(sp)
 6f2:	04f41d63          	bne	s0,a5,74c <USART_Init+0xa8>
 6f6:	47c2                	lw	a5,16(sp)
 6f8:	245a                	lhu	a4,12(s0)
 6fa:	00179513          	slli	a0,a5,0x1
 6fe:	953e                	add	a0,a0,a5
 700:	0742                	slli	a4,a4,0x10
 702:	050e                	slli	a0,a0,0x3
 704:	8741                	srai	a4,a4,0x10
 706:	953e                	add	a0,a0,a5
 708:	418c                	lw	a1,0(a1)
 70a:	04075363          	bgez	a4,750 <USART_Init+0xac>
 70e:	0586                	slli	a1,a1,0x1
 710:	32d1                	jal	d4 <__udivsi3>
 712:	06400593          	li	a1,100
 716:	c02a                	sw	a0,0(sp)
 718:	3a75                	jal	d4 <__udivsi3>
 71a:	4782                	lw	a5,0(sp)
 71c:	00451493          	slli	s1,a0,0x4
 720:	06400593          	li	a1,100
 724:	853e                	mv	a0,a5
 726:	3ae9                	jal	100 <__umodsi3>
 728:	245e                	lhu	a5,12(s0)
 72a:	07c2                	slli	a5,a5,0x10
 72c:	87c1                	srai	a5,a5,0x10
 72e:	0207d363          	bgez	a5,754 <USART_Init+0xb0>
 732:	050e                	slli	a0,a0,0x3
 734:	06400593          	li	a1,100
 738:	03250513          	addi	a0,a0,50
 73c:	3a61                	jal	d4 <__udivsi3>
 73e:	891d                	andi	a0,a0,7
 740:	8cc9                	or	s1,s1,a0
 742:	04c2                	slli	s1,s1,0x10
 744:	80c1                	srli	s1,s1,0x10
 746:	a406                	sh	s1,8(s0)
 748:	0161                	addi	sp,sp,24
 74a:	b285                	j	aa <__riscv_restore_0>
 74c:	47b2                	lw	a5,12(sp)
 74e:	b76d                	j	6f8 <USART_Init+0x54>
 750:	058a                	slli	a1,a1,0x2
 752:	bf7d                	j	710 <USART_Init+0x6c>
 754:	0512                	slli	a0,a0,0x4
 756:	06400593          	li	a1,100
 75a:	03250513          	addi	a0,a0,50
 75e:	3a9d                	jal	d4 <__udivsi3>
 760:	893d                	andi	a0,a0,15
 762:	bff9                	j	740 <USART_Init+0x9c>

00000764 <USART_Cmd>:
 764:	c591                	beqz	a1,770 <USART_Cmd+0xc>
 766:	255e                	lhu	a5,12(a0)
 768:	6709                	lui	a4,0x2
 76a:	8fd9                	or	a5,a5,a4
 76c:	a55e                	sh	a5,12(a0)
 76e:	8082                	ret
 770:	255a                	lhu	a4,12(a0)
 772:	77f9                	lui	a5,0xffffe
 774:	17fd                	addi	a5,a5,-1
 776:	8ff9                	and	a5,a5,a4
 778:	bfd5                	j	76c <USART_Cmd+0x8>

0000077a <USART_SendData>:
 77a:	1ff5f593          	andi	a1,a1,511
 77e:	a14e                	sh	a1,4(a0)
 780:	8082                	ret

00000782 <USART_GetFlagStatus>:
 782:	210a                	lhu	a0,0(a0)
 784:	8d6d                	and	a0,a0,a1
 786:	00a03533          	snez	a0,a0
 78a:	8082                	ret

0000078c <Delay_Init>:
 78c:	915ff2ef          	jal	t0,a0 <__riscv_save_0>
 790:	200007b7          	lui	a5,0x20000
 794:	0007a503          	lw	a0,0(a5) # 20000000 <_data_vma>
 798:	007a15b7          	lui	a1,0x7a1
 79c:	20058593          	addi	a1,a1,512 # 7a1200 <_data_lma+0x7a0374>
 7a0:	935ff0ef          	jal	ra,d4 <__udivsi3>
 7a4:	0ff57513          	andi	a0,a0,255
 7a8:	200007b7          	lui	a5,0x20000
 7ac:	02a78723          	sb	a0,46(a5) # 2000002e <p_us>
 7b0:	00551793          	slli	a5,a0,0x5
 7b4:	8f89                	sub	a5,a5,a0
 7b6:	078a                	slli	a5,a5,0x2
 7b8:	953e                	add	a0,a0,a5
 7ba:	050e                	slli	a0,a0,0x3
 7bc:	200007b7          	lui	a5,0x20000
 7c0:	02a79623          	sh	a0,44(a5) # 2000002c <p_ms>
 7c4:	8e7ff06f          	j	aa <__riscv_restore_0>

000007c8 <Delay_Ms>:
 7c8:	8d9ff2ef          	jal	t0,a0 <__riscv_save_0>
 7cc:	e000f437          	lui	s0,0xe000f
 7d0:	405c                	lw	a5,4(s0)
 7d2:	85aa                	mv	a1,a0
 7d4:	9bf9                	andi	a5,a5,-2
 7d6:	c05c                	sw	a5,4(s0)
 7d8:	200007b7          	lui	a5,0x20000
 7dc:	02c7d503          	lhu	a0,44(a5) # 2000002c <p_ms>
 7e0:	8d5ff0ef          	jal	ra,b4 <__mulsi3>
 7e4:	c808                	sw	a0,16(s0)
 7e6:	00042423          	sw	zero,8(s0) # e000f008 <__global_pointer$+0xc000e7e0>
 7ea:	401c                	lw	a5,0(s0)
 7ec:	0017e793          	ori	a5,a5,1
 7f0:	c01c                	sw	a5,0(s0)
 7f2:	e000f7b7          	lui	a5,0xe000f
 7f6:	43d8                	lw	a4,4(a5)
 7f8:	8b05                	andi	a4,a4,1
 7fa:	df75                	beqz	a4,7f6 <Delay_Ms+0x2e>
 7fc:	4398                	lw	a4,0(a5)
 7fe:	9b79                	andi	a4,a4,-2
 800:	c398                	sw	a4,0(a5)
 802:	8a9ff06f          	j	aa <__riscv_restore_0>

00000806 <USART_Printf_Init>:
 806:	89bff2ef          	jal	t0,a0 <__riscv_save_0>
 80a:	842a                	mv	s0,a0
 80c:	6511                	lui	a0,0x4
 80e:	1111                	addi	sp,sp,-28
 810:	4585                	li	a1,1
 812:	02050513          	addi	a0,a0,32 # 4020 <_data_lma+0x3194>
 816:	3d09                	jal	628 <RCC_APB2PeriphClockCmd>
 818:	02000793          	li	a5,32
 81c:	807c                	sh	a5,0(sp)
 81e:	40011537          	lui	a0,0x40011
 822:	478d                	li	a5,3
 824:	c23e                	sw	a5,4(sp)
 826:	858a                	mv	a1,sp
 828:	47e1                	li	a5,24
 82a:	40050513          	addi	a0,a0,1024 # 40011400 <__global_pointer$+0x20010bd8>
 82e:	c43e                	sw	a5,8(sp)
 830:	39a5                	jal	4a8 <GPIO_Init>
 832:	c622                	sw	s0,12(sp)
 834:	40014437          	lui	s0,0x40014
 838:	000807b7          	lui	a5,0x80
 83c:	006c                	addi	a1,sp,12
 83e:	80040513          	addi	a0,s0,-2048 # 40013800 <__global_pointer$+0x20012fd8>
 842:	ca3e                	sw	a5,20(sp)
 844:	c802                	sw	zero,16(sp)
 846:	00011c23          	sh	zero,24(sp)
 84a:	3da9                	jal	6a4 <USART_Init>
 84c:	4585                	li	a1,1
 84e:	80040513          	addi	a0,s0,-2048
 852:	3f09                	jal	764 <USART_Cmd>
 854:	0171                	addi	sp,sp,28
 856:	855ff06f          	j	aa <__riscv_restore_0>

0000085a <_write>:
 85a:	847ff2ef          	jal	t0,a0 <__riscv_save_0>
 85e:	1171                	addi	sp,sp,-4
 860:	84ae                	mv	s1,a1
 862:	4401                	li	s0,0
 864:	02c45d63          	bge	s0,a2,89e <_write+0x44>
 868:	400147b7          	lui	a5,0x40014
 86c:	80078713          	addi	a4,a5,-2048 # 40013800 <__global_pointer$+0x20012fd8>
 870:	853a                	mv	a0,a4
 872:	04000593          	li	a1,64
 876:	c032                	sw	a2,0(sp)
 878:	3729                	jal	782 <USART_GetFlagStatus>
 87a:	400147b7          	lui	a5,0x40014
 87e:	80078713          	addi	a4,a5,-2048 # 40013800 <__global_pointer$+0x20012fd8>
 882:	4602                	lw	a2,0(sp)
 884:	d575                	beqz	a0,870 <_write+0x16>
 886:	00848733          	add	a4,s1,s0
 88a:	00070583          	lb	a1,0(a4) # 2000 <_data_lma+0x1174>
 88e:	80078513          	addi	a0,a5,-2048
 892:	0405                	addi	s0,s0,1
 894:	05c2                	slli	a1,a1,0x10
 896:	81c1                	srli	a1,a1,0x10
 898:	35cd                	jal	77a <USART_SendData>
 89a:	4602                	lw	a2,0(sp)
 89c:	b7e1                	j	864 <_write+0xa>
 89e:	8532                	mv	a0,a2
 8a0:	0111                	addi	sp,sp,4
 8a2:	809ff06f          	j	aa <__riscv_restore_0>

000008a6 <printchar>:
 8a6:	1141                	addi	sp,sp,-16
 8a8:	c606                	sw	ra,12(sp)
 8aa:	c02e                	sw	a1,0(sp)
 8ac:	cd0d                	beqz	a0,8e6 <printchar+0x40>
 8ae:	4118                	lw	a4,0(a0)
 8b0:	87aa                	mv	a5,a0
 8b2:	c305                	beqz	a4,8d2 <printchar+0x2c>
 8b4:	4158                	lw	a4,4(a0)
 8b6:	557d                	li	a0,-1
 8b8:	cb11                	beqz	a4,8cc <printchar+0x26>
 8ba:	4685                	li	a3,1
 8bc:	00d71b63          	bne	a4,a3,8d2 <printchar+0x2c>
 8c0:	4798                	lw	a4,8(a5)
 8c2:	00070023          	sb	zero,0(a4)
 8c6:	0007a223          	sw	zero,4(a5)
 8ca:	4505                	li	a0,1
 8cc:	40b2                	lw	ra,12(sp)
 8ce:	0141                	addi	sp,sp,16
 8d0:	8082                	ret
 8d2:	4798                	lw	a4,8(a5)
 8d4:	4682                	lw	a3,0(sp)
 8d6:	a314                	sb	a3,0(a4)
 8d8:	4798                	lw	a4,8(a5)
 8da:	0705                	addi	a4,a4,1
 8dc:	c798                	sw	a4,8(a5)
 8de:	43d8                	lw	a4,4(a5)
 8e0:	177d                	addi	a4,a4,-1
 8e2:	c3d8                	sw	a4,4(a5)
 8e4:	b7dd                	j	8ca <printchar+0x24>
 8e6:	4605                	li	a2,1
 8e8:	858a                	mv	a1,sp
 8ea:	3f85                	jal	85a <_write>
 8ec:	bff9                	j	8ca <printchar+0x24>

000008ee <prints>:
 8ee:	1101                	addi	sp,sp,-32
 8f0:	cc22                	sw	s0,24(sp)
 8f2:	c22e                	sw	a1,4(sp)
 8f4:	ce06                	sw	ra,28(sp)
 8f6:	ca26                	sw	s1,20(sp)
 8f8:	842a                	mv	s0,a0
 8fa:	4781                	li	a5,0
 8fc:	02000593          	li	a1,32
 900:	02064563          	bltz	a2,92a <prints+0x3c>
 904:	4592                	lw	a1,4(sp)
 906:	95be                	add	a1,a1,a5
 908:	00058583          	lb	a1,0(a1)
 90c:	e58d                	bnez	a1,936 <prints+0x48>
 90e:	02c7d863          	bge	a5,a2,93e <prints+0x50>
 912:	02e7d463          	bge	a5,a4,93a <prints+0x4c>
 916:	8e19                	sub	a2,a2,a4
 918:	02000513          	li	a0,32
 91c:	0026f593          	andi	a1,a3,2
 920:	c02a                	sw	a0,0(sp)
 922:	c589                	beqz	a1,92c <prints+0x3e>
 924:	e701                	bnez	a4,92c <prints+0x3e>
 926:	03000593          	li	a1,48
 92a:	c02e                	sw	a1,0(sp)
 92c:	8a85                	andi	a3,a3,1
 92e:	4481                	li	s1,0
 930:	ea95                	bnez	a3,964 <prints+0x76>
 932:	84b2                	mv	s1,a2
 934:	a00d                	j	956 <prints+0x68>
 936:	0785                	addi	a5,a5,1
 938:	b7f1                	j	904 <prints+0x16>
 93a:	8e1d                	sub	a2,a2,a5
 93c:	bff1                	j	918 <prints+0x2a>
 93e:	4601                	li	a2,0
 940:	bfe1                	j	918 <prints+0x2a>
 942:	4582                	lw	a1,0(sp)
 944:	8522                	mv	a0,s0
 946:	c83a                	sw	a4,16(sp)
 948:	c632                	sw	a2,12(sp)
 94a:	c43e                	sw	a5,8(sp)
 94c:	3fa9                	jal	8a6 <printchar>
 94e:	47a2                	lw	a5,8(sp)
 950:	4632                	lw	a2,12(sp)
 952:	4742                	lw	a4,16(sp)
 954:	14fd                	addi	s1,s1,-1
 956:	fe9046e3          	bgtz	s1,942 <prints+0x54>
 95a:	84b2                	mv	s1,a2
 95c:	00065363          	bgez	a2,962 <prints+0x74>
 960:	4481                	li	s1,0
 962:	8e05                	sub	a2,a2,s1
 964:	02e7c763          	blt	a5,a4,992 <prints+0xa4>
 968:	87a6                	mv	a5,s1
 96a:	4692                	lw	a3,4(sp)
 96c:	40978733          	sub	a4,a5,s1
 970:	9736                	add	a4,a4,a3
 972:	00070583          	lb	a1,0(a4)
 976:	ed95                	bnez	a1,9b2 <prints+0xc4>
 978:	84b2                	mv	s1,a2
 97a:	04904463          	bgtz	s1,9c2 <prints+0xd4>
 97e:	00065363          	bgez	a2,984 <prints+0x96>
 982:	4601                	li	a2,0
 984:	40f2                	lw	ra,28(sp)
 986:	4462                	lw	s0,24(sp)
 988:	44d2                	lw	s1,20(sp)
 98a:	00f60533          	add	a0,a2,a5
 98e:	6105                	addi	sp,sp,32
 990:	8082                	ret
 992:	8f1d                	sub	a4,a4,a5
 994:	87ba                	mv	a5,a4
 996:	03000593          	li	a1,48
 99a:	8522                	mv	a0,s0
 99c:	c832                	sw	a2,16(sp)
 99e:	c63e                	sw	a5,12(sp)
 9a0:	c43a                	sw	a4,8(sp)
 9a2:	3711                	jal	8a6 <printchar>
 9a4:	47b2                	lw	a5,12(sp)
 9a6:	4722                	lw	a4,8(sp)
 9a8:	4642                	lw	a2,16(sp)
 9aa:	17fd                	addi	a5,a5,-1
 9ac:	f7ed                	bnez	a5,996 <prints+0xa8>
 9ae:	94ba                	add	s1,s1,a4
 9b0:	bf65                	j	968 <prints+0x7a>
 9b2:	8522                	mv	a0,s0
 9b4:	c632                	sw	a2,12(sp)
 9b6:	c43e                	sw	a5,8(sp)
 9b8:	35fd                	jal	8a6 <printchar>
 9ba:	47a2                	lw	a5,8(sp)
 9bc:	4632                	lw	a2,12(sp)
 9be:	0785                	addi	a5,a5,1
 9c0:	b76d                	j	96a <prints+0x7c>
 9c2:	4582                	lw	a1,0(sp)
 9c4:	8522                	mv	a0,s0
 9c6:	c432                	sw	a2,8(sp)
 9c8:	c23e                	sw	a5,4(sp)
 9ca:	3df1                	jal	8a6 <printchar>
 9cc:	14fd                	addi	s1,s1,-1
 9ce:	4622                	lw	a2,8(sp)
 9d0:	4792                	lw	a5,4(sp)
 9d2:	b765                	j	97a <prints+0x8c>

000009d4 <printInt>:
 9d4:	7139                	addi	sp,sp,-64
 9d6:	de06                	sw	ra,60(sp)
 9d8:	dc22                	sw	s0,56(sp)
 9da:	da26                	sw	s1,52(sp)
 9dc:	c23e                	sw	a5,4(sp)
 9de:	8332                	mv	t1,a2
 9e0:	863a                	mv	a2,a4
 9e2:	ed89                	bnez	a1,9fc <printInt+0x28>
 9e4:	4692                	lw	a3,4(sp)
 9e6:	03000793          	li	a5,48
 9ea:	4701                	li	a4,0
 9ec:	086c                	addi	a1,sp,28
 9ee:	86fc                	sh	a5,28(sp)
 9f0:	3dfd                	jal	8ee <prints>
 9f2:	50f2                	lw	ra,60(sp)
 9f4:	5462                	lw	s0,56(sp)
 9f6:	54d2                	lw	s1,52(sp)
 9f8:	6121                	addi	sp,sp,64
 9fa:	8082                	ret
 9fc:	84aa                	mv	s1,a0
 9fe:	8436                	mv	s0,a3
 a00:	87ae                	mv	a5,a1
 a02:	ca91                	beqz	a3,a16 <printInt+0x42>
 a04:	4729                	li	a4,10
 a06:	4401                	li	s0,0
 a08:	00e31763          	bne	t1,a4,a16 <printInt+0x42>
 a0c:	0005d563          	bgez	a1,a16 <printInt+0x42>
 a10:	40b007b3          	neg	a5,a1
 a14:	4405                	li	s0,1
 a16:	4686                	lw	a3,64(sp)
 a18:	020109a3          	sb	zero,51(sp)
 a1c:	03310713          	addi	a4,sp,51
 a20:	fc668693          	addi	a3,a3,-58 # 40020fc6 <__global_pointer$+0x2002079e>
 a24:	c436                	sw	a3,8(sp)
 a26:	859a                	mv	a1,t1
 a28:	853e                	mv	a0,a5
 a2a:	ca32                	sw	a2,20(sp)
 a2c:	c83a                	sw	a4,16(sp)
 a2e:	c61a                	sw	t1,12(sp)
 a30:	c03e                	sw	a5,0(sp)
 a32:	eceff0ef          	jal	ra,100 <__umodsi3>
 a36:	46a5                	li	a3,9
 a38:	4782                	lw	a5,0(sp)
 a3a:	4332                	lw	t1,12(sp)
 a3c:	4742                	lw	a4,16(sp)
 a3e:	4652                	lw	a2,20(sp)
 a40:	00a6d463          	bge	a3,a0,a48 <printInt+0x74>
 a44:	46a2                	lw	a3,8(sp)
 a46:	9536                	add	a0,a0,a3
 a48:	03050513          	addi	a0,a0,48
 a4c:	fff70693          	addi	a3,a4,-1
 a50:	fea70fa3          	sb	a0,-1(a4)
 a54:	859a                	mv	a1,t1
 a56:	853e                	mv	a0,a5
 a58:	cc32                	sw	a2,24(sp)
 a5a:	ca3a                	sw	a4,20(sp)
 a5c:	c81a                	sw	t1,16(sp)
 a5e:	c63e                	sw	a5,12(sp)
 a60:	c036                	sw	a3,0(sp)
 a62:	e72ff0ef          	jal	ra,d4 <__udivsi3>
 a66:	47b2                	lw	a5,12(sp)
 a68:	4342                	lw	t1,16(sp)
 a6a:	4752                	lw	a4,20(sp)
 a6c:	4662                	lw	a2,24(sp)
 a6e:	0467f963          	bgeu	a5,t1,ac0 <printInt+0xec>
 a72:	cc01                	beqz	s0,a8a <printInt+0xb6>
 a74:	ca29                	beqz	a2,ac6 <printInt+0xf2>
 a76:	4792                	lw	a5,4(sp)
 a78:	8b89                	andi	a5,a5,2
 a7a:	c7b1                	beqz	a5,ac6 <printInt+0xf2>
 a7c:	02d00593          	li	a1,45
 a80:	8526                	mv	a0,s1
 a82:	c432                	sw	a2,8(sp)
 a84:	350d                	jal	8a6 <printchar>
 a86:	4622                	lw	a2,8(sp)
 a88:	167d                	addi	a2,a2,-1
 a8a:	4792                	lw	a5,4(sp)
 a8c:	8b91                	andi	a5,a5,4
 a8e:	c395                	beqz	a5,ab2 <printInt+0xde>
 a90:	4706                	lw	a4,64(sp)
 a92:	06100793          	li	a5,97
 a96:	c432                	sw	a2,8(sp)
 a98:	03000593          	li	a1,48
 a9c:	8526                	mv	a0,s1
 a9e:	02f71e63          	bne	a4,a5,ada <printInt+0x106>
 aa2:	3511                	jal	8a6 <printchar>
 aa4:	07800593          	li	a1,120
 aa8:	8526                	mv	a0,s1
 aaa:	3bf5                	jal	8a6 <printchar>
 aac:	4622                	lw	a2,8(sp)
 aae:	0409                	addi	s0,s0,2
 ab0:	1679                	addi	a2,a2,-2
 ab2:	4716                	lw	a4,68(sp)
 ab4:	4692                	lw	a3,4(sp)
 ab6:	4582                	lw	a1,0(sp)
 ab8:	8526                	mv	a0,s1
 aba:	3d15                	jal	8ee <prints>
 abc:	9522                	add	a0,a0,s0
 abe:	bf15                	j	9f2 <printInt+0x1e>
 ac0:	87aa                	mv	a5,a0
 ac2:	4702                	lw	a4,0(sp)
 ac4:	b78d                	j	a26 <printInt+0x52>
 ac6:	4682                	lw	a3,0(sp)
 ac8:	02d00793          	li	a5,45
 acc:	4401                	li	s0,0
 ace:	fef68fa3          	sb	a5,-1(a3)
 ad2:	ffe70793          	addi	a5,a4,-2
 ad6:	c03e                	sw	a5,0(sp)
 ad8:	bf4d                	j	a8a <printInt+0xb6>
 ada:	33f1                	jal	8a6 <printchar>
 adc:	05800593          	li	a1,88
 ae0:	b7e1                	j	aa8 <printInt+0xd4>

00000ae2 <printLongLongInt>:
 ae2:	4501                	li	a0,0
 ae4:	8082                	ret

00000ae6 <printDouble>:
 ae6:	4501                	li	a0,0
 ae8:	8082                	ret

00000aea <print>:
 aea:	fd810113          	addi	sp,sp,-40
 aee:	d022                	sw	s0,32(sp)
 af0:	ce26                	sw	s1,28(sp)
 af2:	d206                	sw	ra,36(sp)
 af4:	c42a                	sw	a0,8(sp)
 af6:	82ae                	mv	t0,a1
 af8:	8432                	mv	s0,a2
 afa:	c602                	sw	zero,12(sp)
 afc:	4481                	li	s1,0
 afe:	00028583          	lb	a1,0(t0)
 b02:	ed89                	bnez	a1,b1c <print+0x32>
 b04:	47a2                	lw	a5,8(sp)
 b06:	c781                	beqz	a5,b0e <print+0x24>
 b08:	4581                	li	a1,0
 b0a:	853e                	mv	a0,a5
 b0c:	3b69                	jal	8a6 <printchar>
 b0e:	5092                	lw	ra,36(sp)
 b10:	5402                	lw	s0,32(sp)
 b12:	8526                	mv	a0,s1
 b14:	44f2                	lw	s1,28(sp)
 b16:	02810113          	addi	sp,sp,40
 b1a:	8082                	ret
 b1c:	02500793          	li	a5,37
 b20:	00f58863          	beq	a1,a5,b30 <print+0x46>
 b24:	4522                	lw	a0,8(sp)
 b26:	c816                	sw	t0,16(sp)
 b28:	0485                	addi	s1,s1,1
 b2a:	3bb5                	jal	8a6 <printchar>
 b2c:	42c2                	lw	t0,16(sp)
 b2e:	a839                	j	b4c <print+0x62>
 b30:	00128783          	lb	a5,1(t0)
 b34:	00128713          	addi	a4,t0,1
 b38:	00b79c63          	bne	a5,a1,b50 <print+0x66>
 b3c:	4522                	lw	a0,8(sp)
 b3e:	02500593          	li	a1,37
 b42:	c83a                	sw	a4,16(sp)
 b44:	338d                	jal	8a6 <printchar>
 b46:	4742                	lw	a4,16(sp)
 b48:	0485                	addi	s1,s1,1
 b4a:	82ba                	mv	t0,a4
 b4c:	0285                	addi	t0,t0,1
 b4e:	bf45                	j	afe <print+0x14>
 b50:	dbd5                	beqz	a5,b04 <print+0x1a>
 b52:	02b00693          	li	a3,43
 b56:	04d78963          	beq	a5,a3,ba8 <print+0xbe>
 b5a:	00f6c863          	blt	a3,a5,b6a <print+0x80>
 b5e:	02300693          	li	a3,35
 b62:	04d78663          	beq	a5,a3,bae <print+0xc4>
 b66:	4781                	li	a5,0
 b68:	a005                	j	b88 <print+0x9e>
 b6a:	02d00693          	li	a3,45
 b6e:	00d78a63          	beq	a5,a3,b82 <print+0x98>
 b72:	03000693          	li	a3,48
 b76:	fed798e3          	bne	a5,a3,b66 <print+0x7c>
 b7a:	00228713          	addi	a4,t0,2
 b7e:	4789                	li	a5,2
 b80:	a021                	j	b88 <print+0x9e>
 b82:	00228713          	addi	a4,t0,2
 b86:	4785                	li	a5,1
 b88:	00070683          	lb	a3,0(a4)
 b8c:	02b00613          	li	a2,43
 b90:	04c68363          	beq	a3,a2,bd6 <print+0xec>
 b94:	02d64163          	blt	a2,a3,bb6 <print+0xcc>
 b98:	02300613          	li	a2,35
 b9c:	02c68b63          	beq	a3,a2,bd2 <print+0xe8>
 ba0:	82ba                	mv	t0,a4
 ba2:	4501                	li	a0,0
 ba4:	46a5                	li	a3,9
 ba6:	a081                	j	be6 <print+0xfc>
 ba8:	00228713          	addi	a4,t0,2
 bac:	bf6d                	j	b66 <print+0x7c>
 bae:	00228713          	addi	a4,t0,2
 bb2:	4791                	li	a5,4
 bb4:	bfd1                	j	b88 <print+0x9e>
 bb6:	02d00613          	li	a2,45
 bba:	00c68963          	beq	a3,a2,bcc <print+0xe2>
 bbe:	03000613          	li	a2,48
 bc2:	fcc69fe3          	bne	a3,a2,ba0 <print+0xb6>
 bc6:	0027e793          	ori	a5,a5,2
 bca:	a031                	j	bd6 <print+0xec>
 bcc:	0705                	addi	a4,a4,1
 bce:	4785                	li	a5,1
 bd0:	bfc1                	j	ba0 <print+0xb6>
 bd2:	0047e793          	ori	a5,a5,4
 bd6:	0705                	addi	a4,a4,1
 bd8:	b7e1                	j	ba0 <print+0xb6>
 bda:	00251613          	slli	a2,a0,0x2
 bde:	9532                	add	a0,a0,a2
 be0:	0506                	slli	a0,a0,0x1
 be2:	953a                	add	a0,a0,a4
 be4:	0285                	addi	t0,t0,1
 be6:	00028603          	lb	a2,0(t0)
 bea:	fd060713          	addi	a4,a2,-48
 bee:	0ff77593          	andi	a1,a4,255
 bf2:	feb6f4e3          	bgeu	a3,a1,bda <print+0xf0>
 bf6:	02e00713          	li	a4,46
 bfa:	4699                	li	a3,6
 bfc:	00e61e63          	bne	a2,a4,c18 <print+0x12e>
 c00:	0285                	addi	t0,t0,1
 c02:	4681                	li	a3,0
 c04:	45a5                	li	a1,9
 c06:	00028603          	lb	a2,0(t0)
 c0a:	fd060613          	addi	a2,a2,-48
 c0e:	0ff67713          	andi	a4,a2,255
 c12:	02e5f563          	bgeu	a1,a4,c3c <print+0x152>
 c16:	c636                	sw	a3,12(sp)
 c18:	00028703          	lb	a4,0(t0)
 c1c:	06a00613          	li	a2,106
 c20:	0ac70d63          	beq	a4,a2,cda <print+0x1f0>
 c24:	02e64363          	blt	a2,a4,c4a <print+0x160>
 c28:	04c00613          	li	a2,76
 c2c:	0ac70763          	beq	a4,a2,cda <print+0x1f0>
 c30:	06800613          	li	a2,104
 c34:	08c70c63          	beq	a4,a2,ccc <print+0x1e2>
 c38:	4581                	li	a1,0
 c3a:	a82d                	j	c74 <print+0x18a>
 c3c:	00269713          	slli	a4,a3,0x2
 c40:	96ba                	add	a3,a3,a4
 c42:	0686                	slli	a3,a3,0x1
 c44:	96b2                	add	a3,a3,a2
 c46:	0285                	addi	t0,t0,1
 c48:	bf7d                	j	c06 <print+0x11c>
 c4a:	07400613          	li	a2,116
 c4e:	08c70663          	beq	a4,a2,cda <print+0x1f0>
 c52:	07a00613          	li	a2,122
 c56:	08c70263          	beq	a4,a2,cda <print+0x1f0>
 c5a:	06c00613          	li	a2,108
 c5e:	4581                	li	a1,0
 c60:	00c71a63          	bne	a4,a2,c74 <print+0x18a>
 c64:	00128603          	lb	a2,1(t0)
 c68:	458d                	li	a1,3
 c6a:	00e61463          	bne	a2,a4,c72 <print+0x188>
 c6e:	0285                	addi	t0,t0,1
 c70:	4591                	li	a1,4
 c72:	0285                	addi	t0,t0,1
 c74:	00028603          	lb	a2,0(t0)
 c78:	06000393          	li	t2,96
 c7c:	06100713          	li	a4,97
 c80:	00c3c463          	blt	t2,a2,c88 <print+0x19e>
 c84:	04100713          	li	a4,65
 c88:	06700393          	li	t2,103
 c8c:	06c3c463          	blt	t2,a2,cf4 <print+0x20a>
 c90:	06500393          	li	t2,101
 c94:	18765363          	bge	a2,t2,e1a <print+0x330>
 c98:	04700393          	li	t2,71
 c9c:	04c3c163          	blt	t2,a2,cde <print+0x1f4>
 ca0:	04500593          	li	a1,69
 ca4:	16b65b63          	bge	a2,a1,e1a <print+0x330>
 ca8:	04300713          	li	a4,67
 cac:	eae610e3          	bne	a2,a4,b4c <print+0x62>
 cb0:	4018                	lw	a4,0(s0)
 cb2:	00440393          	addi	t2,s0,4
 cb6:	ca16                	sw	t0,20(sp)
 cb8:	00e10c23          	sb	a4,24(sp)
 cbc:	c81e                	sw	t2,16(sp)
 cbe:	00010ca3          	sb	zero,25(sp)
 cc2:	4701                	li	a4,0
 cc4:	86be                	mv	a3,a5
 cc6:	862a                	mv	a2,a0
 cc8:	082c                	addi	a1,sp,24
 cca:	a849                	j	d5c <print+0x272>
 ccc:	00128603          	lb	a2,1(t0)
 cd0:	4581                	li	a1,0
 cd2:	fae611e3          	bne	a2,a4,c74 <print+0x18a>
 cd6:	0289                	addi	t0,t0,2
 cd8:	bf71                	j	c74 <print+0x18a>
 cda:	0285                	addi	t0,t0,1
 cdc:	bfb1                	j	c38 <print+0x14e>
 cde:	06300693          	li	a3,99
 ce2:	fcd607e3          	beq	a2,a3,cb0 <print+0x1c6>
 ce6:	06c6ce63          	blt	a3,a2,d62 <print+0x278>
 cea:	05800693          	li	a3,88
 cee:	02d60363          	beq	a2,a3,d14 <print+0x22a>
 cf2:	bda9                	j	b4c <print+0x62>
 cf4:	07300693          	li	a3,115
 cf8:	04d60463          	beq	a2,a3,d40 <print+0x256>
 cfc:	02c6cb63          	blt	a3,a2,d32 <print+0x248>
 d00:	06f00693          	li	a3,111
 d04:	0ed60263          	beq	a2,a3,de8 <print+0x2fe>
 d08:	07000693          	li	a3,112
 d0c:	0047e793          	ori	a5,a5,4
 d10:	e2d61ee3          	bne	a2,a3,b4c <print+0x62>
 d14:	4691                	li	a3,4
 d16:	0ad59f63          	bne	a1,a3,dd4 <print+0x2ea>
 d1a:	00840393          	addi	t2,s0,8
 d1e:	400c                	lw	a1,0(s0)
 d20:	4050                	lw	a2,4(s0)
 d22:	ca16                	sw	t0,20(sp)
 d24:	c23a                	sw	a4,4(sp)
 d26:	c03e                	sw	a5,0(sp)
 d28:	c81e                	sw	t2,16(sp)
 d2a:	87aa                	mv	a5,a0
 d2c:	4701                	li	a4,0
 d2e:	46c1                	li	a3,16
 d30:	a0b9                	j	d7e <print+0x294>
 d32:	07500693          	li	a3,117
 d36:	06d60863          	beq	a2,a3,da6 <print+0x2bc>
 d3a:	07800693          	li	a3,120
 d3e:	bf45                	j	cee <print+0x204>
 d40:	4018                	lw	a4,0(s0)
 d42:	000016b7          	lui	a3,0x1
 d46:	00440393          	addi	t2,s0,4
 d4a:	e8468593          	addi	a1,a3,-380 # e84 <printf+0x48>
 d4e:	c311                	beqz	a4,d52 <print+0x268>
 d50:	85ba                	mv	a1,a4
 d52:	4732                	lw	a4,12(sp)
 d54:	ca16                	sw	t0,20(sp)
 d56:	c81e                	sw	t2,16(sp)
 d58:	86be                	mv	a3,a5
 d5a:	862a                	mv	a2,a0
 d5c:	4522                	lw	a0,8(sp)
 d5e:	3e41                	jal	8ee <prints>
 d60:	a00d                	j	d82 <print+0x298>
 d62:	4691                	li	a3,4
 d64:	02d59463          	bne	a1,a3,d8c <print+0x2a2>
 d68:	00840393          	addi	t2,s0,8
 d6c:	400c                	lw	a1,0(s0)
 d6e:	4050                	lw	a2,4(s0)
 d70:	ca16                	sw	t0,20(sp)
 d72:	c23a                	sw	a4,4(sp)
 d74:	c03e                	sw	a5,0(sp)
 d76:	c81e                	sw	t2,16(sp)
 d78:	87aa                	mv	a5,a0
 d7a:	4705                	li	a4,1
 d7c:	46a9                	li	a3,10
 d7e:	4522                	lw	a0,8(sp)
 d80:	338d                	jal	ae2 <printLongLongInt>
 d82:	43c2                	lw	t2,16(sp)
 d84:	94aa                	add	s1,s1,a0
 d86:	841e                	mv	s0,t2
 d88:	42d2                	lw	t0,20(sp)
 d8a:	b3c9                	j	b4c <print+0x62>
 d8c:	46b2                	lw	a3,12(sp)
 d8e:	400c                	lw	a1,0(s0)
 d90:	c816                	sw	t0,16(sp)
 d92:	c236                	sw	a3,4(sp)
 d94:	c03a                	sw	a4,0(sp)
 d96:	0411                	addi	s0,s0,4
 d98:	872a                	mv	a4,a0
 d9a:	4685                	li	a3,1
 d9c:	4629                	li	a2,10
 d9e:	4522                	lw	a0,8(sp)
 da0:	3915                	jal	9d4 <printInt>
 da2:	94aa                	add	s1,s1,a0
 da4:	b361                	j	b2c <print+0x42>
 da6:	4691                	li	a3,4
 da8:	00d59d63          	bne	a1,a3,dc2 <print+0x2d8>
 dac:	00840393          	addi	t2,s0,8
 db0:	400c                	lw	a1,0(s0)
 db2:	4050                	lw	a2,4(s0)
 db4:	ca16                	sw	t0,20(sp)
 db6:	c23a                	sw	a4,4(sp)
 db8:	c03e                	sw	a5,0(sp)
 dba:	c81e                	sw	t2,16(sp)
 dbc:	87aa                	mv	a5,a0
 dbe:	4701                	li	a4,0
 dc0:	bf75                	j	d7c <print+0x292>
 dc2:	46b2                	lw	a3,12(sp)
 dc4:	400c                	lw	a1,0(s0)
 dc6:	c816                	sw	t0,16(sp)
 dc8:	c236                	sw	a3,4(sp)
 dca:	c03a                	sw	a4,0(sp)
 dcc:	0411                	addi	s0,s0,4
 dce:	872a                	mv	a4,a0
 dd0:	4681                	li	a3,0
 dd2:	b7e9                	j	d9c <print+0x2b2>
 dd4:	46b2                	lw	a3,12(sp)
 dd6:	c816                	sw	t0,16(sp)
 dd8:	400c                	lw	a1,0(s0)
 dda:	4641                	li	a2,16
 ddc:	c236                	sw	a3,4(sp)
 dde:	c03a                	sw	a4,0(sp)
 de0:	0411                	addi	s0,s0,4
 de2:	872a                	mv	a4,a0
 de4:	4681                	li	a3,0
 de6:	bf65                	j	d9e <print+0x2b4>
 de8:	4691                	li	a3,4
 dea:	00d59e63          	bne	a1,a3,e06 <print+0x31c>
 dee:	00840393          	addi	t2,s0,8
 df2:	400c                	lw	a1,0(s0)
 df4:	4050                	lw	a2,4(s0)
 df6:	ca16                	sw	t0,20(sp)
 df8:	c23a                	sw	a4,4(sp)
 dfa:	c03e                	sw	a5,0(sp)
 dfc:	c81e                	sw	t2,16(sp)
 dfe:	87aa                	mv	a5,a0
 e00:	4701                	li	a4,0
 e02:	46a1                	li	a3,8
 e04:	bfad                	j	d7e <print+0x294>
 e06:	46b2                	lw	a3,12(sp)
 e08:	400c                	lw	a1,0(s0)
 e0a:	c816                	sw	t0,16(sp)
 e0c:	c236                	sw	a3,4(sp)
 e0e:	c03a                	sw	a4,0(sp)
 e10:	0411                	addi	s0,s0,4
 e12:	872a                	mv	a4,a0
 e14:	4681                	li	a3,0
 e16:	4621                	li	a2,8
 e18:	b759                	j	d9e <print+0x2b4>
 e1a:	400c                	lw	a1,0(s0)
 e1c:	00840613          	addi	a2,s0,8
 e20:	4040                	lw	s0,4(s0)
 e22:	c23a                	sw	a4,4(sp)
 e24:	872a                	mv	a4,a0
 e26:	4522                	lw	a0,8(sp)
 e28:	c832                	sw	a2,16(sp)
 e2a:	c03e                	sw	a5,0(sp)
 e2c:	8622                	mv	a2,s0
 e2e:	87b6                	mv	a5,a3
 e30:	46a9                	li	a3,10
 e32:	ca16                	sw	t0,20(sp)
 e34:	394d                	jal	ae6 <printDouble>
 e36:	94aa                	add	s1,s1,a0
 e38:	4442                	lw	s0,16(sp)
 e3a:	b7b9                	j	d88 <print+0x29e>

00000e3c <printf>:
 e3c:	fdc10113          	addi	sp,sp,-36
 e40:	c82e                	sw	a1,16(sp)
 e42:	ca32                	sw	a2,20(sp)
 e44:	85aa                	mv	a1,a0
 e46:	0810                	addi	a2,sp,16
 e48:	4501                	li	a0,0
 e4a:	c606                	sw	ra,12(sp)
 e4c:	cc36                	sw	a3,24(sp)
 e4e:	ce3a                	sw	a4,28(sp)
 e50:	d03e                	sw	a5,32(sp)
 e52:	c032                	sw	a2,0(sp)
 e54:	3959                	jal	aea <print>
 e56:	40b2                	lw	ra,12(sp)
 e58:	02410113          	addi	sp,sp,36
 e5c:	8082                	ret
 e5e:	0000                	unimp
 e60:	74737953          	0x74737953
 e64:	6d65                	lui	s10,0x19
 e66:	3a6b6c43          	fmadd.d	fs8,fs6,ft6,ft7,unknown
 e6a:	6425                	lui	s0,0x9
 e6c:	0a0d                	addi	s4,s4,3
 e6e:	0000                	unimp
 e70:	6572                	flw	fa0,28(sp)
 e72:	6461                	lui	s0,0x18
 e74:	705f 726f 2074      	0x2074726f705f
 e7a:	3e2d                	jal	9b4 <prints+0xc6>
 e7c:	2520                	lbu	s0,10(a0)
 e7e:	0d64                	addi	s1,sp,668
 e80:	000a                	c.slli	zero,0x2
 e82:	0000                	unimp
 e84:	6e28                	flw	fa0,88(a2)
 e86:	6c75                	lui	s8,0x1d
 e88:	296c                	lbu	a1,22(a0)
	...
