
UART_DMA_CH32V003F4P6.elf:     file format elf32-littleriscv
UART_DMA_CH32V003F4P6.elf
architecture: riscv:rv32, flags 0x00000112:
EXEC_P, HAS_SYMS, D_PAGED
start address 0x00000000

Program Header:
    LOAD off    0x00001000 vaddr 0x00000000 paddr 0x00000000 align 2**12
         filesz 0x00000fc0 memsz 0x00000fc0 flags r-x
    LOAD off    0x00002000 vaddr 0x20000000 paddr 0x00000fc0 align 2**12
         filesz 0x00000030 memsz 0x0000003c flags rw-
    LOAD off    0x00002700 vaddr 0x20000700 paddr 0x20000700 align 2**12
         filesz 0x00000000 memsz 0x00000100 flags rw-

Sections:
Idx Name          Size      VMA       LMA       File off  Algn
  0 .init         000000a0  00000000  00000000  00001000  2**2
                  CONTENTS, ALLOC, LOAD, READONLY, CODE
  1 .text         00000f20  000000a0  000000a0  000010a0  2**2
                  CONTENTS, ALLOC, LOAD, READONLY, CODE
  2 .fini         00000000  00000fc0  00000fc0  00002030  2**0
                  CONTENTS, ALLOC, LOAD, CODE
  3 .dalign       00000000  20000000  20000000  00002030  2**0
                  CONTENTS
  4 .dlalign      00000000  00000fc0  00000fc0  00002030  2**0
                  CONTENTS
  5 .data         00000030  20000000  00000fc0  00002000  2**2
                  CONTENTS, ALLOC, LOAD, DATA
  6 .bss          0000000c  20000030  00000ff0  00002030  2**2
                  ALLOC
  7 .stack        00000100  20000700  20000700  00002700  2**0
                  ALLOC
  8 .debug_info   000083b4  00000000  00000000  00002030  2**0
                  CONTENTS, READONLY, DEBUGGING
  9 .debug_abbrev 00001965  00000000  00000000  0000a3e4  2**0
                  CONTENTS, READONLY, DEBUGGING
 10 .debug_aranges 000003f0  00000000  00000000  0000bd50  2**3
                  CONTENTS, READONLY, DEBUGGING
 11 .debug_ranges 00000388  00000000  00000000  0000c140  2**3
                  CONTENTS, READONLY, DEBUGGING
 12 .debug_line   00004b47  00000000  00000000  0000c4c8  2**0
                  CONTENTS, READONLY, DEBUGGING
 13 .debug_str    0000177e  00000000  00000000  0001100f  2**0
                  CONTENTS, READONLY, DEBUGGING
 14 .comment      00000033  00000000  00000000  0001278d  2**0
                  CONTENTS, READONLY
 15 .debug_frame  000007a0  00000000  00000000  000127c0  2**2
                  CONTENTS, READONLY, DEBUGGING
 16 .debug_loc    0000172c  00000000  00000000  00012f60  2**0
                  CONTENTS, READONLY, DEBUGGING
SYMBOL TABLE:
00000000 l    d  .init	00000000 .init
000000a0 l    d  .text	00000000 .text
00000fc0 l    d  .fini	00000000 .fini
20000000 l    d  .dalign	00000000 .dalign
00000fc0 l    d  .dlalign	00000000 .dlalign
20000000 l    d  .data	00000000 .data
20000030 l    d  .bss	00000000 .bss
20000700 l    d  .stack	00000000 .stack
00000000 l    d  .debug_info	00000000 .debug_info
00000000 l    d  .debug_abbrev	00000000 .debug_abbrev
00000000 l    d  .debug_aranges	00000000 .debug_aranges
00000000 l    d  .debug_ranges	00000000 .debug_ranges
00000000 l    d  .debug_line	00000000 .debug_line
00000000 l    d  .debug_str	00000000 .debug_str
00000000 l    d  .comment	00000000 .comment
00000000 l    d  .debug_frame	00000000 .debug_frame
00000000 l    d  .debug_loc	00000000 .debug_loc
00000000 l    df *ABS*	00000000 ch32v00x_it.c
00000000 l    df *ABS*	00000000 main.c
00000000 l    df *ABS*	00000000 system_ch32v00x.c
00000000 l    df *ABS*	00000000 ch32v00x_dma.c
00000000 l    df *ABS*	00000000 ch32v00x_gpio.c
00000000 l    df *ABS*	00000000 ch32v00x_misc.c
00000000 l    df *ABS*	00000000 ch32v00x_rcc.c
20000008 l     O .data	00000014 ADCPrescTable
2000001c l     O .data	00000010 APBAHBPrescTable
00000000 l    df *ABS*	00000000 ch32v00x_usart.c
00000000 l    df *ABS*	00000000 debug.c
20000038 l     O .bss	00000002 p_ms
2000003a l     O .bss	00000001 p_us
00000000 l    df *ABS*	00000000 wchprintf.c
00000bbc  w    F .text	00000004 printDouble
000005e0 g     F .text	00000014 DMA_Cmd
00000bc0  w    F .text	00000352 print
00000f12  w    F .text	00000022 printf
20000830 g       .data	00000000 __global_pointer$
0000048e  w      .text	00000000 TIM1_CC_IRQHandler
000001f6 g     F .text	00000002 HardFault_Handler
00000aaa  w    F .text	0000010e printInt
00000460  w      .text	00000000 SysTick_Handler
00000466  w      .text	00000000 PVD_IRQHandler
000001f2 g     F .text	00000004 NMI_Handler
000008b8 g     F .text	0000000a USART_GetFlagStatus
20000030 g       .bss	00000000 _sbss
00000100 g       *ABS*	00000000 __stack_size
000005a8 g     F .text	00000038 DMA_Init
000000aa g     F .text	0000000a .hidden __riscv_restore_2
00000bb8  w    F .text	00000004 printLongLongInt
00000f34 g     F .text	00000048 puts
20000004 g     O .data	00000004 SystemCoreClock
000000d4 g     F .text	0000002c .hidden __udivsi3
000000a0 g       .init	00000000 _einit
0000079e g     F .text	0000001e RCC_APB2PeriphClockCmd
0000060a g     F .text	000000d6 GPIO_Init
20000034 g     O .bss	00000004 NVIC_Priority_Group
00000486  w      .text	00000000 SPI1_IRQHandler
00000888 g     F .text	00000016 USART_Cmd
000000a0 g     F .text	0000000a .hidden __riscv_save_1
000000aa g     F .text	0000000a .hidden __riscv_restore_0
0000046e  w      .text	00000000 AWU_IRQHandler
0000046c  w      .text	00000000 EXTI7_0_IRQHandler
20000700 g       .stack	00000000 _heap_end
00000780 g     F .text	0000001e RCC_AHBPeriphClockCmd
00000476  w      .text	00000000 DMA1_Channel4_IRQHandler
0000047e  w      .text	00000000 ADC1_IRQHandler
000005f4 g     F .text	0000000e DMA_GetFlagStatus
2000003c g       .bss	00000000 _ebss
0000047c  w      .text	00000000 DMA1_Channel7_IRQHandler
000008c2 g     F .text	00000034 Delay_Init
00000100 g     F .text	00000008 .hidden __umodsi3
00000480  w      .text	00000000 I2C1_EV_IRQHandler
000006ea g     F .text	00000096 RCC_GetClocksFreq
0000047a  w      .text	00000000 DMA1_Channel6_IRQHandler
000007bc g     F .text	000000cc USART_Init
0000046a  w      .text	00000000 RCC_IRQHandler
0000048c  w      .text	00000000 TIM1_TRG_COM_IRQHandler
00000282 g     F .text	00000086 DMA_INIT
00000470  w      .text	00000000 DMA1_Channel1_IRQHandler
00000000 g       .init	00000000 _start
000009c4  w    F .text	000000e6 prints
000000b4 g     F .text	00000014 .hidden __mulsi3
20000000 g       .dalign	00000000 _data_vma
20000030 g     O .bss	00000003 RxBuffer
0000014a g     F .text	000000a8 memset
00000308 g     F .text	000000c4 main
00000478  w      .text	00000000 DMA1_Channel5_IRQHandler
000000cc g     F .text	00000058 .hidden __divsi3
000008f6 g     F .text	0000003a Delay_Ms
20000000 g     O .data	00000004 TxBuffer
000003cc g     F .text	00000090 SystemInit
0000097c  w    F .text	00000048 printchar
00000000 g       .init	00000000 _sinit
00000474  w      .text	00000000 DMA1_Channel3_IRQHandler
0000048a  w      .text	00000000 TIM1_UP_IRQHandler
00000464  w      .text	00000000 WWDG_IRQHandler
00000490  w      .text	00000000 TIM2_IRQHandler
20000800 g       .stack	00000000 _eusrstack
000000a0 g     F .text	0000000a .hidden __riscv_save_2
00000462  w      .text	00000000 SW_Handler
000001f8 g     F .text	0000008a USARTx_INIT
00000488  w      .text	00000000 TIM1_BRK_IRQHandler
000008b0 g     F .text	00000008 USART_SendData
00000930 g     F .text	0000004c _write
20000030 g       .data	00000000 _edata
2000003c g       .bss	00000000 _end
00000fc0 g       .dlalign	00000000 _data_lma
00000124 g     F .text	00000024 .hidden __modsi3
00000472  w      .text	00000000 DMA1_Channel2_IRQHandler
00000602 g     F .text	00000008 DMA_ClearFlag
00000492  w      .text	00000000 handle_reset
000000a0 g     F .text	0000000a .hidden __riscv_save_0
00000468  w      .text	00000000 FLASH_IRQHandler
00000484  w      .text	00000000 USART1_IRQHandler
00000482  w      .text	00000000 I2C1_ER_IRQHandler
000006e0 g     F .text	0000000a NVIC_PriorityGroupConfig
00000516 g     F .text	00000092 DMA_DeInit
000000aa g     F .text	0000000a .hidden __riscv_restore_1
0000089e g     F .text	00000012 USART_DMACmd



Disassembly of section .init:

00000000 <_sinit>:
   0:	4920006f          	j	492 <handle_reset>
   4:	0000                	unimp
   6:	0000                	unimp
   8:	01f2                	slli	gp,gp,0x1c
   a:	0000                	unimp
   c:	01f6                	slli	gp,gp,0x1d
	...
  2e:	0000                	unimp
  30:	0460                	addi	s0,sp,524
  32:	0000                	unimp
  34:	0000                	unimp
  36:	0000                	unimp
  38:	0462                	slli	s0,s0,0x18
  3a:	0000                	unimp
  3c:	0000                	unimp
  3e:	0000                	unimp
  40:	0464                	addi	s1,sp,524
  42:	0000                	unimp
  44:	0466                	slli	s0,s0,0x19
  46:	0000                	unimp
  48:	0468                	addi	a0,sp,524
  4a:	0000                	unimp
  4c:	046a                	slli	s0,s0,0x1a
  4e:	0000                	unimp
  50:	046c                	addi	a1,sp,524
  52:	0000                	unimp
  54:	046e                	slli	s0,s0,0x1b
  56:	0000                	unimp
  58:	0470                	addi	a2,sp,524
  5a:	0000                	unimp
  5c:	0472                	slli	s0,s0,0x1c
  5e:	0000                	unimp
  60:	0474                	addi	a3,sp,524
  62:	0000                	unimp
  64:	0476                	slli	s0,s0,0x1d
  66:	0000                	unimp
  68:	0478                	addi	a4,sp,524
  6a:	0000                	unimp
  6c:	047a                	slli	s0,s0,0x1e
  6e:	0000                	unimp
  70:	047c                	addi	a5,sp,524
  72:	0000                	unimp
  74:	047e                	slli	s0,s0,0x1f
  76:	0000                	unimp
  78:	0480                	addi	s0,sp,576
  7a:	0000                	unimp
  7c:	0482                	c.slli64	s1
  7e:	0000                	unimp
  80:	0484                	addi	s1,sp,576
  82:	0000                	unimp
  84:	0486                	slli	s1,s1,0x1
  86:	0000                	unimp
  88:	0488                	addi	a0,sp,576
  8a:	0000                	unimp
  8c:	048a                	slli	s1,s1,0x2
  8e:	0000                	unimp
  90:	048c                	addi	a1,sp,576
  92:	0000                	unimp
  94:	048e                	slli	s1,s1,0x3
  96:	0000                	unimp
  98:	0490                	addi	a2,sp,576
  9a:	0000                	unimp
  9c:	0000                	unimp
	...

Disassembly of section .text:

000000a0 <__riscv_save_0>:
  a0:	1151                	addi	sp,sp,-12
  a2:	c026                	sw	s1,0(sp)
  a4:	c222                	sw	s0,4(sp)
  a6:	c406                	sw	ra,8(sp)
  a8:	8282                	jr	t0

000000aa <__riscv_restore_0>:
  aa:	4482                	lw	s1,0(sp)
  ac:	4412                	lw	s0,4(sp)
  ae:	40a2                	lw	ra,8(sp)
  b0:	0131                	addi	sp,sp,12
  b2:	8082                	ret

000000b4 <__mulsi3>:
  b4:	862a                	mv	a2,a0
  b6:	4501                	li	a0,0
  b8:	0015f693          	andi	a3,a1,1
  bc:	c291                	beqz	a3,c0 <__mulsi3+0xc>
  be:	9532                	add	a0,a0,a2
  c0:	8185                	srli	a1,a1,0x1
  c2:	0606                	slli	a2,a2,0x1
  c4:	f9f5                	bnez	a1,b8 <__mulsi3+0x4>
  c6:	8082                	ret
  c8:	0000                	unimp
	...

000000cc <__divsi3>:
  cc:	02054e63          	bltz	a0,108 <__umodsi3+0x8>
  d0:	0405c363          	bltz	a1,116 <__umodsi3+0x16>

000000d4 <__udivsi3>:
  d4:	862e                	mv	a2,a1
  d6:	85aa                	mv	a1,a0
  d8:	557d                	li	a0,-1
  da:	c215                	beqz	a2,fe <__udivsi3+0x2a>
  dc:	4685                	li	a3,1
  de:	00b67863          	bgeu	a2,a1,ee <__udivsi3+0x1a>
  e2:	00c05663          	blez	a2,ee <__udivsi3+0x1a>
  e6:	0606                	slli	a2,a2,0x1
  e8:	0686                	slli	a3,a3,0x1
  ea:	feb66ce3          	bltu	a2,a1,e2 <__udivsi3+0xe>
  ee:	4501                	li	a0,0
  f0:	00c5e463          	bltu	a1,a2,f8 <__udivsi3+0x24>
  f4:	8d91                	sub	a1,a1,a2
  f6:	8d55                	or	a0,a0,a3
  f8:	8285                	srli	a3,a3,0x1
  fa:	8205                	srli	a2,a2,0x1
  fc:	faf5                	bnez	a3,f0 <__udivsi3+0x1c>
  fe:	8082                	ret

00000100 <__umodsi3>:
 100:	8286                	mv	t0,ra
 102:	3fc9                	jal	d4 <__udivsi3>
 104:	852e                	mv	a0,a1
 106:	8282                	jr	t0
 108:	40a00533          	neg	a0,a0
 10c:	0005d763          	bgez	a1,11a <__umodsi3+0x1a>
 110:	40b005b3          	neg	a1,a1
 114:	b7c1                	j	d4 <__udivsi3>
 116:	40b005b3          	neg	a1,a1
 11a:	8286                	mv	t0,ra
 11c:	3f65                	jal	d4 <__udivsi3>
 11e:	40a00533          	neg	a0,a0
 122:	8282                	jr	t0

00000124 <__modsi3>:
 124:	8286                	mv	t0,ra
 126:	0005c763          	bltz	a1,134 <__modsi3+0x10>
 12a:	00054963          	bltz	a0,13c <__modsi3+0x18>
 12e:	375d                	jal	d4 <__udivsi3>
 130:	852e                	mv	a0,a1
 132:	8282                	jr	t0
 134:	40b005b3          	neg	a1,a1
 138:	fe055be3          	bgez	a0,12e <__modsi3+0xa>
 13c:	40a00533          	neg	a0,a0
 140:	3f51                	jal	d4 <__udivsi3>
 142:	40b00533          	neg	a0,a1
 146:	8282                	jr	t0
	...

0000014a <memset>:
 14a:	433d                	li	t1,15
 14c:	872a                	mv	a4,a0
 14e:	02c37363          	bgeu	t1,a2,174 <memset+0x2a>
 152:	00f77793          	andi	a5,a4,15
 156:	efbd                	bnez	a5,1d4 <memset+0x8a>
 158:	e5ad                	bnez	a1,1c2 <memset+0x78>
 15a:	ff067693          	andi	a3,a2,-16
 15e:	8a3d                	andi	a2,a2,15
 160:	96ba                	add	a3,a3,a4
 162:	c30c                	sw	a1,0(a4)
 164:	c34c                	sw	a1,4(a4)
 166:	c70c                	sw	a1,8(a4)
 168:	c74c                	sw	a1,12(a4)
 16a:	0741                	addi	a4,a4,16
 16c:	fed76be3          	bltu	a4,a3,162 <memset+0x18>
 170:	e211                	bnez	a2,174 <memset+0x2a>
 172:	8082                	ret
 174:	40c306b3          	sub	a3,t1,a2
 178:	068a                	slli	a3,a3,0x2
 17a:	00000297          	auipc	t0,0x0
 17e:	9696                	add	a3,a3,t0
 180:	00a68067          	jr	10(a3)
 184:	00b70723          	sb	a1,14(a4)
 188:	00b706a3          	sb	a1,13(a4)
 18c:	00b70623          	sb	a1,12(a4)
 190:	00b705a3          	sb	a1,11(a4)
 194:	00b70523          	sb	a1,10(a4)
 198:	00b704a3          	sb	a1,9(a4)
 19c:	00b70423          	sb	a1,8(a4)
 1a0:	00b703a3          	sb	a1,7(a4)
 1a4:	00b70323          	sb	a1,6(a4)
 1a8:	00b702a3          	sb	a1,5(a4)
 1ac:	00b70223          	sb	a1,4(a4)
 1b0:	00b701a3          	sb	a1,3(a4)
 1b4:	00b70123          	sb	a1,2(a4)
 1b8:	00b700a3          	sb	a1,1(a4)
 1bc:	00b70023          	sb	a1,0(a4)
 1c0:	8082                	ret
 1c2:	0ff5f593          	andi	a1,a1,255
 1c6:	00859693          	slli	a3,a1,0x8
 1ca:	8dd5                	or	a1,a1,a3
 1cc:	01059693          	slli	a3,a1,0x10
 1d0:	8dd5                	or	a1,a1,a3
 1d2:	b761                	j	15a <memset+0x10>
 1d4:	00279693          	slli	a3,a5,0x2
 1d8:	00000297          	auipc	t0,0x0
 1dc:	9696                	add	a3,a3,t0
 1de:	8286                	mv	t0,ra
 1e0:	fa8680e7          	jalr	-88(a3)
 1e4:	8096                	mv	ra,t0
 1e6:	17c1                	addi	a5,a5,-16
 1e8:	8f1d                	sub	a4,a4,a5
 1ea:	963e                	add	a2,a2,a5
 1ec:	f8c374e3          	bgeu	t1,a2,174 <memset+0x2a>
 1f0:	b7a5                	j	158 <memset+0xe>

000001f2 <NMI_Handler>:
 1f2:	30200073          	mret

000001f6 <HardFault_Handler>:
 1f6:	a001                	j	1f6 <HardFault_Handler>

000001f8 <USARTx_INIT>:
 1f8:	ea9ff2ef          	jal	t0,a0 <__riscv_save_0>
 1fc:	6511                	lui	a0,0x4
 1fe:	1111                	addi	sp,sp,-28
 200:	4585                	li	a1,1
 202:	02050513          	addi	a0,a0,32 # 4020 <_data_lma+0x3060>
 206:	c002                	sw	zero,0(sp)
 208:	c202                	sw	zero,4(sp)
 20a:	c402                	sw	zero,8(sp)
 20c:	c602                	sw	zero,12(sp)
 20e:	c802                	sw	zero,16(sp)
 210:	ca02                	sw	zero,20(sp)
 212:	cc02                	sw	zero,24(sp)
 214:	2369                	jal	79e <RCC_APB2PeriphClockCmd>
 216:	02000793          	li	a5,32
 21a:	807c                	sh	a5,0(sp)
 21c:	40011437          	lui	s0,0x40011
 220:	478d                	li	a5,3
 222:	c23e                	sw	a5,4(sp)
 224:	858a                	mv	a1,sp
 226:	47e1                	li	a5,24
 228:	40040513          	addi	a0,s0,1024 # 40011400 <__global_pointer$+0x20010bd0>
 22c:	c43e                	sw	a5,8(sp)
 22e:	2ef1                	jal	60a <GPIO_Init>
 230:	04000793          	li	a5,64
 234:	807c                	sh	a5,0(sp)
 236:	858a                	mv	a1,sp
 238:	4791                	li	a5,4
 23a:	40040513          	addi	a0,s0,1024
 23e:	c43e                	sw	a5,8(sp)
 240:	26e9                	jal	60a <GPIO_Init>
 242:	67f1                	lui	a5,0x1c
 244:	40014437          	lui	s0,0x40014
 248:	20078793          	addi	a5,a5,512 # 1c200 <_data_lma+0x1b240>
 24c:	c63e                	sw	a5,12(sp)
 24e:	006c                	addi	a1,sp,12
 250:	000c07b7          	lui	a5,0xc0
 254:	80040513          	addi	a0,s0,-2048 # 40013800 <__global_pointer$+0x20012fd0>
 258:	ca3e                	sw	a5,20(sp)
 25a:	400204b7          	lui	s1,0x40020
 25e:	c802                	sw	zero,16(sp)
 260:	00011c23          	sh	zero,24(sp)
 264:	2ba1                	jal	7bc <USART_Init>
 266:	04448513          	addi	a0,s1,68 # 40020044 <__global_pointer$+0x2001f814>
 26a:	4585                	li	a1,1
 26c:	2e95                	jal	5e0 <DMA_Cmd>
 26e:	05848513          	addi	a0,s1,88
 272:	4585                	li	a1,1
 274:	26b5                	jal	5e0 <DMA_Cmd>
 276:	4585                	li	a1,1
 278:	80040513          	addi	a0,s0,-2048
 27c:	2531                	jal	888 <USART_Cmd>
 27e:	0171                	addi	sp,sp,28
 280:	b52d                	j	aa <__riscv_restore_0>

00000282 <DMA_INIT>:
 282:	e1fff2ef          	jal	t0,a0 <__riscv_save_0>
 286:	fd410113          	addi	sp,sp,-44
 28a:	02c00613          	li	a2,44
 28e:	4581                	li	a1,0
 290:	850a                	mv	a0,sp
 292:	3d65                	jal	14a <memset>
 294:	4585                	li	a1,1
 296:	4505                	li	a0,1
 298:	21e5                	jal	780 <RCC_AHBPeriphClockCmd>
 29a:	40020437          	lui	s0,0x40020
 29e:	04440513          	addi	a0,s0,68 # 40020044 <__global_pointer$+0x2001f814>
 2a2:	2c95                	jal	516 <DMA_DeInit>
 2a4:	200007b7          	lui	a5,0x20000
 2a8:	00078793          	mv	a5,a5
 2ac:	c23e                	sw	a5,4(sp)
 2ae:	47c1                	li	a5,16
 2b0:	c43e                	sw	a5,8(sp)
 2b2:	4791                	li	a5,4
 2b4:	c63e                	sw	a5,12(sp)
 2b6:	400144b7          	lui	s1,0x40014
 2ba:	08000793          	li	a5,128
 2be:	858a                	mv	a1,sp
 2c0:	80448493          	addi	s1,s1,-2044 # 40013804 <__global_pointer$+0x20012fd4>
 2c4:	ca3e                	sw	a5,20(sp)
 2c6:	04440513          	addi	a0,s0,68
 2ca:	678d                	lui	a5,0x3
 2cc:	d23e                	sw	a5,36(sp)
 2ce:	c026                	sw	s1,0(sp)
 2d0:	c802                	sw	zero,16(sp)
 2d2:	cc02                	sw	zero,24(sp)
 2d4:	ce02                	sw	zero,28(sp)
 2d6:	d002                	sw	zero,32(sp)
 2d8:	d402                	sw	zero,40(sp)
 2da:	24f9                	jal	5a8 <DMA_Init>
 2dc:	05840513          	addi	a0,s0,88
 2e0:	2c1d                	jal	516 <DMA_DeInit>
 2e2:	200007b7          	lui	a5,0x20000
 2e6:	03078793          	addi	a5,a5,48 # 20000030 <_edata>
 2ea:	c23e                	sw	a5,4(sp)
 2ec:	02000793          	li	a5,32
 2f0:	d03e                	sw	a5,32(sp)
 2f2:	858a                	mv	a1,sp
 2f4:	478d                	li	a5,3
 2f6:	05840513          	addi	a0,s0,88
 2fa:	c026                	sw	s1,0(sp)
 2fc:	c63e                	sw	a5,12(sp)
 2fe:	c402                	sw	zero,8(sp)
 300:	2465                	jal	5a8 <DMA_Init>
 302:	02c10113          	addi	sp,sp,44
 306:	b355                	j	aa <__riscv_restore_0>

00000308 <main>:
 308:	d99ff2ef          	jal	t0,a0 <__riscv_save_0>
 30c:	4509                	li	a0,2
 30e:	2ec9                	jal	6e0 <NVIC_PriorityGroupConfig>
 310:	40014437          	lui	s0,0x40014
 314:	237d                	jal	8c2 <Delay_Init>
 316:	37b5                	jal	282 <DMA_INIT>
 318:	35c5                	jal	1f8 <USARTx_INIT>
 31a:	4605                	li	a2,1
 31c:	04000593          	li	a1,64
 320:	80040513          	addi	a0,s0,-2048 # 40013800 <__global_pointer$+0x20012fd0>
 324:	2bad                	jal	89e <USART_DMACmd>
 326:	4605                	li	a2,1
 328:	08000593          	li	a1,128
 32c:	80040513          	addi	a0,s0,-2048
 330:	23bd                	jal	89e <USART_DMACmd>
 332:	6509                	lui	a0,0x2
 334:	24c1                	jal	5f4 <DMA_GetFlagStatus>
 336:	dd75                	beqz	a0,332 <main+0x2a>
 338:	200004b7          	lui	s1,0x20000
 33c:	00020537          	lui	a0,0x20
 340:	2c55                	jal	5f4 <DMA_GetFlagStatus>
 342:	4785                	li	a5,1
 344:	00f51d63          	bne	a0,a5,35e <main+0x56>
 348:	00001537          	lui	a0,0x1
 34c:	03048593          	addi	a1,s1,48 # 20000030 <_edata>
 350:	f7c50513          	addi	a0,a0,-132 # f7c <puts+0x48>
 354:	3bf000ef          	jal	ra,f12 <printf>
 358:	00020537          	lui	a0,0x20
 35c:	245d                	jal	602 <DMA_ClearFlag>
 35e:	00001437          	lui	s0,0x1
 362:	f9040513          	addi	a0,s0,-112 # f90 <puts+0x5c>
 366:	3cf000ef          	jal	ra,f34 <puts>
 36a:	3e800513          	li	a0,1000
 36e:	2361                	jal	8f6 <Delay_Ms>
 370:	f9040513          	addi	a0,s0,-112
 374:	3c1000ef          	jal	ra,f34 <puts>
 378:	3e800513          	li	a0,1000
 37c:	2bad                	jal	8f6 <Delay_Ms>
 37e:	f9040513          	addi	a0,s0,-112
 382:	3b3000ef          	jal	ra,f34 <puts>
 386:	3e800513          	li	a0,1000
 38a:	23b5                	jal	8f6 <Delay_Ms>
 38c:	f9040513          	addi	a0,s0,-112
 390:	3a5000ef          	jal	ra,f34 <puts>
 394:	3e800513          	li	a0,1000
 398:	2bb9                	jal	8f6 <Delay_Ms>
 39a:	f9040513          	addi	a0,s0,-112
 39e:	397000ef          	jal	ra,f34 <puts>
 3a2:	3e800513          	li	a0,1000
 3a6:	2b81                	jal	8f6 <Delay_Ms>
 3a8:	40014437          	lui	s0,0x40014
 3ac:	45c1                	li	a1,16
 3ae:	80040513          	addi	a0,s0,-2048 # 40013800 <__global_pointer$+0x20012fd0>
 3b2:	2319                	jal	8b8 <USART_GetFlagStatus>
 3b4:	4785                	li	a5,1
 3b6:	f8f513e3          	bne	a0,a5,33c <main+0x34>
 3ba:	00001537          	lui	a0,0x1
 3be:	f9c50513          	addi	a0,a0,-100 # f9c <puts+0x68>
 3c2:	373000ef          	jal	ra,f34 <puts>
 3c6:	80445783          	lhu	a5,-2044(s0)
 3ca:	bf8d                	j	33c <main+0x34>

000003cc <SystemInit>:
 3cc:	400217b7          	lui	a5,0x40021
 3d0:	4398                	lw	a4,0(a5)
 3d2:	fcff06b7          	lui	a3,0xfcff0
 3d6:	00176713          	ori	a4,a4,1
 3da:	c398                	sw	a4,0(a5)
 3dc:	43d8                	lw	a4,4(a5)
 3de:	8f75                	and	a4,a4,a3
 3e0:	c3d8                	sw	a4,4(a5)
 3e2:	4398                	lw	a4,0(a5)
 3e4:	fef706b7          	lui	a3,0xfef70
 3e8:	16fd                	addi	a3,a3,-1
 3ea:	8f75                	and	a4,a4,a3
 3ec:	c398                	sw	a4,0(a5)
 3ee:	4398                	lw	a4,0(a5)
 3f0:	fffc06b7          	lui	a3,0xfffc0
 3f4:	16fd                	addi	a3,a3,-1
 3f6:	8f75                	and	a4,a4,a3
 3f8:	c398                	sw	a4,0(a5)
 3fa:	43d4                	lw	a3,4(a5)
 3fc:	7741                	lui	a4,0xffff0
 3fe:	177d                	addi	a4,a4,-1
 400:	8ef9                	and	a3,a3,a4
 402:	c3d4                	sw	a3,4(a5)
 404:	009f06b7          	lui	a3,0x9f0
 408:	c794                	sw	a3,8(a5)
 40a:	400226b7          	lui	a3,0x40022
 40e:	4290                	lw	a2,0(a3)
 410:	9a71                	andi	a2,a2,-4
 412:	c290                	sw	a2,0(a3)
 414:	4290                	lw	a2,0(a3)
 416:	00166613          	ori	a2,a2,1
 41a:	c290                	sw	a2,0(a3)
 41c:	43d4                	lw	a3,4(a5)
 41e:	c3d4                	sw	a3,4(a5)
 420:	43d4                	lw	a3,4(a5)
 422:	8f75                	and	a4,a4,a3
 424:	c3d8                	sw	a4,4(a5)
 426:	43d8                	lw	a4,4(a5)
 428:	010006b7          	lui	a3,0x1000
 42c:	c3d8                	sw	a4,4(a5)
 42e:	4398                	lw	a4,0(a5)
 430:	8f55                	or	a4,a4,a3
 432:	c398                	sw	a4,0(a5)
 434:	4398                	lw	a4,0(a5)
 436:	00671693          	slli	a3,a4,0x6
 43a:	fe06dde3          	bgez	a3,434 <SystemInit+0x68>
 43e:	43d8                	lw	a4,4(a5)
 440:	400216b7          	lui	a3,0x40021
 444:	9b71                	andi	a4,a4,-4
 446:	c3d8                	sw	a4,4(a5)
 448:	43d8                	lw	a4,4(a5)
 44a:	00276713          	ori	a4,a4,2
 44e:	c3d8                	sw	a4,4(a5)
 450:	4721                	li	a4,8
 452:	42dc                	lw	a5,4(a3)
 454:	8bb1                	andi	a5,a5,12
 456:	fee79ee3          	bne	a5,a4,452 <SystemInit+0x86>
 45a:	8082                	ret
 45c:	a001                	j	45c <SystemInit+0x90>
 45e:	a001                	j	45e <SystemInit+0x92>

00000460 <SysTick_Handler>:
 460:	a001                	j	460 <SysTick_Handler>

00000462 <SW_Handler>:
 462:	a001                	j	462 <SW_Handler>

00000464 <WWDG_IRQHandler>:
 464:	a001                	j	464 <WWDG_IRQHandler>

00000466 <PVD_IRQHandler>:
 466:	a001                	j	466 <PVD_IRQHandler>

00000468 <FLASH_IRQHandler>:
 468:	a001                	j	468 <FLASH_IRQHandler>

0000046a <RCC_IRQHandler>:
 46a:	a001                	j	46a <RCC_IRQHandler>

0000046c <EXTI7_0_IRQHandler>:
 46c:	a001                	j	46c <EXTI7_0_IRQHandler>

0000046e <AWU_IRQHandler>:
 46e:	a001                	j	46e <AWU_IRQHandler>

00000470 <DMA1_Channel1_IRQHandler>:
 470:	a001                	j	470 <DMA1_Channel1_IRQHandler>

00000472 <DMA1_Channel2_IRQHandler>:
 472:	a001                	j	472 <DMA1_Channel2_IRQHandler>

00000474 <DMA1_Channel3_IRQHandler>:
 474:	a001                	j	474 <DMA1_Channel3_IRQHandler>

00000476 <DMA1_Channel4_IRQHandler>:
 476:	a001                	j	476 <DMA1_Channel4_IRQHandler>

00000478 <DMA1_Channel5_IRQHandler>:
 478:	a001                	j	478 <DMA1_Channel5_IRQHandler>

0000047a <DMA1_Channel6_IRQHandler>:
 47a:	a001                	j	47a <DMA1_Channel6_IRQHandler>

0000047c <DMA1_Channel7_IRQHandler>:
 47c:	a001                	j	47c <DMA1_Channel7_IRQHandler>

0000047e <ADC1_IRQHandler>:
 47e:	a001                	j	47e <ADC1_IRQHandler>

00000480 <I2C1_EV_IRQHandler>:
 480:	a001                	j	480 <I2C1_EV_IRQHandler>

00000482 <I2C1_ER_IRQHandler>:
 482:	a001                	j	482 <I2C1_ER_IRQHandler>

00000484 <USART1_IRQHandler>:
 484:	a001                	j	484 <USART1_IRQHandler>

00000486 <SPI1_IRQHandler>:
 486:	a001                	j	486 <SPI1_IRQHandler>

00000488 <TIM1_BRK_IRQHandler>:
 488:	a001                	j	488 <TIM1_BRK_IRQHandler>

0000048a <TIM1_UP_IRQHandler>:
 48a:	a001                	j	48a <TIM1_UP_IRQHandler>

0000048c <TIM1_TRG_COM_IRQHandler>:
 48c:	a001                	j	48c <TIM1_TRG_COM_IRQHandler>

0000048e <TIM1_CC_IRQHandler>:
 48e:	a001                	j	48e <TIM1_CC_IRQHandler>

00000490 <TIM2_IRQHandler>:
 490:	a001                	j	490 <TIM2_IRQHandler>

00000492 <handle_reset>:
 492:	20000197          	auipc	gp,0x20000
 496:	39e18193          	addi	gp,gp,926 # 20000830 <__global_pointer$>
 49a:	fd018113          	addi	sp,gp,-48 # 20000800 <_eusrstack>
 49e:	00001517          	auipc	a0,0x1
 4a2:	b2250513          	addi	a0,a0,-1246 # fc0 <_data_lma>
 4a6:	20000597          	auipc	a1,0x20000
 4aa:	b5a58593          	addi	a1,a1,-1190 # 20000000 <_data_vma>
 4ae:	20000617          	auipc	a2,0x20000
 4b2:	b8260613          	addi	a2,a2,-1150 # 20000030 <_edata>
 4b6:	00c5fa63          	bgeu	a1,a2,4ca <handle_reset+0x38>
 4ba:	00052283          	lw	t0,0(a0)
 4be:	0055a023          	sw	t0,0(a1)
 4c2:	0511                	addi	a0,a0,4
 4c4:	0591                	addi	a1,a1,4
 4c6:	fec5eae3          	bltu	a1,a2,4ba <handle_reset+0x28>
 4ca:	20000517          	auipc	a0,0x20000
 4ce:	b6650513          	addi	a0,a0,-1178 # 20000030 <_edata>
 4d2:	80c18593          	addi	a1,gp,-2036 # 2000003c <_ebss>
 4d6:	00b57763          	bgeu	a0,a1,4e4 <handle_reset+0x52>
 4da:	00052023          	sw	zero,0(a0)
 4de:	0511                	addi	a0,a0,4
 4e0:	feb56de3          	bltu	a0,a1,4da <handle_reset+0x48>
 4e4:	08000293          	li	t0,128
 4e8:	30029073          	csrw	mstatus,t0
 4ec:	428d                	li	t0,3
 4ee:	80429073          	csrw	0x804,t0
 4f2:	00000297          	auipc	t0,0x0
 4f6:	b0e28293          	addi	t0,t0,-1266 # 0 <_sinit>
 4fa:	0032e293          	ori	t0,t0,3
 4fe:	30529073          	csrw	mtvec,t0
 502:	ecbff0ef          	jal	ra,3cc <SystemInit>
 506:	00000297          	auipc	t0,0x0
 50a:	e0228293          	addi	t0,t0,-510 # 308 <main>
 50e:	34129073          	csrw	mepc,t0
 512:	30200073          	mret

00000516 <DMA_DeInit>:
 516:	411c                	lw	a5,0(a0)
 518:	6741                	lui	a4,0x10
 51a:	1779                	addi	a4,a4,-2
 51c:	8ff9                	and	a5,a5,a4
 51e:	c11c                	sw	a5,0(a0)
 520:	00052023          	sw	zero,0(a0)
 524:	00052223          	sw	zero,4(a0)
 528:	00052423          	sw	zero,8(a0)
 52c:	400207b7          	lui	a5,0x40020
 530:	00052623          	sw	zero,12(a0)
 534:	00878713          	addi	a4,a5,8 # 40020008 <__global_pointer$+0x2001f7d8>
 538:	00e51763          	bne	a0,a4,546 <DMA_DeInit+0x30>
 53c:	43d8                	lw	a4,4(a5)
 53e:	00f76713          	ori	a4,a4,15
 542:	c3d8                	sw	a4,4(a5)
 544:	8082                	ret
 546:	01c78713          	addi	a4,a5,28
 54a:	00e51663          	bne	a0,a4,556 <DMA_DeInit+0x40>
 54e:	43d8                	lw	a4,4(a5)
 550:	0f076713          	ori	a4,a4,240
 554:	b7fd                	j	542 <DMA_DeInit+0x2c>
 556:	03078713          	addi	a4,a5,48
 55a:	00e51863          	bne	a0,a4,56a <DMA_DeInit+0x54>
 55e:	43d8                	lw	a4,4(a5)
 560:	6685                	lui	a3,0x1
 562:	f0068693          	addi	a3,a3,-256 # f00 <print+0x340>
 566:	8f55                	or	a4,a4,a3
 568:	bfe9                	j	542 <DMA_DeInit+0x2c>
 56a:	04478713          	addi	a4,a5,68
 56e:	00e51563          	bne	a0,a4,578 <DMA_DeInit+0x62>
 572:	43d8                	lw	a4,4(a5)
 574:	66bd                	lui	a3,0xf
 576:	bfc5                	j	566 <DMA_DeInit+0x50>
 578:	05878713          	addi	a4,a5,88
 57c:	00e51663          	bne	a0,a4,588 <DMA_DeInit+0x72>
 580:	43d8                	lw	a4,4(a5)
 582:	000f06b7          	lui	a3,0xf0
 586:	b7c5                	j	566 <DMA_DeInit+0x50>
 588:	06c78713          	addi	a4,a5,108
 58c:	00e51663          	bne	a0,a4,598 <DMA_DeInit+0x82>
 590:	43d8                	lw	a4,4(a5)
 592:	00f006b7          	lui	a3,0xf00
 596:	bfc1                	j	566 <DMA_DeInit+0x50>
 598:	08078713          	addi	a4,a5,128
 59c:	fae514e3          	bne	a0,a4,544 <DMA_DeInit+0x2e>
 5a0:	43d8                	lw	a4,4(a5)
 5a2:	0f0006b7          	lui	a3,0xf000
 5a6:	b7c1                	j	566 <DMA_DeInit+0x50>

000005a8 <DMA_Init>:
 5a8:	4118                	lw	a4,0(a0)
 5aa:	77e1                	lui	a5,0xffff8
 5ac:	07bd                	addi	a5,a5,15
 5ae:	5194                	lw	a3,32(a1)
 5b0:	8f7d                	and	a4,a4,a5
 5b2:	459c                	lw	a5,8(a1)
 5b4:	8fd5                	or	a5,a5,a3
 5b6:	4994                	lw	a3,16(a1)
 5b8:	8fd5                	or	a5,a5,a3
 5ba:	49d4                	lw	a3,20(a1)
 5bc:	8fd5                	or	a5,a5,a3
 5be:	4d94                	lw	a3,24(a1)
 5c0:	8fd5                	or	a5,a5,a3
 5c2:	4dd4                	lw	a3,28(a1)
 5c4:	8fd5                	or	a5,a5,a3
 5c6:	51d4                	lw	a3,36(a1)
 5c8:	8fd5                	or	a5,a5,a3
 5ca:	5594                	lw	a3,40(a1)
 5cc:	8fd5                	or	a5,a5,a3
 5ce:	8fd9                	or	a5,a5,a4
 5d0:	c11c                	sw	a5,0(a0)
 5d2:	45dc                	lw	a5,12(a1)
 5d4:	c15c                	sw	a5,4(a0)
 5d6:	419c                	lw	a5,0(a1)
 5d8:	c51c                	sw	a5,8(a0)
 5da:	41dc                	lw	a5,4(a1)
 5dc:	c55c                	sw	a5,12(a0)
 5de:	8082                	ret

000005e0 <DMA_Cmd>:
 5e0:	411c                	lw	a5,0(a0)
 5e2:	c589                	beqz	a1,5ec <DMA_Cmd+0xc>
 5e4:	0017e793          	ori	a5,a5,1
 5e8:	c11c                	sw	a5,0(a0)
 5ea:	8082                	ret
 5ec:	6741                	lui	a4,0x10
 5ee:	1779                	addi	a4,a4,-2
 5f0:	8ff9                	and	a5,a5,a4
 5f2:	bfdd                	j	5e8 <DMA_Cmd+0x8>

000005f4 <DMA_GetFlagStatus>:
 5f4:	400207b7          	lui	a5,0x40020
 5f8:	439c                	lw	a5,0(a5)
 5fa:	8d7d                	and	a0,a0,a5
 5fc:	00a03533          	snez	a0,a0
 600:	8082                	ret

00000602 <DMA_ClearFlag>:
 602:	400207b7          	lui	a5,0x40020
 606:	c3c8                	sw	a0,4(a5)
 608:	8082                	ret

0000060a <GPIO_Init>:
 60a:	459c                	lw	a5,8(a1)
 60c:	1161                	addi	sp,sp,-8
 60e:	c222                	sw	s0,4(sp)
 610:	c026                	sw	s1,0(sp)
 612:	0107f713          	andi	a4,a5,16
 616:	00f7f313          	andi	t1,a5,15
 61a:	c701                	beqz	a4,622 <GPIO_Init+0x18>
 61c:	41d8                	lw	a4,4(a1)
 61e:	00e36333          	or	t1,t1,a4
 622:	2192                	lhu	a2,0(a1)
 624:	0ff67713          	andi	a4,a2,255
 628:	c729                	beqz	a4,672 <GPIO_Init+0x68>
 62a:	00052383          	lw	t2,0(a0)
 62e:	4701                	li	a4,0
 630:	02800413          	li	s0,40
 634:	04800493          	li	s1,72
 638:	4685                	li	a3,1
 63a:	00e695b3          	sll	a1,a3,a4
 63e:	00b676b3          	and	a3,a2,a1
 642:	02d59263          	bne	a1,a3,666 <GPIO_Init+0x5c>
 646:	00271293          	slli	t0,a4,0x2
 64a:	46bd                	li	a3,15
 64c:	005696b3          	sll	a3,a3,t0
 650:	fff6c693          	not	a3,a3
 654:	0076f3b3          	and	t2,a3,t2
 658:	005312b3          	sll	t0,t1,t0
 65c:	0072e3b3          	or	t2,t0,t2
 660:	06879763          	bne	a5,s0,6ce <GPIO_Init+0xc4>
 664:	c94c                	sw	a1,20(a0)
 666:	0705                	addi	a4,a4,1
 668:	46a1                	li	a3,8
 66a:	fcd717e3          	bne	a4,a3,638 <GPIO_Init+0x2e>
 66e:	00752023          	sw	t2,0(a0)
 672:	0ff00713          	li	a4,255
 676:	04c77863          	bgeu	a4,a2,6c6 <GPIO_Init+0xbc>
 67a:	00452383          	lw	t2,4(a0)
 67e:	46a1                	li	a3,8
 680:	02800413          	li	s0,40
 684:	04800493          	li	s1,72
 688:	4705                	li	a4,1
 68a:	00d712b3          	sll	t0,a4,a3
 68e:	00567733          	and	a4,a2,t0
 692:	02e29463          	bne	t0,a4,6ba <GPIO_Init+0xb0>
 696:	00269713          	slli	a4,a3,0x2
 69a:	1701                	addi	a4,a4,-32
 69c:	45bd                	li	a1,15
 69e:	00e595b3          	sll	a1,a1,a4
 6a2:	fff5c593          	not	a1,a1
 6a6:	0075f3b3          	and	t2,a1,t2
 6aa:	00e31733          	sll	a4,t1,a4
 6ae:	007763b3          	or	t2,a4,t2
 6b2:	02879263          	bne	a5,s0,6d6 <GPIO_Init+0xcc>
 6b6:	00552a23          	sw	t0,20(a0)
 6ba:	0685                	addi	a3,a3,1
 6bc:	4741                	li	a4,16
 6be:	fce695e3          	bne	a3,a4,688 <GPIO_Init+0x7e>
 6c2:	00752223          	sw	t2,4(a0)
 6c6:	4412                	lw	s0,4(sp)
 6c8:	4482                	lw	s1,0(sp)
 6ca:	0121                	addi	sp,sp,8
 6cc:	8082                	ret
 6ce:	f8979ce3          	bne	a5,s1,666 <GPIO_Init+0x5c>
 6d2:	c90c                	sw	a1,16(a0)
 6d4:	bf49                	j	666 <GPIO_Init+0x5c>
 6d6:	fe9792e3          	bne	a5,s1,6ba <GPIO_Init+0xb0>
 6da:	00552823          	sw	t0,16(a0)
 6de:	bff1                	j	6ba <GPIO_Init+0xb0>

000006e0 <NVIC_PriorityGroupConfig>:
 6e0:	200007b7          	lui	a5,0x20000
 6e4:	02a7aa23          	sw	a0,52(a5) # 20000034 <NVIC_Priority_Group>
 6e8:	8082                	ret

000006ea <RCC_GetClocksFreq>:
 6ea:	9b7ff2ef          	jal	t0,a0 <__riscv_save_0>
 6ee:	40021737          	lui	a4,0x40021
 6f2:	435c                	lw	a5,4(a4)
 6f4:	4691                	li	a3,4
 6f6:	842a                	mv	s0,a0
 6f8:	8bb1                	andi	a5,a5,12
 6fa:	00d78563          	beq	a5,a3,704 <RCC_GetClocksFreq+0x1a>
 6fe:	46a1                	li	a3,8
 700:	06d78a63          	beq	a5,a3,774 <RCC_GetClocksFreq+0x8a>
 704:	016e37b7          	lui	a5,0x16e3
 708:	60078793          	addi	a5,a5,1536 # 16e3600 <_data_lma+0x16e2640>
 70c:	c01c                	sw	a5,0(s0)
 70e:	400216b7          	lui	a3,0x40021
 712:	42dc                	lw	a5,4(a3)
 714:	8391                	srli	a5,a5,0x4
 716:	00f7f713          	andi	a4,a5,15
 71a:	200007b7          	lui	a5,0x20000
 71e:	01c78793          	addi	a5,a5,28 # 2000001c <APBAHBPrescTable>
 722:	97ba                	add	a5,a5,a4
 724:	238c                	lbu	a1,0(a5)
 726:	42dc                	lw	a5,4(a3)
 728:	4018                	lw	a4,0(s0)
 72a:	0ff5f593          	andi	a1,a1,255
 72e:	0807f793          	andi	a5,a5,128
 732:	00b75533          	srl	a0,a4,a1
 736:	e399                	bnez	a5,73c <RCC_GetClocksFreq+0x52>
 738:	853a                	mv	a0,a4
 73a:	3a69                	jal	d4 <__udivsi3>
 73c:	c048                	sw	a0,4(s0)
 73e:	c408                	sw	a0,8(s0)
 740:	c448                	sw	a0,12(s0)
 742:	400217b7          	lui	a5,0x40021
 746:	43dc                	lw	a5,4(a5)
 748:	83ad                	srli	a5,a5,0xb
 74a:	8bfd                	andi	a5,a5,31
 74c:	0037d713          	srli	a4,a5,0x3
 750:	078a                	slli	a5,a5,0x2
 752:	8bf1                	andi	a5,a5,28
 754:	8fd9                	or	a5,a5,a4
 756:	0137f693          	andi	a3,a5,19
 75a:	470d                	li	a4,3
 75c:	00d77363          	bgeu	a4,a3,762 <RCC_GetClocksFreq+0x78>
 760:	17d1                	addi	a5,a5,-12
 762:	20000737          	lui	a4,0x20000
 766:	00870713          	addi	a4,a4,8 # 20000008 <ADCPrescTable>
 76a:	97ba                	add	a5,a5,a4
 76c:	238c                	lbu	a1,0(a5)
 76e:	329d                	jal	d4 <__udivsi3>
 770:	c808                	sw	a0,16(s0)
 772:	ba25                	j	aa <__riscv_restore_0>
 774:	435c                	lw	a5,4(a4)
 776:	02dc77b7          	lui	a5,0x2dc7
 77a:	c0078793          	addi	a5,a5,-1024 # 2dc6c00 <_data_lma+0x2dc5c40>
 77e:	b779                	j	70c <RCC_GetClocksFreq+0x22>

00000780 <RCC_AHBPeriphClockCmd>:
 780:	c599                	beqz	a1,78e <RCC_AHBPeriphClockCmd+0xe>
 782:	40021737          	lui	a4,0x40021
 786:	4b5c                	lw	a5,20(a4)
 788:	8d5d                	or	a0,a0,a5
 78a:	cb48                	sw	a0,20(a4)
 78c:	8082                	ret
 78e:	400217b7          	lui	a5,0x40021
 792:	4bd8                	lw	a4,20(a5)
 794:	fff54513          	not	a0,a0
 798:	8d79                	and	a0,a0,a4
 79a:	cbc8                	sw	a0,20(a5)
 79c:	8082                	ret

0000079e <RCC_APB2PeriphClockCmd>:
 79e:	c599                	beqz	a1,7ac <RCC_APB2PeriphClockCmd+0xe>
 7a0:	40021737          	lui	a4,0x40021
 7a4:	4f1c                	lw	a5,24(a4)
 7a6:	8d5d                	or	a0,a0,a5
 7a8:	cf08                	sw	a0,24(a4)
 7aa:	8082                	ret
 7ac:	400217b7          	lui	a5,0x40021
 7b0:	4f98                	lw	a4,24(a5)
 7b2:	fff54513          	not	a0,a0
 7b6:	8d79                	and	a0,a0,a4
 7b8:	cf88                	sw	a0,24(a5)
 7ba:	8082                	ret

000007bc <USART_Init>:
 7bc:	8e5ff2ef          	jal	t0,a0 <__riscv_save_0>
 7c0:	2916                	lhu	a3,16(a0)
 7c2:	77f5                	lui	a5,0xffffd
 7c4:	17fd                	addi	a5,a5,-1
 7c6:	8ff5                	and	a5,a5,a3
 7c8:	21f6                	lhu	a3,6(a1)
 7ca:	25da                	lhu	a4,12(a1)
 7cc:	1121                	addi	sp,sp,-24
 7ce:	8fd5                	or	a5,a5,a3
 7d0:	a91e                	sh	a5,16(a0)
 7d2:	2556                	lhu	a3,12(a0)
 7d4:	77fd                	lui	a5,0xfffff
 7d6:	9f378793          	addi	a5,a5,-1549 # ffffe9f3 <__global_pointer$+0xdfffe1c3>
 7da:	8ff5                	and	a5,a5,a3
 7dc:	21d6                	lhu	a3,4(a1)
 7de:	842a                	mv	s0,a0
 7e0:	c02e                	sw	a1,0(sp)
 7e2:	8fd5                	or	a5,a5,a3
 7e4:	2596                	lhu	a3,8(a1)
 7e6:	8fd5                	or	a5,a5,a3
 7e8:	25b6                	lhu	a3,10(a1)
 7ea:	8fd5                	or	a5,a5,a3
 7ec:	a55e                	sh	a5,12(a0)
 7ee:	295e                	lhu	a5,20(a0)
 7f0:	07c2                	slli	a5,a5,0x10
 7f2:	83c1                	srli	a5,a5,0x10
 7f4:	cff7f793          	andi	a5,a5,-769
 7f8:	8f5d                	or	a4,a4,a5
 7fa:	a95a                	sh	a4,20(a0)
 7fc:	0048                	addi	a0,sp,4
 7fe:	35f5                	jal	6ea <RCC_GetClocksFreq>
 800:	400147b7          	lui	a5,0x40014
 804:	80078793          	addi	a5,a5,-2048 # 40013800 <__global_pointer$+0x20012fd0>
 808:	4582                	lw	a1,0(sp)
 80a:	06f41263          	bne	s0,a5,86e <USART_Init+0xb2>
 80e:	47c2                	lw	a5,16(sp)
 810:	245a                	lhu	a4,12(s0)
 812:	00179513          	slli	a0,a5,0x1
 816:	953e                	add	a0,a0,a5
 818:	0742                	slli	a4,a4,0x10
 81a:	050e                	slli	a0,a0,0x3
 81c:	8741                	srai	a4,a4,0x10
 81e:	953e                	add	a0,a0,a5
 820:	418c                	lw	a1,0(a1)
 822:	04075863          	bgez	a4,872 <USART_Init+0xb6>
 826:	0586                	slli	a1,a1,0x1
 828:	8adff0ef          	jal	ra,d4 <__udivsi3>
 82c:	06400593          	li	a1,100
 830:	c02a                	sw	a0,0(sp)
 832:	8a3ff0ef          	jal	ra,d4 <__udivsi3>
 836:	4782                	lw	a5,0(sp)
 838:	00451493          	slli	s1,a0,0x4
 83c:	06400593          	li	a1,100
 840:	853e                	mv	a0,a5
 842:	8bfff0ef          	jal	ra,100 <__umodsi3>
 846:	245e                	lhu	a5,12(s0)
 848:	07c2                	slli	a5,a5,0x10
 84a:	87c1                	srai	a5,a5,0x10
 84c:	0207d563          	bgez	a5,876 <USART_Init+0xba>
 850:	050e                	slli	a0,a0,0x3
 852:	06400593          	li	a1,100
 856:	03250513          	addi	a0,a0,50
 85a:	87bff0ef          	jal	ra,d4 <__udivsi3>
 85e:	891d                	andi	a0,a0,7
 860:	8cc9                	or	s1,s1,a0
 862:	04c2                	slli	s1,s1,0x10
 864:	80c1                	srli	s1,s1,0x10
 866:	a406                	sh	s1,8(s0)
 868:	0161                	addi	sp,sp,24
 86a:	841ff06f          	j	aa <__riscv_restore_0>
 86e:	47b2                	lw	a5,12(sp)
 870:	b745                	j	810 <USART_Init+0x54>
 872:	058a                	slli	a1,a1,0x2
 874:	bf55                	j	828 <USART_Init+0x6c>
 876:	0512                	slli	a0,a0,0x4
 878:	06400593          	li	a1,100
 87c:	03250513          	addi	a0,a0,50
 880:	855ff0ef          	jal	ra,d4 <__udivsi3>
 884:	893d                	andi	a0,a0,15
 886:	bfe9                	j	860 <USART_Init+0xa4>

00000888 <USART_Cmd>:
 888:	c591                	beqz	a1,894 <USART_Cmd+0xc>
 88a:	255e                	lhu	a5,12(a0)
 88c:	6709                	lui	a4,0x2
 88e:	8fd9                	or	a5,a5,a4
 890:	a55e                	sh	a5,12(a0)
 892:	8082                	ret
 894:	255a                	lhu	a4,12(a0)
 896:	77f9                	lui	a5,0xffffe
 898:	17fd                	addi	a5,a5,-1
 89a:	8ff9                	and	a5,a5,a4
 89c:	bfd5                	j	890 <USART_Cmd+0x8>

0000089e <USART_DMACmd>:
 89e:	295e                	lhu	a5,20(a0)
 8a0:	c601                	beqz	a2,8a8 <USART_DMACmd+0xa>
 8a2:	8ddd                	or	a1,a1,a5
 8a4:	a94e                	sh	a1,20(a0)
 8a6:	8082                	ret
 8a8:	fff5c593          	not	a1,a1
 8ac:	8dfd                	and	a1,a1,a5
 8ae:	bfdd                	j	8a4 <USART_DMACmd+0x6>

000008b0 <USART_SendData>:
 8b0:	1ff5f593          	andi	a1,a1,511
 8b4:	a14e                	sh	a1,4(a0)
 8b6:	8082                	ret

000008b8 <USART_GetFlagStatus>:
 8b8:	210a                	lhu	a0,0(a0)
 8ba:	8d6d                	and	a0,a0,a1
 8bc:	00a03533          	snez	a0,a0
 8c0:	8082                	ret

000008c2 <Delay_Init>:
 8c2:	fdeff2ef          	jal	t0,a0 <__riscv_save_0>
 8c6:	200007b7          	lui	a5,0x20000
 8ca:	0047a503          	lw	a0,4(a5) # 20000004 <SystemCoreClock>
 8ce:	007a15b7          	lui	a1,0x7a1
 8d2:	20058593          	addi	a1,a1,512 # 7a1200 <_data_lma+0x7a0240>
 8d6:	ffeff0ef          	jal	ra,d4 <__udivsi3>
 8da:	0ff57513          	andi	a0,a0,255
 8de:	80a18523          	sb	a0,-2038(gp) # 2000003a <p_us>
 8e2:	00551793          	slli	a5,a0,0x5
 8e6:	8f89                	sub	a5,a5,a0
 8e8:	078a                	slli	a5,a5,0x2
 8ea:	953e                	add	a0,a0,a5
 8ec:	050e                	slli	a0,a0,0x3
 8ee:	80a19423          	sh	a0,-2040(gp) # 20000038 <p_ms>
 8f2:	fb8ff06f          	j	aa <__riscv_restore_0>

000008f6 <Delay_Ms>:
 8f6:	faaff2ef          	jal	t0,a0 <__riscv_save_0>
 8fa:	e000f437          	lui	s0,0xe000f
 8fe:	405c                	lw	a5,4(s0)
 900:	85aa                	mv	a1,a0
 902:	9bf9                	andi	a5,a5,-2
 904:	c05c                	sw	a5,4(s0)
 906:	8081d503          	lhu	a0,-2040(gp) # 20000038 <p_ms>
 90a:	faaff0ef          	jal	ra,b4 <__mulsi3>
 90e:	c808                	sw	a0,16(s0)
 910:	00042423          	sw	zero,8(s0) # e000f008 <__global_pointer$+0xc000e7d8>
 914:	401c                	lw	a5,0(s0)
 916:	0017e793          	ori	a5,a5,1
 91a:	c01c                	sw	a5,0(s0)
 91c:	e000f7b7          	lui	a5,0xe000f
 920:	43d8                	lw	a4,4(a5)
 922:	8b05                	andi	a4,a4,1
 924:	df75                	beqz	a4,920 <Delay_Ms+0x2a>
 926:	4398                	lw	a4,0(a5)
 928:	9b79                	andi	a4,a4,-2
 92a:	c398                	sw	a4,0(a5)
 92c:	f7eff06f          	j	aa <__riscv_restore_0>

00000930 <_write>:
 930:	f70ff2ef          	jal	t0,a0 <__riscv_save_0>
 934:	1171                	addi	sp,sp,-4
 936:	84ae                	mv	s1,a1
 938:	4401                	li	s0,0
 93a:	02c45d63          	bge	s0,a2,974 <_write+0x44>
 93e:	400147b7          	lui	a5,0x40014
 942:	80078713          	addi	a4,a5,-2048 # 40013800 <__global_pointer$+0x20012fd0>
 946:	853a                	mv	a0,a4
 948:	04000593          	li	a1,64
 94c:	c032                	sw	a2,0(sp)
 94e:	37ad                	jal	8b8 <USART_GetFlagStatus>
 950:	400147b7          	lui	a5,0x40014
 954:	80078713          	addi	a4,a5,-2048 # 40013800 <__global_pointer$+0x20012fd0>
 958:	4602                	lw	a2,0(sp)
 95a:	d575                	beqz	a0,946 <_write+0x16>
 95c:	00848733          	add	a4,s1,s0
 960:	00070583          	lb	a1,0(a4) # 2000 <_data_lma+0x1040>
 964:	80078513          	addi	a0,a5,-2048
 968:	0405                	addi	s0,s0,1
 96a:	05c2                	slli	a1,a1,0x10
 96c:	81c1                	srli	a1,a1,0x10
 96e:	3789                	jal	8b0 <USART_SendData>
 970:	4602                	lw	a2,0(sp)
 972:	b7e1                	j	93a <_write+0xa>
 974:	8532                	mv	a0,a2
 976:	0111                	addi	sp,sp,4
 978:	f32ff06f          	j	aa <__riscv_restore_0>

0000097c <printchar>:
 97c:	1141                	addi	sp,sp,-16
 97e:	c606                	sw	ra,12(sp)
 980:	c02e                	sw	a1,0(sp)
 982:	cd0d                	beqz	a0,9bc <printchar+0x40>
 984:	4118                	lw	a4,0(a0)
 986:	87aa                	mv	a5,a0
 988:	c305                	beqz	a4,9a8 <printchar+0x2c>
 98a:	4158                	lw	a4,4(a0)
 98c:	557d                	li	a0,-1
 98e:	cb11                	beqz	a4,9a2 <printchar+0x26>
 990:	4685                	li	a3,1
 992:	00d71b63          	bne	a4,a3,9a8 <printchar+0x2c>
 996:	4798                	lw	a4,8(a5)
 998:	00070023          	sb	zero,0(a4)
 99c:	0007a223          	sw	zero,4(a5)
 9a0:	4505                	li	a0,1
 9a2:	40b2                	lw	ra,12(sp)
 9a4:	0141                	addi	sp,sp,16
 9a6:	8082                	ret
 9a8:	4798                	lw	a4,8(a5)
 9aa:	4682                	lw	a3,0(sp)
 9ac:	a314                	sb	a3,0(a4)
 9ae:	4798                	lw	a4,8(a5)
 9b0:	0705                	addi	a4,a4,1
 9b2:	c798                	sw	a4,8(a5)
 9b4:	43d8                	lw	a4,4(a5)
 9b6:	177d                	addi	a4,a4,-1
 9b8:	c3d8                	sw	a4,4(a5)
 9ba:	b7dd                	j	9a0 <printchar+0x24>
 9bc:	4605                	li	a2,1
 9be:	858a                	mv	a1,sp
 9c0:	3f85                	jal	930 <_write>
 9c2:	bff9                	j	9a0 <printchar+0x24>

000009c4 <prints>:
 9c4:	1101                	addi	sp,sp,-32
 9c6:	cc22                	sw	s0,24(sp)
 9c8:	c22e                	sw	a1,4(sp)
 9ca:	ce06                	sw	ra,28(sp)
 9cc:	ca26                	sw	s1,20(sp)
 9ce:	842a                	mv	s0,a0
 9d0:	4781                	li	a5,0
 9d2:	02000593          	li	a1,32
 9d6:	02064563          	bltz	a2,a00 <prints+0x3c>
 9da:	4592                	lw	a1,4(sp)
 9dc:	95be                	add	a1,a1,a5
 9de:	00058583          	lb	a1,0(a1)
 9e2:	e58d                	bnez	a1,a0c <prints+0x48>
 9e4:	02c7d863          	bge	a5,a2,a14 <prints+0x50>
 9e8:	02e7d463          	bge	a5,a4,a10 <prints+0x4c>
 9ec:	8e19                	sub	a2,a2,a4
 9ee:	02000513          	li	a0,32
 9f2:	0026f593          	andi	a1,a3,2
 9f6:	c02a                	sw	a0,0(sp)
 9f8:	c589                	beqz	a1,a02 <prints+0x3e>
 9fa:	e701                	bnez	a4,a02 <prints+0x3e>
 9fc:	03000593          	li	a1,48
 a00:	c02e                	sw	a1,0(sp)
 a02:	8a85                	andi	a3,a3,1
 a04:	4481                	li	s1,0
 a06:	ea95                	bnez	a3,a3a <prints+0x76>
 a08:	84b2                	mv	s1,a2
 a0a:	a00d                	j	a2c <prints+0x68>
 a0c:	0785                	addi	a5,a5,1
 a0e:	b7f1                	j	9da <prints+0x16>
 a10:	8e1d                	sub	a2,a2,a5
 a12:	bff1                	j	9ee <prints+0x2a>
 a14:	4601                	li	a2,0
 a16:	bfe1                	j	9ee <prints+0x2a>
 a18:	4582                	lw	a1,0(sp)
 a1a:	8522                	mv	a0,s0
 a1c:	c83a                	sw	a4,16(sp)
 a1e:	c632                	sw	a2,12(sp)
 a20:	c43e                	sw	a5,8(sp)
 a22:	3fa9                	jal	97c <printchar>
 a24:	47a2                	lw	a5,8(sp)
 a26:	4632                	lw	a2,12(sp)
 a28:	4742                	lw	a4,16(sp)
 a2a:	14fd                	addi	s1,s1,-1
 a2c:	fe9046e3          	bgtz	s1,a18 <prints+0x54>
 a30:	84b2                	mv	s1,a2
 a32:	00065363          	bgez	a2,a38 <prints+0x74>
 a36:	4481                	li	s1,0
 a38:	8e05                	sub	a2,a2,s1
 a3a:	02e7c763          	blt	a5,a4,a68 <prints+0xa4>
 a3e:	87a6                	mv	a5,s1
 a40:	4692                	lw	a3,4(sp)
 a42:	40978733          	sub	a4,a5,s1
 a46:	9736                	add	a4,a4,a3
 a48:	00070583          	lb	a1,0(a4)
 a4c:	ed95                	bnez	a1,a88 <prints+0xc4>
 a4e:	84b2                	mv	s1,a2
 a50:	04904463          	bgtz	s1,a98 <prints+0xd4>
 a54:	00065363          	bgez	a2,a5a <prints+0x96>
 a58:	4601                	li	a2,0
 a5a:	40f2                	lw	ra,28(sp)
 a5c:	4462                	lw	s0,24(sp)
 a5e:	44d2                	lw	s1,20(sp)
 a60:	00f60533          	add	a0,a2,a5
 a64:	6105                	addi	sp,sp,32
 a66:	8082                	ret
 a68:	8f1d                	sub	a4,a4,a5
 a6a:	87ba                	mv	a5,a4
 a6c:	03000593          	li	a1,48
 a70:	8522                	mv	a0,s0
 a72:	c832                	sw	a2,16(sp)
 a74:	c63e                	sw	a5,12(sp)
 a76:	c43a                	sw	a4,8(sp)
 a78:	3711                	jal	97c <printchar>
 a7a:	47b2                	lw	a5,12(sp)
 a7c:	4722                	lw	a4,8(sp)
 a7e:	4642                	lw	a2,16(sp)
 a80:	17fd                	addi	a5,a5,-1
 a82:	f7ed                	bnez	a5,a6c <prints+0xa8>
 a84:	94ba                	add	s1,s1,a4
 a86:	bf65                	j	a3e <prints+0x7a>
 a88:	8522                	mv	a0,s0
 a8a:	c632                	sw	a2,12(sp)
 a8c:	c43e                	sw	a5,8(sp)
 a8e:	35fd                	jal	97c <printchar>
 a90:	47a2                	lw	a5,8(sp)
 a92:	4632                	lw	a2,12(sp)
 a94:	0785                	addi	a5,a5,1
 a96:	b76d                	j	a40 <prints+0x7c>
 a98:	4582                	lw	a1,0(sp)
 a9a:	8522                	mv	a0,s0
 a9c:	c432                	sw	a2,8(sp)
 a9e:	c23e                	sw	a5,4(sp)
 aa0:	3df1                	jal	97c <printchar>
 aa2:	14fd                	addi	s1,s1,-1
 aa4:	4622                	lw	a2,8(sp)
 aa6:	4792                	lw	a5,4(sp)
 aa8:	b765                	j	a50 <prints+0x8c>

00000aaa <printInt>:
 aaa:	7139                	addi	sp,sp,-64
 aac:	de06                	sw	ra,60(sp)
 aae:	dc22                	sw	s0,56(sp)
 ab0:	da26                	sw	s1,52(sp)
 ab2:	c23e                	sw	a5,4(sp)
 ab4:	8332                	mv	t1,a2
 ab6:	863a                	mv	a2,a4
 ab8:	ed89                	bnez	a1,ad2 <printInt+0x28>
 aba:	4692                	lw	a3,4(sp)
 abc:	03000793          	li	a5,48
 ac0:	4701                	li	a4,0
 ac2:	086c                	addi	a1,sp,28
 ac4:	86fc                	sh	a5,28(sp)
 ac6:	3dfd                	jal	9c4 <prints>
 ac8:	50f2                	lw	ra,60(sp)
 aca:	5462                	lw	s0,56(sp)
 acc:	54d2                	lw	s1,52(sp)
 ace:	6121                	addi	sp,sp,64
 ad0:	8082                	ret
 ad2:	84aa                	mv	s1,a0
 ad4:	8436                	mv	s0,a3
 ad6:	87ae                	mv	a5,a1
 ad8:	ca91                	beqz	a3,aec <printInt+0x42>
 ada:	4729                	li	a4,10
 adc:	4401                	li	s0,0
 ade:	00e31763          	bne	t1,a4,aec <printInt+0x42>
 ae2:	0005d563          	bgez	a1,aec <printInt+0x42>
 ae6:	40b007b3          	neg	a5,a1
 aea:	4405                	li	s0,1
 aec:	4686                	lw	a3,64(sp)
 aee:	020109a3          	sb	zero,51(sp)
 af2:	03310713          	addi	a4,sp,51
 af6:	fc668693          	addi	a3,a3,-58 # 40020fc6 <__global_pointer$+0x20020796>
 afa:	c436                	sw	a3,8(sp)
 afc:	859a                	mv	a1,t1
 afe:	853e                	mv	a0,a5
 b00:	ca32                	sw	a2,20(sp)
 b02:	c83a                	sw	a4,16(sp)
 b04:	c61a                	sw	t1,12(sp)
 b06:	c03e                	sw	a5,0(sp)
 b08:	df8ff0ef          	jal	ra,100 <__umodsi3>
 b0c:	46a5                	li	a3,9
 b0e:	4782                	lw	a5,0(sp)
 b10:	4332                	lw	t1,12(sp)
 b12:	4742                	lw	a4,16(sp)
 b14:	4652                	lw	a2,20(sp)
 b16:	00a6d463          	bge	a3,a0,b1e <printInt+0x74>
 b1a:	46a2                	lw	a3,8(sp)
 b1c:	9536                	add	a0,a0,a3
 b1e:	03050513          	addi	a0,a0,48
 b22:	fff70693          	addi	a3,a4,-1
 b26:	fea70fa3          	sb	a0,-1(a4)
 b2a:	859a                	mv	a1,t1
 b2c:	853e                	mv	a0,a5
 b2e:	cc32                	sw	a2,24(sp)
 b30:	ca3a                	sw	a4,20(sp)
 b32:	c81a                	sw	t1,16(sp)
 b34:	c63e                	sw	a5,12(sp)
 b36:	c036                	sw	a3,0(sp)
 b38:	d9cff0ef          	jal	ra,d4 <__udivsi3>
 b3c:	47b2                	lw	a5,12(sp)
 b3e:	4342                	lw	t1,16(sp)
 b40:	4752                	lw	a4,20(sp)
 b42:	4662                	lw	a2,24(sp)
 b44:	0467f963          	bgeu	a5,t1,b96 <printInt+0xec>
 b48:	cc01                	beqz	s0,b60 <printInt+0xb6>
 b4a:	ca29                	beqz	a2,b9c <printInt+0xf2>
 b4c:	4792                	lw	a5,4(sp)
 b4e:	8b89                	andi	a5,a5,2
 b50:	c7b1                	beqz	a5,b9c <printInt+0xf2>
 b52:	02d00593          	li	a1,45
 b56:	8526                	mv	a0,s1
 b58:	c432                	sw	a2,8(sp)
 b5a:	350d                	jal	97c <printchar>
 b5c:	4622                	lw	a2,8(sp)
 b5e:	167d                	addi	a2,a2,-1
 b60:	4792                	lw	a5,4(sp)
 b62:	8b91                	andi	a5,a5,4
 b64:	c395                	beqz	a5,b88 <printInt+0xde>
 b66:	4706                	lw	a4,64(sp)
 b68:	06100793          	li	a5,97
 b6c:	c432                	sw	a2,8(sp)
 b6e:	03000593          	li	a1,48
 b72:	8526                	mv	a0,s1
 b74:	02f71e63          	bne	a4,a5,bb0 <printInt+0x106>
 b78:	3511                	jal	97c <printchar>
 b7a:	07800593          	li	a1,120
 b7e:	8526                	mv	a0,s1
 b80:	3bf5                	jal	97c <printchar>
 b82:	4622                	lw	a2,8(sp)
 b84:	0409                	addi	s0,s0,2
 b86:	1679                	addi	a2,a2,-2
 b88:	4716                	lw	a4,68(sp)
 b8a:	4692                	lw	a3,4(sp)
 b8c:	4582                	lw	a1,0(sp)
 b8e:	8526                	mv	a0,s1
 b90:	3d15                	jal	9c4 <prints>
 b92:	9522                	add	a0,a0,s0
 b94:	bf15                	j	ac8 <printInt+0x1e>
 b96:	87aa                	mv	a5,a0
 b98:	4702                	lw	a4,0(sp)
 b9a:	b78d                	j	afc <printInt+0x52>
 b9c:	4682                	lw	a3,0(sp)
 b9e:	02d00793          	li	a5,45
 ba2:	4401                	li	s0,0
 ba4:	fef68fa3          	sb	a5,-1(a3)
 ba8:	ffe70793          	addi	a5,a4,-2
 bac:	c03e                	sw	a5,0(sp)
 bae:	bf4d                	j	b60 <printInt+0xb6>
 bb0:	33f1                	jal	97c <printchar>
 bb2:	05800593          	li	a1,88
 bb6:	b7e1                	j	b7e <printInt+0xd4>

00000bb8 <printLongLongInt>:
 bb8:	4501                	li	a0,0
 bba:	8082                	ret

00000bbc <printDouble>:
 bbc:	4501                	li	a0,0
 bbe:	8082                	ret

00000bc0 <print>:
 bc0:	fd810113          	addi	sp,sp,-40
 bc4:	d022                	sw	s0,32(sp)
 bc6:	ce26                	sw	s1,28(sp)
 bc8:	d206                	sw	ra,36(sp)
 bca:	c42a                	sw	a0,8(sp)
 bcc:	82ae                	mv	t0,a1
 bce:	8432                	mv	s0,a2
 bd0:	c602                	sw	zero,12(sp)
 bd2:	4481                	li	s1,0
 bd4:	00028583          	lb	a1,0(t0)
 bd8:	ed89                	bnez	a1,bf2 <print+0x32>
 bda:	47a2                	lw	a5,8(sp)
 bdc:	c781                	beqz	a5,be4 <print+0x24>
 bde:	4581                	li	a1,0
 be0:	853e                	mv	a0,a5
 be2:	3b69                	jal	97c <printchar>
 be4:	5092                	lw	ra,36(sp)
 be6:	5402                	lw	s0,32(sp)
 be8:	8526                	mv	a0,s1
 bea:	44f2                	lw	s1,28(sp)
 bec:	02810113          	addi	sp,sp,40
 bf0:	8082                	ret
 bf2:	02500793          	li	a5,37
 bf6:	00f58863          	beq	a1,a5,c06 <print+0x46>
 bfa:	4522                	lw	a0,8(sp)
 bfc:	c816                	sw	t0,16(sp)
 bfe:	0485                	addi	s1,s1,1
 c00:	3bb5                	jal	97c <printchar>
 c02:	42c2                	lw	t0,16(sp)
 c04:	a839                	j	c22 <print+0x62>
 c06:	00128783          	lb	a5,1(t0)
 c0a:	00128713          	addi	a4,t0,1
 c0e:	00b79c63          	bne	a5,a1,c26 <print+0x66>
 c12:	4522                	lw	a0,8(sp)
 c14:	02500593          	li	a1,37
 c18:	c83a                	sw	a4,16(sp)
 c1a:	338d                	jal	97c <printchar>
 c1c:	4742                	lw	a4,16(sp)
 c1e:	0485                	addi	s1,s1,1
 c20:	82ba                	mv	t0,a4
 c22:	0285                	addi	t0,t0,1
 c24:	bf45                	j	bd4 <print+0x14>
 c26:	dbd5                	beqz	a5,bda <print+0x1a>
 c28:	02b00693          	li	a3,43
 c2c:	04d78963          	beq	a5,a3,c7e <print+0xbe>
 c30:	00f6c863          	blt	a3,a5,c40 <print+0x80>
 c34:	02300693          	li	a3,35
 c38:	04d78663          	beq	a5,a3,c84 <print+0xc4>
 c3c:	4781                	li	a5,0
 c3e:	a005                	j	c5e <print+0x9e>
 c40:	02d00693          	li	a3,45
 c44:	00d78a63          	beq	a5,a3,c58 <print+0x98>
 c48:	03000693          	li	a3,48
 c4c:	fed798e3          	bne	a5,a3,c3c <print+0x7c>
 c50:	00228713          	addi	a4,t0,2
 c54:	4789                	li	a5,2
 c56:	a021                	j	c5e <print+0x9e>
 c58:	00228713          	addi	a4,t0,2
 c5c:	4785                	li	a5,1
 c5e:	00070683          	lb	a3,0(a4)
 c62:	02b00613          	li	a2,43
 c66:	04c68363          	beq	a3,a2,cac <print+0xec>
 c6a:	02d64163          	blt	a2,a3,c8c <print+0xcc>
 c6e:	02300613          	li	a2,35
 c72:	02c68b63          	beq	a3,a2,ca8 <print+0xe8>
 c76:	82ba                	mv	t0,a4
 c78:	4501                	li	a0,0
 c7a:	46a5                	li	a3,9
 c7c:	a081                	j	cbc <print+0xfc>
 c7e:	00228713          	addi	a4,t0,2
 c82:	bf6d                	j	c3c <print+0x7c>
 c84:	00228713          	addi	a4,t0,2
 c88:	4791                	li	a5,4
 c8a:	bfd1                	j	c5e <print+0x9e>
 c8c:	02d00613          	li	a2,45
 c90:	00c68963          	beq	a3,a2,ca2 <print+0xe2>
 c94:	03000613          	li	a2,48
 c98:	fcc69fe3          	bne	a3,a2,c76 <print+0xb6>
 c9c:	0027e793          	ori	a5,a5,2
 ca0:	a031                	j	cac <print+0xec>
 ca2:	0705                	addi	a4,a4,1
 ca4:	4785                	li	a5,1
 ca6:	bfc1                	j	c76 <print+0xb6>
 ca8:	0047e793          	ori	a5,a5,4
 cac:	0705                	addi	a4,a4,1
 cae:	b7e1                	j	c76 <print+0xb6>
 cb0:	00251613          	slli	a2,a0,0x2
 cb4:	9532                	add	a0,a0,a2
 cb6:	0506                	slli	a0,a0,0x1
 cb8:	953a                	add	a0,a0,a4
 cba:	0285                	addi	t0,t0,1
 cbc:	00028603          	lb	a2,0(t0)
 cc0:	fd060713          	addi	a4,a2,-48
 cc4:	0ff77593          	andi	a1,a4,255
 cc8:	feb6f4e3          	bgeu	a3,a1,cb0 <print+0xf0>
 ccc:	02e00713          	li	a4,46
 cd0:	4699                	li	a3,6
 cd2:	00e61e63          	bne	a2,a4,cee <print+0x12e>
 cd6:	0285                	addi	t0,t0,1
 cd8:	4681                	li	a3,0
 cda:	45a5                	li	a1,9
 cdc:	00028603          	lb	a2,0(t0)
 ce0:	fd060613          	addi	a2,a2,-48
 ce4:	0ff67713          	andi	a4,a2,255
 ce8:	02e5f563          	bgeu	a1,a4,d12 <print+0x152>
 cec:	c636                	sw	a3,12(sp)
 cee:	00028703          	lb	a4,0(t0)
 cf2:	06a00613          	li	a2,106
 cf6:	0ac70d63          	beq	a4,a2,db0 <print+0x1f0>
 cfa:	02e64363          	blt	a2,a4,d20 <print+0x160>
 cfe:	04c00613          	li	a2,76
 d02:	0ac70763          	beq	a4,a2,db0 <print+0x1f0>
 d06:	06800613          	li	a2,104
 d0a:	08c70c63          	beq	a4,a2,da2 <print+0x1e2>
 d0e:	4581                	li	a1,0
 d10:	a82d                	j	d4a <print+0x18a>
 d12:	00269713          	slli	a4,a3,0x2
 d16:	96ba                	add	a3,a3,a4
 d18:	0686                	slli	a3,a3,0x1
 d1a:	96b2                	add	a3,a3,a2
 d1c:	0285                	addi	t0,t0,1
 d1e:	bf7d                	j	cdc <print+0x11c>
 d20:	07400613          	li	a2,116
 d24:	08c70663          	beq	a4,a2,db0 <print+0x1f0>
 d28:	07a00613          	li	a2,122
 d2c:	08c70263          	beq	a4,a2,db0 <print+0x1f0>
 d30:	06c00613          	li	a2,108
 d34:	4581                	li	a1,0
 d36:	00c71a63          	bne	a4,a2,d4a <print+0x18a>
 d3a:	00128603          	lb	a2,1(t0)
 d3e:	458d                	li	a1,3
 d40:	00e61463          	bne	a2,a4,d48 <print+0x188>
 d44:	0285                	addi	t0,t0,1
 d46:	4591                	li	a1,4
 d48:	0285                	addi	t0,t0,1
 d4a:	00028603          	lb	a2,0(t0)
 d4e:	06000393          	li	t2,96
 d52:	06100713          	li	a4,97
 d56:	00c3c463          	blt	t2,a2,d5e <print+0x19e>
 d5a:	04100713          	li	a4,65
 d5e:	06700393          	li	t2,103
 d62:	06c3c463          	blt	t2,a2,dca <print+0x20a>
 d66:	06500393          	li	t2,101
 d6a:	18765363          	bge	a2,t2,ef0 <print+0x330>
 d6e:	04700393          	li	t2,71
 d72:	04c3c163          	blt	t2,a2,db4 <print+0x1f4>
 d76:	04500593          	li	a1,69
 d7a:	16b65b63          	bge	a2,a1,ef0 <print+0x330>
 d7e:	04300713          	li	a4,67
 d82:	eae610e3          	bne	a2,a4,c22 <print+0x62>
 d86:	4018                	lw	a4,0(s0)
 d88:	00440393          	addi	t2,s0,4
 d8c:	ca16                	sw	t0,20(sp)
 d8e:	00e10c23          	sb	a4,24(sp)
 d92:	c81e                	sw	t2,16(sp)
 d94:	00010ca3          	sb	zero,25(sp)
 d98:	4701                	li	a4,0
 d9a:	86be                	mv	a3,a5
 d9c:	862a                	mv	a2,a0
 d9e:	082c                	addi	a1,sp,24
 da0:	a849                	j	e32 <print+0x272>
 da2:	00128603          	lb	a2,1(t0)
 da6:	4581                	li	a1,0
 da8:	fae611e3          	bne	a2,a4,d4a <print+0x18a>
 dac:	0289                	addi	t0,t0,2
 dae:	bf71                	j	d4a <print+0x18a>
 db0:	0285                	addi	t0,t0,1
 db2:	bfb1                	j	d0e <print+0x14e>
 db4:	06300693          	li	a3,99
 db8:	fcd607e3          	beq	a2,a3,d86 <print+0x1c6>
 dbc:	06c6ce63          	blt	a3,a2,e38 <print+0x278>
 dc0:	05800693          	li	a3,88
 dc4:	02d60363          	beq	a2,a3,dea <print+0x22a>
 dc8:	bda9                	j	c22 <print+0x62>
 dca:	07300693          	li	a3,115
 dce:	04d60463          	beq	a2,a3,e16 <print+0x256>
 dd2:	02c6cb63          	blt	a3,a2,e08 <print+0x248>
 dd6:	06f00693          	li	a3,111
 dda:	0ed60263          	beq	a2,a3,ebe <print+0x2fe>
 dde:	07000693          	li	a3,112
 de2:	0047e793          	ori	a5,a5,4
 de6:	e2d61ee3          	bne	a2,a3,c22 <print+0x62>
 dea:	4691                	li	a3,4
 dec:	0ad59f63          	bne	a1,a3,eaa <print+0x2ea>
 df0:	00840393          	addi	t2,s0,8
 df4:	400c                	lw	a1,0(s0)
 df6:	4050                	lw	a2,4(s0)
 df8:	ca16                	sw	t0,20(sp)
 dfa:	c23a                	sw	a4,4(sp)
 dfc:	c03e                	sw	a5,0(sp)
 dfe:	c81e                	sw	t2,16(sp)
 e00:	87aa                	mv	a5,a0
 e02:	4701                	li	a4,0
 e04:	46c1                	li	a3,16
 e06:	a0b9                	j	e54 <print+0x294>
 e08:	07500693          	li	a3,117
 e0c:	06d60863          	beq	a2,a3,e7c <print+0x2bc>
 e10:	07800693          	li	a3,120
 e14:	bf45                	j	dc4 <print+0x204>
 e16:	4018                	lw	a4,0(s0)
 e18:	000016b7          	lui	a3,0x1
 e1c:	00440393          	addi	t2,s0,4
 e20:	fb868593          	addi	a1,a3,-72 # fb8 <puts+0x84>
 e24:	c311                	beqz	a4,e28 <print+0x268>
 e26:	85ba                	mv	a1,a4
 e28:	4732                	lw	a4,12(sp)
 e2a:	ca16                	sw	t0,20(sp)
 e2c:	c81e                	sw	t2,16(sp)
 e2e:	86be                	mv	a3,a5
 e30:	862a                	mv	a2,a0
 e32:	4522                	lw	a0,8(sp)
 e34:	3e41                	jal	9c4 <prints>
 e36:	a00d                	j	e58 <print+0x298>
 e38:	4691                	li	a3,4
 e3a:	02d59463          	bne	a1,a3,e62 <print+0x2a2>
 e3e:	00840393          	addi	t2,s0,8
 e42:	400c                	lw	a1,0(s0)
 e44:	4050                	lw	a2,4(s0)
 e46:	ca16                	sw	t0,20(sp)
 e48:	c23a                	sw	a4,4(sp)
 e4a:	c03e                	sw	a5,0(sp)
 e4c:	c81e                	sw	t2,16(sp)
 e4e:	87aa                	mv	a5,a0
 e50:	4705                	li	a4,1
 e52:	46a9                	li	a3,10
 e54:	4522                	lw	a0,8(sp)
 e56:	338d                	jal	bb8 <printLongLongInt>
 e58:	43c2                	lw	t2,16(sp)
 e5a:	94aa                	add	s1,s1,a0
 e5c:	841e                	mv	s0,t2
 e5e:	42d2                	lw	t0,20(sp)
 e60:	b3c9                	j	c22 <print+0x62>
 e62:	46b2                	lw	a3,12(sp)
 e64:	400c                	lw	a1,0(s0)
 e66:	c816                	sw	t0,16(sp)
 e68:	c236                	sw	a3,4(sp)
 e6a:	c03a                	sw	a4,0(sp)
 e6c:	0411                	addi	s0,s0,4
 e6e:	872a                	mv	a4,a0
 e70:	4685                	li	a3,1
 e72:	4629                	li	a2,10
 e74:	4522                	lw	a0,8(sp)
 e76:	3915                	jal	aaa <printInt>
 e78:	94aa                	add	s1,s1,a0
 e7a:	b361                	j	c02 <print+0x42>
 e7c:	4691                	li	a3,4
 e7e:	00d59d63          	bne	a1,a3,e98 <print+0x2d8>
 e82:	00840393          	addi	t2,s0,8
 e86:	400c                	lw	a1,0(s0)
 e88:	4050                	lw	a2,4(s0)
 e8a:	ca16                	sw	t0,20(sp)
 e8c:	c23a                	sw	a4,4(sp)
 e8e:	c03e                	sw	a5,0(sp)
 e90:	c81e                	sw	t2,16(sp)
 e92:	87aa                	mv	a5,a0
 e94:	4701                	li	a4,0
 e96:	bf75                	j	e52 <print+0x292>
 e98:	46b2                	lw	a3,12(sp)
 e9a:	400c                	lw	a1,0(s0)
 e9c:	c816                	sw	t0,16(sp)
 e9e:	c236                	sw	a3,4(sp)
 ea0:	c03a                	sw	a4,0(sp)
 ea2:	0411                	addi	s0,s0,4
 ea4:	872a                	mv	a4,a0
 ea6:	4681                	li	a3,0
 ea8:	b7e9                	j	e72 <print+0x2b2>
 eaa:	46b2                	lw	a3,12(sp)
 eac:	c816                	sw	t0,16(sp)
 eae:	400c                	lw	a1,0(s0)
 eb0:	4641                	li	a2,16
 eb2:	c236                	sw	a3,4(sp)
 eb4:	c03a                	sw	a4,0(sp)
 eb6:	0411                	addi	s0,s0,4
 eb8:	872a                	mv	a4,a0
 eba:	4681                	li	a3,0
 ebc:	bf65                	j	e74 <print+0x2b4>
 ebe:	4691                	li	a3,4
 ec0:	00d59e63          	bne	a1,a3,edc <print+0x31c>
 ec4:	00840393          	addi	t2,s0,8
 ec8:	400c                	lw	a1,0(s0)
 eca:	4050                	lw	a2,4(s0)
 ecc:	ca16                	sw	t0,20(sp)
 ece:	c23a                	sw	a4,4(sp)
 ed0:	c03e                	sw	a5,0(sp)
 ed2:	c81e                	sw	t2,16(sp)
 ed4:	87aa                	mv	a5,a0
 ed6:	4701                	li	a4,0
 ed8:	46a1                	li	a3,8
 eda:	bfad                	j	e54 <print+0x294>
 edc:	46b2                	lw	a3,12(sp)
 ede:	400c                	lw	a1,0(s0)
 ee0:	c816                	sw	t0,16(sp)
 ee2:	c236                	sw	a3,4(sp)
 ee4:	c03a                	sw	a4,0(sp)
 ee6:	0411                	addi	s0,s0,4
 ee8:	872a                	mv	a4,a0
 eea:	4681                	li	a3,0
 eec:	4621                	li	a2,8
 eee:	b759                	j	e74 <print+0x2b4>
 ef0:	400c                	lw	a1,0(s0)
 ef2:	00840613          	addi	a2,s0,8
 ef6:	4040                	lw	s0,4(s0)
 ef8:	c23a                	sw	a4,4(sp)
 efa:	872a                	mv	a4,a0
 efc:	4522                	lw	a0,8(sp)
 efe:	c832                	sw	a2,16(sp)
 f00:	c03e                	sw	a5,0(sp)
 f02:	8622                	mv	a2,s0
 f04:	87b6                	mv	a5,a3
 f06:	46a9                	li	a3,10
 f08:	ca16                	sw	t0,20(sp)
 f0a:	394d                	jal	bbc <printDouble>
 f0c:	94aa                	add	s1,s1,a0
 f0e:	4442                	lw	s0,16(sp)
 f10:	b7b9                	j	e5e <print+0x29e>

00000f12 <printf>:
 f12:	fdc10113          	addi	sp,sp,-36
 f16:	c82e                	sw	a1,16(sp)
 f18:	ca32                	sw	a2,20(sp)
 f1a:	85aa                	mv	a1,a0
 f1c:	0810                	addi	a2,sp,16
 f1e:	4501                	li	a0,0
 f20:	c606                	sw	ra,12(sp)
 f22:	cc36                	sw	a3,24(sp)
 f24:	ce3a                	sw	a4,28(sp)
 f26:	d03e                	sw	a5,32(sp)
 f28:	c032                	sw	a2,0(sp)
 f2a:	3959                	jal	bc0 <print>
 f2c:	40b2                	lw	ra,12(sp)
 f2e:	02410113          	addi	sp,sp,36
 f32:	8082                	ret

00000f34 <puts>:
 f34:	1141                	addi	sp,sp,-16
 f36:	c422                	sw	s0,8(sp)
 f38:	c226                	sw	s1,4(sp)
 f3a:	c606                	sw	ra,12(sp)
 f3c:	211c                	lbu	a5,0(a0)
 f3e:	84aa                	mv	s1,a0
 f40:	4401                	li	s0,0
 f42:	81dc                	sb	a5,3(sp)
 f44:	00310783          	lb	a5,3(sp)
 f48:	0405                	addi	s0,s0,1
 f4a:	ef91                	bnez	a5,f66 <puts+0x32>
 f4c:	47a9                	li	a5,10
 f4e:	00310593          	addi	a1,sp,3
 f52:	4605                	li	a2,1
 f54:	4501                	li	a0,0
 f56:	81dc                	sb	a5,3(sp)
 f58:	3ae1                	jal	930 <_write>
 f5a:	8522                	mv	a0,s0
 f5c:	40b2                	lw	ra,12(sp)
 f5e:	4422                	lw	s0,8(sp)
 f60:	4492                	lw	s1,4(sp)
 f62:	0141                	addi	sp,sp,16
 f64:	8082                	ret
 f66:	4605                	li	a2,1
 f68:	00310593          	addi	a1,sp,3
 f6c:	4501                	li	a0,0
 f6e:	9c3ff0ef          	jal	ra,930 <_write>
 f72:	008487b3          	add	a5,s1,s0
 f76:	239c                	lbu	a5,0(a5)
 f78:	81dc                	sb	a5,3(sp)
 f7a:	b7e9                	j	f44 <puts+0x10>
 f7c:	7852                	flw	fa6,52(sp)
 f7e:	7542                	flw	fa0,48(sp)
 f80:	6666                	flw	fa2,88(sp)
 f82:	7265                	lui	tp,0xffff9
 f84:	2d20                	lbu	s0,26(a0)
 f86:	203e                	lhu	a5,2(s0)
 f88:	253a                	lhu	a4,10(a0)
 f8a:	000a0d73          	0xa0d73
 f8e:	0000                	unimp
 f90:	2d2d                	jal	15ca <_data_lma+0x60a>
 f92:	2d2d                	jal	15cc <_data_lma+0x60c>
 f94:	2d2d                	jal	15ce <_data_lma+0x60e>
 f96:	2d2d                	jal	15d0 <_data_lma+0x610>
 f98:	2d2d                	jal	15d2 <_data_lma+0x612>
 f9a:	000d                	c.nop	3
 f9c:	6449                	lui	s0,0x12
 f9e:	656c                	flw	fa1,76(a0)
 fa0:	4c20                	lw	s0,88(s0)
 fa2:	6e69                	lui	t3,0x1a
 fa4:	2065                	jal	104c <_data_lma+0x8c>
 fa6:	6564                	flw	fs1,76(a0)
 fa8:	6574                	flw	fa3,76(a0)
 faa:	6f697463          	bgeu	s2,s6,1692 <_data_lma+0x6d2>
 fae:	206e                	lhu	a1,6(s0)
 fb0:	2121                	jal	13b8 <_data_lma+0x3f8>
 fb2:	2021                	jal	fba <puts+0x86>
 fb4:	000d                	c.nop	3
 fb6:	0000                	unimp
 fb8:	6e28                	flw	fa0,88(a2)
 fba:	6c75                	lui	s8,0x1d
 fbc:	296c                	lbu	a1,22(a0)
	...
