
ADC_CH32V003F4P6.elf:     file format elf32-littleriscv
ADC_CH32V003F4P6.elf
architecture: riscv:rv32, flags 0x00000112:
EXEC_P, HAS_SYMS, D_PAGED
start address 0x00000000

Program Header:
    LOAD off    0x00001000 vaddr 0x00000000 paddr 0x00000000 align 2**12
         filesz 0x00000ff4 memsz 0x00000ff4 flags r-x
    LOAD off    0x00002000 vaddr 0x20000000 paddr 0x00000ff4 align 2**12
         filesz 0x00000028 memsz 0x00000030 flags rw-
    LOAD off    0x00002700 vaddr 0x20000700 paddr 0x20000700 align 2**12
         filesz 0x00000000 memsz 0x00000100 flags rw-

Sections:
Idx Name          Size      VMA       LMA       File off  Algn
  0 .init         000000a0  00000000  00000000  00001000  2**2
                  CONTENTS, ALLOC, LOAD, READONLY, CODE
  1 .text         00000f54  000000a0  000000a0  000010a0  2**2
                  CONTENTS, ALLOC, LOAD, READONLY, CODE
  2 .fini         00000000  00000ff4  00000ff4  00002028  2**0
                  CONTENTS, ALLOC, LOAD, CODE
  3 .dalign       00000000  20000000  20000000  00002028  2**0
                  CONTENTS
  4 .dlalign      00000000  00000ff4  00000ff4  00002028  2**0
                  CONTENTS
  5 .data         00000028  20000000  00000ff4  00002000  2**2
                  CONTENTS, ALLOC, LOAD, DATA
  6 .bss          00000008  20000028  0000101c  00002028  2**2
                  ALLOC
  7 .stack        00000100  20000700  20000700  00002700  2**0
                  ALLOC
  8 .debug_info   00008dba  00000000  00000000  00002028  2**0
                  CONTENTS, READONLY, DEBUGGING
  9 .debug_abbrev 00001a2b  00000000  00000000  0000ade2  2**0
                  CONTENTS, READONLY, DEBUGGING
 10 .debug_aranges 000004d0  00000000  00000000  0000c810  2**3
                  CONTENTS, READONLY, DEBUGGING
 11 .debug_ranges 000004c8  00000000  00000000  0000cce0  2**3
                  CONTENTS, READONLY, DEBUGGING
 12 .debug_line   00005641  00000000  00000000  0000d1a8  2**0
                  CONTENTS, READONLY, DEBUGGING
 13 .debug_str    00001af4  00000000  00000000  000127e9  2**0
                  CONTENTS, READONLY, DEBUGGING
 14 .comment      00000033  00000000  00000000  000142dd  2**0
                  CONTENTS, READONLY
 15 .debug_frame  00000974  00000000  00000000  00014310  2**2
                  CONTENTS, READONLY, DEBUGGING
 16 .debug_loc    00001fe7  00000000  00000000  00014c84  2**0
                  CONTENTS, READONLY, DEBUGGING
SYMBOL TABLE:
00000000 l    d  .init	00000000 .init
000000a0 l    d  .text	00000000 .text
00000ff4 l    d  .fini	00000000 .fini
20000000 l    d  .dalign	00000000 .dalign
00000ff4 l    d  .dlalign	00000000 .dlalign
20000000 l    d  .data	00000000 .data
20000028 l    d  .bss	00000000 .bss
20000700 l    d  .stack	00000000 .stack
00000000 l    d  .debug_info	00000000 .debug_info
00000000 l    d  .debug_abbrev	00000000 .debug_abbrev
00000000 l    d  .debug_aranges	00000000 .debug_aranges
00000000 l    d  .debug_ranges	00000000 .debug_ranges
00000000 l    d  .debug_line	00000000 .debug_line
00000000 l    d  .debug_str	00000000 .debug_str
00000000 l    d  .comment	00000000 .comment
00000000 l    d  .debug_frame	00000000 .debug_frame
00000000 l    d  .debug_loc	00000000 .debug_loc
00000000 l    df *ABS*	00000000 ch32v00x_it.c
00000000 l    df *ABS*	00000000 main.c
00000000 l    df *ABS*	00000000 system_ch32v00x.c
00000000 l    df *ABS*	00000000 ch32v00x_adc.c
00000000 l    df *ABS*	00000000 ch32v00x_gpio.c
00000000 l    df *ABS*	00000000 ch32v00x_misc.c
00000000 l    df *ABS*	00000000 ch32v00x_rcc.c
20000004 l     O .data	00000014 ADCPrescTable
20000018 l     O .data	00000010 APBAHBPrescTable
00000000 l    df *ABS*	00000000 ch32v00x_usart.c
00000000 l    df *ABS*	00000000 debug.c
00000000 l    df *ABS*	00000000 wchprintf.c
00000c56  w    F .text	00000004 printDouble
00000c5a  w    F .text	00000352 print
00000fac  w    F .text	00000022 printf
20000828 g       .data	00000000 __global_pointer$
000003b8  w      .text	00000000 TIM1_CC_IRQHandler
000001f6 g     F .text	00000002 HardFault_Handler
00000b44  w    F .text	0000010e printInt
000008de g     F .text	00000064 SysTick_Handler
000004d4 g     F .text	0000000a ADC_StartCalibration
00000390  w      .text	00000000 PVD_IRQHandler
000001f2 g     F .text	00000004 NMI_Handler
000001f8 g     F .text	000000a2 ADC_RegularChannel_Init
00000896 g     F .text	0000000a USART_GetFlagStatus
20000028 g       .bss	00000000 _sbss
00000100 g       *ABS*	00000000 __stack_size
000005c0 g     F .text	0000000a ADC_GetFlagStatus
00000976 g     F .text	00000054 USART_Printf_Init
000000aa g     F .text	0000000a .hidden __riscv_restore_2
000004b2 g     F .text	00000010 ADC_Cmd
00000c52  w    F .text	00000004 printLongLongInt
20000000 g     O .data	00000004 SystemCoreClock
000000d4 g     F .text	0000002c .hidden __udivsi3
000000a0 g       .init	00000000 _einit
00000770 g     F .text	0000001e RCC_APB2PeriphClockCmd
000005e6 g     F .text	000000d6 GPIO_Init
000006c6 g     F .text	00000014 RCC_ADCCLKConfig
20000028 g     O .bss	00000004 NVIC_Priority_Group
000003b0  w      .text	00000000 SPI1_IRQHandler
000004c2 g     F .text	0000000a ADC_ResetCalibration
00000878 g     F .text	00000016 USART_Cmd
000000a0 g     F .text	0000000a .hidden __riscv_save_1
000005d2 g     F .text	00000014 ADC_Calibration_Vol
000000aa g     F .text	0000000a .hidden __riscv_restore_0
00000398  w      .text	00000000 AWU_IRQHandler
00000396  w      .text	00000000 EXTI7_0_IRQHandler
20000700 g       .stack	00000000 _heap_end
000003a0  w      .text	00000000 DMA1_Channel4_IRQHandler
000004fe g     F .text	000000ba ADC_RegularChannelConfig
000003a8  w      .text	00000000 ADC1_IRQHandler
000005b8 g     F .text	00000008 ADC_GetConversionValue
000004de g     F .text	00000008 ADC_GetCalibrationStatus
20000030 g       .bss	00000000 _ebss
000003a6  w      .text	00000000 DMA1_Channel7_IRQHandler
000004e6 g     F .text	00000018 ADC_SoftwareStartConvCmd
000004cc g     F .text	00000008 ADC_GetResetCalibrationStatus
00000100 g     F .text	00000008 .hidden __umodsi3
000003aa  w      .text	00000000 I2C1_EV_IRQHandler
000006da g     F .text	00000096 RCC_GetClocksFreq
000003a4  w      .text	00000000 DMA1_Channel6_IRQHandler
000007ac g     F .text	000000cc USART_Init
00000394  w      .text	00000000 RCC_IRQHandler
000003b6  w      .text	00000000 TIM1_TRG_COM_IRQHandler
0000039a  w      .text	00000000 DMA1_Channel1_IRQHandler
00000000 g       .init	00000000 _start
00000a5e  w    F .text	000000e6 prints
000000b4 g     F .text	00000014 .hidden __mulsi3
2000002c g     O .bss	00000004 systick_cnt
20000000 g       .dalign	00000000 _data_vma
0000014a g     F .text	000000a8 memset
0000029a g     F .text	0000005c main
000008a0 g     F .text	0000003e SysTick_Init
000003a2  w      .text	00000000 DMA1_Channel5_IRQHandler
000000cc g     F .text	00000058 .hidden __divsi3
00000942 g     F .text	00000034 Delay_Ms
000002f6 g     F .text	00000090 SystemInit
00000a16  w    F .text	00000048 printchar
00000000 g       .init	00000000 _sinit
0000039e  w      .text	00000000 DMA1_Channel3_IRQHandler
000003b4  w      .text	00000000 TIM1_UP_IRQHandler
0000038e  w      .text	00000000 WWDG_IRQHandler
000005ca g     F .text	00000008 ADC_ClearFlag
000003ba  w      .text	00000000 TIM2_IRQHandler
20000800 g       .stack	00000000 _eusrstack
000000a0 g     F .text	0000000a .hidden __riscv_save_2
0000038c  w      .text	00000000 SW_Handler
00000440 g     F .text	00000024 ADC_DeInit
000003b2  w      .text	00000000 TIM1_BRK_IRQHandler
00000464 g     F .text	0000004e ADC_Init
0000088e g     F .text	00000008 USART_SendData
000009ca g     F .text	0000004c _write
20000028 g       .data	00000000 _edata
20000030 g       .bss	00000000 _end
00000ff4 g       .dlalign	00000000 _data_lma
00000124 g     F .text	00000024 .hidden __modsi3
0000039c  w      .text	00000000 DMA1_Channel2_IRQHandler
000003bc  w      .text	00000000 handle_reset
000000a0 g     F .text	0000000a .hidden __riscv_save_0
00000392  w      .text	00000000 FLASH_IRQHandler
000003ae  w      .text	00000000 USART1_IRQHandler
0000078e g     F .text	0000001e RCC_APB2PeriphResetCmd
000003ac  w      .text	00000000 I2C1_ER_IRQHandler
000006bc g     F .text	0000000a NVIC_PriorityGroupConfig
000000aa g     F .text	0000000a .hidden __riscv_restore_1



Disassembly of section .init:

00000000 <_sinit>:
   0:	3bc0006f          	j	3bc <handle_reset>
   4:	0000                	unimp
   6:	0000                	unimp
   8:	01f2                	slli	gp,gp,0x1c
   a:	0000                	unimp
   c:	01f6                	slli	gp,gp,0x1d
	...
  2e:	0000                	unimp
  30:	08de                	slli	a7,a7,0x17
  32:	0000                	unimp
  34:	0000                	unimp
  36:	0000                	unimp
  38:	038c                	addi	a1,sp,448
  3a:	0000                	unimp
  3c:	0000                	unimp
  3e:	0000                	unimp
  40:	038e                	slli	t2,t2,0x3
  42:	0000                	unimp
  44:	0390                	addi	a2,sp,448
  46:	0000                	unimp
  48:	0392                	slli	t2,t2,0x4
  4a:	0000                	unimp
  4c:	0394                	addi	a3,sp,448
  4e:	0000                	unimp
  50:	0396                	slli	t2,t2,0x5
  52:	0000                	unimp
  54:	0398                	addi	a4,sp,448
  56:	0000                	unimp
  58:	039a                	slli	t2,t2,0x6
  5a:	0000                	unimp
  5c:	039c                	addi	a5,sp,448
  5e:	0000                	unimp
  60:	039e                	slli	t2,t2,0x7
  62:	0000                	unimp
  64:	03a0                	addi	s0,sp,456
  66:	0000                	unimp
  68:	03a2                	slli	t2,t2,0x8
  6a:	0000                	unimp
  6c:	03a4                	addi	s1,sp,456
  6e:	0000                	unimp
  70:	03a6                	slli	t2,t2,0x9
  72:	0000                	unimp
  74:	03a8                	addi	a0,sp,456
  76:	0000                	unimp
  78:	03aa                	slli	t2,t2,0xa
  7a:	0000                	unimp
  7c:	03ac                	addi	a1,sp,456
  7e:	0000                	unimp
  80:	03ae                	slli	t2,t2,0xb
  82:	0000                	unimp
  84:	03b0                	addi	a2,sp,456
  86:	0000                	unimp
  88:	03b2                	slli	t2,t2,0xc
  8a:	0000                	unimp
  8c:	03b4                	addi	a3,sp,456
  8e:	0000                	unimp
  90:	03b6                	slli	t2,t2,0xd
  92:	0000                	unimp
  94:	03b8                	addi	a4,sp,456
  96:	0000                	unimp
  98:	03ba                	slli	t2,t2,0xe
  9a:	0000                	unimp
  9c:	0000                	unimp
	...

Disassembly of section .text:

000000a0 <__riscv_save_0>:
  a0:	1151                	addi	sp,sp,-12
  a2:	c026                	sw	s1,0(sp)
  a4:	c222                	sw	s0,4(sp)
  a6:	c406                	sw	ra,8(sp)
  a8:	8282                	jr	t0

000000aa <__riscv_restore_0>:
  aa:	4482                	lw	s1,0(sp)
  ac:	4412                	lw	s0,4(sp)
  ae:	40a2                	lw	ra,8(sp)
  b0:	0131                	addi	sp,sp,12
  b2:	8082                	ret

000000b4 <__mulsi3>:
  b4:	862a                	mv	a2,a0
  b6:	4501                	li	a0,0
  b8:	0015f693          	andi	a3,a1,1
  bc:	c291                	beqz	a3,c0 <__mulsi3+0xc>
  be:	9532                	add	a0,a0,a2
  c0:	8185                	srli	a1,a1,0x1
  c2:	0606                	slli	a2,a2,0x1
  c4:	f9f5                	bnez	a1,b8 <__mulsi3+0x4>
  c6:	8082                	ret
  c8:	0000                	unimp
	...

000000cc <__divsi3>:
  cc:	02054e63          	bltz	a0,108 <__umodsi3+0x8>
  d0:	0405c363          	bltz	a1,116 <__umodsi3+0x16>

000000d4 <__udivsi3>:
  d4:	862e                	mv	a2,a1
  d6:	85aa                	mv	a1,a0
  d8:	557d                	li	a0,-1
  da:	c215                	beqz	a2,fe <__udivsi3+0x2a>
  dc:	4685                	li	a3,1
  de:	00b67863          	bgeu	a2,a1,ee <__udivsi3+0x1a>
  e2:	00c05663          	blez	a2,ee <__udivsi3+0x1a>
  e6:	0606                	slli	a2,a2,0x1
  e8:	0686                	slli	a3,a3,0x1
  ea:	feb66ce3          	bltu	a2,a1,e2 <__udivsi3+0xe>
  ee:	4501                	li	a0,0
  f0:	00c5e463          	bltu	a1,a2,f8 <__udivsi3+0x24>
  f4:	8d91                	sub	a1,a1,a2
  f6:	8d55                	or	a0,a0,a3
  f8:	8285                	srli	a3,a3,0x1
  fa:	8205                	srli	a2,a2,0x1
  fc:	faf5                	bnez	a3,f0 <__udivsi3+0x1c>
  fe:	8082                	ret

00000100 <__umodsi3>:
 100:	8286                	mv	t0,ra
 102:	3fc9                	jal	d4 <__udivsi3>
 104:	852e                	mv	a0,a1
 106:	8282                	jr	t0
 108:	40a00533          	neg	a0,a0
 10c:	0005d763          	bgez	a1,11a <__umodsi3+0x1a>
 110:	40b005b3          	neg	a1,a1
 114:	b7c1                	j	d4 <__udivsi3>
 116:	40b005b3          	neg	a1,a1
 11a:	8286                	mv	t0,ra
 11c:	3f65                	jal	d4 <__udivsi3>
 11e:	40a00533          	neg	a0,a0
 122:	8282                	jr	t0

00000124 <__modsi3>:
 124:	8286                	mv	t0,ra
 126:	0005c763          	bltz	a1,134 <__modsi3+0x10>
 12a:	00054963          	bltz	a0,13c <__modsi3+0x18>
 12e:	375d                	jal	d4 <__udivsi3>
 130:	852e                	mv	a0,a1
 132:	8282                	jr	t0
 134:	40b005b3          	neg	a1,a1
 138:	fe055be3          	bgez	a0,12e <__modsi3+0xa>
 13c:	40a00533          	neg	a0,a0
 140:	3f51                	jal	d4 <__udivsi3>
 142:	40b00533          	neg	a0,a1
 146:	8282                	jr	t0
	...

0000014a <memset>:
 14a:	433d                	li	t1,15
 14c:	872a                	mv	a4,a0
 14e:	02c37363          	bgeu	t1,a2,174 <memset+0x2a>
 152:	00f77793          	andi	a5,a4,15
 156:	efbd                	bnez	a5,1d4 <memset+0x8a>
 158:	e5ad                	bnez	a1,1c2 <memset+0x78>
 15a:	ff067693          	andi	a3,a2,-16
 15e:	8a3d                	andi	a2,a2,15
 160:	96ba                	add	a3,a3,a4
 162:	c30c                	sw	a1,0(a4)
 164:	c34c                	sw	a1,4(a4)
 166:	c70c                	sw	a1,8(a4)
 168:	c74c                	sw	a1,12(a4)
 16a:	0741                	addi	a4,a4,16
 16c:	fed76be3          	bltu	a4,a3,162 <memset+0x18>
 170:	e211                	bnez	a2,174 <memset+0x2a>
 172:	8082                	ret
 174:	40c306b3          	sub	a3,t1,a2
 178:	068a                	slli	a3,a3,0x2
 17a:	00000297          	auipc	t0,0x0
 17e:	9696                	add	a3,a3,t0
 180:	00a68067          	jr	10(a3)
 184:	00b70723          	sb	a1,14(a4)
 188:	00b706a3          	sb	a1,13(a4)
 18c:	00b70623          	sb	a1,12(a4)
 190:	00b705a3          	sb	a1,11(a4)
 194:	00b70523          	sb	a1,10(a4)
 198:	00b704a3          	sb	a1,9(a4)
 19c:	00b70423          	sb	a1,8(a4)
 1a0:	00b703a3          	sb	a1,7(a4)
 1a4:	00b70323          	sb	a1,6(a4)
 1a8:	00b702a3          	sb	a1,5(a4)
 1ac:	00b70223          	sb	a1,4(a4)
 1b0:	00b701a3          	sb	a1,3(a4)
 1b4:	00b70123          	sb	a1,2(a4)
 1b8:	00b700a3          	sb	a1,1(a4)
 1bc:	00b70023          	sb	a1,0(a4)
 1c0:	8082                	ret
 1c2:	0ff5f593          	andi	a1,a1,255
 1c6:	00859693          	slli	a3,a1,0x8
 1ca:	8dd5                	or	a1,a1,a3
 1cc:	01059693          	slli	a3,a1,0x10
 1d0:	8dd5                	or	a1,a1,a3
 1d2:	b761                	j	15a <memset+0x10>
 1d4:	00279693          	slli	a3,a5,0x2
 1d8:	00000297          	auipc	t0,0x0
 1dc:	9696                	add	a3,a3,t0
 1de:	8286                	mv	t0,ra
 1e0:	fa8680e7          	jalr	-88(a3)
 1e4:	8096                	mv	ra,t0
 1e6:	17c1                	addi	a5,a5,-16
 1e8:	8f1d                	sub	a4,a4,a5
 1ea:	963e                	add	a2,a2,a5
 1ec:	f8c374e3          	bgeu	t1,a2,174 <memset+0x2a>
 1f0:	b7a5                	j	158 <memset+0xe>

000001f2 <NMI_Handler>:
 1f2:	30200073          	mret

000001f6 <HardFault_Handler>:
 1f6:	a001                	j	1f6 <HardFault_Handler>

000001f8 <ADC_RegularChannel_Init>:
 1f8:	ea9ff2ef          	jal	t0,a0 <__riscv_save_0>
 1fc:	fdc10113          	addi	sp,sp,-36
 200:	4661                	li	a2,24
 202:	4581                	li	a1,0
 204:	0068                	addi	a0,sp,12
 206:	3791                	jal	14a <memset>
 208:	4585                	li	a1,1
 20a:	4541                	li	a0,16
 20c:	c002                	sw	zero,0(sp)
 20e:	c202                	sw	zero,4(sp)
 210:	c402                	sw	zero,8(sp)
 212:	2bb9                	jal	770 <RCC_APB2PeriphClockCmd>
 214:	4585                	li	a1,1
 216:	20000513          	li	a0,512
 21a:	2b99                	jal	770 <RCC_APB2PeriphClockCmd>
 21c:	6531                	lui	a0,0xc
 21e:	2165                	jal	6c6 <RCC_ADCCLKConfig>
 220:	47c1                	li	a5,16
 222:	858a                	mv	a1,sp
 224:	40011537          	lui	a0,0x40011
 228:	40012437          	lui	s0,0x40012
 22c:	807c                	sh	a5,0(sp)
 22e:	c402                	sw	zero,8(sp)
 230:	2e5d                	jal	5e6 <GPIO_Init>
 232:	40040513          	addi	a0,s0,1024 # 40012400 <__global_pointer$+0x20011bd8>
 236:	2429                	jal	440 <ADC_DeInit>
 238:	679d                	lui	a5,0x7
 23a:	cc3e                	sw	a5,24(sp)
 23c:	006c                	addi	a1,sp,12
 23e:	4785                	li	a5,1
 240:	40040513          	addi	a0,s0,1024
 244:	02f10023          	sb	a5,32(sp)
 248:	c602                	sw	zero,12(sp)
 24a:	c802                	sw	zero,16(sp)
 24c:	ca02                	sw	zero,20(sp)
 24e:	ce02                	sw	zero,28(sp)
 250:	2c11                	jal	464 <ADC_Init>
 252:	469d                	li	a3,7
 254:	4605                	li	a2,1
 256:	4589                	li	a1,2
 258:	40040513          	addi	a0,s0,1024
 25c:	244d                	jal	4fe <ADC_RegularChannelConfig>
 25e:	020005b7          	lui	a1,0x2000
 262:	40040513          	addi	a0,s0,1024
 266:	26b5                	jal	5d2 <ADC_Calibration_Vol>
 268:	4585                	li	a1,1
 26a:	40040513          	addi	a0,s0,1024
 26e:	2491                	jal	4b2 <ADC_Cmd>
 270:	40040513          	addi	a0,s0,1024
 274:	24b9                	jal	4c2 <ADC_ResetCalibration>
 276:	40040493          	addi	s1,s0,1024
 27a:	8526                	mv	a0,s1
 27c:	2c81                	jal	4cc <ADC_GetResetCalibrationStatus>
 27e:	fd75                	bnez	a0,27a <ADC_RegularChannel_Init+0x82>
 280:	40040513          	addi	a0,s0,1024
 284:	40012437          	lui	s0,0x40012
 288:	24b1                	jal	4d4 <ADC_StartCalibration>
 28a:	40040413          	addi	s0,s0,1024 # 40012400 <__global_pointer$+0x20011bd8>
 28e:	8522                	mv	a0,s0
 290:	24b9                	jal	4de <ADC_GetCalibrationStatus>
 292:	fd75                	bnez	a0,28e <ADC_RegularChannel_Init+0x96>
 294:	02410113          	addi	sp,sp,36
 298:	bd09                	j	aa <__riscv_restore_0>

0000029a <main>:
 29a:	e07ff2ef          	jal	t0,a0 <__riscv_save_0>
 29e:	4509                	li	a0,2
 2a0:	2931                	jal	6bc <NVIC_PriorityGroupConfig>
 2a2:	2bfd                	jal	8a0 <SysTick_Init>
 2a4:	6571                	lui	a0,0x1c
 2a6:	20050513          	addi	a0,a0,512 # 1c200 <_data_lma+0x1b20c>
 2aa:	25f1                	jal	976 <USART_Printf_Init>
 2ac:	200007b7          	lui	a5,0x20000
 2b0:	0007a583          	lw	a1,0(a5) # 20000000 <_data_vma>
 2b4:	00001537          	lui	a0,0x1
 2b8:	fd050513          	addi	a0,a0,-48 # fd0 <printf+0x24>
 2bc:	4f1000ef          	jal	ra,fac <printf>
 2c0:	40012437          	lui	s0,0x40012
 2c4:	3f15                	jal	1f8 <ADC_RegularChannel_Init>
 2c6:	40040413          	addi	s0,s0,1024 # 40012400 <__global_pointer$+0x20011bd8>
 2ca:	4581                	li	a1,0
 2cc:	8522                	mv	a0,s0
 2ce:	2c21                	jal	4e6 <ADC_SoftwareStartConvCmd>
 2d0:	4589                	li	a1,2
 2d2:	8522                	mv	a0,s0
 2d4:	24f5                	jal	5c0 <ADC_GetFlagStatus>
 2d6:	dd6d                	beqz	a0,2d0 <main+0x36>
 2d8:	4589                	li	a1,2
 2da:	8522                	mv	a0,s0
 2dc:	24fd                	jal	5ca <ADC_ClearFlag>
 2de:	8522                	mv	a0,s0
 2e0:	2ce1                	jal	5b8 <ADC_GetConversionValue>
 2e2:	85aa                	mv	a1,a0
 2e4:	00001537          	lui	a0,0x1
 2e8:	fe050513          	addi	a0,a0,-32 # fe0 <printf+0x34>
 2ec:	4c1000ef          	jal	ra,fac <printf>
 2f0:	4509                	li	a0,2
 2f2:	2d81                	jal	942 <Delay_Ms>
 2f4:	bfd9                	j	2ca <main+0x30>

000002f6 <SystemInit>:
 2f6:	400217b7          	lui	a5,0x40021
 2fa:	4398                	lw	a4,0(a5)
 2fc:	fcff06b7          	lui	a3,0xfcff0
 300:	00176713          	ori	a4,a4,1
 304:	c398                	sw	a4,0(a5)
 306:	43d8                	lw	a4,4(a5)
 308:	8f75                	and	a4,a4,a3
 30a:	c3d8                	sw	a4,4(a5)
 30c:	4398                	lw	a4,0(a5)
 30e:	fef706b7          	lui	a3,0xfef70
 312:	16fd                	addi	a3,a3,-1
 314:	8f75                	and	a4,a4,a3
 316:	c398                	sw	a4,0(a5)
 318:	4398                	lw	a4,0(a5)
 31a:	fffc06b7          	lui	a3,0xfffc0
 31e:	16fd                	addi	a3,a3,-1
 320:	8f75                	and	a4,a4,a3
 322:	c398                	sw	a4,0(a5)
 324:	43d4                	lw	a3,4(a5)
 326:	7741                	lui	a4,0xffff0
 328:	177d                	addi	a4,a4,-1
 32a:	8ef9                	and	a3,a3,a4
 32c:	c3d4                	sw	a3,4(a5)
 32e:	009f06b7          	lui	a3,0x9f0
 332:	c794                	sw	a3,8(a5)
 334:	400226b7          	lui	a3,0x40022
 338:	4290                	lw	a2,0(a3)
 33a:	9a71                	andi	a2,a2,-4
 33c:	c290                	sw	a2,0(a3)
 33e:	4290                	lw	a2,0(a3)
 340:	00166613          	ori	a2,a2,1
 344:	c290                	sw	a2,0(a3)
 346:	43d4                	lw	a3,4(a5)
 348:	c3d4                	sw	a3,4(a5)
 34a:	43d4                	lw	a3,4(a5)
 34c:	8f75                	and	a4,a4,a3
 34e:	c3d8                	sw	a4,4(a5)
 350:	43d8                	lw	a4,4(a5)
 352:	010006b7          	lui	a3,0x1000
 356:	c3d8                	sw	a4,4(a5)
 358:	4398                	lw	a4,0(a5)
 35a:	8f55                	or	a4,a4,a3
 35c:	c398                	sw	a4,0(a5)
 35e:	4398                	lw	a4,0(a5)
 360:	00671693          	slli	a3,a4,0x6
 364:	fe06dde3          	bgez	a3,35e <SystemInit+0x68>
 368:	43d8                	lw	a4,4(a5)
 36a:	400216b7          	lui	a3,0x40021
 36e:	9b71                	andi	a4,a4,-4
 370:	c3d8                	sw	a4,4(a5)
 372:	43d8                	lw	a4,4(a5)
 374:	00276713          	ori	a4,a4,2
 378:	c3d8                	sw	a4,4(a5)
 37a:	4721                	li	a4,8
 37c:	42dc                	lw	a5,4(a3)
 37e:	8bb1                	andi	a5,a5,12
 380:	fee79ee3          	bne	a5,a4,37c <SystemInit+0x86>
 384:	8082                	ret
 386:	a001                	j	386 <SystemInit+0x90>
 388:	a001                	j	388 <SystemInit+0x92>
 38a:	a001                	j	38a <SystemInit+0x94>

0000038c <SW_Handler>:
 38c:	a001                	j	38c <SW_Handler>

0000038e <WWDG_IRQHandler>:
 38e:	a001                	j	38e <WWDG_IRQHandler>

00000390 <PVD_IRQHandler>:
 390:	a001                	j	390 <PVD_IRQHandler>

00000392 <FLASH_IRQHandler>:
 392:	a001                	j	392 <FLASH_IRQHandler>

00000394 <RCC_IRQHandler>:
 394:	a001                	j	394 <RCC_IRQHandler>

00000396 <EXTI7_0_IRQHandler>:
 396:	a001                	j	396 <EXTI7_0_IRQHandler>

00000398 <AWU_IRQHandler>:
 398:	a001                	j	398 <AWU_IRQHandler>

0000039a <DMA1_Channel1_IRQHandler>:
 39a:	a001                	j	39a <DMA1_Channel1_IRQHandler>

0000039c <DMA1_Channel2_IRQHandler>:
 39c:	a001                	j	39c <DMA1_Channel2_IRQHandler>

0000039e <DMA1_Channel3_IRQHandler>:
 39e:	a001                	j	39e <DMA1_Channel3_IRQHandler>

000003a0 <DMA1_Channel4_IRQHandler>:
 3a0:	a001                	j	3a0 <DMA1_Channel4_IRQHandler>

000003a2 <DMA1_Channel5_IRQHandler>:
 3a2:	a001                	j	3a2 <DMA1_Channel5_IRQHandler>

000003a4 <DMA1_Channel6_IRQHandler>:
 3a4:	a001                	j	3a4 <DMA1_Channel6_IRQHandler>

000003a6 <DMA1_Channel7_IRQHandler>:
 3a6:	a001                	j	3a6 <DMA1_Channel7_IRQHandler>

000003a8 <ADC1_IRQHandler>:
 3a8:	a001                	j	3a8 <ADC1_IRQHandler>

000003aa <I2C1_EV_IRQHandler>:
 3aa:	a001                	j	3aa <I2C1_EV_IRQHandler>

000003ac <I2C1_ER_IRQHandler>:
 3ac:	a001                	j	3ac <I2C1_ER_IRQHandler>

000003ae <USART1_IRQHandler>:
 3ae:	a001                	j	3ae <USART1_IRQHandler>

000003b0 <SPI1_IRQHandler>:
 3b0:	a001                	j	3b0 <SPI1_IRQHandler>

000003b2 <TIM1_BRK_IRQHandler>:
 3b2:	a001                	j	3b2 <TIM1_BRK_IRQHandler>

000003b4 <TIM1_UP_IRQHandler>:
 3b4:	a001                	j	3b4 <TIM1_UP_IRQHandler>

000003b6 <TIM1_TRG_COM_IRQHandler>:
 3b6:	a001                	j	3b6 <TIM1_TRG_COM_IRQHandler>

000003b8 <TIM1_CC_IRQHandler>:
 3b8:	a001                	j	3b8 <TIM1_CC_IRQHandler>

000003ba <TIM2_IRQHandler>:
 3ba:	a001                	j	3ba <TIM2_IRQHandler>

000003bc <handle_reset>:
 3bc:	20000197          	auipc	gp,0x20000
 3c0:	46c18193          	addi	gp,gp,1132 # 20000828 <__global_pointer$>
 3c4:	fd818113          	addi	sp,gp,-40 # 20000800 <_eusrstack>
 3c8:	00001517          	auipc	a0,0x1
 3cc:	c2c50513          	addi	a0,a0,-980 # ff4 <_data_lma>
 3d0:	20000597          	auipc	a1,0x20000
 3d4:	c3058593          	addi	a1,a1,-976 # 20000000 <_data_vma>
 3d8:	20000617          	auipc	a2,0x20000
 3dc:	c5060613          	addi	a2,a2,-944 # 20000028 <_edata>
 3e0:	00c5fa63          	bgeu	a1,a2,3f4 <handle_reset+0x38>
 3e4:	00052283          	lw	t0,0(a0)
 3e8:	0055a023          	sw	t0,0(a1)
 3ec:	0511                	addi	a0,a0,4
 3ee:	0591                	addi	a1,a1,4
 3f0:	fec5eae3          	bltu	a1,a2,3e4 <handle_reset+0x28>
 3f4:	20000517          	auipc	a0,0x20000
 3f8:	c3450513          	addi	a0,a0,-972 # 20000028 <_edata>
 3fc:	80818593          	addi	a1,gp,-2040 # 20000030 <_ebss>
 400:	00b57763          	bgeu	a0,a1,40e <handle_reset+0x52>
 404:	00052023          	sw	zero,0(a0)
 408:	0511                	addi	a0,a0,4
 40a:	feb56de3          	bltu	a0,a1,404 <handle_reset+0x48>
 40e:	08000293          	li	t0,128
 412:	30029073          	csrw	mstatus,t0
 416:	428d                	li	t0,3
 418:	80429073          	csrw	0x804,t0
 41c:	00000297          	auipc	t0,0x0
 420:	be428293          	addi	t0,t0,-1052 # 0 <_sinit>
 424:	0032e293          	ori	t0,t0,3
 428:	30529073          	csrw	mtvec,t0
 42c:	ecbff0ef          	jal	ra,2f6 <SystemInit>
 430:	00000297          	auipc	t0,0x0
 434:	e6a28293          	addi	t0,t0,-406 # 29a <main>
 438:	34129073          	csrw	mepc,t0
 43c:	30200073          	mret

00000440 <ADC_DeInit>:
 440:	400127b7          	lui	a5,0x40012
 444:	40078793          	addi	a5,a5,1024 # 40012400 <__global_pointer$+0x20011bd8>
 448:	00f51d63          	bne	a0,a5,462 <ADC_DeInit+0x22>
 44c:	c55ff2ef          	jal	t0,a0 <__riscv_save_0>
 450:	4585                	li	a1,1
 452:	20000513          	li	a0,512
 456:	2e25                	jal	78e <RCC_APB2PeriphResetCmd>
 458:	4581                	li	a1,0
 45a:	20000513          	li	a0,512
 45e:	2e05                	jal	78e <RCC_APB2PeriphResetCmd>
 460:	b1a9                	j	aa <__riscv_restore_0>
 462:	8082                	ret

00000464 <ADC_Init>:
 464:	415c                	lw	a5,4(a0)
 466:	fff10737          	lui	a4,0xfff10
 46a:	eff70713          	addi	a4,a4,-257 # fff0feff <__global_pointer$+0xdff0f6d7>
 46e:	8f7d                	and	a4,a4,a5
 470:	41dc                	lw	a5,4(a1)
 472:	4194                	lw	a3,0(a1)
 474:	07a2                	slli	a5,a5,0x8
 476:	8fd5                	or	a5,a5,a3
 478:	8fd9                	or	a5,a5,a4
 47a:	c15c                	sw	a5,4(a0)
 47c:	451c                	lw	a5,8(a0)
 47e:	fff1f737          	lui	a4,0xfff1f
 482:	7fd70713          	addi	a4,a4,2045 # fff1f7fd <__global_pointer$+0xdff1efd5>
 486:	45d4                	lw	a3,12(a1)
 488:	8f7d                	and	a4,a4,a5
 48a:	499c                	lw	a5,16(a1)
 48c:	8fd5                	or	a5,a5,a3
 48e:	4594                	lw	a3,8(a1)
 490:	0686                	slli	a3,a3,0x1
 492:	8fd5                	or	a5,a5,a3
 494:	8fd9                	or	a5,a5,a4
 496:	c51c                	sw	a5,8(a0)
 498:	555c                	lw	a5,44(a0)
 49a:	ff100737          	lui	a4,0xff100
 49e:	177d                	addi	a4,a4,-1
 4a0:	8f7d                	and	a4,a4,a5
 4a2:	29dc                	lbu	a5,20(a1)
 4a4:	17fd                	addi	a5,a5,-1
 4a6:	0ff7f793          	andi	a5,a5,255
 4aa:	07d2                	slli	a5,a5,0x14
 4ac:	8fd9                	or	a5,a5,a4
 4ae:	d55c                	sw	a5,44(a0)
 4b0:	8082                	ret

000004b2 <ADC_Cmd>:
 4b2:	451c                	lw	a5,8(a0)
 4b4:	c589                	beqz	a1,4be <ADC_Cmd+0xc>
 4b6:	0017e793          	ori	a5,a5,1
 4ba:	c51c                	sw	a5,8(a0)
 4bc:	8082                	ret
 4be:	9bf9                	andi	a5,a5,-2
 4c0:	bfed                	j	4ba <ADC_Cmd+0x8>

000004c2 <ADC_ResetCalibration>:
 4c2:	451c                	lw	a5,8(a0)
 4c4:	0087e793          	ori	a5,a5,8
 4c8:	c51c                	sw	a5,8(a0)
 4ca:	8082                	ret

000004cc <ADC_GetResetCalibrationStatus>:
 4cc:	4508                	lw	a0,8(a0)
 4ce:	810d                	srli	a0,a0,0x3
 4d0:	8905                	andi	a0,a0,1
 4d2:	8082                	ret

000004d4 <ADC_StartCalibration>:
 4d4:	451c                	lw	a5,8(a0)
 4d6:	0047e793          	ori	a5,a5,4
 4da:	c51c                	sw	a5,8(a0)
 4dc:	8082                	ret

000004de <ADC_GetCalibrationStatus>:
 4de:	4508                	lw	a0,8(a0)
 4e0:	8109                	srli	a0,a0,0x2
 4e2:	8905                	andi	a0,a0,1
 4e4:	8082                	ret

000004e6 <ADC_SoftwareStartConvCmd>:
 4e6:	451c                	lw	a5,8(a0)
 4e8:	c591                	beqz	a1,4f4 <ADC_SoftwareStartConvCmd+0xe>
 4ea:	00500737          	lui	a4,0x500
 4ee:	8fd9                	or	a5,a5,a4
 4f0:	c51c                	sw	a5,8(a0)
 4f2:	8082                	ret
 4f4:	ffb00737          	lui	a4,0xffb00
 4f8:	177d                	addi	a4,a4,-1
 4fa:	8ff9                	and	a5,a5,a4
 4fc:	bfd5                	j	4f0 <ADC_SoftwareStartConvCmd+0xa>

000004fe <ADC_RegularChannelConfig>:
 4fe:	47a5                	li	a5,9
 500:	04b7f863          	bgeu	a5,a1,550 <ADC_RegularChannelConfig+0x52>
 504:	ff658713          	addi	a4,a1,-10
 508:	00171793          	slli	a5,a4,0x1
 50c:	00c52283          	lw	t0,12(a0)
 510:	97ba                	add	a5,a5,a4
 512:	431d                	li	t1,7
 514:	00f31333          	sll	t1,t1,a5
 518:	fff34313          	not	t1,t1
 51c:	00537333          	and	t1,t1,t0
 520:	00f697b3          	sll	a5,a3,a5
 524:	0067e7b3          	or	a5,a5,t1
 528:	c55c                	sw	a5,12(a0)
 52a:	4799                	li	a5,6
 52c:	04c7e363          	bltu	a5,a2,572 <ADC_RegularChannelConfig+0x74>
 530:	167d                	addi	a2,a2,-1
 532:	00261793          	slli	a5,a2,0x2
 536:	963e                	add	a2,a2,a5
 538:	5958                	lw	a4,52(a0)
 53a:	47fd                	li	a5,31
 53c:	00c797b3          	sll	a5,a5,a2
 540:	fff7c793          	not	a5,a5
 544:	8ff9                	and	a5,a5,a4
 546:	00c595b3          	sll	a1,a1,a2
 54a:	8ddd                	or	a1,a1,a5
 54c:	d94c                	sw	a1,52(a0)
 54e:	8082                	ret
 550:	00159793          	slli	a5,a1,0x1
 554:	01052303          	lw	t1,16(a0)
 558:	97ae                	add	a5,a5,a1
 55a:	471d                	li	a4,7
 55c:	00f71733          	sll	a4,a4,a5
 560:	fff74713          	not	a4,a4
 564:	00677733          	and	a4,a4,t1
 568:	00f697b3          	sll	a5,a3,a5
 56c:	8f5d                	or	a4,a4,a5
 56e:	c918                	sw	a4,16(a0)
 570:	bf6d                	j	52a <ADC_RegularChannelConfig+0x2c>
 572:	47b1                	li	a5,12
 574:	02c7e263          	bltu	a5,a2,598 <ADC_RegularChannelConfig+0x9a>
 578:	1665                	addi	a2,a2,-7
 57a:	00261793          	slli	a5,a2,0x2
 57e:	963e                	add	a2,a2,a5
 580:	5918                	lw	a4,48(a0)
 582:	47fd                	li	a5,31
 584:	00c797b3          	sll	a5,a5,a2
 588:	fff7c793          	not	a5,a5
 58c:	8ff9                	and	a5,a5,a4
 58e:	00c595b3          	sll	a1,a1,a2
 592:	8ddd                	or	a1,a1,a5
 594:	d90c                	sw	a1,48(a0)
 596:	8082                	ret
 598:	164d                	addi	a2,a2,-13
 59a:	00261713          	slli	a4,a2,0x2
 59e:	5554                	lw	a3,44(a0)
 5a0:	963a                	add	a2,a2,a4
 5a2:	47fd                	li	a5,31
 5a4:	00c797b3          	sll	a5,a5,a2
 5a8:	fff7c793          	not	a5,a5
 5ac:	8ff5                	and	a5,a5,a3
 5ae:	00c595b3          	sll	a1,a1,a2
 5b2:	8ddd                	or	a1,a1,a5
 5b4:	d54c                	sw	a1,44(a0)
 5b6:	8082                	ret

000005b8 <ADC_GetConversionValue>:
 5b8:	4568                	lw	a0,76(a0)
 5ba:	0542                	slli	a0,a0,0x10
 5bc:	8141                	srli	a0,a0,0x10
 5be:	8082                	ret

000005c0 <ADC_GetFlagStatus>:
 5c0:	4108                	lw	a0,0(a0)
 5c2:	8d6d                	and	a0,a0,a1
 5c4:	00a03533          	snez	a0,a0
 5c8:	8082                	ret

000005ca <ADC_ClearFlag>:
 5ca:	fff5c593          	not	a1,a1
 5ce:	c10c                	sw	a1,0(a0)
 5d0:	8082                	ret

000005d2 <ADC_Calibration_Vol>:
 5d2:	415c                	lw	a5,4(a0)
 5d4:	fa000737          	lui	a4,0xfa000
 5d8:	177d                	addi	a4,a4,-1
 5da:	8ff9                	and	a5,a5,a4
 5dc:	c15c                	sw	a5,4(a0)
 5de:	415c                	lw	a5,4(a0)
 5e0:	8ddd                	or	a1,a1,a5
 5e2:	c14c                	sw	a1,4(a0)
 5e4:	8082                	ret

000005e6 <GPIO_Init>:
 5e6:	459c                	lw	a5,8(a1)
 5e8:	1161                	addi	sp,sp,-8
 5ea:	c222                	sw	s0,4(sp)
 5ec:	c026                	sw	s1,0(sp)
 5ee:	0107f713          	andi	a4,a5,16
 5f2:	00f7f313          	andi	t1,a5,15
 5f6:	c701                	beqz	a4,5fe <GPIO_Init+0x18>
 5f8:	41d8                	lw	a4,4(a1)
 5fa:	00e36333          	or	t1,t1,a4
 5fe:	2192                	lhu	a2,0(a1)
 600:	0ff67713          	andi	a4,a2,255
 604:	c729                	beqz	a4,64e <GPIO_Init+0x68>
 606:	00052383          	lw	t2,0(a0)
 60a:	4701                	li	a4,0
 60c:	02800413          	li	s0,40
 610:	04800493          	li	s1,72
 614:	4685                	li	a3,1
 616:	00e695b3          	sll	a1,a3,a4
 61a:	00b676b3          	and	a3,a2,a1
 61e:	02d59263          	bne	a1,a3,642 <GPIO_Init+0x5c>
 622:	00271293          	slli	t0,a4,0x2
 626:	46bd                	li	a3,15
 628:	005696b3          	sll	a3,a3,t0
 62c:	fff6c693          	not	a3,a3
 630:	0076f3b3          	and	t2,a3,t2
 634:	005312b3          	sll	t0,t1,t0
 638:	0072e3b3          	or	t2,t0,t2
 63c:	06879763          	bne	a5,s0,6aa <GPIO_Init+0xc4>
 640:	c94c                	sw	a1,20(a0)
 642:	0705                	addi	a4,a4,1
 644:	46a1                	li	a3,8
 646:	fcd717e3          	bne	a4,a3,614 <GPIO_Init+0x2e>
 64a:	00752023          	sw	t2,0(a0)
 64e:	0ff00713          	li	a4,255
 652:	04c77863          	bgeu	a4,a2,6a2 <GPIO_Init+0xbc>
 656:	00452383          	lw	t2,4(a0)
 65a:	46a1                	li	a3,8
 65c:	02800413          	li	s0,40
 660:	04800493          	li	s1,72
 664:	4705                	li	a4,1
 666:	00d712b3          	sll	t0,a4,a3
 66a:	00567733          	and	a4,a2,t0
 66e:	02e29463          	bne	t0,a4,696 <GPIO_Init+0xb0>
 672:	00269713          	slli	a4,a3,0x2
 676:	1701                	addi	a4,a4,-32
 678:	45bd                	li	a1,15
 67a:	00e595b3          	sll	a1,a1,a4
 67e:	fff5c593          	not	a1,a1
 682:	0075f3b3          	and	t2,a1,t2
 686:	00e31733          	sll	a4,t1,a4
 68a:	007763b3          	or	t2,a4,t2
 68e:	02879263          	bne	a5,s0,6b2 <GPIO_Init+0xcc>
 692:	00552a23          	sw	t0,20(a0)
 696:	0685                	addi	a3,a3,1
 698:	4741                	li	a4,16
 69a:	fce695e3          	bne	a3,a4,664 <GPIO_Init+0x7e>
 69e:	00752223          	sw	t2,4(a0)
 6a2:	4412                	lw	s0,4(sp)
 6a4:	4482                	lw	s1,0(sp)
 6a6:	0121                	addi	sp,sp,8
 6a8:	8082                	ret
 6aa:	f8979ce3          	bne	a5,s1,642 <GPIO_Init+0x5c>
 6ae:	c90c                	sw	a1,16(a0)
 6b0:	bf49                	j	642 <GPIO_Init+0x5c>
 6b2:	fe9792e3          	bne	a5,s1,696 <GPIO_Init+0xb0>
 6b6:	00552823          	sw	t0,16(a0)
 6ba:	bff1                	j	696 <GPIO_Init+0xb0>

000006bc <NVIC_PriorityGroupConfig>:
 6bc:	200007b7          	lui	a5,0x20000
 6c0:	02a7a423          	sw	a0,40(a5) # 20000028 <_edata>
 6c4:	8082                	ret

000006c6 <RCC_ADCCLKConfig>:
 6c6:	400216b7          	lui	a3,0x40021
 6ca:	42dc                	lw	a5,4(a3)
 6cc:	7741                	lui	a4,0xffff0
 6ce:	7ff70713          	addi	a4,a4,2047 # ffff07ff <__global_pointer$+0xdffeffd7>
 6d2:	8ff9                	and	a5,a5,a4
 6d4:	8d5d                	or	a0,a0,a5
 6d6:	c2c8                	sw	a0,4(a3)
 6d8:	8082                	ret

000006da <RCC_GetClocksFreq>:
 6da:	9c7ff2ef          	jal	t0,a0 <__riscv_save_0>
 6de:	40021737          	lui	a4,0x40021
 6e2:	435c                	lw	a5,4(a4)
 6e4:	4691                	li	a3,4
 6e6:	842a                	mv	s0,a0
 6e8:	8bb1                	andi	a5,a5,12
 6ea:	00d78563          	beq	a5,a3,6f4 <RCC_GetClocksFreq+0x1a>
 6ee:	46a1                	li	a3,8
 6f0:	06d78a63          	beq	a5,a3,764 <RCC_GetClocksFreq+0x8a>
 6f4:	016e37b7          	lui	a5,0x16e3
 6f8:	60078793          	addi	a5,a5,1536 # 16e3600 <_data_lma+0x16e260c>
 6fc:	c01c                	sw	a5,0(s0)
 6fe:	400216b7          	lui	a3,0x40021
 702:	42dc                	lw	a5,4(a3)
 704:	8391                	srli	a5,a5,0x4
 706:	00f7f713          	andi	a4,a5,15
 70a:	200007b7          	lui	a5,0x20000
 70e:	01878793          	addi	a5,a5,24 # 20000018 <APBAHBPrescTable>
 712:	97ba                	add	a5,a5,a4
 714:	238c                	lbu	a1,0(a5)
 716:	42dc                	lw	a5,4(a3)
 718:	4018                	lw	a4,0(s0)
 71a:	0ff5f593          	andi	a1,a1,255
 71e:	0807f793          	andi	a5,a5,128
 722:	00b75533          	srl	a0,a4,a1
 726:	e399                	bnez	a5,72c <RCC_GetClocksFreq+0x52>
 728:	853a                	mv	a0,a4
 72a:	326d                	jal	d4 <__udivsi3>
 72c:	c048                	sw	a0,4(s0)
 72e:	c408                	sw	a0,8(s0)
 730:	c448                	sw	a0,12(s0)
 732:	400217b7          	lui	a5,0x40021
 736:	43dc                	lw	a5,4(a5)
 738:	83ad                	srli	a5,a5,0xb
 73a:	8bfd                	andi	a5,a5,31
 73c:	0037d713          	srli	a4,a5,0x3
 740:	078a                	slli	a5,a5,0x2
 742:	8bf1                	andi	a5,a5,28
 744:	8fd9                	or	a5,a5,a4
 746:	0137f693          	andi	a3,a5,19
 74a:	470d                	li	a4,3
 74c:	00d77363          	bgeu	a4,a3,752 <RCC_GetClocksFreq+0x78>
 750:	17d1                	addi	a5,a5,-12
 752:	20000737          	lui	a4,0x20000
 756:	00470713          	addi	a4,a4,4 # 20000004 <ADCPrescTable>
 75a:	97ba                	add	a5,a5,a4
 75c:	238c                	lbu	a1,0(a5)
 75e:	3a9d                	jal	d4 <__udivsi3>
 760:	c808                	sw	a0,16(s0)
 762:	b2a1                	j	aa <__riscv_restore_0>
 764:	435c                	lw	a5,4(a4)
 766:	02dc77b7          	lui	a5,0x2dc7
 76a:	c0078793          	addi	a5,a5,-1024 # 2dc6c00 <_data_lma+0x2dc5c0c>
 76e:	b779                	j	6fc <RCC_GetClocksFreq+0x22>

00000770 <RCC_APB2PeriphClockCmd>:
 770:	c599                	beqz	a1,77e <RCC_APB2PeriphClockCmd+0xe>
 772:	40021737          	lui	a4,0x40021
 776:	4f1c                	lw	a5,24(a4)
 778:	8d5d                	or	a0,a0,a5
 77a:	cf08                	sw	a0,24(a4)
 77c:	8082                	ret
 77e:	400217b7          	lui	a5,0x40021
 782:	4f98                	lw	a4,24(a5)
 784:	fff54513          	not	a0,a0
 788:	8d79                	and	a0,a0,a4
 78a:	cf88                	sw	a0,24(a5)
 78c:	8082                	ret

0000078e <RCC_APB2PeriphResetCmd>:
 78e:	c599                	beqz	a1,79c <RCC_APB2PeriphResetCmd+0xe>
 790:	40021737          	lui	a4,0x40021
 794:	475c                	lw	a5,12(a4)
 796:	8d5d                	or	a0,a0,a5
 798:	c748                	sw	a0,12(a4)
 79a:	8082                	ret
 79c:	400217b7          	lui	a5,0x40021
 7a0:	47d8                	lw	a4,12(a5)
 7a2:	fff54513          	not	a0,a0
 7a6:	8d79                	and	a0,a0,a4
 7a8:	c7c8                	sw	a0,12(a5)
 7aa:	8082                	ret

000007ac <USART_Init>:
 7ac:	8f5ff2ef          	jal	t0,a0 <__riscv_save_0>
 7b0:	2916                	lhu	a3,16(a0)
 7b2:	77f5                	lui	a5,0xffffd
 7b4:	17fd                	addi	a5,a5,-1
 7b6:	8ff5                	and	a5,a5,a3
 7b8:	21f6                	lhu	a3,6(a1)
 7ba:	25da                	lhu	a4,12(a1)
 7bc:	1121                	addi	sp,sp,-24
 7be:	8fd5                	or	a5,a5,a3
 7c0:	a91e                	sh	a5,16(a0)
 7c2:	2556                	lhu	a3,12(a0)
 7c4:	77fd                	lui	a5,0xfffff
 7c6:	9f378793          	addi	a5,a5,-1549 # ffffe9f3 <__global_pointer$+0xdfffe1cb>
 7ca:	8ff5                	and	a5,a5,a3
 7cc:	21d6                	lhu	a3,4(a1)
 7ce:	842a                	mv	s0,a0
 7d0:	c02e                	sw	a1,0(sp)
 7d2:	8fd5                	or	a5,a5,a3
 7d4:	2596                	lhu	a3,8(a1)
 7d6:	8fd5                	or	a5,a5,a3
 7d8:	25b6                	lhu	a3,10(a1)
 7da:	8fd5                	or	a5,a5,a3
 7dc:	a55e                	sh	a5,12(a0)
 7de:	295e                	lhu	a5,20(a0)
 7e0:	07c2                	slli	a5,a5,0x10
 7e2:	83c1                	srli	a5,a5,0x10
 7e4:	cff7f793          	andi	a5,a5,-769
 7e8:	8f5d                	or	a4,a4,a5
 7ea:	a95a                	sh	a4,20(a0)
 7ec:	0048                	addi	a0,sp,4
 7ee:	35f5                	jal	6da <RCC_GetClocksFreq>
 7f0:	400147b7          	lui	a5,0x40014
 7f4:	80078793          	addi	a5,a5,-2048 # 40013800 <__global_pointer$+0x20012fd8>
 7f8:	4582                	lw	a1,0(sp)
 7fa:	06f41263          	bne	s0,a5,85e <USART_Init+0xb2>
 7fe:	47c2                	lw	a5,16(sp)
 800:	245a                	lhu	a4,12(s0)
 802:	00179513          	slli	a0,a5,0x1
 806:	953e                	add	a0,a0,a5
 808:	0742                	slli	a4,a4,0x10
 80a:	050e                	slli	a0,a0,0x3
 80c:	8741                	srai	a4,a4,0x10
 80e:	953e                	add	a0,a0,a5
 810:	418c                	lw	a1,0(a1)
 812:	04075863          	bgez	a4,862 <USART_Init+0xb6>
 816:	0586                	slli	a1,a1,0x1
 818:	8bdff0ef          	jal	ra,d4 <__udivsi3>
 81c:	06400593          	li	a1,100
 820:	c02a                	sw	a0,0(sp)
 822:	8b3ff0ef          	jal	ra,d4 <__udivsi3>
 826:	4782                	lw	a5,0(sp)
 828:	00451493          	slli	s1,a0,0x4
 82c:	06400593          	li	a1,100
 830:	853e                	mv	a0,a5
 832:	8cfff0ef          	jal	ra,100 <__umodsi3>
 836:	245e                	lhu	a5,12(s0)
 838:	07c2                	slli	a5,a5,0x10
 83a:	87c1                	srai	a5,a5,0x10
 83c:	0207d563          	bgez	a5,866 <USART_Init+0xba>
 840:	050e                	slli	a0,a0,0x3
 842:	06400593          	li	a1,100
 846:	03250513          	addi	a0,a0,50
 84a:	88bff0ef          	jal	ra,d4 <__udivsi3>
 84e:	891d                	andi	a0,a0,7
 850:	8cc9                	or	s1,s1,a0
 852:	04c2                	slli	s1,s1,0x10
 854:	80c1                	srli	s1,s1,0x10
 856:	a406                	sh	s1,8(s0)
 858:	0161                	addi	sp,sp,24
 85a:	851ff06f          	j	aa <__riscv_restore_0>
 85e:	47b2                	lw	a5,12(sp)
 860:	b745                	j	800 <USART_Init+0x54>
 862:	058a                	slli	a1,a1,0x2
 864:	bf55                	j	818 <USART_Init+0x6c>
 866:	0512                	slli	a0,a0,0x4
 868:	06400593          	li	a1,100
 86c:	03250513          	addi	a0,a0,50
 870:	865ff0ef          	jal	ra,d4 <__udivsi3>
 874:	893d                	andi	a0,a0,15
 876:	bfe9                	j	850 <USART_Init+0xa4>

00000878 <USART_Cmd>:
 878:	c591                	beqz	a1,884 <USART_Cmd+0xc>
 87a:	255e                	lhu	a5,12(a0)
 87c:	6709                	lui	a4,0x2
 87e:	8fd9                	or	a5,a5,a4
 880:	a55e                	sh	a5,12(a0)
 882:	8082                	ret
 884:	255a                	lhu	a4,12(a0)
 886:	77f9                	lui	a5,0xffffe
 888:	17fd                	addi	a5,a5,-1
 88a:	8ff9                	and	a5,a5,a4
 88c:	bfd5                	j	880 <USART_Cmd+0x8>

0000088e <USART_SendData>:
 88e:	1ff5f593          	andi	a1,a1,511
 892:	a14e                	sh	a1,4(a0)
 894:	8082                	ret

00000896 <USART_GetFlagStatus>:
 896:	210a                	lhu	a0,0(a0)
 898:	8d6d                	and	a0,a0,a1
 89a:	00a03533          	snez	a0,a0
 89e:	8082                	ret

000008a0 <SysTick_Init>:
 8a0:	801ff2ef          	jal	t0,a0 <__riscv_save_0>
 8a4:	e000f437          	lui	s0,0xe000f
 8a8:	00042023          	sw	zero,0(s0) # e000f000 <__global_pointer$+0xc000e7d8>
 8ac:	6705                	lui	a4,0x1
 8ae:	e000e7b7          	lui	a5,0xe000e
 8b2:	10e7a023          	sw	a4,256(a5) # e000e100 <__global_pointer$+0xc000d8d8>
 8b6:	200007b7          	lui	a5,0x20000
 8ba:	0007a503          	lw	a0,0(a5) # 20000000 <_data_vma>
 8be:	3e800593          	li	a1,1000
 8c2:	813ff0ef          	jal	ra,d4 <__udivsi3>
 8c6:	157d                	addi	a0,a0,-1
 8c8:	c808                	sw	a0,16(s0)
 8ca:	00042423          	sw	zero,8(s0)
 8ce:	200007b7          	lui	a5,0x20000
 8d2:	0207a623          	sw	zero,44(a5) # 2000002c <systick_cnt>
 8d6:	479d                	li	a5,7
 8d8:	c01c                	sw	a5,0(s0)
 8da:	fd0ff06f          	j	aa <__riscv_restore_0>

000008de <SysTick_Handler>:
 8de:	7179                	addi	sp,sp,-48
 8e0:	c03e                	sw	a5,0(sp)
 8e2:	200007b7          	lui	a5,0x20000
 8e6:	ce22                	sw	s0,28(sp)
 8e8:	ca2a                	sw	a0,20(sp)
 8ea:	e000f437          	lui	s0,0xe000f
 8ee:	0007a503          	lw	a0,0(a5) # 20000000 <_data_vma>
 8f2:	cc26                	sw	s1,24(sp)
 8f4:	4804                	lw	s1,16(s0)
 8f6:	c82e                	sw	a1,16(sp)
 8f8:	3e800593          	li	a1,1000
 8fc:	c23a                	sw	a4,4(sp)
 8fe:	d606                	sw	ra,44(sp)
 900:	d416                	sw	t0,40(sp)
 902:	d21a                	sw	t1,36(sp)
 904:	d01e                	sw	t2,32(sp)
 906:	c632                	sw	a2,12(sp)
 908:	c436                	sw	a3,8(sp)
 90a:	fcaff0ef          	jal	ra,d4 <__udivsi3>
 90e:	9526                	add	a0,a0,s1
 910:	c808                	sw	a0,16(s0)
 912:	200007b7          	lui	a5,0x20000
 916:	00042223          	sw	zero,4(s0) # e000f004 <__global_pointer$+0xc000e7dc>
 91a:	02c78793          	addi	a5,a5,44 # 2000002c <systick_cnt>
 91e:	4398                	lw	a4,0(a5)
 920:	4472                	lw	s0,28(sp)
 922:	50b2                	lw	ra,44(sp)
 924:	0705                	addi	a4,a4,1
 926:	c398                	sw	a4,0(a5)
 928:	52a2                	lw	t0,40(sp)
 92a:	5312                	lw	t1,36(sp)
 92c:	5382                	lw	t2,32(sp)
 92e:	44e2                	lw	s1,24(sp)
 930:	4552                	lw	a0,20(sp)
 932:	45c2                	lw	a1,16(sp)
 934:	4632                	lw	a2,12(sp)
 936:	46a2                	lw	a3,8(sp)
 938:	4712                	lw	a4,4(sp)
 93a:	4782                	lw	a5,0(sp)
 93c:	6145                	addi	sp,sp,48
 93e:	30200073          	mret

00000942 <Delay_Ms>:
 942:	f5eff2ef          	jal	t0,a0 <__riscv_save_0>
 946:	e000f7b7          	lui	a5,0xe000f
 94a:	4780                	lw	s0,8(a5)
 94c:	200007b7          	lui	a5,0x20000
 950:	84aa                	mv	s1,a0
 952:	0007a503          	lw	a0,0(a5) # 20000000 <_data_vma>
 956:	3e800593          	li	a1,1000
 95a:	f7aff0ef          	jal	ra,d4 <__udivsi3>
 95e:	85a6                	mv	a1,s1
 960:	f54ff0ef          	jal	ra,b4 <__mulsi3>
 964:	9522                	add	a0,a0,s0
 966:	e000f737          	lui	a4,0xe000f
 96a:	471c                	lw	a5,8(a4)
 96c:	8f89                	sub	a5,a5,a0
 96e:	fe07cee3          	bltz	a5,96a <Delay_Ms+0x28>
 972:	f38ff06f          	j	aa <__riscv_restore_0>

00000976 <USART_Printf_Init>:
 976:	f2aff2ef          	jal	t0,a0 <__riscv_save_0>
 97a:	842a                	mv	s0,a0
 97c:	6511                	lui	a0,0x4
 97e:	1111                	addi	sp,sp,-28
 980:	4585                	li	a1,1
 982:	02050513          	addi	a0,a0,32 # 4020 <_data_lma+0x302c>
 986:	33ed                	jal	770 <RCC_APB2PeriphClockCmd>
 988:	02000793          	li	a5,32
 98c:	807c                	sh	a5,0(sp)
 98e:	40011537          	lui	a0,0x40011
 992:	478d                	li	a5,3
 994:	c23e                	sw	a5,4(sp)
 996:	858a                	mv	a1,sp
 998:	47e1                	li	a5,24
 99a:	40050513          	addi	a0,a0,1024 # 40011400 <__global_pointer$+0x20010bd8>
 99e:	c43e                	sw	a5,8(sp)
 9a0:	3199                	jal	5e6 <GPIO_Init>
 9a2:	c622                	sw	s0,12(sp)
 9a4:	40014437          	lui	s0,0x40014
 9a8:	000807b7          	lui	a5,0x80
 9ac:	006c                	addi	a1,sp,12
 9ae:	80040513          	addi	a0,s0,-2048 # 40013800 <__global_pointer$+0x20012fd8>
 9b2:	ca3e                	sw	a5,20(sp)
 9b4:	c802                	sw	zero,16(sp)
 9b6:	00011c23          	sh	zero,24(sp)
 9ba:	3bcd                	jal	7ac <USART_Init>
 9bc:	4585                	li	a1,1
 9be:	80040513          	addi	a0,s0,-2048
 9c2:	3d5d                	jal	878 <USART_Cmd>
 9c4:	0171                	addi	sp,sp,28
 9c6:	ee4ff06f          	j	aa <__riscv_restore_0>

000009ca <_write>:
 9ca:	ed6ff2ef          	jal	t0,a0 <__riscv_save_0>
 9ce:	1171                	addi	sp,sp,-4
 9d0:	84ae                	mv	s1,a1
 9d2:	4401                	li	s0,0
 9d4:	02c45d63          	bge	s0,a2,a0e <_write+0x44>
 9d8:	400147b7          	lui	a5,0x40014
 9dc:	80078713          	addi	a4,a5,-2048 # 40013800 <__global_pointer$+0x20012fd8>
 9e0:	853a                	mv	a0,a4
 9e2:	04000593          	li	a1,64
 9e6:	c032                	sw	a2,0(sp)
 9e8:	357d                	jal	896 <USART_GetFlagStatus>
 9ea:	400147b7          	lui	a5,0x40014
 9ee:	80078713          	addi	a4,a5,-2048 # 40013800 <__global_pointer$+0x20012fd8>
 9f2:	4602                	lw	a2,0(sp)
 9f4:	d575                	beqz	a0,9e0 <_write+0x16>
 9f6:	00848733          	add	a4,s1,s0
 9fa:	00070583          	lb	a1,0(a4) # e000f000 <__global_pointer$+0xc000e7d8>
 9fe:	80078513          	addi	a0,a5,-2048
 a02:	0405                	addi	s0,s0,1
 a04:	05c2                	slli	a1,a1,0x10
 a06:	81c1                	srli	a1,a1,0x10
 a08:	3559                	jal	88e <USART_SendData>
 a0a:	4602                	lw	a2,0(sp)
 a0c:	b7e1                	j	9d4 <_write+0xa>
 a0e:	8532                	mv	a0,a2
 a10:	0111                	addi	sp,sp,4
 a12:	e98ff06f          	j	aa <__riscv_restore_0>

00000a16 <printchar>:
 a16:	1141                	addi	sp,sp,-16
 a18:	c606                	sw	ra,12(sp)
 a1a:	c02e                	sw	a1,0(sp)
 a1c:	cd0d                	beqz	a0,a56 <printchar+0x40>
 a1e:	4118                	lw	a4,0(a0)
 a20:	87aa                	mv	a5,a0
 a22:	c305                	beqz	a4,a42 <printchar+0x2c>
 a24:	4158                	lw	a4,4(a0)
 a26:	557d                	li	a0,-1
 a28:	cb11                	beqz	a4,a3c <printchar+0x26>
 a2a:	4685                	li	a3,1
 a2c:	00d71b63          	bne	a4,a3,a42 <printchar+0x2c>
 a30:	4798                	lw	a4,8(a5)
 a32:	00070023          	sb	zero,0(a4)
 a36:	0007a223          	sw	zero,4(a5)
 a3a:	4505                	li	a0,1
 a3c:	40b2                	lw	ra,12(sp)
 a3e:	0141                	addi	sp,sp,16
 a40:	8082                	ret
 a42:	4798                	lw	a4,8(a5)
 a44:	4682                	lw	a3,0(sp)
 a46:	a314                	sb	a3,0(a4)
 a48:	4798                	lw	a4,8(a5)
 a4a:	0705                	addi	a4,a4,1
 a4c:	c798                	sw	a4,8(a5)
 a4e:	43d8                	lw	a4,4(a5)
 a50:	177d                	addi	a4,a4,-1
 a52:	c3d8                	sw	a4,4(a5)
 a54:	b7dd                	j	a3a <printchar+0x24>
 a56:	4605                	li	a2,1
 a58:	858a                	mv	a1,sp
 a5a:	3f85                	jal	9ca <_write>
 a5c:	bff9                	j	a3a <printchar+0x24>

00000a5e <prints>:
 a5e:	1101                	addi	sp,sp,-32
 a60:	cc22                	sw	s0,24(sp)
 a62:	c22e                	sw	a1,4(sp)
 a64:	ce06                	sw	ra,28(sp)
 a66:	ca26                	sw	s1,20(sp)
 a68:	842a                	mv	s0,a0
 a6a:	4781                	li	a5,0
 a6c:	02000593          	li	a1,32
 a70:	02064563          	bltz	a2,a9a <prints+0x3c>
 a74:	4592                	lw	a1,4(sp)
 a76:	95be                	add	a1,a1,a5
 a78:	00058583          	lb	a1,0(a1)
 a7c:	e58d                	bnez	a1,aa6 <prints+0x48>
 a7e:	02c7d863          	bge	a5,a2,aae <prints+0x50>
 a82:	02e7d463          	bge	a5,a4,aaa <prints+0x4c>
 a86:	8e19                	sub	a2,a2,a4
 a88:	02000513          	li	a0,32
 a8c:	0026f593          	andi	a1,a3,2
 a90:	c02a                	sw	a0,0(sp)
 a92:	c589                	beqz	a1,a9c <prints+0x3e>
 a94:	e701                	bnez	a4,a9c <prints+0x3e>
 a96:	03000593          	li	a1,48
 a9a:	c02e                	sw	a1,0(sp)
 a9c:	8a85                	andi	a3,a3,1
 a9e:	4481                	li	s1,0
 aa0:	ea95                	bnez	a3,ad4 <prints+0x76>
 aa2:	84b2                	mv	s1,a2
 aa4:	a00d                	j	ac6 <prints+0x68>
 aa6:	0785                	addi	a5,a5,1
 aa8:	b7f1                	j	a74 <prints+0x16>
 aaa:	8e1d                	sub	a2,a2,a5
 aac:	bff1                	j	a88 <prints+0x2a>
 aae:	4601                	li	a2,0
 ab0:	bfe1                	j	a88 <prints+0x2a>
 ab2:	4582                	lw	a1,0(sp)
 ab4:	8522                	mv	a0,s0
 ab6:	c83a                	sw	a4,16(sp)
 ab8:	c632                	sw	a2,12(sp)
 aba:	c43e                	sw	a5,8(sp)
 abc:	3fa9                	jal	a16 <printchar>
 abe:	47a2                	lw	a5,8(sp)
 ac0:	4632                	lw	a2,12(sp)
 ac2:	4742                	lw	a4,16(sp)
 ac4:	14fd                	addi	s1,s1,-1
 ac6:	fe9046e3          	bgtz	s1,ab2 <prints+0x54>
 aca:	84b2                	mv	s1,a2
 acc:	00065363          	bgez	a2,ad2 <prints+0x74>
 ad0:	4481                	li	s1,0
 ad2:	8e05                	sub	a2,a2,s1
 ad4:	02e7c763          	blt	a5,a4,b02 <prints+0xa4>
 ad8:	87a6                	mv	a5,s1
 ada:	4692                	lw	a3,4(sp)
 adc:	40978733          	sub	a4,a5,s1
 ae0:	9736                	add	a4,a4,a3
 ae2:	00070583          	lb	a1,0(a4)
 ae6:	ed95                	bnez	a1,b22 <prints+0xc4>
 ae8:	84b2                	mv	s1,a2
 aea:	04904463          	bgtz	s1,b32 <prints+0xd4>
 aee:	00065363          	bgez	a2,af4 <prints+0x96>
 af2:	4601                	li	a2,0
 af4:	40f2                	lw	ra,28(sp)
 af6:	4462                	lw	s0,24(sp)
 af8:	44d2                	lw	s1,20(sp)
 afa:	00f60533          	add	a0,a2,a5
 afe:	6105                	addi	sp,sp,32
 b00:	8082                	ret
 b02:	8f1d                	sub	a4,a4,a5
 b04:	87ba                	mv	a5,a4
 b06:	03000593          	li	a1,48
 b0a:	8522                	mv	a0,s0
 b0c:	c832                	sw	a2,16(sp)
 b0e:	c63e                	sw	a5,12(sp)
 b10:	c43a                	sw	a4,8(sp)
 b12:	3711                	jal	a16 <printchar>
 b14:	47b2                	lw	a5,12(sp)
 b16:	4722                	lw	a4,8(sp)
 b18:	4642                	lw	a2,16(sp)
 b1a:	17fd                	addi	a5,a5,-1
 b1c:	f7ed                	bnez	a5,b06 <prints+0xa8>
 b1e:	94ba                	add	s1,s1,a4
 b20:	bf65                	j	ad8 <prints+0x7a>
 b22:	8522                	mv	a0,s0
 b24:	c632                	sw	a2,12(sp)
 b26:	c43e                	sw	a5,8(sp)
 b28:	35fd                	jal	a16 <printchar>
 b2a:	47a2                	lw	a5,8(sp)
 b2c:	4632                	lw	a2,12(sp)
 b2e:	0785                	addi	a5,a5,1
 b30:	b76d                	j	ada <prints+0x7c>
 b32:	4582                	lw	a1,0(sp)
 b34:	8522                	mv	a0,s0
 b36:	c432                	sw	a2,8(sp)
 b38:	c23e                	sw	a5,4(sp)
 b3a:	3df1                	jal	a16 <printchar>
 b3c:	14fd                	addi	s1,s1,-1
 b3e:	4622                	lw	a2,8(sp)
 b40:	4792                	lw	a5,4(sp)
 b42:	b765                	j	aea <prints+0x8c>

00000b44 <printInt>:
 b44:	7139                	addi	sp,sp,-64
 b46:	de06                	sw	ra,60(sp)
 b48:	dc22                	sw	s0,56(sp)
 b4a:	da26                	sw	s1,52(sp)
 b4c:	c23e                	sw	a5,4(sp)
 b4e:	8332                	mv	t1,a2
 b50:	863a                	mv	a2,a4
 b52:	ed89                	bnez	a1,b6c <printInt+0x28>
 b54:	4692                	lw	a3,4(sp)
 b56:	03000793          	li	a5,48
 b5a:	4701                	li	a4,0
 b5c:	086c                	addi	a1,sp,28
 b5e:	86fc                	sh	a5,28(sp)
 b60:	3dfd                	jal	a5e <prints>
 b62:	50f2                	lw	ra,60(sp)
 b64:	5462                	lw	s0,56(sp)
 b66:	54d2                	lw	s1,52(sp)
 b68:	6121                	addi	sp,sp,64
 b6a:	8082                	ret
 b6c:	84aa                	mv	s1,a0
 b6e:	8436                	mv	s0,a3
 b70:	87ae                	mv	a5,a1
 b72:	ca91                	beqz	a3,b86 <printInt+0x42>
 b74:	4729                	li	a4,10
 b76:	4401                	li	s0,0
 b78:	00e31763          	bne	t1,a4,b86 <printInt+0x42>
 b7c:	0005d563          	bgez	a1,b86 <printInt+0x42>
 b80:	40b007b3          	neg	a5,a1
 b84:	4405                	li	s0,1
 b86:	4686                	lw	a3,64(sp)
 b88:	020109a3          	sb	zero,51(sp)
 b8c:	03310713          	addi	a4,sp,51
 b90:	fc668693          	addi	a3,a3,-58 # 40020fc6 <__global_pointer$+0x2002079e>
 b94:	c436                	sw	a3,8(sp)
 b96:	859a                	mv	a1,t1
 b98:	853e                	mv	a0,a5
 b9a:	ca32                	sw	a2,20(sp)
 b9c:	c83a                	sw	a4,16(sp)
 b9e:	c61a                	sw	t1,12(sp)
 ba0:	c03e                	sw	a5,0(sp)
 ba2:	d5eff0ef          	jal	ra,100 <__umodsi3>
 ba6:	46a5                	li	a3,9
 ba8:	4782                	lw	a5,0(sp)
 baa:	4332                	lw	t1,12(sp)
 bac:	4742                	lw	a4,16(sp)
 bae:	4652                	lw	a2,20(sp)
 bb0:	00a6d463          	bge	a3,a0,bb8 <printInt+0x74>
 bb4:	46a2                	lw	a3,8(sp)
 bb6:	9536                	add	a0,a0,a3
 bb8:	03050513          	addi	a0,a0,48
 bbc:	fff70693          	addi	a3,a4,-1
 bc0:	fea70fa3          	sb	a0,-1(a4)
 bc4:	859a                	mv	a1,t1
 bc6:	853e                	mv	a0,a5
 bc8:	cc32                	sw	a2,24(sp)
 bca:	ca3a                	sw	a4,20(sp)
 bcc:	c81a                	sw	t1,16(sp)
 bce:	c63e                	sw	a5,12(sp)
 bd0:	c036                	sw	a3,0(sp)
 bd2:	d02ff0ef          	jal	ra,d4 <__udivsi3>
 bd6:	47b2                	lw	a5,12(sp)
 bd8:	4342                	lw	t1,16(sp)
 bda:	4752                	lw	a4,20(sp)
 bdc:	4662                	lw	a2,24(sp)
 bde:	0467f963          	bgeu	a5,t1,c30 <printInt+0xec>
 be2:	cc01                	beqz	s0,bfa <printInt+0xb6>
 be4:	ca29                	beqz	a2,c36 <printInt+0xf2>
 be6:	4792                	lw	a5,4(sp)
 be8:	8b89                	andi	a5,a5,2
 bea:	c7b1                	beqz	a5,c36 <printInt+0xf2>
 bec:	02d00593          	li	a1,45
 bf0:	8526                	mv	a0,s1
 bf2:	c432                	sw	a2,8(sp)
 bf4:	350d                	jal	a16 <printchar>
 bf6:	4622                	lw	a2,8(sp)
 bf8:	167d                	addi	a2,a2,-1
 bfa:	4792                	lw	a5,4(sp)
 bfc:	8b91                	andi	a5,a5,4
 bfe:	c395                	beqz	a5,c22 <printInt+0xde>
 c00:	4706                	lw	a4,64(sp)
 c02:	06100793          	li	a5,97
 c06:	c432                	sw	a2,8(sp)
 c08:	03000593          	li	a1,48
 c0c:	8526                	mv	a0,s1
 c0e:	02f71e63          	bne	a4,a5,c4a <printInt+0x106>
 c12:	3511                	jal	a16 <printchar>
 c14:	07800593          	li	a1,120
 c18:	8526                	mv	a0,s1
 c1a:	3bf5                	jal	a16 <printchar>
 c1c:	4622                	lw	a2,8(sp)
 c1e:	0409                	addi	s0,s0,2
 c20:	1679                	addi	a2,a2,-2
 c22:	4716                	lw	a4,68(sp)
 c24:	4692                	lw	a3,4(sp)
 c26:	4582                	lw	a1,0(sp)
 c28:	8526                	mv	a0,s1
 c2a:	3d15                	jal	a5e <prints>
 c2c:	9522                	add	a0,a0,s0
 c2e:	bf15                	j	b62 <printInt+0x1e>
 c30:	87aa                	mv	a5,a0
 c32:	4702                	lw	a4,0(sp)
 c34:	b78d                	j	b96 <printInt+0x52>
 c36:	4682                	lw	a3,0(sp)
 c38:	02d00793          	li	a5,45
 c3c:	4401                	li	s0,0
 c3e:	fef68fa3          	sb	a5,-1(a3)
 c42:	ffe70793          	addi	a5,a4,-2
 c46:	c03e                	sw	a5,0(sp)
 c48:	bf4d                	j	bfa <printInt+0xb6>
 c4a:	33f1                	jal	a16 <printchar>
 c4c:	05800593          	li	a1,88
 c50:	b7e1                	j	c18 <printInt+0xd4>

00000c52 <printLongLongInt>:
 c52:	4501                	li	a0,0
 c54:	8082                	ret

00000c56 <printDouble>:
 c56:	4501                	li	a0,0
 c58:	8082                	ret

00000c5a <print>:
 c5a:	fd810113          	addi	sp,sp,-40
 c5e:	d022                	sw	s0,32(sp)
 c60:	ce26                	sw	s1,28(sp)
 c62:	d206                	sw	ra,36(sp)
 c64:	c42a                	sw	a0,8(sp)
 c66:	82ae                	mv	t0,a1
 c68:	8432                	mv	s0,a2
 c6a:	c602                	sw	zero,12(sp)
 c6c:	4481                	li	s1,0
 c6e:	00028583          	lb	a1,0(t0)
 c72:	ed89                	bnez	a1,c8c <print+0x32>
 c74:	47a2                	lw	a5,8(sp)
 c76:	c781                	beqz	a5,c7e <print+0x24>
 c78:	4581                	li	a1,0
 c7a:	853e                	mv	a0,a5
 c7c:	3b69                	jal	a16 <printchar>
 c7e:	5092                	lw	ra,36(sp)
 c80:	5402                	lw	s0,32(sp)
 c82:	8526                	mv	a0,s1
 c84:	44f2                	lw	s1,28(sp)
 c86:	02810113          	addi	sp,sp,40
 c8a:	8082                	ret
 c8c:	02500793          	li	a5,37
 c90:	00f58863          	beq	a1,a5,ca0 <print+0x46>
 c94:	4522                	lw	a0,8(sp)
 c96:	c816                	sw	t0,16(sp)
 c98:	0485                	addi	s1,s1,1
 c9a:	3bb5                	jal	a16 <printchar>
 c9c:	42c2                	lw	t0,16(sp)
 c9e:	a839                	j	cbc <print+0x62>
 ca0:	00128783          	lb	a5,1(t0)
 ca4:	00128713          	addi	a4,t0,1
 ca8:	00b79c63          	bne	a5,a1,cc0 <print+0x66>
 cac:	4522                	lw	a0,8(sp)
 cae:	02500593          	li	a1,37
 cb2:	c83a                	sw	a4,16(sp)
 cb4:	338d                	jal	a16 <printchar>
 cb6:	4742                	lw	a4,16(sp)
 cb8:	0485                	addi	s1,s1,1
 cba:	82ba                	mv	t0,a4
 cbc:	0285                	addi	t0,t0,1
 cbe:	bf45                	j	c6e <print+0x14>
 cc0:	dbd5                	beqz	a5,c74 <print+0x1a>
 cc2:	02b00693          	li	a3,43
 cc6:	04d78963          	beq	a5,a3,d18 <print+0xbe>
 cca:	00f6c863          	blt	a3,a5,cda <print+0x80>
 cce:	02300693          	li	a3,35
 cd2:	04d78663          	beq	a5,a3,d1e <print+0xc4>
 cd6:	4781                	li	a5,0
 cd8:	a005                	j	cf8 <print+0x9e>
 cda:	02d00693          	li	a3,45
 cde:	00d78a63          	beq	a5,a3,cf2 <print+0x98>
 ce2:	03000693          	li	a3,48
 ce6:	fed798e3          	bne	a5,a3,cd6 <print+0x7c>
 cea:	00228713          	addi	a4,t0,2
 cee:	4789                	li	a5,2
 cf0:	a021                	j	cf8 <print+0x9e>
 cf2:	00228713          	addi	a4,t0,2
 cf6:	4785                	li	a5,1
 cf8:	00070683          	lb	a3,0(a4)
 cfc:	02b00613          	li	a2,43
 d00:	04c68363          	beq	a3,a2,d46 <print+0xec>
 d04:	02d64163          	blt	a2,a3,d26 <print+0xcc>
 d08:	02300613          	li	a2,35
 d0c:	02c68b63          	beq	a3,a2,d42 <print+0xe8>
 d10:	82ba                	mv	t0,a4
 d12:	4501                	li	a0,0
 d14:	46a5                	li	a3,9
 d16:	a081                	j	d56 <print+0xfc>
 d18:	00228713          	addi	a4,t0,2
 d1c:	bf6d                	j	cd6 <print+0x7c>
 d1e:	00228713          	addi	a4,t0,2
 d22:	4791                	li	a5,4
 d24:	bfd1                	j	cf8 <print+0x9e>
 d26:	02d00613          	li	a2,45
 d2a:	00c68963          	beq	a3,a2,d3c <print+0xe2>
 d2e:	03000613          	li	a2,48
 d32:	fcc69fe3          	bne	a3,a2,d10 <print+0xb6>
 d36:	0027e793          	ori	a5,a5,2
 d3a:	a031                	j	d46 <print+0xec>
 d3c:	0705                	addi	a4,a4,1
 d3e:	4785                	li	a5,1
 d40:	bfc1                	j	d10 <print+0xb6>
 d42:	0047e793          	ori	a5,a5,4
 d46:	0705                	addi	a4,a4,1
 d48:	b7e1                	j	d10 <print+0xb6>
 d4a:	00251613          	slli	a2,a0,0x2
 d4e:	9532                	add	a0,a0,a2
 d50:	0506                	slli	a0,a0,0x1
 d52:	953a                	add	a0,a0,a4
 d54:	0285                	addi	t0,t0,1
 d56:	00028603          	lb	a2,0(t0)
 d5a:	fd060713          	addi	a4,a2,-48
 d5e:	0ff77593          	andi	a1,a4,255
 d62:	feb6f4e3          	bgeu	a3,a1,d4a <print+0xf0>
 d66:	02e00713          	li	a4,46
 d6a:	4699                	li	a3,6
 d6c:	00e61e63          	bne	a2,a4,d88 <print+0x12e>
 d70:	0285                	addi	t0,t0,1
 d72:	4681                	li	a3,0
 d74:	45a5                	li	a1,9
 d76:	00028603          	lb	a2,0(t0)
 d7a:	fd060613          	addi	a2,a2,-48
 d7e:	0ff67713          	andi	a4,a2,255
 d82:	02e5f563          	bgeu	a1,a4,dac <print+0x152>
 d86:	c636                	sw	a3,12(sp)
 d88:	00028703          	lb	a4,0(t0)
 d8c:	06a00613          	li	a2,106
 d90:	0ac70d63          	beq	a4,a2,e4a <print+0x1f0>
 d94:	02e64363          	blt	a2,a4,dba <print+0x160>
 d98:	04c00613          	li	a2,76
 d9c:	0ac70763          	beq	a4,a2,e4a <print+0x1f0>
 da0:	06800613          	li	a2,104
 da4:	08c70c63          	beq	a4,a2,e3c <print+0x1e2>
 da8:	4581                	li	a1,0
 daa:	a82d                	j	de4 <print+0x18a>
 dac:	00269713          	slli	a4,a3,0x2
 db0:	96ba                	add	a3,a3,a4
 db2:	0686                	slli	a3,a3,0x1
 db4:	96b2                	add	a3,a3,a2
 db6:	0285                	addi	t0,t0,1
 db8:	bf7d                	j	d76 <print+0x11c>
 dba:	07400613          	li	a2,116
 dbe:	08c70663          	beq	a4,a2,e4a <print+0x1f0>
 dc2:	07a00613          	li	a2,122
 dc6:	08c70263          	beq	a4,a2,e4a <print+0x1f0>
 dca:	06c00613          	li	a2,108
 dce:	4581                	li	a1,0
 dd0:	00c71a63          	bne	a4,a2,de4 <print+0x18a>
 dd4:	00128603          	lb	a2,1(t0)
 dd8:	458d                	li	a1,3
 dda:	00e61463          	bne	a2,a4,de2 <print+0x188>
 dde:	0285                	addi	t0,t0,1
 de0:	4591                	li	a1,4
 de2:	0285                	addi	t0,t0,1
 de4:	00028603          	lb	a2,0(t0)
 de8:	06000393          	li	t2,96
 dec:	06100713          	li	a4,97
 df0:	00c3c463          	blt	t2,a2,df8 <print+0x19e>
 df4:	04100713          	li	a4,65
 df8:	06700393          	li	t2,103
 dfc:	06c3c463          	blt	t2,a2,e64 <print+0x20a>
 e00:	06500393          	li	t2,101
 e04:	18765363          	bge	a2,t2,f8a <print+0x330>
 e08:	04700393          	li	t2,71
 e0c:	04c3c163          	blt	t2,a2,e4e <print+0x1f4>
 e10:	04500593          	li	a1,69
 e14:	16b65b63          	bge	a2,a1,f8a <print+0x330>
 e18:	04300713          	li	a4,67
 e1c:	eae610e3          	bne	a2,a4,cbc <print+0x62>
 e20:	4018                	lw	a4,0(s0)
 e22:	00440393          	addi	t2,s0,4
 e26:	ca16                	sw	t0,20(sp)
 e28:	00e10c23          	sb	a4,24(sp)
 e2c:	c81e                	sw	t2,16(sp)
 e2e:	00010ca3          	sb	zero,25(sp)
 e32:	4701                	li	a4,0
 e34:	86be                	mv	a3,a5
 e36:	862a                	mv	a2,a0
 e38:	082c                	addi	a1,sp,24
 e3a:	a849                	j	ecc <print+0x272>
 e3c:	00128603          	lb	a2,1(t0)
 e40:	4581                	li	a1,0
 e42:	fae611e3          	bne	a2,a4,de4 <print+0x18a>
 e46:	0289                	addi	t0,t0,2
 e48:	bf71                	j	de4 <print+0x18a>
 e4a:	0285                	addi	t0,t0,1
 e4c:	bfb1                	j	da8 <print+0x14e>
 e4e:	06300693          	li	a3,99
 e52:	fcd607e3          	beq	a2,a3,e20 <print+0x1c6>
 e56:	06c6ce63          	blt	a3,a2,ed2 <print+0x278>
 e5a:	05800693          	li	a3,88
 e5e:	02d60363          	beq	a2,a3,e84 <print+0x22a>
 e62:	bda9                	j	cbc <print+0x62>
 e64:	07300693          	li	a3,115
 e68:	04d60463          	beq	a2,a3,eb0 <print+0x256>
 e6c:	02c6cb63          	blt	a3,a2,ea2 <print+0x248>
 e70:	06f00693          	li	a3,111
 e74:	0ed60263          	beq	a2,a3,f58 <print+0x2fe>
 e78:	07000693          	li	a3,112
 e7c:	0047e793          	ori	a5,a5,4
 e80:	e2d61ee3          	bne	a2,a3,cbc <print+0x62>
 e84:	4691                	li	a3,4
 e86:	0ad59f63          	bne	a1,a3,f44 <print+0x2ea>
 e8a:	00840393          	addi	t2,s0,8
 e8e:	400c                	lw	a1,0(s0)
 e90:	4050                	lw	a2,4(s0)
 e92:	ca16                	sw	t0,20(sp)
 e94:	c23a                	sw	a4,4(sp)
 e96:	c03e                	sw	a5,0(sp)
 e98:	c81e                	sw	t2,16(sp)
 e9a:	87aa                	mv	a5,a0
 e9c:	4701                	li	a4,0
 e9e:	46c1                	li	a3,16
 ea0:	a0b9                	j	eee <print+0x294>
 ea2:	07500693          	li	a3,117
 ea6:	06d60863          	beq	a2,a3,f16 <print+0x2bc>
 eaa:	07800693          	li	a3,120
 eae:	bf45                	j	e5e <print+0x204>
 eb0:	4018                	lw	a4,0(s0)
 eb2:	000016b7          	lui	a3,0x1
 eb6:	00440393          	addi	t2,s0,4
 eba:	fec68593          	addi	a1,a3,-20 # fec <printf+0x40>
 ebe:	c311                	beqz	a4,ec2 <print+0x268>
 ec0:	85ba                	mv	a1,a4
 ec2:	4732                	lw	a4,12(sp)
 ec4:	ca16                	sw	t0,20(sp)
 ec6:	c81e                	sw	t2,16(sp)
 ec8:	86be                	mv	a3,a5
 eca:	862a                	mv	a2,a0
 ecc:	4522                	lw	a0,8(sp)
 ece:	3e41                	jal	a5e <prints>
 ed0:	a00d                	j	ef2 <print+0x298>
 ed2:	4691                	li	a3,4
 ed4:	02d59463          	bne	a1,a3,efc <print+0x2a2>
 ed8:	00840393          	addi	t2,s0,8
 edc:	400c                	lw	a1,0(s0)
 ede:	4050                	lw	a2,4(s0)
 ee0:	ca16                	sw	t0,20(sp)
 ee2:	c23a                	sw	a4,4(sp)
 ee4:	c03e                	sw	a5,0(sp)
 ee6:	c81e                	sw	t2,16(sp)
 ee8:	87aa                	mv	a5,a0
 eea:	4705                	li	a4,1
 eec:	46a9                	li	a3,10
 eee:	4522                	lw	a0,8(sp)
 ef0:	338d                	jal	c52 <printLongLongInt>
 ef2:	43c2                	lw	t2,16(sp)
 ef4:	94aa                	add	s1,s1,a0
 ef6:	841e                	mv	s0,t2
 ef8:	42d2                	lw	t0,20(sp)
 efa:	b3c9                	j	cbc <print+0x62>
 efc:	46b2                	lw	a3,12(sp)
 efe:	400c                	lw	a1,0(s0)
 f00:	c816                	sw	t0,16(sp)
 f02:	c236                	sw	a3,4(sp)
 f04:	c03a                	sw	a4,0(sp)
 f06:	0411                	addi	s0,s0,4
 f08:	872a                	mv	a4,a0
 f0a:	4685                	li	a3,1
 f0c:	4629                	li	a2,10
 f0e:	4522                	lw	a0,8(sp)
 f10:	3915                	jal	b44 <printInt>
 f12:	94aa                	add	s1,s1,a0
 f14:	b361                	j	c9c <print+0x42>
 f16:	4691                	li	a3,4
 f18:	00d59d63          	bne	a1,a3,f32 <print+0x2d8>
 f1c:	00840393          	addi	t2,s0,8
 f20:	400c                	lw	a1,0(s0)
 f22:	4050                	lw	a2,4(s0)
 f24:	ca16                	sw	t0,20(sp)
 f26:	c23a                	sw	a4,4(sp)
 f28:	c03e                	sw	a5,0(sp)
 f2a:	c81e                	sw	t2,16(sp)
 f2c:	87aa                	mv	a5,a0
 f2e:	4701                	li	a4,0
 f30:	bf75                	j	eec <print+0x292>
 f32:	46b2                	lw	a3,12(sp)
 f34:	400c                	lw	a1,0(s0)
 f36:	c816                	sw	t0,16(sp)
 f38:	c236                	sw	a3,4(sp)
 f3a:	c03a                	sw	a4,0(sp)
 f3c:	0411                	addi	s0,s0,4
 f3e:	872a                	mv	a4,a0
 f40:	4681                	li	a3,0
 f42:	b7e9                	j	f0c <print+0x2b2>
 f44:	46b2                	lw	a3,12(sp)
 f46:	c816                	sw	t0,16(sp)
 f48:	400c                	lw	a1,0(s0)
 f4a:	4641                	li	a2,16
 f4c:	c236                	sw	a3,4(sp)
 f4e:	c03a                	sw	a4,0(sp)
 f50:	0411                	addi	s0,s0,4
 f52:	872a                	mv	a4,a0
 f54:	4681                	li	a3,0
 f56:	bf65                	j	f0e <print+0x2b4>
 f58:	4691                	li	a3,4
 f5a:	00d59e63          	bne	a1,a3,f76 <print+0x31c>
 f5e:	00840393          	addi	t2,s0,8
 f62:	400c                	lw	a1,0(s0)
 f64:	4050                	lw	a2,4(s0)
 f66:	ca16                	sw	t0,20(sp)
 f68:	c23a                	sw	a4,4(sp)
 f6a:	c03e                	sw	a5,0(sp)
 f6c:	c81e                	sw	t2,16(sp)
 f6e:	87aa                	mv	a5,a0
 f70:	4701                	li	a4,0
 f72:	46a1                	li	a3,8
 f74:	bfad                	j	eee <print+0x294>
 f76:	46b2                	lw	a3,12(sp)
 f78:	400c                	lw	a1,0(s0)
 f7a:	c816                	sw	t0,16(sp)
 f7c:	c236                	sw	a3,4(sp)
 f7e:	c03a                	sw	a4,0(sp)
 f80:	0411                	addi	s0,s0,4
 f82:	872a                	mv	a4,a0
 f84:	4681                	li	a3,0
 f86:	4621                	li	a2,8
 f88:	b759                	j	f0e <print+0x2b4>
 f8a:	400c                	lw	a1,0(s0)
 f8c:	00840613          	addi	a2,s0,8
 f90:	4040                	lw	s0,4(s0)
 f92:	c23a                	sw	a4,4(sp)
 f94:	872a                	mv	a4,a0
 f96:	4522                	lw	a0,8(sp)
 f98:	c832                	sw	a2,16(sp)
 f9a:	c03e                	sw	a5,0(sp)
 f9c:	8622                	mv	a2,s0
 f9e:	87b6                	mv	a5,a3
 fa0:	46a9                	li	a3,10
 fa2:	ca16                	sw	t0,20(sp)
 fa4:	394d                	jal	c56 <printDouble>
 fa6:	94aa                	add	s1,s1,a0
 fa8:	4442                	lw	s0,16(sp)
 faa:	b7b9                	j	ef8 <print+0x29e>

00000fac <printf>:
 fac:	fdc10113          	addi	sp,sp,-36
 fb0:	c82e                	sw	a1,16(sp)
 fb2:	ca32                	sw	a2,20(sp)
 fb4:	85aa                	mv	a1,a0
 fb6:	0810                	addi	a2,sp,16
 fb8:	4501                	li	a0,0
 fba:	c606                	sw	ra,12(sp)
 fbc:	cc36                	sw	a3,24(sp)
 fbe:	ce3a                	sw	a4,28(sp)
 fc0:	d03e                	sw	a5,32(sp)
 fc2:	c032                	sw	a2,0(sp)
 fc4:	3959                	jal	c5a <print>
 fc6:	40b2                	lw	ra,12(sp)
 fc8:	02410113          	addi	sp,sp,36
 fcc:	8082                	ret
 fce:	0000                	unimp
 fd0:	74737953          	0x74737953
 fd4:	6d65                	lui	s10,0x19
 fd6:	3a6b6c43          	fmadd.d	fs8,fs6,ft6,ft7,unknown
 fda:	6425                	lui	s0,0x9
 fdc:	0a0d                	addi	s4,s4,3
 fde:	0000                	unimp
 fe0:	6176                	flw	ft2,92(sp)
 fe2:	3a6c                	lbu	a1,23(a2)
 fe4:	3025                	jal	80c <USART_Init+0x60>
 fe6:	6434                	flw	fa3,72(s0)
 fe8:	0a0d                	addi	s4,s4,3
 fea:	0000                	unimp
 fec:	6e28                	flw	fa0,88(a2)
 fee:	6c75                	lui	s8,0x1d
 ff0:	296c                	lbu	a1,22(a0)
	...
