
TIM_DMA_PWM_CH32V003F4P6.elf:     file format elf32-littleriscv
TIM_DMA_PWM_CH32V003F4P6.elf
architecture: riscv:rv32, flags 0x00000112:
EXEC_P, HAS_SYMS, D_PAGED
start address 0x00000000

Program Header:
    LOAD off    0x00001000 vaddr 0x00000000 paddr 0x00000000 align 2**12
         filesz 0x00000fec memsz 0x00000fec flags r-x
    LOAD off    0x00002000 vaddr 0x20000000 paddr 0x00000fec align 2**12
         filesz 0x00000030 memsz 0x00000038 flags rw-
    LOAD off    0x00002700 vaddr 0x20000700 paddr 0x20000700 align 2**12
         filesz 0x00000000 memsz 0x00000100 flags rw-

Sections:
Idx Name          Size      VMA       LMA       File off  Algn
  0 .init         000000a0  00000000  00000000  00001000  2**2
                  CONTENTS, ALLOC, LOAD, READONLY, CODE
  1 .text         00000f4c  000000a0  000000a0  000010a0  2**2
                  CONTENTS, ALLOC, LOAD, READONLY, CODE
  2 .fini         00000000  00000fec  00000fec  00002030  2**0
                  CONTENTS, ALLOC, LOAD, CODE
  3 .dalign       00000000  20000000  20000000  00002030  2**0
                  CONTENTS
  4 .dlalign      00000000  00000fec  00000fec  00002030  2**0
                  CONTENTS
  5 .data         00000030  20000000  00000fec  00002000  2**2
                  CONTENTS, ALLOC, LOAD, DATA
  6 .bss          00000008  20000030  0000101c  00002030  2**2
                  ALLOC
  7 .stack        00000100  20000700  20000700  00002700  2**0
                  ALLOC
  8 .debug_info   0000add8  00000000  00000000  00002030  2**0
                  CONTENTS, READONLY, DEBUGGING
  9 .debug_abbrev 00001da8  00000000  00000000  0000ce08  2**0
                  CONTENTS, READONLY, DEBUGGING
 10 .debug_aranges 000006c0  00000000  00000000  0000ebb0  2**3
                  CONTENTS, READONLY, DEBUGGING
 11 .debug_ranges 00000678  00000000  00000000  0000f270  2**3
                  CONTENTS, READONLY, DEBUGGING
 12 .debug_line   00007a77  00000000  00000000  0000f8e8  2**0
                  CONTENTS, READONLY, DEBUGGING
 13 .debug_str    00002313  00000000  00000000  0001735f  2**0
                  CONTENTS, READONLY, DEBUGGING
 14 .comment      00000033  00000000  00000000  00019672  2**0
                  CONTENTS, READONLY
 15 .debug_frame  00000db0  00000000  00000000  000196a8  2**2
                  CONTENTS, READONLY, DEBUGGING
 16 .debug_loc    0000314d  00000000  00000000  0001a458  2**0
                  CONTENTS, READONLY, DEBUGGING
SYMBOL TABLE:
00000000 l    d  .init	00000000 .init
000000a0 l    d  .text	00000000 .text
00000fec l    d  .fini	00000000 .fini
20000000 l    d  .dalign	00000000 .dalign
00000fec l    d  .dlalign	00000000 .dlalign
20000000 l    d  .data	00000000 .data
20000030 l    d  .bss	00000000 .bss
20000700 l    d  .stack	00000000 .stack
00000000 l    d  .debug_info	00000000 .debug_info
00000000 l    d  .debug_abbrev	00000000 .debug_abbrev
00000000 l    d  .debug_aranges	00000000 .debug_aranges
00000000 l    d  .debug_ranges	00000000 .debug_ranges
00000000 l    d  .debug_line	00000000 .debug_line
00000000 l    d  .debug_str	00000000 .debug_str
00000000 l    d  .comment	00000000 .comment
00000000 l    d  .debug_frame	00000000 .debug_frame
00000000 l    d  .debug_loc	00000000 .debug_loc
00000000 l    df *ABS*	00000000 ch32v00x_it.c
00000000 l    df *ABS*	00000000 main.c
00000000 l    df *ABS*	00000000 system_ch32v00x.c
00000000 l    df *ABS*	00000000 ch32v00x_dma.c
00000000 l    df *ABS*	00000000 ch32v00x_gpio.c
00000000 l    df *ABS*	00000000 ch32v00x_misc.c
00000000 l    df *ABS*	00000000 ch32v00x_rcc.c
2000000c l     O .data	00000014 ADCPrescTable
20000020 l     O .data	00000010 APBAHBPrescTable
00000000 l    df *ABS*	00000000 ch32v00x_tim.c
00000000 l    df *ABS*	00000000 ch32v00x_usart.c
00000000 l    df *ABS*	00000000 debug.c
20000034 l     O .bss	00000002 p_ms
20000036 l     O .bss	00000001 p_us
00000000 l    df *ABS*	00000000 wchprintf.c
00000c5a  w    F .text	00000004 printDouble
0000055a g     F .text	00000014 DMA_Cmd
00000c5e  w    F .text	00000352 print
00000fb0  w    F .text	00000022 printf
20000830 g       .data	00000000 __global_pointer$
00000408  w      .text	00000000 TIM1_CC_IRQHandler
000001de g     F .text	00000002 HardFault_Handler
00000b48  w    F .text	0000010e printInt
0000083c g     F .text	0000000e TIM_OC1PreloadConfig
000003da  w      .text	00000000 SysTick_Handler
000003e0  w      .text	00000000 PVD_IRQHandler
000001da g     F .text	00000004 NMI_Handler
00000818 g     F .text	0000000a TIM_DMACmd
00000934 g     F .text	0000000a USART_GetFlagStatus
20000030 g       .bss	00000000 _sbss
00000100 g       *ABS*	00000000 __stack_size
0000097a g     F .text	00000054 USART_Printf_Init
00000522 g     F .text	00000038 DMA_Init
000000aa g     F .text	0000000a .hidden __riscv_restore_2
000007f0 g     F .text	00000016 TIM_CtrlPWMOutputs
00000c56  w    F .text	00000004 printLongLongInt
000007d8 g     F .text	00000018 TIM_Cmd
20000008 g     O .data	00000004 SystemCoreClock
000000bc g     F .text	0000002c .hidden __udivsi3
000000a0 g       .init	00000000 _einit
00000702 g     F .text	0000001e RCC_APB2PeriphClockCmd
0000056e g     F .text	000000d6 GPIO_Init
20000030 g     O .bss	00000004 NVIC_Priority_Group
00000400  w      .text	00000000 SPI1_IRQHandler
00000916 g     F .text	00000016 USART_Cmd
000000a0 g     F .text	0000000a .hidden __riscv_save_1
000000aa g     F .text	0000000a .hidden __riscv_restore_0
000003e8  w      .text	00000000 AWU_IRQHandler
000003e6  w      .text	00000000 EXTI7_0_IRQHandler
20000700 g       .stack	00000000 _heap_end
000006e4 g     F .text	0000001e RCC_AHBPeriphClockCmd
000003f0  w      .text	00000000 DMA1_Channel4_IRQHandler
000003f8  w      .text	00000000 ADC1_IRQHandler
20000038 g       .bss	00000000 _ebss
000003f6  w      .text	00000000 DMA1_Channel7_IRQHandler
0000076e g     F .text	0000006a TIM_OC1Init
0000093e g     F .text	0000003c Delay_Init
00000822 g     F .text	0000001a TIM_ARRPreloadConfig
000000e8 g     F .text	00000008 .hidden __umodsi3
000003fa  w      .text	00000000 I2C1_EV_IRQHandler
0000064e g     F .text	00000096 RCC_GetClocksFreq
000003f4  w      .text	00000000 DMA1_Channel6_IRQHandler
0000084a g     F .text	000000cc USART_Init
000003e4  w      .text	00000000 RCC_IRQHandler
00000406  w      .text	00000000 TIM1_TRG_COM_IRQHandler
000003ea  w      .text	00000000 DMA1_Channel1_IRQHandler
00000000 g       .init	00000000 _start
00000a62  w    F .text	000000e6 prints
00000806 g     F .text	00000012 TIM_ITConfig
20000000 g       .dalign	00000000 _data_vma
00000132 g     F .text	000000a8 memset
000002d6 g     F .text	00000070 main
000003f2  w      .text	00000000 DMA1_Channel5_IRQHandler
000000b4 g     F .text	00000058 .hidden __divsi3
00000346 g     F .text	00000090 SystemInit
00000a1a  w    F .text	00000048 printchar
00000000 g       .init	00000000 _sinit
000003ee  w      .text	00000000 DMA1_Channel3_IRQHandler
00000404  w      .text	00000000 TIM1_UP_IRQHandler
000003de  w      .text	00000000 WWDG_IRQHandler
0000040a  w      .text	00000000 TIM2_IRQHandler
20000800 g       .stack	00000000 _eusrstack
000000a0 g     F .text	0000000a .hidden __riscv_save_2
000003dc  w      .text	00000000 SW_Handler
000001e0 g     F .text	00000092 TIM1_PWMOut_Init
00000402  w      .text	00000000 TIM1_BRK_IRQHandler
0000092c g     F .text	00000008 USART_SendData
000009ce g     F .text	0000004c _write
20000030 g       .data	00000000 _edata
20000000 g     O .data	00000006 pbuf
20000038 g       .bss	00000000 _end
00000720 g     F .text	0000004e TIM_TimeBaseInit
00000272 g     F .text	00000064 TIM1_DMA_Init
00000fec g       .dlalign	00000000 _data_lma
0000010c g     F .text	00000024 .hidden __modsi3
000003ec  w      .text	00000000 DMA1_Channel2_IRQHandler
0000040c  w      .text	00000000 handle_reset
000000a0 g     F .text	0000000a .hidden __riscv_save_0
000003e2  w      .text	00000000 FLASH_IRQHandler
000003fe  w      .text	00000000 USART1_IRQHandler
000003fc  w      .text	00000000 I2C1_ER_IRQHandler
00000644 g     F .text	0000000a NVIC_PriorityGroupConfig
00000490 g     F .text	00000092 DMA_DeInit
000000aa g     F .text	0000000a .hidden __riscv_restore_1



Disassembly of section .init:

00000000 <_sinit>:
   0:	40c0006f          	j	40c <handle_reset>
   4:	0000                	unimp
   6:	0000                	unimp
   8:	01da                	slli	gp,gp,0x16
   a:	0000                	unimp
   c:	01de                	slli	gp,gp,0x17
	...
  2e:	0000                	unimp
  30:	03da                	slli	t2,t2,0x16
  32:	0000                	unimp
  34:	0000                	unimp
  36:	0000                	unimp
  38:	03dc                	addi	a5,sp,452
  3a:	0000                	unimp
  3c:	0000                	unimp
  3e:	0000                	unimp
  40:	03de                	slli	t2,t2,0x17
  42:	0000                	unimp
  44:	03e0                	addi	s0,sp,460
  46:	0000                	unimp
  48:	03e2                	slli	t2,t2,0x18
  4a:	0000                	unimp
  4c:	03e4                	addi	s1,sp,460
  4e:	0000                	unimp
  50:	03e6                	slli	t2,t2,0x19
  52:	0000                	unimp
  54:	03e8                	addi	a0,sp,460
  56:	0000                	unimp
  58:	03ea                	slli	t2,t2,0x1a
  5a:	0000                	unimp
  5c:	03ec                	addi	a1,sp,460
  5e:	0000                	unimp
  60:	03ee                	slli	t2,t2,0x1b
  62:	0000                	unimp
  64:	03f0                	addi	a2,sp,460
  66:	0000                	unimp
  68:	03f2                	slli	t2,t2,0x1c
  6a:	0000                	unimp
  6c:	03f4                	addi	a3,sp,460
  6e:	0000                	unimp
  70:	03f6                	slli	t2,t2,0x1d
  72:	0000                	unimp
  74:	03f8                	addi	a4,sp,460
  76:	0000                	unimp
  78:	03fa                	slli	t2,t2,0x1e
  7a:	0000                	unimp
  7c:	03fc                	addi	a5,sp,460
  7e:	0000                	unimp
  80:	03fe                	slli	t2,t2,0x1f
  82:	0000                	unimp
  84:	0400                	addi	s0,sp,512
  86:	0000                	unimp
  88:	0402                	c.slli64	s0
  8a:	0000                	unimp
  8c:	0404                	addi	s1,sp,512
  8e:	0000                	unimp
  90:	0406                	slli	s0,s0,0x1
  92:	0000                	unimp
  94:	0408                	addi	a0,sp,512
  96:	0000                	unimp
  98:	040a                	slli	s0,s0,0x2
  9a:	0000                	unimp
  9c:	0000                	unimp
	...

Disassembly of section .text:

000000a0 <__riscv_save_0>:
  a0:	1151                	addi	sp,sp,-12
  a2:	c026                	sw	s1,0(sp)
  a4:	c222                	sw	s0,4(sp)
  a6:	c406                	sw	ra,8(sp)
  a8:	8282                	jr	t0

000000aa <__riscv_restore_0>:
  aa:	4482                	lw	s1,0(sp)
  ac:	4412                	lw	s0,4(sp)
  ae:	40a2                	lw	ra,8(sp)
  b0:	0131                	addi	sp,sp,12
  b2:	8082                	ret

000000b4 <__divsi3>:
  b4:	02054e63          	bltz	a0,f0 <__umodsi3+0x8>
  b8:	0405c363          	bltz	a1,fe <__umodsi3+0x16>

000000bc <__udivsi3>:
  bc:	862e                	mv	a2,a1
  be:	85aa                	mv	a1,a0
  c0:	557d                	li	a0,-1
  c2:	c215                	beqz	a2,e6 <__udivsi3+0x2a>
  c4:	4685                	li	a3,1
  c6:	00b67863          	bgeu	a2,a1,d6 <__udivsi3+0x1a>
  ca:	00c05663          	blez	a2,d6 <__udivsi3+0x1a>
  ce:	0606                	slli	a2,a2,0x1
  d0:	0686                	slli	a3,a3,0x1
  d2:	feb66ce3          	bltu	a2,a1,ca <__udivsi3+0xe>
  d6:	4501                	li	a0,0
  d8:	00c5e463          	bltu	a1,a2,e0 <__udivsi3+0x24>
  dc:	8d91                	sub	a1,a1,a2
  de:	8d55                	or	a0,a0,a3
  e0:	8285                	srli	a3,a3,0x1
  e2:	8205                	srli	a2,a2,0x1
  e4:	faf5                	bnez	a3,d8 <__udivsi3+0x1c>
  e6:	8082                	ret

000000e8 <__umodsi3>:
  e8:	8286                	mv	t0,ra
  ea:	3fc9                	jal	bc <__udivsi3>
  ec:	852e                	mv	a0,a1
  ee:	8282                	jr	t0
  f0:	40a00533          	neg	a0,a0
  f4:	0005d763          	bgez	a1,102 <__stack_size+0x2>
  f8:	40b005b3          	neg	a1,a1
  fc:	b7c1                	j	bc <__udivsi3>
  fe:	40b005b3          	neg	a1,a1
 102:	8286                	mv	t0,ra
 104:	3f65                	jal	bc <__udivsi3>
 106:	40a00533          	neg	a0,a0
 10a:	8282                	jr	t0

0000010c <__modsi3>:
 10c:	8286                	mv	t0,ra
 10e:	0005c763          	bltz	a1,11c <__modsi3+0x10>
 112:	00054963          	bltz	a0,124 <__modsi3+0x18>
 116:	375d                	jal	bc <__udivsi3>
 118:	852e                	mv	a0,a1
 11a:	8282                	jr	t0
 11c:	40b005b3          	neg	a1,a1
 120:	fe055be3          	bgez	a0,116 <__modsi3+0xa>
 124:	40a00533          	neg	a0,a0
 128:	3f51                	jal	bc <__udivsi3>
 12a:	40b00533          	neg	a0,a1
 12e:	8282                	jr	t0
	...

00000132 <memset>:
 132:	433d                	li	t1,15
 134:	872a                	mv	a4,a0
 136:	02c37363          	bgeu	t1,a2,15c <memset+0x2a>
 13a:	00f77793          	andi	a5,a4,15
 13e:	efbd                	bnez	a5,1bc <memset+0x8a>
 140:	e5ad                	bnez	a1,1aa <memset+0x78>
 142:	ff067693          	andi	a3,a2,-16
 146:	8a3d                	andi	a2,a2,15
 148:	96ba                	add	a3,a3,a4
 14a:	c30c                	sw	a1,0(a4)
 14c:	c34c                	sw	a1,4(a4)
 14e:	c70c                	sw	a1,8(a4)
 150:	c74c                	sw	a1,12(a4)
 152:	0741                	addi	a4,a4,16
 154:	fed76be3          	bltu	a4,a3,14a <memset+0x18>
 158:	e211                	bnez	a2,15c <memset+0x2a>
 15a:	8082                	ret
 15c:	40c306b3          	sub	a3,t1,a2
 160:	068a                	slli	a3,a3,0x2
 162:	00000297          	auipc	t0,0x0
 166:	9696                	add	a3,a3,t0
 168:	00a68067          	jr	10(a3)
 16c:	00b70723          	sb	a1,14(a4)
 170:	00b706a3          	sb	a1,13(a4)
 174:	00b70623          	sb	a1,12(a4)
 178:	00b705a3          	sb	a1,11(a4)
 17c:	00b70523          	sb	a1,10(a4)
 180:	00b704a3          	sb	a1,9(a4)
 184:	00b70423          	sb	a1,8(a4)
 188:	00b703a3          	sb	a1,7(a4)
 18c:	00b70323          	sb	a1,6(a4)
 190:	00b702a3          	sb	a1,5(a4)
 194:	00b70223          	sb	a1,4(a4)
 198:	00b701a3          	sb	a1,3(a4)
 19c:	00b70123          	sb	a1,2(a4)
 1a0:	00b700a3          	sb	a1,1(a4)
 1a4:	00b70023          	sb	a1,0(a4)
 1a8:	8082                	ret
 1aa:	0ff5f593          	andi	a1,a1,255
 1ae:	00859693          	slli	a3,a1,0x8
 1b2:	8dd5                	or	a1,a1,a3
 1b4:	01059693          	slli	a3,a1,0x10
 1b8:	8dd5                	or	a1,a1,a3
 1ba:	b761                	j	142 <memset+0x10>
 1bc:	00279693          	slli	a3,a5,0x2
 1c0:	00000297          	auipc	t0,0x0
 1c4:	9696                	add	a3,a3,t0
 1c6:	8286                	mv	t0,ra
 1c8:	fa8680e7          	jalr	-88(a3)
 1cc:	8096                	mv	ra,t0
 1ce:	17c1                	addi	a5,a5,-16
 1d0:	8f1d                	sub	a4,a4,a5
 1d2:	963e                	add	a2,a2,a5
 1d4:	f8c374e3          	bgeu	t1,a2,15c <memset+0x2a>
 1d8:	b7a5                	j	140 <memset+0xe>

000001da <NMI_Handler>:
 1da:	30200073          	mret

000001de <HardFault_Handler>:
 1de:	a001                	j	1de <HardFault_Handler>

000001e0 <TIM1_PWMOut_Init>:
 1e0:	ec1ff2ef          	jal	t0,a0 <__riscv_save_0>
 1e4:	84aa                	mv	s1,a0
 1e6:	6505                	lui	a0,0x1
 1e8:	fd410113          	addi	sp,sp,-44
 1ec:	842e                	mv	s0,a1
 1ee:	82050513          	addi	a0,a0,-2016 # 820 <TIM_DMACmd+0x8>
 1f2:	4585                	li	a1,1
 1f4:	c032                	sw	a2,0(sp)
 1f6:	c802                	sw	zero,16(sp)
 1f8:	ca02                	sw	zero,20(sp)
 1fa:	cc02                	sw	zero,24(sp)
 1fc:	ce02                	sw	zero,28(sp)
 1fe:	d002                	sw	zero,32(sp)
 200:	d202                	sw	zero,36(sp)
 202:	d402                	sw	zero,40(sp)
 204:	c202                	sw	zero,4(sp)
 206:	c402                	sw	zero,8(sp)
 208:	00011623          	sh	zero,12(sp)
 20c:	29dd                	jal	702 <RCC_APB2PeriphClockCmd>
 20e:	4791                	li	a5,4
 210:	80fc                	sh	a5,16(sp)
 212:	40011537          	lui	a0,0x40011
 216:	47e1                	li	a5,24
 218:	cc3e                	sw	a5,24(sp)
 21a:	080c                	addi	a1,sp,16
 21c:	478d                	li	a5,3
 21e:	40050513          	addi	a0,a0,1024 # 40011400 <__global_pointer$+0x20010bd0>
 222:	ca3e                	sw	a5,20(sp)
 224:	26a9                	jal	56e <GPIO_Init>
 226:	8260                	sh	s0,4(sp)
 228:	40013437          	lui	s0,0x40013
 22c:	004c                	addi	a1,sp,4
 22e:	c0040513          	addi	a0,s0,-1024 # 40012c00 <__global_pointer$+0x200123d0>
 232:	8464                	sh	s1,8(sp)
 234:	00011523          	sh	zero,10(sp)
 238:	00011323          	sh	zero,6(sp)
 23c:	00010623          	sb	zero,12(sp)
 240:	21c5                	jal	720 <TIM_TimeBaseInit>
 242:	4602                	lw	a2,0(sp)
 244:	67c1                	lui	a5,0x10
 246:	06078793          	addi	a5,a5,96 # 10060 <_data_lma+0xf074>
 24a:	086c                	addi	a1,sp,28
 24c:	c0040513          	addi	a0,s0,-1024
 250:	ce3e                	sw	a5,28(sp)
 252:	02c11123          	sh	a2,34(sp)
 256:	02011223          	sh	zero,36(sp)
 25a:	2b11                	jal	76e <TIM_OC1Init>
 25c:	c0040513          	addi	a0,s0,-1024
 260:	4581                	li	a1,0
 262:	2be9                	jal	83c <TIM_OC1PreloadConfig>
 264:	4585                	li	a1,1
 266:	c0040513          	addi	a0,s0,-1024
 26a:	2b65                	jal	822 <TIM_ARRPreloadConfig>
 26c:	02c10113          	addi	sp,sp,44
 270:	bd2d                	j	aa <__riscv_restore_0>

00000272 <TIM1_DMA_Init>:
 272:	e2fff2ef          	jal	t0,a0 <__riscv_save_0>
 276:	fcc10113          	addi	sp,sp,-52
 27a:	842a                	mv	s0,a0
 27c:	c22e                	sw	a1,4(sp)
 27e:	84b2                	mv	s1,a2
 280:	4581                	li	a1,0
 282:	02c00613          	li	a2,44
 286:	0028                	addi	a0,sp,8
 288:	c036                	sw	a3,0(sp)
 28a:	3565                	jal	132 <memset>
 28c:	4585                	li	a1,1
 28e:	4505                	li	a0,1
 290:	2991                	jal	6e4 <RCC_AHBPeriphClockCmd>
 292:	8522                	mv	a0,s0
 294:	2af5                	jal	490 <DMA_DeInit>
 296:	4792                	lw	a5,4(sp)
 298:	4682                	lw	a3,0(sp)
 29a:	002c                	addi	a1,sp,8
 29c:	c43e                	sw	a5,8(sp)
 29e:	47c1                	li	a5,16
 2a0:	c83e                	sw	a5,16(sp)
 2a2:	08000793          	li	a5,128
 2a6:	ce3e                	sw	a5,28(sp)
 2a8:	10000793          	li	a5,256
 2ac:	d03e                	sw	a5,32(sp)
 2ae:	40000793          	li	a5,1024
 2b2:	d23e                	sw	a5,36(sp)
 2b4:	02000793          	li	a5,32
 2b8:	d43e                	sw	a5,40(sp)
 2ba:	8522                	mv	a0,s0
 2bc:	678d                	lui	a5,0x3
 2be:	ca36                	sw	a3,20(sp)
 2c0:	d63e                	sw	a5,44(sp)
 2c2:	c626                	sw	s1,12(sp)
 2c4:	cc02                	sw	zero,24(sp)
 2c6:	d802                	sw	zero,48(sp)
 2c8:	2ca9                	jal	522 <DMA_Init>
 2ca:	4585                	li	a1,1
 2cc:	8522                	mv	a0,s0
 2ce:	2471                	jal	55a <DMA_Cmd>
 2d0:	03410113          	addi	sp,sp,52
 2d4:	bbd9                	j	aa <__riscv_restore_0>

000002d6 <main>:
 2d6:	dcbff2ef          	jal	t0,a0 <__riscv_save_0>
 2da:	4509                	li	a0,2
 2dc:	26a5                	jal	644 <NVIC_PriorityGroupConfig>
 2de:	2585                	jal	93e <Delay_Init>
 2e0:	6571                	lui	a0,0x1c
 2e2:	20050513          	addi	a0,a0,512 # 1c200 <_data_lma+0x1b214>
 2e6:	2d51                	jal	97a <USART_Printf_Init>
 2e8:	200007b7          	lui	a5,0x20000
 2ec:	0087a583          	lw	a1,8(a5) # 20000008 <SystemCoreClock>
 2f0:	00001537          	lui	a0,0x1
 2f4:	fd450513          	addi	a0,a0,-44 # fd4 <printf+0x24>
 2f8:	4b9000ef          	jal	ra,fb0 <printf>
 2fc:	20000437          	lui	s0,0x20000
 300:	00045603          	lhu	a2,0(s0) # 20000000 <_data_vma>
 304:	65b1                	lui	a1,0xc
 306:	b7f58593          	addi	a1,a1,-1153 # bb7f <_data_lma+0xab93>
 30a:	06300513          	li	a0,99
 30e:	3dc9                	jal	1e0 <TIM1_PWMOut_Init>
 310:	00040613          	mv	a2,s0
 314:	40020537          	lui	a0,0x40020
 318:	40013437          	lui	s0,0x40013
 31c:	468d                	li	a3,3
 31e:	c3440593          	addi	a1,s0,-972 # 40012c34 <__global_pointer$+0x20012404>
 322:	05850513          	addi	a0,a0,88 # 40020058 <__global_pointer$+0x2001f828>
 326:	37b1                	jal	272 <TIM1_DMA_Init>
 328:	4605                	li	a2,1
 32a:	10000593          	li	a1,256
 32e:	c0040513          	addi	a0,s0,-1024
 332:	21dd                	jal	818 <TIM_DMACmd>
 334:	4585                	li	a1,1
 336:	c0040513          	addi	a0,s0,-1024
 33a:	2979                	jal	7d8 <TIM_Cmd>
 33c:	4585                	li	a1,1
 33e:	c0040513          	addi	a0,s0,-1024
 342:	217d                	jal	7f0 <TIM_CtrlPWMOutputs>
 344:	a001                	j	344 <main+0x6e>

00000346 <SystemInit>:
 346:	400217b7          	lui	a5,0x40021
 34a:	4398                	lw	a4,0(a5)
 34c:	fcff06b7          	lui	a3,0xfcff0
 350:	00176713          	ori	a4,a4,1
 354:	c398                	sw	a4,0(a5)
 356:	43d8                	lw	a4,4(a5)
 358:	8f75                	and	a4,a4,a3
 35a:	c3d8                	sw	a4,4(a5)
 35c:	4398                	lw	a4,0(a5)
 35e:	fef706b7          	lui	a3,0xfef70
 362:	16fd                	addi	a3,a3,-1
 364:	8f75                	and	a4,a4,a3
 366:	c398                	sw	a4,0(a5)
 368:	4398                	lw	a4,0(a5)
 36a:	fffc06b7          	lui	a3,0xfffc0
 36e:	16fd                	addi	a3,a3,-1
 370:	8f75                	and	a4,a4,a3
 372:	c398                	sw	a4,0(a5)
 374:	43d4                	lw	a3,4(a5)
 376:	7741                	lui	a4,0xffff0
 378:	177d                	addi	a4,a4,-1
 37a:	8ef9                	and	a3,a3,a4
 37c:	c3d4                	sw	a3,4(a5)
 37e:	009f06b7          	lui	a3,0x9f0
 382:	c794                	sw	a3,8(a5)
 384:	400226b7          	lui	a3,0x40022
 388:	4290                	lw	a2,0(a3)
 38a:	9a71                	andi	a2,a2,-4
 38c:	c290                	sw	a2,0(a3)
 38e:	4290                	lw	a2,0(a3)
 390:	00166613          	ori	a2,a2,1
 394:	c290                	sw	a2,0(a3)
 396:	43d4                	lw	a3,4(a5)
 398:	c3d4                	sw	a3,4(a5)
 39a:	43d4                	lw	a3,4(a5)
 39c:	8f75                	and	a4,a4,a3
 39e:	c3d8                	sw	a4,4(a5)
 3a0:	43d8                	lw	a4,4(a5)
 3a2:	010006b7          	lui	a3,0x1000
 3a6:	c3d8                	sw	a4,4(a5)
 3a8:	4398                	lw	a4,0(a5)
 3aa:	8f55                	or	a4,a4,a3
 3ac:	c398                	sw	a4,0(a5)
 3ae:	4398                	lw	a4,0(a5)
 3b0:	00671693          	slli	a3,a4,0x6
 3b4:	fe06dde3          	bgez	a3,3ae <SystemInit+0x68>
 3b8:	43d8                	lw	a4,4(a5)
 3ba:	400216b7          	lui	a3,0x40021
 3be:	9b71                	andi	a4,a4,-4
 3c0:	c3d8                	sw	a4,4(a5)
 3c2:	43d8                	lw	a4,4(a5)
 3c4:	00276713          	ori	a4,a4,2
 3c8:	c3d8                	sw	a4,4(a5)
 3ca:	4721                	li	a4,8
 3cc:	42dc                	lw	a5,4(a3)
 3ce:	8bb1                	andi	a5,a5,12
 3d0:	fee79ee3          	bne	a5,a4,3cc <SystemInit+0x86>
 3d4:	8082                	ret
 3d6:	a001                	j	3d6 <SystemInit+0x90>
 3d8:	a001                	j	3d8 <SystemInit+0x92>

000003da <SysTick_Handler>:
 3da:	a001                	j	3da <SysTick_Handler>

000003dc <SW_Handler>:
 3dc:	a001                	j	3dc <SW_Handler>

000003de <WWDG_IRQHandler>:
 3de:	a001                	j	3de <WWDG_IRQHandler>

000003e0 <PVD_IRQHandler>:
 3e0:	a001                	j	3e0 <PVD_IRQHandler>

000003e2 <FLASH_IRQHandler>:
 3e2:	a001                	j	3e2 <FLASH_IRQHandler>

000003e4 <RCC_IRQHandler>:
 3e4:	a001                	j	3e4 <RCC_IRQHandler>

000003e6 <EXTI7_0_IRQHandler>:
 3e6:	a001                	j	3e6 <EXTI7_0_IRQHandler>

000003e8 <AWU_IRQHandler>:
 3e8:	a001                	j	3e8 <AWU_IRQHandler>

000003ea <DMA1_Channel1_IRQHandler>:
 3ea:	a001                	j	3ea <DMA1_Channel1_IRQHandler>

000003ec <DMA1_Channel2_IRQHandler>:
 3ec:	a001                	j	3ec <DMA1_Channel2_IRQHandler>

000003ee <DMA1_Channel3_IRQHandler>:
 3ee:	a001                	j	3ee <DMA1_Channel3_IRQHandler>

000003f0 <DMA1_Channel4_IRQHandler>:
 3f0:	a001                	j	3f0 <DMA1_Channel4_IRQHandler>

000003f2 <DMA1_Channel5_IRQHandler>:
 3f2:	a001                	j	3f2 <DMA1_Channel5_IRQHandler>

000003f4 <DMA1_Channel6_IRQHandler>:
 3f4:	a001                	j	3f4 <DMA1_Channel6_IRQHandler>

000003f6 <DMA1_Channel7_IRQHandler>:
 3f6:	a001                	j	3f6 <DMA1_Channel7_IRQHandler>

000003f8 <ADC1_IRQHandler>:
 3f8:	a001                	j	3f8 <ADC1_IRQHandler>

000003fa <I2C1_EV_IRQHandler>:
 3fa:	a001                	j	3fa <I2C1_EV_IRQHandler>

000003fc <I2C1_ER_IRQHandler>:
 3fc:	a001                	j	3fc <I2C1_ER_IRQHandler>

000003fe <USART1_IRQHandler>:
 3fe:	a001                	j	3fe <USART1_IRQHandler>

00000400 <SPI1_IRQHandler>:
 400:	a001                	j	400 <SPI1_IRQHandler>

00000402 <TIM1_BRK_IRQHandler>:
 402:	a001                	j	402 <TIM1_BRK_IRQHandler>

00000404 <TIM1_UP_IRQHandler>:
 404:	a001                	j	404 <TIM1_UP_IRQHandler>

00000406 <TIM1_TRG_COM_IRQHandler>:
 406:	a001                	j	406 <TIM1_TRG_COM_IRQHandler>

00000408 <TIM1_CC_IRQHandler>:
 408:	a001                	j	408 <TIM1_CC_IRQHandler>

0000040a <TIM2_IRQHandler>:
 40a:	a001                	j	40a <TIM2_IRQHandler>

0000040c <handle_reset>:
 40c:	20000197          	auipc	gp,0x20000
 410:	42418193          	addi	gp,gp,1060 # 20000830 <__global_pointer$>
 414:	fd018113          	addi	sp,gp,-48 # 20000800 <_eusrstack>
 418:	00001517          	auipc	a0,0x1
 41c:	bd450513          	addi	a0,a0,-1068 # fec <_data_lma>
 420:	20000597          	auipc	a1,0x20000
 424:	be058593          	addi	a1,a1,-1056 # 20000000 <_data_vma>
 428:	20000617          	auipc	a2,0x20000
 42c:	c0860613          	addi	a2,a2,-1016 # 20000030 <_edata>
 430:	00c5fa63          	bgeu	a1,a2,444 <handle_reset+0x38>
 434:	00052283          	lw	t0,0(a0)
 438:	0055a023          	sw	t0,0(a1)
 43c:	0511                	addi	a0,a0,4
 43e:	0591                	addi	a1,a1,4
 440:	fec5eae3          	bltu	a1,a2,434 <handle_reset+0x28>
 444:	20000517          	auipc	a0,0x20000
 448:	bec50513          	addi	a0,a0,-1044 # 20000030 <_edata>
 44c:	80818593          	addi	a1,gp,-2040 # 20000038 <_ebss>
 450:	00b57763          	bgeu	a0,a1,45e <handle_reset+0x52>
 454:	00052023          	sw	zero,0(a0)
 458:	0511                	addi	a0,a0,4
 45a:	feb56de3          	bltu	a0,a1,454 <handle_reset+0x48>
 45e:	08000293          	li	t0,128
 462:	30029073          	csrw	mstatus,t0
 466:	428d                	li	t0,3
 468:	80429073          	csrw	0x804,t0
 46c:	00000297          	auipc	t0,0x0
 470:	b9428293          	addi	t0,t0,-1132 # 0 <_sinit>
 474:	0032e293          	ori	t0,t0,3
 478:	30529073          	csrw	mtvec,t0
 47c:	ecbff0ef          	jal	ra,346 <SystemInit>
 480:	00000297          	auipc	t0,0x0
 484:	e5628293          	addi	t0,t0,-426 # 2d6 <main>
 488:	34129073          	csrw	mepc,t0
 48c:	30200073          	mret

00000490 <DMA_DeInit>:
 490:	411c                	lw	a5,0(a0)
 492:	6741                	lui	a4,0x10
 494:	1779                	addi	a4,a4,-2
 496:	8ff9                	and	a5,a5,a4
 498:	c11c                	sw	a5,0(a0)
 49a:	00052023          	sw	zero,0(a0)
 49e:	00052223          	sw	zero,4(a0)
 4a2:	00052423          	sw	zero,8(a0)
 4a6:	400207b7          	lui	a5,0x40020
 4aa:	00052623          	sw	zero,12(a0)
 4ae:	00878713          	addi	a4,a5,8 # 40020008 <__global_pointer$+0x2001f7d8>
 4b2:	00e51763          	bne	a0,a4,4c0 <DMA_DeInit+0x30>
 4b6:	43d8                	lw	a4,4(a5)
 4b8:	00f76713          	ori	a4,a4,15
 4bc:	c3d8                	sw	a4,4(a5)
 4be:	8082                	ret
 4c0:	01c78713          	addi	a4,a5,28
 4c4:	00e51663          	bne	a0,a4,4d0 <DMA_DeInit+0x40>
 4c8:	43d8                	lw	a4,4(a5)
 4ca:	0f076713          	ori	a4,a4,240
 4ce:	b7fd                	j	4bc <DMA_DeInit+0x2c>
 4d0:	03078713          	addi	a4,a5,48
 4d4:	00e51863          	bne	a0,a4,4e4 <DMA_DeInit+0x54>
 4d8:	43d8                	lw	a4,4(a5)
 4da:	6685                	lui	a3,0x1
 4dc:	f0068693          	addi	a3,a3,-256 # f00 <print+0x2a2>
 4e0:	8f55                	or	a4,a4,a3
 4e2:	bfe9                	j	4bc <DMA_DeInit+0x2c>
 4e4:	04478713          	addi	a4,a5,68
 4e8:	00e51563          	bne	a0,a4,4f2 <DMA_DeInit+0x62>
 4ec:	43d8                	lw	a4,4(a5)
 4ee:	66bd                	lui	a3,0xf
 4f0:	bfc5                	j	4e0 <DMA_DeInit+0x50>
 4f2:	05878713          	addi	a4,a5,88
 4f6:	00e51663          	bne	a0,a4,502 <DMA_DeInit+0x72>
 4fa:	43d8                	lw	a4,4(a5)
 4fc:	000f06b7          	lui	a3,0xf0
 500:	b7c5                	j	4e0 <DMA_DeInit+0x50>
 502:	06c78713          	addi	a4,a5,108
 506:	00e51663          	bne	a0,a4,512 <DMA_DeInit+0x82>
 50a:	43d8                	lw	a4,4(a5)
 50c:	00f006b7          	lui	a3,0xf00
 510:	bfc1                	j	4e0 <DMA_DeInit+0x50>
 512:	08078713          	addi	a4,a5,128
 516:	fae514e3          	bne	a0,a4,4be <DMA_DeInit+0x2e>
 51a:	43d8                	lw	a4,4(a5)
 51c:	0f0006b7          	lui	a3,0xf000
 520:	b7c1                	j	4e0 <DMA_DeInit+0x50>

00000522 <DMA_Init>:
 522:	4118                	lw	a4,0(a0)
 524:	77e1                	lui	a5,0xffff8
 526:	07bd                	addi	a5,a5,15
 528:	5194                	lw	a3,32(a1)
 52a:	8f7d                	and	a4,a4,a5
 52c:	459c                	lw	a5,8(a1)
 52e:	8fd5                	or	a5,a5,a3
 530:	4994                	lw	a3,16(a1)
 532:	8fd5                	or	a5,a5,a3
 534:	49d4                	lw	a3,20(a1)
 536:	8fd5                	or	a5,a5,a3
 538:	4d94                	lw	a3,24(a1)
 53a:	8fd5                	or	a5,a5,a3
 53c:	4dd4                	lw	a3,28(a1)
 53e:	8fd5                	or	a5,a5,a3
 540:	51d4                	lw	a3,36(a1)
 542:	8fd5                	or	a5,a5,a3
 544:	5594                	lw	a3,40(a1)
 546:	8fd5                	or	a5,a5,a3
 548:	8fd9                	or	a5,a5,a4
 54a:	c11c                	sw	a5,0(a0)
 54c:	45dc                	lw	a5,12(a1)
 54e:	c15c                	sw	a5,4(a0)
 550:	419c                	lw	a5,0(a1)
 552:	c51c                	sw	a5,8(a0)
 554:	41dc                	lw	a5,4(a1)
 556:	c55c                	sw	a5,12(a0)
 558:	8082                	ret

0000055a <DMA_Cmd>:
 55a:	411c                	lw	a5,0(a0)
 55c:	c589                	beqz	a1,566 <DMA_Cmd+0xc>
 55e:	0017e793          	ori	a5,a5,1
 562:	c11c                	sw	a5,0(a0)
 564:	8082                	ret
 566:	6741                	lui	a4,0x10
 568:	1779                	addi	a4,a4,-2
 56a:	8ff9                	and	a5,a5,a4
 56c:	bfdd                	j	562 <DMA_Cmd+0x8>

0000056e <GPIO_Init>:
 56e:	459c                	lw	a5,8(a1)
 570:	1161                	addi	sp,sp,-8
 572:	c222                	sw	s0,4(sp)
 574:	c026                	sw	s1,0(sp)
 576:	0107f713          	andi	a4,a5,16
 57a:	00f7f313          	andi	t1,a5,15
 57e:	c701                	beqz	a4,586 <GPIO_Init+0x18>
 580:	41d8                	lw	a4,4(a1)
 582:	00e36333          	or	t1,t1,a4
 586:	2192                	lhu	a2,0(a1)
 588:	0ff67713          	andi	a4,a2,255
 58c:	c729                	beqz	a4,5d6 <GPIO_Init+0x68>
 58e:	00052383          	lw	t2,0(a0)
 592:	4701                	li	a4,0
 594:	02800413          	li	s0,40
 598:	04800493          	li	s1,72
 59c:	4685                	li	a3,1
 59e:	00e695b3          	sll	a1,a3,a4
 5a2:	00b676b3          	and	a3,a2,a1
 5a6:	02d59263          	bne	a1,a3,5ca <GPIO_Init+0x5c>
 5aa:	00271293          	slli	t0,a4,0x2
 5ae:	46bd                	li	a3,15
 5b0:	005696b3          	sll	a3,a3,t0
 5b4:	fff6c693          	not	a3,a3
 5b8:	0076f3b3          	and	t2,a3,t2
 5bc:	005312b3          	sll	t0,t1,t0
 5c0:	0072e3b3          	or	t2,t0,t2
 5c4:	06879763          	bne	a5,s0,632 <GPIO_Init+0xc4>
 5c8:	c94c                	sw	a1,20(a0)
 5ca:	0705                	addi	a4,a4,1
 5cc:	46a1                	li	a3,8
 5ce:	fcd717e3          	bne	a4,a3,59c <GPIO_Init+0x2e>
 5d2:	00752023          	sw	t2,0(a0)
 5d6:	0ff00713          	li	a4,255
 5da:	04c77863          	bgeu	a4,a2,62a <GPIO_Init+0xbc>
 5de:	00452383          	lw	t2,4(a0)
 5e2:	46a1                	li	a3,8
 5e4:	02800413          	li	s0,40
 5e8:	04800493          	li	s1,72
 5ec:	4705                	li	a4,1
 5ee:	00d712b3          	sll	t0,a4,a3
 5f2:	00567733          	and	a4,a2,t0
 5f6:	02e29463          	bne	t0,a4,61e <GPIO_Init+0xb0>
 5fa:	00269713          	slli	a4,a3,0x2
 5fe:	1701                	addi	a4,a4,-32
 600:	45bd                	li	a1,15
 602:	00e595b3          	sll	a1,a1,a4
 606:	fff5c593          	not	a1,a1
 60a:	0075f3b3          	and	t2,a1,t2
 60e:	00e31733          	sll	a4,t1,a4
 612:	007763b3          	or	t2,a4,t2
 616:	02879263          	bne	a5,s0,63a <GPIO_Init+0xcc>
 61a:	00552a23          	sw	t0,20(a0)
 61e:	0685                	addi	a3,a3,1
 620:	4741                	li	a4,16
 622:	fce695e3          	bne	a3,a4,5ec <GPIO_Init+0x7e>
 626:	00752223          	sw	t2,4(a0)
 62a:	4412                	lw	s0,4(sp)
 62c:	4482                	lw	s1,0(sp)
 62e:	0121                	addi	sp,sp,8
 630:	8082                	ret
 632:	f8979ce3          	bne	a5,s1,5ca <GPIO_Init+0x5c>
 636:	c90c                	sw	a1,16(a0)
 638:	bf49                	j	5ca <GPIO_Init+0x5c>
 63a:	fe9792e3          	bne	a5,s1,61e <GPIO_Init+0xb0>
 63e:	00552823          	sw	t0,16(a0)
 642:	bff1                	j	61e <GPIO_Init+0xb0>

00000644 <NVIC_PriorityGroupConfig>:
 644:	200007b7          	lui	a5,0x20000
 648:	02a7a823          	sw	a0,48(a5) # 20000030 <_edata>
 64c:	8082                	ret

0000064e <RCC_GetClocksFreq>:
 64e:	a53ff2ef          	jal	t0,a0 <__riscv_save_0>
 652:	40021737          	lui	a4,0x40021
 656:	435c                	lw	a5,4(a4)
 658:	4691                	li	a3,4
 65a:	842a                	mv	s0,a0
 65c:	8bb1                	andi	a5,a5,12
 65e:	00d78563          	beq	a5,a3,668 <RCC_GetClocksFreq+0x1a>
 662:	46a1                	li	a3,8
 664:	06d78a63          	beq	a5,a3,6d8 <RCC_GetClocksFreq+0x8a>
 668:	016e37b7          	lui	a5,0x16e3
 66c:	60078793          	addi	a5,a5,1536 # 16e3600 <_data_lma+0x16e2614>
 670:	c01c                	sw	a5,0(s0)
 672:	400216b7          	lui	a3,0x40021
 676:	42dc                	lw	a5,4(a3)
 678:	8391                	srli	a5,a5,0x4
 67a:	00f7f713          	andi	a4,a5,15
 67e:	200007b7          	lui	a5,0x20000
 682:	02078793          	addi	a5,a5,32 # 20000020 <APBAHBPrescTable>
 686:	97ba                	add	a5,a5,a4
 688:	238c                	lbu	a1,0(a5)
 68a:	42dc                	lw	a5,4(a3)
 68c:	4018                	lw	a4,0(s0)
 68e:	0ff5f593          	andi	a1,a1,255
 692:	0807f793          	andi	a5,a5,128
 696:	00b75533          	srl	a0,a4,a1
 69a:	e399                	bnez	a5,6a0 <RCC_GetClocksFreq+0x52>
 69c:	853a                	mv	a0,a4
 69e:	3c39                	jal	bc <__udivsi3>
 6a0:	c048                	sw	a0,4(s0)
 6a2:	c408                	sw	a0,8(s0)
 6a4:	c448                	sw	a0,12(s0)
 6a6:	400217b7          	lui	a5,0x40021
 6aa:	43dc                	lw	a5,4(a5)
 6ac:	83ad                	srli	a5,a5,0xb
 6ae:	8bfd                	andi	a5,a5,31
 6b0:	0037d713          	srli	a4,a5,0x3
 6b4:	078a                	slli	a5,a5,0x2
 6b6:	8bf1                	andi	a5,a5,28
 6b8:	8fd9                	or	a5,a5,a4
 6ba:	0137f693          	andi	a3,a5,19
 6be:	470d                	li	a4,3
 6c0:	00d77363          	bgeu	a4,a3,6c6 <RCC_GetClocksFreq+0x78>
 6c4:	17d1                	addi	a5,a5,-12
 6c6:	20000737          	lui	a4,0x20000
 6ca:	00c70713          	addi	a4,a4,12 # 2000000c <ADCPrescTable>
 6ce:	97ba                	add	a5,a5,a4
 6d0:	238c                	lbu	a1,0(a5)
 6d2:	32ed                	jal	bc <__udivsi3>
 6d4:	c808                	sw	a0,16(s0)
 6d6:	bad1                	j	aa <__riscv_restore_0>
 6d8:	435c                	lw	a5,4(a4)
 6da:	02dc77b7          	lui	a5,0x2dc7
 6de:	c0078793          	addi	a5,a5,-1024 # 2dc6c00 <_data_lma+0x2dc5c14>
 6e2:	b779                	j	670 <RCC_GetClocksFreq+0x22>

000006e4 <RCC_AHBPeriphClockCmd>:
 6e4:	c599                	beqz	a1,6f2 <RCC_AHBPeriphClockCmd+0xe>
 6e6:	40021737          	lui	a4,0x40021
 6ea:	4b5c                	lw	a5,20(a4)
 6ec:	8d5d                	or	a0,a0,a5
 6ee:	cb48                	sw	a0,20(a4)
 6f0:	8082                	ret
 6f2:	400217b7          	lui	a5,0x40021
 6f6:	4bd8                	lw	a4,20(a5)
 6f8:	fff54513          	not	a0,a0
 6fc:	8d79                	and	a0,a0,a4
 6fe:	cbc8                	sw	a0,20(a5)
 700:	8082                	ret

00000702 <RCC_APB2PeriphClockCmd>:
 702:	c599                	beqz	a1,710 <RCC_APB2PeriphClockCmd+0xe>
 704:	40021737          	lui	a4,0x40021
 708:	4f1c                	lw	a5,24(a4)
 70a:	8d5d                	or	a0,a0,a5
 70c:	cf08                	sw	a0,24(a4)
 70e:	8082                	ret
 710:	400217b7          	lui	a5,0x40021
 714:	4f98                	lw	a4,24(a5)
 716:	fff54513          	not	a0,a0
 71a:	8d79                	and	a0,a0,a4
 71c:	cf88                	sw	a0,24(a5)
 71e:	8082                	ret

00000720 <TIM_TimeBaseInit>:
 720:	211e                	lhu	a5,0(a0)
 722:	40013737          	lui	a4,0x40013
 726:	c0070713          	addi	a4,a4,-1024 # 40012c00 <__global_pointer$+0x200123d0>
 72a:	07c2                	slli	a5,a5,0x10
 72c:	83c1                	srli	a5,a5,0x10
 72e:	00e50663          	beq	a0,a4,73a <TIM_TimeBaseInit+0x1a>
 732:	40000737          	lui	a4,0x40000
 736:	00e51663          	bne	a0,a4,742 <TIM_TimeBaseInit+0x22>
 73a:	21ba                	lhu	a4,2(a1)
 73c:	f8f7f793          	andi	a5,a5,-113
 740:	8fd9                	or	a5,a5,a4
 742:	21fa                	lhu	a4,6(a1)
 744:	cff7f793          	andi	a5,a5,-769
 748:	07c2                	slli	a5,a5,0x10
 74a:	83c1                	srli	a5,a5,0x10
 74c:	8fd9                	or	a5,a5,a4
 74e:	a11e                	sh	a5,0(a0)
 750:	21de                	lhu	a5,4(a1)
 752:	b55e                	sh	a5,44(a0)
 754:	219e                	lhu	a5,0(a1)
 756:	b51e                	sh	a5,40(a0)
 758:	400137b7          	lui	a5,0x40013
 75c:	c0078793          	addi	a5,a5,-1024 # 40012c00 <__global_pointer$+0x200123d0>
 760:	00f51463          	bne	a0,a5,768 <TIM_TimeBaseInit+0x48>
 764:	259c                	lbu	a5,8(a1)
 766:	b91e                	sh	a5,48(a0)
 768:	4785                	li	a5,1
 76a:	a95e                	sh	a5,20(a0)
 76c:	8082                	ret

0000076e <TIM_OC1Init>:
 76e:	311e                	lhu	a5,32(a0)
 770:	2192                	lhu	a2,0(a1)
 772:	0025d303          	lhu	t1,2(a1)
 776:	07c2                	slli	a5,a5,0x10
 778:	83c1                	srli	a5,a5,0x10
 77a:	9bf9                	andi	a5,a5,-2
 77c:	07c2                	slli	a5,a5,0x10
 77e:	83c1                	srli	a5,a5,0x10
 780:	b11e                	sh	a5,32(a0)
 782:	311e                	lhu	a5,32(a0)
 784:	2156                	lhu	a3,4(a0)
 786:	2d1a                	lhu	a4,24(a0)
 788:	07c2                	slli	a5,a5,0x10
 78a:	83c1                	srli	a5,a5,0x10
 78c:	0742                	slli	a4,a4,0x10
 78e:	8341                	srli	a4,a4,0x10
 790:	f8c77713          	andi	a4,a4,-116
 794:	8f51                	or	a4,a4,a2
 796:	2592                	lhu	a2,8(a1)
 798:	9bf5                	andi	a5,a5,-3
 79a:	06c2                	slli	a3,a3,0x10
 79c:	00666633          	or	a2,a2,t1
 7a0:	8fd1                	or	a5,a5,a2
 7a2:	40013637          	lui	a2,0x40013
 7a6:	c0060613          	addi	a2,a2,-1024 # 40012c00 <__global_pointer$+0x200123d0>
 7aa:	82c1                	srli	a3,a3,0x10
 7ac:	02c51063          	bne	a0,a2,7cc <TIM_OC1Init+0x5e>
 7b0:	25b2                	lhu	a2,10(a1)
 7b2:	9bdd                	andi	a5,a5,-9
 7b4:	00e5d303          	lhu	t1,14(a1)
 7b8:	8fd1                	or	a5,a5,a2
 7ba:	21d2                	lhu	a2,4(a1)
 7bc:	9bed                	andi	a5,a5,-5
 7be:	cff6f693          	andi	a3,a3,-769
 7c2:	8fd1                	or	a5,a5,a2
 7c4:	25d2                	lhu	a2,12(a1)
 7c6:	00666633          	or	a2,a2,t1
 7ca:	8ed1                	or	a3,a3,a2
 7cc:	a156                	sh	a3,4(a0)
 7ce:	ad1a                	sh	a4,24(a0)
 7d0:	21fa                	lhu	a4,6(a1)
 7d2:	d958                	sw	a4,52(a0)
 7d4:	b11e                	sh	a5,32(a0)
 7d6:	8082                	ret

000007d8 <TIM_Cmd>:
 7d8:	211e                	lhu	a5,0(a0)
 7da:	c589                	beqz	a1,7e4 <TIM_Cmd+0xc>
 7dc:	0017e793          	ori	a5,a5,1
 7e0:	a11e                	sh	a5,0(a0)
 7e2:	8082                	ret
 7e4:	07c2                	slli	a5,a5,0x10
 7e6:	83c1                	srli	a5,a5,0x10
 7e8:	9bf9                	andi	a5,a5,-2
 7ea:	07c2                	slli	a5,a5,0x10
 7ec:	83c1                	srli	a5,a5,0x10
 7ee:	bfcd                	j	7e0 <TIM_Cmd+0x8>

000007f0 <TIM_CtrlPWMOutputs>:
 7f0:	04455783          	lhu	a5,68(a0)
 7f4:	c591                	beqz	a1,800 <TIM_CtrlPWMOutputs+0x10>
 7f6:	6721                	lui	a4,0x8
 7f8:	8fd9                	or	a5,a5,a4
 7fa:	04f51223          	sh	a5,68(a0)
 7fe:	8082                	ret
 800:	07c6                	slli	a5,a5,0x11
 802:	83c5                	srli	a5,a5,0x11
 804:	bfdd                	j	7fa <TIM_CtrlPWMOutputs+0xa>

00000806 <TIM_ITConfig>:
 806:	255e                	lhu	a5,12(a0)
 808:	c601                	beqz	a2,810 <TIM_ITConfig+0xa>
 80a:	8ddd                	or	a1,a1,a5
 80c:	a54e                	sh	a1,12(a0)
 80e:	8082                	ret
 810:	fff5c593          	not	a1,a1
 814:	8dfd                	and	a1,a1,a5
 816:	bfdd                	j	80c <TIM_ITConfig+0x6>

00000818 <TIM_DMACmd>:
 818:	889ff2ef          	jal	t0,a0 <__riscv_save_0>
 81c:	37ed                	jal	806 <TIM_ITConfig>
 81e:	88dff06f          	j	aa <__riscv_restore_0>

00000822 <TIM_ARRPreloadConfig>:
 822:	211e                	lhu	a5,0(a0)
 824:	c589                	beqz	a1,82e <TIM_ARRPreloadConfig+0xc>
 826:	0807e793          	ori	a5,a5,128
 82a:	a11e                	sh	a5,0(a0)
 82c:	8082                	ret
 82e:	07c2                	slli	a5,a5,0x10
 830:	83c1                	srli	a5,a5,0x10
 832:	f7f7f793          	andi	a5,a5,-129
 836:	07c2                	slli	a5,a5,0x10
 838:	83c1                	srli	a5,a5,0x10
 83a:	bfc5                	j	82a <TIM_ARRPreloadConfig+0x8>

0000083c <TIM_OC1PreloadConfig>:
 83c:	2d1e                	lhu	a5,24(a0)
 83e:	07c2                	slli	a5,a5,0x10
 840:	83c1                	srli	a5,a5,0x10
 842:	9bdd                	andi	a5,a5,-9
 844:	8ddd                	or	a1,a1,a5
 846:	ad0e                	sh	a1,24(a0)
 848:	8082                	ret

0000084a <USART_Init>:
 84a:	857ff2ef          	jal	t0,a0 <__riscv_save_0>
 84e:	2916                	lhu	a3,16(a0)
 850:	77f5                	lui	a5,0xffffd
 852:	17fd                	addi	a5,a5,-1
 854:	8ff5                	and	a5,a5,a3
 856:	21f6                	lhu	a3,6(a1)
 858:	25da                	lhu	a4,12(a1)
 85a:	1121                	addi	sp,sp,-24
 85c:	8fd5                	or	a5,a5,a3
 85e:	a91e                	sh	a5,16(a0)
 860:	2556                	lhu	a3,12(a0)
 862:	77fd                	lui	a5,0xfffff
 864:	9f378793          	addi	a5,a5,-1549 # ffffe9f3 <__global_pointer$+0xdfffe1c3>
 868:	8ff5                	and	a5,a5,a3
 86a:	21d6                	lhu	a3,4(a1)
 86c:	842a                	mv	s0,a0
 86e:	c02e                	sw	a1,0(sp)
 870:	8fd5                	or	a5,a5,a3
 872:	2596                	lhu	a3,8(a1)
 874:	8fd5                	or	a5,a5,a3
 876:	25b6                	lhu	a3,10(a1)
 878:	8fd5                	or	a5,a5,a3
 87a:	a55e                	sh	a5,12(a0)
 87c:	295e                	lhu	a5,20(a0)
 87e:	07c2                	slli	a5,a5,0x10
 880:	83c1                	srli	a5,a5,0x10
 882:	cff7f793          	andi	a5,a5,-769
 886:	8f5d                	or	a4,a4,a5
 888:	a95a                	sh	a4,20(a0)
 88a:	0048                	addi	a0,sp,4
 88c:	33c9                	jal	64e <RCC_GetClocksFreq>
 88e:	400147b7          	lui	a5,0x40014
 892:	80078793          	addi	a5,a5,-2048 # 40013800 <__global_pointer$+0x20012fd0>
 896:	4582                	lw	a1,0(sp)
 898:	06f41263          	bne	s0,a5,8fc <USART_Init+0xb2>
 89c:	47c2                	lw	a5,16(sp)
 89e:	245a                	lhu	a4,12(s0)
 8a0:	00179513          	slli	a0,a5,0x1
 8a4:	953e                	add	a0,a0,a5
 8a6:	0742                	slli	a4,a4,0x10
 8a8:	050e                	slli	a0,a0,0x3
 8aa:	8741                	srai	a4,a4,0x10
 8ac:	953e                	add	a0,a0,a5
 8ae:	418c                	lw	a1,0(a1)
 8b0:	04075863          	bgez	a4,900 <USART_Init+0xb6>
 8b4:	0586                	slli	a1,a1,0x1
 8b6:	807ff0ef          	jal	ra,bc <__udivsi3>
 8ba:	06400593          	li	a1,100
 8be:	c02a                	sw	a0,0(sp)
 8c0:	ffcff0ef          	jal	ra,bc <__udivsi3>
 8c4:	4782                	lw	a5,0(sp)
 8c6:	00451493          	slli	s1,a0,0x4
 8ca:	06400593          	li	a1,100
 8ce:	853e                	mv	a0,a5
 8d0:	819ff0ef          	jal	ra,e8 <__umodsi3>
 8d4:	245e                	lhu	a5,12(s0)
 8d6:	07c2                	slli	a5,a5,0x10
 8d8:	87c1                	srai	a5,a5,0x10
 8da:	0207d563          	bgez	a5,904 <USART_Init+0xba>
 8de:	050e                	slli	a0,a0,0x3
 8e0:	06400593          	li	a1,100
 8e4:	03250513          	addi	a0,a0,50
 8e8:	fd4ff0ef          	jal	ra,bc <__udivsi3>
 8ec:	891d                	andi	a0,a0,7
 8ee:	8cc9                	or	s1,s1,a0
 8f0:	04c2                	slli	s1,s1,0x10
 8f2:	80c1                	srli	s1,s1,0x10
 8f4:	a406                	sh	s1,8(s0)
 8f6:	0161                	addi	sp,sp,24
 8f8:	fb2ff06f          	j	aa <__riscv_restore_0>
 8fc:	47b2                	lw	a5,12(sp)
 8fe:	b745                	j	89e <USART_Init+0x54>
 900:	058a                	slli	a1,a1,0x2
 902:	bf55                	j	8b6 <USART_Init+0x6c>
 904:	0512                	slli	a0,a0,0x4
 906:	06400593          	li	a1,100
 90a:	03250513          	addi	a0,a0,50
 90e:	faeff0ef          	jal	ra,bc <__udivsi3>
 912:	893d                	andi	a0,a0,15
 914:	bfe9                	j	8ee <USART_Init+0xa4>

00000916 <USART_Cmd>:
 916:	c591                	beqz	a1,922 <USART_Cmd+0xc>
 918:	255e                	lhu	a5,12(a0)
 91a:	6709                	lui	a4,0x2
 91c:	8fd9                	or	a5,a5,a4
 91e:	a55e                	sh	a5,12(a0)
 920:	8082                	ret
 922:	255a                	lhu	a4,12(a0)
 924:	77f9                	lui	a5,0xffffe
 926:	17fd                	addi	a5,a5,-1
 928:	8ff9                	and	a5,a5,a4
 92a:	bfd5                	j	91e <USART_Cmd+0x8>

0000092c <USART_SendData>:
 92c:	1ff5f593          	andi	a1,a1,511
 930:	a14e                	sh	a1,4(a0)
 932:	8082                	ret

00000934 <USART_GetFlagStatus>:
 934:	210a                	lhu	a0,0(a0)
 936:	8d6d                	and	a0,a0,a1
 938:	00a03533          	snez	a0,a0
 93c:	8082                	ret

0000093e <Delay_Init>:
 93e:	f62ff2ef          	jal	t0,a0 <__riscv_save_0>
 942:	200007b7          	lui	a5,0x20000
 946:	0087a503          	lw	a0,8(a5) # 20000008 <SystemCoreClock>
 94a:	007a15b7          	lui	a1,0x7a1
 94e:	20058593          	addi	a1,a1,512 # 7a1200 <_data_lma+0x7a0214>
 952:	f6aff0ef          	jal	ra,bc <__udivsi3>
 956:	0ff57513          	andi	a0,a0,255
 95a:	200007b7          	lui	a5,0x20000
 95e:	02a78b23          	sb	a0,54(a5) # 20000036 <p_us>
 962:	00551793          	slli	a5,a0,0x5
 966:	8f89                	sub	a5,a5,a0
 968:	078a                	slli	a5,a5,0x2
 96a:	953e                	add	a0,a0,a5
 96c:	050e                	slli	a0,a0,0x3
 96e:	200007b7          	lui	a5,0x20000
 972:	02a79a23          	sh	a0,52(a5) # 20000034 <p_ms>
 976:	f34ff06f          	j	aa <__riscv_restore_0>

0000097a <USART_Printf_Init>:
 97a:	f26ff2ef          	jal	t0,a0 <__riscv_save_0>
 97e:	842a                	mv	s0,a0
 980:	6511                	lui	a0,0x4
 982:	1111                	addi	sp,sp,-28
 984:	4585                	li	a1,1
 986:	02050513          	addi	a0,a0,32 # 4020 <_data_lma+0x3034>
 98a:	3ba5                	jal	702 <RCC_APB2PeriphClockCmd>
 98c:	02000793          	li	a5,32
 990:	807c                	sh	a5,0(sp)
 992:	40011537          	lui	a0,0x40011
 996:	478d                	li	a5,3
 998:	c23e                	sw	a5,4(sp)
 99a:	858a                	mv	a1,sp
 99c:	47e1                	li	a5,24
 99e:	40050513          	addi	a0,a0,1024 # 40011400 <__global_pointer$+0x20010bd0>
 9a2:	c43e                	sw	a5,8(sp)
 9a4:	36e9                	jal	56e <GPIO_Init>
 9a6:	c622                	sw	s0,12(sp)
 9a8:	40014437          	lui	s0,0x40014
 9ac:	000807b7          	lui	a5,0x80
 9b0:	006c                	addi	a1,sp,12
 9b2:	80040513          	addi	a0,s0,-2048 # 40013800 <__global_pointer$+0x20012fd0>
 9b6:	ca3e                	sw	a5,20(sp)
 9b8:	c802                	sw	zero,16(sp)
 9ba:	00011c23          	sh	zero,24(sp)
 9be:	3571                	jal	84a <USART_Init>
 9c0:	4585                	li	a1,1
 9c2:	80040513          	addi	a0,s0,-2048
 9c6:	3f81                	jal	916 <USART_Cmd>
 9c8:	0171                	addi	sp,sp,28
 9ca:	ee0ff06f          	j	aa <__riscv_restore_0>

000009ce <_write>:
 9ce:	ed2ff2ef          	jal	t0,a0 <__riscv_save_0>
 9d2:	1171                	addi	sp,sp,-4
 9d4:	84ae                	mv	s1,a1
 9d6:	4401                	li	s0,0
 9d8:	02c45d63          	bge	s0,a2,a12 <_write+0x44>
 9dc:	400147b7          	lui	a5,0x40014
 9e0:	80078713          	addi	a4,a5,-2048 # 40013800 <__global_pointer$+0x20012fd0>
 9e4:	853a                	mv	a0,a4
 9e6:	04000593          	li	a1,64
 9ea:	c032                	sw	a2,0(sp)
 9ec:	37a1                	jal	934 <USART_GetFlagStatus>
 9ee:	400147b7          	lui	a5,0x40014
 9f2:	80078713          	addi	a4,a5,-2048 # 40013800 <__global_pointer$+0x20012fd0>
 9f6:	4602                	lw	a2,0(sp)
 9f8:	d575                	beqz	a0,9e4 <_write+0x16>
 9fa:	00848733          	add	a4,s1,s0
 9fe:	00070583          	lb	a1,0(a4) # 2000 <_data_lma+0x1014>
 a02:	80078513          	addi	a0,a5,-2048
 a06:	0405                	addi	s0,s0,1
 a08:	05c2                	slli	a1,a1,0x10
 a0a:	81c1                	srli	a1,a1,0x10
 a0c:	3705                	jal	92c <USART_SendData>
 a0e:	4602                	lw	a2,0(sp)
 a10:	b7e1                	j	9d8 <_write+0xa>
 a12:	8532                	mv	a0,a2
 a14:	0111                	addi	sp,sp,4
 a16:	e94ff06f          	j	aa <__riscv_restore_0>

00000a1a <printchar>:
 a1a:	1141                	addi	sp,sp,-16
 a1c:	c606                	sw	ra,12(sp)
 a1e:	c02e                	sw	a1,0(sp)
 a20:	cd0d                	beqz	a0,a5a <printchar+0x40>
 a22:	4118                	lw	a4,0(a0)
 a24:	87aa                	mv	a5,a0
 a26:	c305                	beqz	a4,a46 <printchar+0x2c>
 a28:	4158                	lw	a4,4(a0)
 a2a:	557d                	li	a0,-1
 a2c:	cb11                	beqz	a4,a40 <printchar+0x26>
 a2e:	4685                	li	a3,1
 a30:	00d71b63          	bne	a4,a3,a46 <printchar+0x2c>
 a34:	4798                	lw	a4,8(a5)
 a36:	00070023          	sb	zero,0(a4)
 a3a:	0007a223          	sw	zero,4(a5)
 a3e:	4505                	li	a0,1
 a40:	40b2                	lw	ra,12(sp)
 a42:	0141                	addi	sp,sp,16
 a44:	8082                	ret
 a46:	4798                	lw	a4,8(a5)
 a48:	4682                	lw	a3,0(sp)
 a4a:	a314                	sb	a3,0(a4)
 a4c:	4798                	lw	a4,8(a5)
 a4e:	0705                	addi	a4,a4,1
 a50:	c798                	sw	a4,8(a5)
 a52:	43d8                	lw	a4,4(a5)
 a54:	177d                	addi	a4,a4,-1
 a56:	c3d8                	sw	a4,4(a5)
 a58:	b7dd                	j	a3e <printchar+0x24>
 a5a:	4605                	li	a2,1
 a5c:	858a                	mv	a1,sp
 a5e:	3f85                	jal	9ce <_write>
 a60:	bff9                	j	a3e <printchar+0x24>

00000a62 <prints>:
 a62:	1101                	addi	sp,sp,-32
 a64:	cc22                	sw	s0,24(sp)
 a66:	c22e                	sw	a1,4(sp)
 a68:	ce06                	sw	ra,28(sp)
 a6a:	ca26                	sw	s1,20(sp)
 a6c:	842a                	mv	s0,a0
 a6e:	4781                	li	a5,0
 a70:	02000593          	li	a1,32
 a74:	02064563          	bltz	a2,a9e <prints+0x3c>
 a78:	4592                	lw	a1,4(sp)
 a7a:	95be                	add	a1,a1,a5
 a7c:	00058583          	lb	a1,0(a1)
 a80:	e58d                	bnez	a1,aaa <prints+0x48>
 a82:	02c7d863          	bge	a5,a2,ab2 <prints+0x50>
 a86:	02e7d463          	bge	a5,a4,aae <prints+0x4c>
 a8a:	8e19                	sub	a2,a2,a4
 a8c:	02000513          	li	a0,32
 a90:	0026f593          	andi	a1,a3,2
 a94:	c02a                	sw	a0,0(sp)
 a96:	c589                	beqz	a1,aa0 <prints+0x3e>
 a98:	e701                	bnez	a4,aa0 <prints+0x3e>
 a9a:	03000593          	li	a1,48
 a9e:	c02e                	sw	a1,0(sp)
 aa0:	8a85                	andi	a3,a3,1
 aa2:	4481                	li	s1,0
 aa4:	ea95                	bnez	a3,ad8 <prints+0x76>
 aa6:	84b2                	mv	s1,a2
 aa8:	a00d                	j	aca <prints+0x68>
 aaa:	0785                	addi	a5,a5,1
 aac:	b7f1                	j	a78 <prints+0x16>
 aae:	8e1d                	sub	a2,a2,a5
 ab0:	bff1                	j	a8c <prints+0x2a>
 ab2:	4601                	li	a2,0
 ab4:	bfe1                	j	a8c <prints+0x2a>
 ab6:	4582                	lw	a1,0(sp)
 ab8:	8522                	mv	a0,s0
 aba:	c83a                	sw	a4,16(sp)
 abc:	c632                	sw	a2,12(sp)
 abe:	c43e                	sw	a5,8(sp)
 ac0:	3fa9                	jal	a1a <printchar>
 ac2:	47a2                	lw	a5,8(sp)
 ac4:	4632                	lw	a2,12(sp)
 ac6:	4742                	lw	a4,16(sp)
 ac8:	14fd                	addi	s1,s1,-1
 aca:	fe9046e3          	bgtz	s1,ab6 <prints+0x54>
 ace:	84b2                	mv	s1,a2
 ad0:	00065363          	bgez	a2,ad6 <prints+0x74>
 ad4:	4481                	li	s1,0
 ad6:	8e05                	sub	a2,a2,s1
 ad8:	02e7c763          	blt	a5,a4,b06 <prints+0xa4>
 adc:	87a6                	mv	a5,s1
 ade:	4692                	lw	a3,4(sp)
 ae0:	40978733          	sub	a4,a5,s1
 ae4:	9736                	add	a4,a4,a3
 ae6:	00070583          	lb	a1,0(a4)
 aea:	ed95                	bnez	a1,b26 <prints+0xc4>
 aec:	84b2                	mv	s1,a2
 aee:	04904463          	bgtz	s1,b36 <prints+0xd4>
 af2:	00065363          	bgez	a2,af8 <prints+0x96>
 af6:	4601                	li	a2,0
 af8:	40f2                	lw	ra,28(sp)
 afa:	4462                	lw	s0,24(sp)
 afc:	44d2                	lw	s1,20(sp)
 afe:	00f60533          	add	a0,a2,a5
 b02:	6105                	addi	sp,sp,32
 b04:	8082                	ret
 b06:	8f1d                	sub	a4,a4,a5
 b08:	87ba                	mv	a5,a4
 b0a:	03000593          	li	a1,48
 b0e:	8522                	mv	a0,s0
 b10:	c832                	sw	a2,16(sp)
 b12:	c63e                	sw	a5,12(sp)
 b14:	c43a                	sw	a4,8(sp)
 b16:	3711                	jal	a1a <printchar>
 b18:	47b2                	lw	a5,12(sp)
 b1a:	4722                	lw	a4,8(sp)
 b1c:	4642                	lw	a2,16(sp)
 b1e:	17fd                	addi	a5,a5,-1
 b20:	f7ed                	bnez	a5,b0a <prints+0xa8>
 b22:	94ba                	add	s1,s1,a4
 b24:	bf65                	j	adc <prints+0x7a>
 b26:	8522                	mv	a0,s0
 b28:	c632                	sw	a2,12(sp)
 b2a:	c43e                	sw	a5,8(sp)
 b2c:	35fd                	jal	a1a <printchar>
 b2e:	47a2                	lw	a5,8(sp)
 b30:	4632                	lw	a2,12(sp)
 b32:	0785                	addi	a5,a5,1
 b34:	b76d                	j	ade <prints+0x7c>
 b36:	4582                	lw	a1,0(sp)
 b38:	8522                	mv	a0,s0
 b3a:	c432                	sw	a2,8(sp)
 b3c:	c23e                	sw	a5,4(sp)
 b3e:	3df1                	jal	a1a <printchar>
 b40:	14fd                	addi	s1,s1,-1
 b42:	4622                	lw	a2,8(sp)
 b44:	4792                	lw	a5,4(sp)
 b46:	b765                	j	aee <prints+0x8c>

00000b48 <printInt>:
 b48:	7139                	addi	sp,sp,-64
 b4a:	de06                	sw	ra,60(sp)
 b4c:	dc22                	sw	s0,56(sp)
 b4e:	da26                	sw	s1,52(sp)
 b50:	c23e                	sw	a5,4(sp)
 b52:	8332                	mv	t1,a2
 b54:	863a                	mv	a2,a4
 b56:	ed89                	bnez	a1,b70 <printInt+0x28>
 b58:	4692                	lw	a3,4(sp)
 b5a:	03000793          	li	a5,48
 b5e:	4701                	li	a4,0
 b60:	086c                	addi	a1,sp,28
 b62:	86fc                	sh	a5,28(sp)
 b64:	3dfd                	jal	a62 <prints>
 b66:	50f2                	lw	ra,60(sp)
 b68:	5462                	lw	s0,56(sp)
 b6a:	54d2                	lw	s1,52(sp)
 b6c:	6121                	addi	sp,sp,64
 b6e:	8082                	ret
 b70:	84aa                	mv	s1,a0
 b72:	8436                	mv	s0,a3
 b74:	87ae                	mv	a5,a1
 b76:	ca91                	beqz	a3,b8a <printInt+0x42>
 b78:	4729                	li	a4,10
 b7a:	4401                	li	s0,0
 b7c:	00e31763          	bne	t1,a4,b8a <printInt+0x42>
 b80:	0005d563          	bgez	a1,b8a <printInt+0x42>
 b84:	40b007b3          	neg	a5,a1
 b88:	4405                	li	s0,1
 b8a:	4686                	lw	a3,64(sp)
 b8c:	020109a3          	sb	zero,51(sp)
 b90:	03310713          	addi	a4,sp,51
 b94:	fc668693          	addi	a3,a3,-58 # 40020fc6 <__global_pointer$+0x20020796>
 b98:	c436                	sw	a3,8(sp)
 b9a:	859a                	mv	a1,t1
 b9c:	853e                	mv	a0,a5
 b9e:	ca32                	sw	a2,20(sp)
 ba0:	c83a                	sw	a4,16(sp)
 ba2:	c61a                	sw	t1,12(sp)
 ba4:	c03e                	sw	a5,0(sp)
 ba6:	d42ff0ef          	jal	ra,e8 <__umodsi3>
 baa:	46a5                	li	a3,9
 bac:	4782                	lw	a5,0(sp)
 bae:	4332                	lw	t1,12(sp)
 bb0:	4742                	lw	a4,16(sp)
 bb2:	4652                	lw	a2,20(sp)
 bb4:	00a6d463          	bge	a3,a0,bbc <printInt+0x74>
 bb8:	46a2                	lw	a3,8(sp)
 bba:	9536                	add	a0,a0,a3
 bbc:	03050513          	addi	a0,a0,48
 bc0:	fff70693          	addi	a3,a4,-1
 bc4:	fea70fa3          	sb	a0,-1(a4)
 bc8:	859a                	mv	a1,t1
 bca:	853e                	mv	a0,a5
 bcc:	cc32                	sw	a2,24(sp)
 bce:	ca3a                	sw	a4,20(sp)
 bd0:	c81a                	sw	t1,16(sp)
 bd2:	c63e                	sw	a5,12(sp)
 bd4:	c036                	sw	a3,0(sp)
 bd6:	ce6ff0ef          	jal	ra,bc <__udivsi3>
 bda:	47b2                	lw	a5,12(sp)
 bdc:	4342                	lw	t1,16(sp)
 bde:	4752                	lw	a4,20(sp)
 be0:	4662                	lw	a2,24(sp)
 be2:	0467f963          	bgeu	a5,t1,c34 <printInt+0xec>
 be6:	cc01                	beqz	s0,bfe <printInt+0xb6>
 be8:	ca29                	beqz	a2,c3a <printInt+0xf2>
 bea:	4792                	lw	a5,4(sp)
 bec:	8b89                	andi	a5,a5,2
 bee:	c7b1                	beqz	a5,c3a <printInt+0xf2>
 bf0:	02d00593          	li	a1,45
 bf4:	8526                	mv	a0,s1
 bf6:	c432                	sw	a2,8(sp)
 bf8:	350d                	jal	a1a <printchar>
 bfa:	4622                	lw	a2,8(sp)
 bfc:	167d                	addi	a2,a2,-1
 bfe:	4792                	lw	a5,4(sp)
 c00:	8b91                	andi	a5,a5,4
 c02:	c395                	beqz	a5,c26 <printInt+0xde>
 c04:	4706                	lw	a4,64(sp)
 c06:	06100793          	li	a5,97
 c0a:	c432                	sw	a2,8(sp)
 c0c:	03000593          	li	a1,48
 c10:	8526                	mv	a0,s1
 c12:	02f71e63          	bne	a4,a5,c4e <printInt+0x106>
 c16:	3511                	jal	a1a <printchar>
 c18:	07800593          	li	a1,120
 c1c:	8526                	mv	a0,s1
 c1e:	3bf5                	jal	a1a <printchar>
 c20:	4622                	lw	a2,8(sp)
 c22:	0409                	addi	s0,s0,2
 c24:	1679                	addi	a2,a2,-2
 c26:	4716                	lw	a4,68(sp)
 c28:	4692                	lw	a3,4(sp)
 c2a:	4582                	lw	a1,0(sp)
 c2c:	8526                	mv	a0,s1
 c2e:	3d15                	jal	a62 <prints>
 c30:	9522                	add	a0,a0,s0
 c32:	bf15                	j	b66 <printInt+0x1e>
 c34:	87aa                	mv	a5,a0
 c36:	4702                	lw	a4,0(sp)
 c38:	b78d                	j	b9a <printInt+0x52>
 c3a:	4682                	lw	a3,0(sp)
 c3c:	02d00793          	li	a5,45
 c40:	4401                	li	s0,0
 c42:	fef68fa3          	sb	a5,-1(a3)
 c46:	ffe70793          	addi	a5,a4,-2
 c4a:	c03e                	sw	a5,0(sp)
 c4c:	bf4d                	j	bfe <printInt+0xb6>
 c4e:	33f1                	jal	a1a <printchar>
 c50:	05800593          	li	a1,88
 c54:	b7e1                	j	c1c <printInt+0xd4>

00000c56 <printLongLongInt>:
 c56:	4501                	li	a0,0
 c58:	8082                	ret

00000c5a <printDouble>:
 c5a:	4501                	li	a0,0
 c5c:	8082                	ret

00000c5e <print>:
 c5e:	fd810113          	addi	sp,sp,-40
 c62:	d022                	sw	s0,32(sp)
 c64:	ce26                	sw	s1,28(sp)
 c66:	d206                	sw	ra,36(sp)
 c68:	c42a                	sw	a0,8(sp)
 c6a:	82ae                	mv	t0,a1
 c6c:	8432                	mv	s0,a2
 c6e:	c602                	sw	zero,12(sp)
 c70:	4481                	li	s1,0
 c72:	00028583          	lb	a1,0(t0)
 c76:	ed89                	bnez	a1,c90 <print+0x32>
 c78:	47a2                	lw	a5,8(sp)
 c7a:	c781                	beqz	a5,c82 <print+0x24>
 c7c:	4581                	li	a1,0
 c7e:	853e                	mv	a0,a5
 c80:	3b69                	jal	a1a <printchar>
 c82:	5092                	lw	ra,36(sp)
 c84:	5402                	lw	s0,32(sp)
 c86:	8526                	mv	a0,s1
 c88:	44f2                	lw	s1,28(sp)
 c8a:	02810113          	addi	sp,sp,40
 c8e:	8082                	ret
 c90:	02500793          	li	a5,37
 c94:	00f58863          	beq	a1,a5,ca4 <print+0x46>
 c98:	4522                	lw	a0,8(sp)
 c9a:	c816                	sw	t0,16(sp)
 c9c:	0485                	addi	s1,s1,1
 c9e:	3bb5                	jal	a1a <printchar>
 ca0:	42c2                	lw	t0,16(sp)
 ca2:	a839                	j	cc0 <print+0x62>
 ca4:	00128783          	lb	a5,1(t0)
 ca8:	00128713          	addi	a4,t0,1
 cac:	00b79c63          	bne	a5,a1,cc4 <print+0x66>
 cb0:	4522                	lw	a0,8(sp)
 cb2:	02500593          	li	a1,37
 cb6:	c83a                	sw	a4,16(sp)
 cb8:	338d                	jal	a1a <printchar>
 cba:	4742                	lw	a4,16(sp)
 cbc:	0485                	addi	s1,s1,1
 cbe:	82ba                	mv	t0,a4
 cc0:	0285                	addi	t0,t0,1
 cc2:	bf45                	j	c72 <print+0x14>
 cc4:	dbd5                	beqz	a5,c78 <print+0x1a>
 cc6:	02b00693          	li	a3,43
 cca:	04d78963          	beq	a5,a3,d1c <print+0xbe>
 cce:	00f6c863          	blt	a3,a5,cde <print+0x80>
 cd2:	02300693          	li	a3,35
 cd6:	04d78663          	beq	a5,a3,d22 <print+0xc4>
 cda:	4781                	li	a5,0
 cdc:	a005                	j	cfc <print+0x9e>
 cde:	02d00693          	li	a3,45
 ce2:	00d78a63          	beq	a5,a3,cf6 <print+0x98>
 ce6:	03000693          	li	a3,48
 cea:	fed798e3          	bne	a5,a3,cda <print+0x7c>
 cee:	00228713          	addi	a4,t0,2
 cf2:	4789                	li	a5,2
 cf4:	a021                	j	cfc <print+0x9e>
 cf6:	00228713          	addi	a4,t0,2
 cfa:	4785                	li	a5,1
 cfc:	00070683          	lb	a3,0(a4)
 d00:	02b00613          	li	a2,43
 d04:	04c68363          	beq	a3,a2,d4a <print+0xec>
 d08:	02d64163          	blt	a2,a3,d2a <print+0xcc>
 d0c:	02300613          	li	a2,35
 d10:	02c68b63          	beq	a3,a2,d46 <print+0xe8>
 d14:	82ba                	mv	t0,a4
 d16:	4501                	li	a0,0
 d18:	46a5                	li	a3,9
 d1a:	a081                	j	d5a <print+0xfc>
 d1c:	00228713          	addi	a4,t0,2
 d20:	bf6d                	j	cda <print+0x7c>
 d22:	00228713          	addi	a4,t0,2
 d26:	4791                	li	a5,4
 d28:	bfd1                	j	cfc <print+0x9e>
 d2a:	02d00613          	li	a2,45
 d2e:	00c68963          	beq	a3,a2,d40 <print+0xe2>
 d32:	03000613          	li	a2,48
 d36:	fcc69fe3          	bne	a3,a2,d14 <print+0xb6>
 d3a:	0027e793          	ori	a5,a5,2
 d3e:	a031                	j	d4a <print+0xec>
 d40:	0705                	addi	a4,a4,1
 d42:	4785                	li	a5,1
 d44:	bfc1                	j	d14 <print+0xb6>
 d46:	0047e793          	ori	a5,a5,4
 d4a:	0705                	addi	a4,a4,1
 d4c:	b7e1                	j	d14 <print+0xb6>
 d4e:	00251613          	slli	a2,a0,0x2
 d52:	9532                	add	a0,a0,a2
 d54:	0506                	slli	a0,a0,0x1
 d56:	953a                	add	a0,a0,a4
 d58:	0285                	addi	t0,t0,1
 d5a:	00028603          	lb	a2,0(t0)
 d5e:	fd060713          	addi	a4,a2,-48
 d62:	0ff77593          	andi	a1,a4,255
 d66:	feb6f4e3          	bgeu	a3,a1,d4e <print+0xf0>
 d6a:	02e00713          	li	a4,46
 d6e:	4699                	li	a3,6
 d70:	00e61e63          	bne	a2,a4,d8c <print+0x12e>
 d74:	0285                	addi	t0,t0,1
 d76:	4681                	li	a3,0
 d78:	45a5                	li	a1,9
 d7a:	00028603          	lb	a2,0(t0)
 d7e:	fd060613          	addi	a2,a2,-48
 d82:	0ff67713          	andi	a4,a2,255
 d86:	02e5f563          	bgeu	a1,a4,db0 <print+0x152>
 d8a:	c636                	sw	a3,12(sp)
 d8c:	00028703          	lb	a4,0(t0)
 d90:	06a00613          	li	a2,106
 d94:	0ac70d63          	beq	a4,a2,e4e <print+0x1f0>
 d98:	02e64363          	blt	a2,a4,dbe <print+0x160>
 d9c:	04c00613          	li	a2,76
 da0:	0ac70763          	beq	a4,a2,e4e <print+0x1f0>
 da4:	06800613          	li	a2,104
 da8:	08c70c63          	beq	a4,a2,e40 <print+0x1e2>
 dac:	4581                	li	a1,0
 dae:	a82d                	j	de8 <print+0x18a>
 db0:	00269713          	slli	a4,a3,0x2
 db4:	96ba                	add	a3,a3,a4
 db6:	0686                	slli	a3,a3,0x1
 db8:	96b2                	add	a3,a3,a2
 dba:	0285                	addi	t0,t0,1
 dbc:	bf7d                	j	d7a <print+0x11c>
 dbe:	07400613          	li	a2,116
 dc2:	08c70663          	beq	a4,a2,e4e <print+0x1f0>
 dc6:	07a00613          	li	a2,122
 dca:	08c70263          	beq	a4,a2,e4e <print+0x1f0>
 dce:	06c00613          	li	a2,108
 dd2:	4581                	li	a1,0
 dd4:	00c71a63          	bne	a4,a2,de8 <print+0x18a>
 dd8:	00128603          	lb	a2,1(t0)
 ddc:	458d                	li	a1,3
 dde:	00e61463          	bne	a2,a4,de6 <print+0x188>
 de2:	0285                	addi	t0,t0,1
 de4:	4591                	li	a1,4
 de6:	0285                	addi	t0,t0,1
 de8:	00028603          	lb	a2,0(t0)
 dec:	06000393          	li	t2,96
 df0:	06100713          	li	a4,97
 df4:	00c3c463          	blt	t2,a2,dfc <print+0x19e>
 df8:	04100713          	li	a4,65
 dfc:	06700393          	li	t2,103
 e00:	06c3c463          	blt	t2,a2,e68 <print+0x20a>
 e04:	06500393          	li	t2,101
 e08:	18765363          	bge	a2,t2,f8e <print+0x330>
 e0c:	04700393          	li	t2,71
 e10:	04c3c163          	blt	t2,a2,e52 <print+0x1f4>
 e14:	04500593          	li	a1,69
 e18:	16b65b63          	bge	a2,a1,f8e <print+0x330>
 e1c:	04300713          	li	a4,67
 e20:	eae610e3          	bne	a2,a4,cc0 <print+0x62>
 e24:	4018                	lw	a4,0(s0)
 e26:	00440393          	addi	t2,s0,4
 e2a:	ca16                	sw	t0,20(sp)
 e2c:	00e10c23          	sb	a4,24(sp)
 e30:	c81e                	sw	t2,16(sp)
 e32:	00010ca3          	sb	zero,25(sp)
 e36:	4701                	li	a4,0
 e38:	86be                	mv	a3,a5
 e3a:	862a                	mv	a2,a0
 e3c:	082c                	addi	a1,sp,24
 e3e:	a849                	j	ed0 <print+0x272>
 e40:	00128603          	lb	a2,1(t0)
 e44:	4581                	li	a1,0
 e46:	fae611e3          	bne	a2,a4,de8 <print+0x18a>
 e4a:	0289                	addi	t0,t0,2
 e4c:	bf71                	j	de8 <print+0x18a>
 e4e:	0285                	addi	t0,t0,1
 e50:	bfb1                	j	dac <print+0x14e>
 e52:	06300693          	li	a3,99
 e56:	fcd607e3          	beq	a2,a3,e24 <print+0x1c6>
 e5a:	06c6ce63          	blt	a3,a2,ed6 <print+0x278>
 e5e:	05800693          	li	a3,88
 e62:	02d60363          	beq	a2,a3,e88 <print+0x22a>
 e66:	bda9                	j	cc0 <print+0x62>
 e68:	07300693          	li	a3,115
 e6c:	04d60463          	beq	a2,a3,eb4 <print+0x256>
 e70:	02c6cb63          	blt	a3,a2,ea6 <print+0x248>
 e74:	06f00693          	li	a3,111
 e78:	0ed60263          	beq	a2,a3,f5c <print+0x2fe>
 e7c:	07000693          	li	a3,112
 e80:	0047e793          	ori	a5,a5,4
 e84:	e2d61ee3          	bne	a2,a3,cc0 <print+0x62>
 e88:	4691                	li	a3,4
 e8a:	0ad59f63          	bne	a1,a3,f48 <print+0x2ea>
 e8e:	00840393          	addi	t2,s0,8
 e92:	400c                	lw	a1,0(s0)
 e94:	4050                	lw	a2,4(s0)
 e96:	ca16                	sw	t0,20(sp)
 e98:	c23a                	sw	a4,4(sp)
 e9a:	c03e                	sw	a5,0(sp)
 e9c:	c81e                	sw	t2,16(sp)
 e9e:	87aa                	mv	a5,a0
 ea0:	4701                	li	a4,0
 ea2:	46c1                	li	a3,16
 ea4:	a0b9                	j	ef2 <print+0x294>
 ea6:	07500693          	li	a3,117
 eaa:	06d60863          	beq	a2,a3,f1a <print+0x2bc>
 eae:	07800693          	li	a3,120
 eb2:	bf45                	j	e62 <print+0x204>
 eb4:	4018                	lw	a4,0(s0)
 eb6:	000016b7          	lui	a3,0x1
 eba:	00440393          	addi	t2,s0,4
 ebe:	fe468593          	addi	a1,a3,-28 # fe4 <printf+0x34>
 ec2:	c311                	beqz	a4,ec6 <print+0x268>
 ec4:	85ba                	mv	a1,a4
 ec6:	4732                	lw	a4,12(sp)
 ec8:	ca16                	sw	t0,20(sp)
 eca:	c81e                	sw	t2,16(sp)
 ecc:	86be                	mv	a3,a5
 ece:	862a                	mv	a2,a0
 ed0:	4522                	lw	a0,8(sp)
 ed2:	3e41                	jal	a62 <prints>
 ed4:	a00d                	j	ef6 <print+0x298>
 ed6:	4691                	li	a3,4
 ed8:	02d59463          	bne	a1,a3,f00 <print+0x2a2>
 edc:	00840393          	addi	t2,s0,8
 ee0:	400c                	lw	a1,0(s0)
 ee2:	4050                	lw	a2,4(s0)
 ee4:	ca16                	sw	t0,20(sp)
 ee6:	c23a                	sw	a4,4(sp)
 ee8:	c03e                	sw	a5,0(sp)
 eea:	c81e                	sw	t2,16(sp)
 eec:	87aa                	mv	a5,a0
 eee:	4705                	li	a4,1
 ef0:	46a9                	li	a3,10
 ef2:	4522                	lw	a0,8(sp)
 ef4:	338d                	jal	c56 <printLongLongInt>
 ef6:	43c2                	lw	t2,16(sp)
 ef8:	94aa                	add	s1,s1,a0
 efa:	841e                	mv	s0,t2
 efc:	42d2                	lw	t0,20(sp)
 efe:	b3c9                	j	cc0 <print+0x62>
 f00:	46b2                	lw	a3,12(sp)
 f02:	400c                	lw	a1,0(s0)
 f04:	c816                	sw	t0,16(sp)
 f06:	c236                	sw	a3,4(sp)
 f08:	c03a                	sw	a4,0(sp)
 f0a:	0411                	addi	s0,s0,4
 f0c:	872a                	mv	a4,a0
 f0e:	4685                	li	a3,1
 f10:	4629                	li	a2,10
 f12:	4522                	lw	a0,8(sp)
 f14:	3915                	jal	b48 <printInt>
 f16:	94aa                	add	s1,s1,a0
 f18:	b361                	j	ca0 <print+0x42>
 f1a:	4691                	li	a3,4
 f1c:	00d59d63          	bne	a1,a3,f36 <print+0x2d8>
 f20:	00840393          	addi	t2,s0,8
 f24:	400c                	lw	a1,0(s0)
 f26:	4050                	lw	a2,4(s0)
 f28:	ca16                	sw	t0,20(sp)
 f2a:	c23a                	sw	a4,4(sp)
 f2c:	c03e                	sw	a5,0(sp)
 f2e:	c81e                	sw	t2,16(sp)
 f30:	87aa                	mv	a5,a0
 f32:	4701                	li	a4,0
 f34:	bf75                	j	ef0 <print+0x292>
 f36:	46b2                	lw	a3,12(sp)
 f38:	400c                	lw	a1,0(s0)
 f3a:	c816                	sw	t0,16(sp)
 f3c:	c236                	sw	a3,4(sp)
 f3e:	c03a                	sw	a4,0(sp)
 f40:	0411                	addi	s0,s0,4
 f42:	872a                	mv	a4,a0
 f44:	4681                	li	a3,0
 f46:	b7e9                	j	f10 <print+0x2b2>
 f48:	46b2                	lw	a3,12(sp)
 f4a:	c816                	sw	t0,16(sp)
 f4c:	400c                	lw	a1,0(s0)
 f4e:	4641                	li	a2,16
 f50:	c236                	sw	a3,4(sp)
 f52:	c03a                	sw	a4,0(sp)
 f54:	0411                	addi	s0,s0,4
 f56:	872a                	mv	a4,a0
 f58:	4681                	li	a3,0
 f5a:	bf65                	j	f12 <print+0x2b4>
 f5c:	4691                	li	a3,4
 f5e:	00d59e63          	bne	a1,a3,f7a <print+0x31c>
 f62:	00840393          	addi	t2,s0,8
 f66:	400c                	lw	a1,0(s0)
 f68:	4050                	lw	a2,4(s0)
 f6a:	ca16                	sw	t0,20(sp)
 f6c:	c23a                	sw	a4,4(sp)
 f6e:	c03e                	sw	a5,0(sp)
 f70:	c81e                	sw	t2,16(sp)
 f72:	87aa                	mv	a5,a0
 f74:	4701                	li	a4,0
 f76:	46a1                	li	a3,8
 f78:	bfad                	j	ef2 <print+0x294>
 f7a:	46b2                	lw	a3,12(sp)
 f7c:	400c                	lw	a1,0(s0)
 f7e:	c816                	sw	t0,16(sp)
 f80:	c236                	sw	a3,4(sp)
 f82:	c03a                	sw	a4,0(sp)
 f84:	0411                	addi	s0,s0,4
 f86:	872a                	mv	a4,a0
 f88:	4681                	li	a3,0
 f8a:	4621                	li	a2,8
 f8c:	b759                	j	f12 <print+0x2b4>
 f8e:	400c                	lw	a1,0(s0)
 f90:	00840613          	addi	a2,s0,8
 f94:	4040                	lw	s0,4(s0)
 f96:	c23a                	sw	a4,4(sp)
 f98:	872a                	mv	a4,a0
 f9a:	4522                	lw	a0,8(sp)
 f9c:	c832                	sw	a2,16(sp)
 f9e:	c03e                	sw	a5,0(sp)
 fa0:	8622                	mv	a2,s0
 fa2:	87b6                	mv	a5,a3
 fa4:	46a9                	li	a3,10
 fa6:	ca16                	sw	t0,20(sp)
 fa8:	394d                	jal	c5a <printDouble>
 faa:	94aa                	add	s1,s1,a0
 fac:	4442                	lw	s0,16(sp)
 fae:	b7b9                	j	efc <print+0x29e>

00000fb0 <printf>:
 fb0:	fdc10113          	addi	sp,sp,-36
 fb4:	c82e                	sw	a1,16(sp)
 fb6:	ca32                	sw	a2,20(sp)
 fb8:	85aa                	mv	a1,a0
 fba:	0810                	addi	a2,sp,16
 fbc:	4501                	li	a0,0
 fbe:	c606                	sw	ra,12(sp)
 fc0:	cc36                	sw	a3,24(sp)
 fc2:	ce3a                	sw	a4,28(sp)
 fc4:	d03e                	sw	a5,32(sp)
 fc6:	c032                	sw	a2,0(sp)
 fc8:	3959                	jal	c5e <print>
 fca:	40b2                	lw	ra,12(sp)
 fcc:	02410113          	addi	sp,sp,36
 fd0:	8082                	ret
 fd2:	0000                	unimp
 fd4:	74737953          	0x74737953
 fd8:	6d65                	lui	s10,0x19
 fda:	3a6b6c43          	fmadd.d	fs8,fs6,ft6,ft7,unknown
 fde:	6425                	lui	s0,0x9
 fe0:	0a0d                	addi	s4,s4,3
 fe2:	0000                	unimp
 fe4:	6e28                	flw	fa0,88(a2)
 fe6:	6c75                	lui	s8,0x1d
 fe8:	296c                	lbu	a1,22(a0)
	...
